Log file open, 11/12/19 10:07:46
LogWindows: Failed to load 'aqProf.dll' (GetLastError=126)
LogWindows: File 'aqProf.dll' does not exist
LogWindows: Failed to load 'VtuneApi.dll' (GetLastError=126)
LogWindows: File 'VtuneApi.dll' does not exist
LogWindows: Failed to load 'VtuneApi32e.dll' (GetLastError=126)
LogWindows: File 'VtuneApi32e.dll' does not exist
LogConsoleResponse: Display: Failed to find resolution value strings in scalability ini. Falling back to default.
LogInit: Display: Running engine for game: MissleComnder
LogPlatformFile: Not using cached read wrapper
LogTaskGraph: Started task graph with 5 named threads and 35 total threads with 3 sets of task threads.
LogStats: Stats thread started at 0.072004
LogD3D11RHI: Loaded GFSDK_Aftermath_Lib.x64.dll
LogICUInternationalization: ICU TimeZone Detection - Raw Offset: -5:00, Platform Override: ''
LogPluginManager: Mounting plugin Paper2D
LogPluginManager: Mounting plugin AISupport
LogPluginManager: Mounting plugin LightPropagationVolume
LogPluginManager: Mounting plugin ActorLayerUtilities
LogPluginManager: Mounting plugin AnimationSharing
LogPluginManager: Mounting plugin CLionSourceCodeAccess
LogPluginManager: Mounting plugin CodeLiteSourceCodeAccess
LogPluginManager: Mounting plugin GitSourceControl
LogPluginManager: Mounting plugin KDevelopSourceCodeAccess
LogPluginManager: Mounting plugin NullSourceCodeAccess
LogPluginManager: Mounting plugin PerforceSourceControl
LogPluginManager: Mounting plugin SubversionSourceControl
LogPluginManager: Mounting plugin UObjectPlugin
LogPluginManager: Mounting plugin VisualStudioCodeSourceCodeAccess
LogPluginManager: Mounting plugin VisualStudioSourceCodeAccess
LogPluginManager: Mounting plugin XCodeSourceCodeAccess
LogPluginManager: Mounting plugin AssetManagerEditor
LogPluginManager: Mounting plugin CryptoKeys
LogPluginManager: Mounting plugin CurveEditorTools
LogPluginManager: Mounting plugin DataValidation
LogPluginManager: Mounting plugin FacialAnimation
LogPluginManager: Mounting plugin GameplayTagsEditor
LogPluginManager: Mounting plugin MacGraphicsSwitching
LogPluginManager: Mounting plugin MaterialAnalyzer
LogPluginManager: Mounting plugin MobileLauncherProfileWizard
LogPluginManager: Mounting plugin PluginBrowser
LogPluginManager: Mounting plugin SpeedTreeImporter
LogPluginManager: Mounting plugin DatasmithContent
LogPluginManager: Mounting plugin VariantManagerContent
LogPluginManager: Mounting plugin AlembicImporter
LogPluginManager: Mounting plugin AutomationUtils
LogPluginManager: Mounting plugin BackChannel
LogPluginManager: Mounting plugin CharacterAI
LogPluginManager: Mounting plugin GeometryCache
LogPluginManager: Mounting plugin HTML5Networking
LogPluginManager: Mounting plugin PlatformCrypto
LogPluginManager: Mounting plugin ProxyLODPlugin
LogPluginManager: Mounting plugin SkeletalReduction
LogPluginManager: Mounting plugin MagicLeap
LogPluginManager: Mounting plugin MagicLeapMedia
LogPluginManager: Mounting plugin AndroidMedia
LogPluginManager: Mounting plugin AvfMedia
LogPluginManager: Mounting plugin ImgMedia
LogPluginManager: Mounting plugin MediaCompositing
LogPluginManager: Mounting plugin MediaPlayerEditor
LogPluginManager: Mounting plugin WebMMedia
LogPluginManager: Mounting plugin WmfMedia
LogPluginManager: Mounting plugin TcpMessaging
LogPluginManager: Mounting plugin UdpMessaging
LogPluginManager: Mounting plugin ActorSequence
LogPluginManager: Mounting plugin LevelSequenceEditor
LogPluginManager: Mounting plugin MatineeToLevelSequence
LogPluginManager: Mounting plugin NetcodeUnitTest
LogPluginManager: Mounting plugin NUTUnrealEngine4
LogPluginManager: Mounting plugin OnlineSubsystemGooglePlay
LogPluginManager: Mounting plugin OnlineSubsystemIOS
LogPluginManager: Mounting plugin OnlineSubsystem
LogPluginManager: Mounting plugin OnlineSubsystemNull
LogPluginManager: Mounting plugin OnlineSubsystemUtils
LogPluginManager: Mounting plugin LauncherChunkInstaller
LogPluginManager: Mounting plugin AndroidDeviceProfileSelector
LogPluginManager: Mounting plugin AndroidMoviePlayer
LogPluginManager: Mounting plugin AndroidPermission
LogPluginManager: Mounting plugin AppleImageUtils
LogPluginManager: Mounting plugin AppleMoviePlayer
LogPluginManager: Mounting plugin ArchVisCharacter
LogPluginManager: Mounting plugin AudioCapture
LogPluginManager: Mounting plugin CableComponent
LogPluginManager: Mounting plugin CustomMeshComponent
LogPluginManager: Mounting plugin EditableMesh
LogPluginManager: Mounting plugin ExampleDeviceProfileSelector
LogPluginManager: Mounting plugin GoogleCloudMessaging
LogPluginManager: Mounting plugin IOSDeviceProfileSelector
LogPluginManager: Mounting plugin LinuxDeviceProfileSelector
LogPluginManager: Mounting plugin LocationServicesBPLibrary
LogPluginManager: Mounting plugin MobilePatchingUtils
LogPluginManager: Mounting plugin OculusVR
LogPluginManager: Mounting plugin PhysXVehicles
LogPluginManager: Mounting plugin ProceduralMeshComponent
LogPluginManager: Mounting plugin RuntimePhysXCooking
LogPluginManager: Mounting plugin SignificanceManager
LogPluginManager: Mounting plugin SteamVR
LogPluginManager: Mounting plugin WebMMoviePlayer
LogPluginManager: Mounting plugin WindowsMoviePlayer
LogPluginManager: Mounting plugin ScreenshotTools
LogInit: Using libcurl 7.55.1-DEV
LogInit:  - built for x86_64-pc-win32
LogInit:  - supports SSL with OpenSSL/1.1.1
LogInit:  - supports HTTP deflate (compression) using libz 1.2.8
LogInit:  - other features:
LogInit:      CURL_VERSION_SSL
LogInit:      CURL_VERSION_LIBZ
LogInit:      CURL_VERSION_IPV6
LogInit:      CURL_VERSION_ASYNCHDNS
LogInit:      CURL_VERSION_LARGEFILE
LogInit:      CURL_VERSION_IDN
LogInit:  CurlRequestOptions (configurable via config and command line):
LogInit:  - bVerifyPeer = true  - Libcurl will verify peer certificate
LogInit:  - bUseHttpProxy = false  - Libcurl will NOT use HTTP proxy
LogInit:  - bDontReuseConnections = false  - Libcurl will reuse connections
LogInit:  - MaxHostConnections = 16  - Libcurl will limit the number of connections to a host
LogInit:  - LocalHostAddr = Default
LogInit:  - BufferSize = 65536
LogOnline: OSS: Creating online subsystem instance for: NULL
LogInit: WinSock: version 1.1 (2.2), MaxSocks=32767, MaxUdp=65467
LogInit: Build: ++UE4+Release-4.23-CL-9631420
LogInit: Engine Version: 4.23.1-9631420+++UE4+Release-4.23
LogInit: Compatible Engine Version: 4.23.0-8386587+++UE4+Release-4.23
LogInit: Net CL: 8386587
LogInit: OS: Windows 10 (Release 1809) (), CPU: Intel(R) Core(TM) i7-8750H CPU @ 2.20GHz, GPU: Intel(R) UHD Graphics 630
LogInit: Compiled (64-bit): Oct 18 2019 02:07:44
LogInit: Compiled with Visual C++: 19.16.27030.01
LogInit: Build Configuration: Development
LogInit: Branch Name: ++UE4+Release-4.23
LogInit: Command Line: 
LogInit: Base Directory: C:/Program Files/Epic Games/UE_4.23/Engine/Binaries/Win64/
LogInit: Installed Engine Build: 1
LogDevObjectVersion: Number of dev versions registered: 23
LogDevObjectVersion:   Dev-Blueprints (B0D832E4-1F89-4F0D-ACCF-7EB736FD4AA2): 10
LogDevObjectVersion:   Dev-Build (E1C64328-A22C-4D53-A36C-8E866417BD8C): 0
LogDevObjectVersion:   Dev-Core (375EC13C-06E4-48FB-B500-84F0262A717E): 3
LogDevObjectVersion:   Dev-Editor (E4B068ED-F494-42E9-A231-DA0B2E46BB41): 34
LogDevObjectVersion:   Dev-Framework (CFFC743F-43B0-4480-9391-14DF171D2073): 35
LogDevObjectVersion:   Dev-Mobile (B02B49B5-BB20-44E9-A304-32B752E40360): 2
LogDevObjectVersion:   Dev-Networking (A4E4105C-59A1-49B5-A7C5-40C4547EDFEE): 0
LogDevObjectVersion:   Dev-Online (39C831C9-5AE6-47DC-9A44-9C173E1C8E7C): 0
LogDevObjectVersion:   Dev-Physics (78F01B33-EBEA-4F98-B9B4-84EACCB95AA2): 0
LogDevObjectVersion:   Dev-Platform (6631380F-2D4D-43E0-8009-CF276956A95A): 0
LogDevObjectVersion:   Dev-Rendering (12F88B9F-8875-4AFC-A67C-D90C383ABD29): 31
LogDevObjectVersion:   Dev-Sequencer (7B5AE74C-D270-4C10-A958-57980B212A5A): 11
LogDevObjectVersion:   Dev-VR (D7296918-1DD6-4BDD-9DE2-64A83CC13884): 2
LogDevObjectVersion:   Dev-LoadTimes (C2A15278-BFE7-4AFE-6C17-90FF531DF755): 1
LogDevObjectVersion:   Private-Geometry (6EACA3D4-40EC-4CC1-B786-8BED09428FC5): 3
LogDevObjectVersion:   Dev-AnimPhys (29E575DD-E0A3-4627-9D10-D276232CDCEA): 17
LogDevObjectVersion:   Dev-Anim (AF43A65D-7FD3-4947-9873-3E8ED9C1BB05): 2
LogDevObjectVersion:   Dev-ReflectionCapture (6B266CEC-1EC7-4B8F-A30B-E4D90942FC07): 1
LogDevObjectVersion:   Dev-Automation (0DF73D61-A23F-47EA-B727-89E90C41499A): 1
LogDevObjectVersion:   FortniteMain (601D1886-AC64-4F84-AA16-D3DE0DEAC7D6): 27
LogDevObjectVersion:   Dev-Enterprise (9DFFBCD6-494F-0158-E221-12823C92A888): 6
LogDevObjectVersion:   Dev-Niagara (F2AED0AC-9AFE-416F-8664-AA7FFA26D6FC): 1
LogDevObjectVersion:   Dev-Destruction (174F1F0B-B4C6-45A5-B13F-2EE8D0FB917D): 9
LogInit: Presizing for max 16777216 objects, including 0 objects not considered by GC, pre-allocating 0 bytes for permanent pool.
LogInit: Object subsystem initialized
LogConfig: Setting CVar [[con.DebugEarlyDefault:1]]
LogConfig: Setting CVar [[r.setres:1280x720]]
[2019.11.12-15.07.46:394][  0]LogConfig: Setting CVar [[r.VSync:0]]
[2019.11.12-15.07.46:394][  0]LogConfig: Setting CVar [[r.RHICmdBypass:0]]
[2019.11.12-15.07.46:394][  0]LogConfig: Applying CVar settings from Section [/Script/Engine.RendererSettings] File [D:/SchoolAndProjects/Programs/ETGG 3801_02 Realtime Interactive/Unreal Projects/lab 4 missleCommander/MissleComnder/Saved/Config/Windows/Engine.ini]
[2019.11.12-15.07.46:394][  0]LogConfig: Setting CVar [[r.GPUCrashDebugging:0]]
[2019.11.12-15.07.46:394][  0]LogConfig: Setting CVar [[r.DefaultFeature.AutoExposure.ExtendDefaultLuminanceRange:1]]
[2019.11.12-15.07.46:394][  0]LogConfig: Applying CVar settings from Section [/Script/Engine.RendererOverrideSettings] File [D:/SchoolAndProjects/Programs/ETGG 3801_02 Realtime Interactive/Unreal Projects/lab 4 missleCommander/MissleComnder/Saved/Config/Windows/Engine.ini]
[2019.11.12-15.07.46:394][  0]LogConfig: Applying CVar settings from Section [/Script/Engine.StreamingSettings] File [D:/SchoolAndProjects/Programs/ETGG 3801_02 Realtime Interactive/Unreal Projects/lab 4 missleCommander/MissleComnder/Saved/Config/Windows/Engine.ini]
[2019.11.12-15.07.46:394][  0]LogConfig: Setting CVar [[s.MinBulkDataSizeForAsyncLoading:131072]]
[2019.11.12-15.07.46:394][  0]LogConfig: Setting CVar [[s.AsyncLoadingThreadEnabled:0]]
[2019.11.12-15.07.46:394][  0]LogConfig: Setting CVar [[s.EventDrivenLoaderEnabled:1]]
[2019.11.12-15.07.46:394][  0]LogConfig: Setting CVar [[s.WarnIfTimeLimitExceeded:0]]
[2019.11.12-15.07.46:394][  0]LogConfig: Setting CVar [[s.TimeLimitExceededMultiplier:1.5]]
[2019.11.12-15.07.46:394][  0]LogConfig: Setting CVar [[s.TimeLimitExceededMinTime:0.005]]
[2019.11.12-15.07.46:394][  0]LogConfig: Setting CVar [[s.UseBackgroundLevelStreaming:1]]
[2019.11.12-15.07.46:394][  0]LogConfig: Setting CVar [[s.PriorityAsyncLoadingExtraTime:15.0]]
[2019.11.12-15.07.46:394][  0]LogConfig: Setting CVar [[s.LevelStreamingActorsUpdateTimeLimit:5.0]]
[2019.11.12-15.07.46:394][  0]LogConfig: Setting CVar [[s.PriorityLevelStreamingActorsUpdateExtraTime:5.0]]
[2019.11.12-15.07.46:394][  0]LogConfig: Setting CVar [[s.LevelStreamingComponentsRegistrationGranularity:10]]
[2019.11.12-15.07.46:394][  0]LogConfig: Setting CVar [[s.UnregisterComponentsTimeLimit:1.0]]
[2019.11.12-15.07.46:394][  0]LogConfig: Setting CVar [[s.LevelStreamingComponentsUnregistrationGranularity:5]]
[2019.11.12-15.07.46:394][  0]LogConfig: Applying CVar settings from Section [/Script/Engine.GarbageCollectionSettings] File [D:/SchoolAndProjects/Programs/ETGG 3801_02 Realtime Interactive/Unreal Projects/lab 4 missleCommander/MissleComnder/Saved/Config/Windows/Engine.ini]
[2019.11.12-15.07.46:394][  0]LogConfig: Setting CVar [[gc.MaxObjectsNotConsideredByGC:1]]
[2019.11.12-15.07.46:394][  0]LogConfig: Setting CVar [[gc.SizeOfPermanentObjectPool:0]]
[2019.11.12-15.07.46:394][  0]LogConfig: Setting CVar [[gc.FlushStreamingOnGC:0]]
[2019.11.12-15.07.46:394][  0]LogConfig: Setting CVar [[gc.NumRetriesBeforeForcingGC:10]]
[2019.11.12-15.07.46:394][  0]LogConfig: Setting CVar [[gc.AllowParallelGC:1]]
[2019.11.12-15.07.46:394][  0]LogConfig: Setting CVar [[gc.TimeBetweenPurgingPendingKillObjects:61.1]]
[2019.11.12-15.07.46:394][  0]LogConfig: Setting CVar [[gc.MaxObjectsInEditor:16777216]]
[2019.11.12-15.07.46:394][  0]LogConfig: Setting CVar [[gc.IncrementalBeginDestroyEnabled:1]]
[2019.11.12-15.07.46:394][  0]LogConfig: Setting CVar [[gc.CreateGCClusters:1]]
[2019.11.12-15.07.46:394][  0]LogConfig: Setting CVar [[gc.MinGCClusterSize:5]]
[2019.11.12-15.07.46:394][  0]LogConfig: Setting CVar [[gc.ActorClusteringEnabled:0]]
[2019.11.12-15.07.46:394][  0]LogConfig: Setting CVar [[gc.BlueprintClusteringEnabled:0]]
[2019.11.12-15.07.46:394][  0]LogConfig: Setting CVar [[gc.UseDisregardForGCOnDedicatedServers:0]]
[2019.11.12-15.07.46:394][  0]LogConfig: Applying CVar settings from Section [/Script/Engine.NetworkSettings] File [D:/SchoolAndProjects/Programs/ETGG 3801_02 Realtime Interactive/Unreal Projects/lab 4 missleCommander/MissleComnder/Saved/Config/Windows/Engine.ini]
[2019.11.12-15.07.46:394][  0]LogConfig: Applying CVar settings from Section [/Script/UnrealEd.CookerSettings] File [D:/SchoolAndProjects/Programs/ETGG 3801_02 Realtime Interactive/Unreal Projects/lab 4 missleCommander/MissleComnder/Saved/Config/Windows/Engine.ini]
[2019.11.12-15.07.46:399][  0]LogConfig: Applying CVar settings from Section [ViewDistanceQuality@3] File [D:/SchoolAndProjects/Programs/ETGG 3801_02 Realtime Interactive/Unreal Projects/lab 4 missleCommander/MissleComnder/Saved/Config/Windows/Scalability.ini]
[2019.11.12-15.07.46:399][  0]LogConfig: Setting CVar [[r.SkeletalMeshLODBias:0]]
[2019.11.12-15.07.46:399][  0]LogConfig: Setting CVar [[r.ViewDistanceScale:1.0]]
[2019.11.12-15.07.46:399][  0]LogConfig: Applying CVar settings from Section [AntiAliasingQuality@3] File [D:/SchoolAndProjects/Programs/ETGG 3801_02 Realtime Interactive/Unreal Projects/lab 4 missleCommander/MissleComnder/Saved/Config/Windows/Scalability.ini]
[2019.11.12-15.07.46:399][  0]LogConfig: Setting CVar [[r.PostProcessAAQuality:4]]
[2019.11.12-15.07.46:399][  0]LogConfig: Applying CVar settings from Section [ShadowQuality@3] File [D:/SchoolAndProjects/Programs/ETGG 3801_02 Realtime Interactive/Unreal Projects/lab 4 missleCommander/MissleComnder/Saved/Config/Windows/Scalability.ini]
[2019.11.12-15.07.46:399][  0]LogConfig: Setting CVar [[r.LightFunctionQuality:1]]
[2019.11.12-15.07.46:399][  0]LogConfig: Setting CVar [[r.ShadowQuality:5]]
[2019.11.12-15.07.46:399][  0]LogConfig: Setting CVar [[r.Shadow.CSM.MaxCascades:10]]
[2019.11.12-15.07.46:399][  0]LogConfig: Setting CVar [[r.Shadow.MaxResolution:2048]]
[2019.11.12-15.07.46:399][  0]LogConfig: Setting CVar [[r.Shadow.MaxCSMResolution:2048]]
[2019.11.12-15.07.46:399][  0]LogConfig: Setting CVar [[r.Shadow.RadiusThreshold:0.01]]
[2019.11.12-15.07.46:399][  0]LogConfig: Setting CVar [[r.Shadow.DistanceScale:1.0]]
[2019.11.12-15.07.46:400][  0]LogConfig: Setting CVar [[r.Shadow.CSM.TransitionScale:1.0]]
[2019.11.12-15.07.46:400][  0]LogConfig: Setting CVar [[r.Shadow.PreShadowResolutionFactor:1.0]]
[2019.11.12-15.07.46:400][  0]LogConfig: Setting CVar [[r.DistanceFieldShadowing:1]]
[2019.11.12-15.07.46:400][  0]LogConfig: Setting CVar [[r.DistanceFieldAO:1]]
[2019.11.12-15.07.46:400][  0]LogConfig: Setting CVar [[r.AOQuality:2]]
[2019.11.12-15.07.46:400][  0]LogConfig: Setting CVar [[r.VolumetricFog:1]]
[2019.11.12-15.07.46:400][  0]LogConfig: Setting CVar [[r.VolumetricFog.GridPixelSize:8]]
[2019.11.12-15.07.46:400][  0]LogConfig: Setting CVar [[r.VolumetricFog.GridSizeZ:128]]
[2019.11.12-15.07.46:400][  0]LogConfig: Setting CVar [[r.VolumetricFog.HistoryMissSupersampleCount:4]]
[2019.11.12-15.07.46:400][  0]LogConfig: Setting CVar [[r.LightMaxDrawDistanceScale:1]]
[2019.11.12-15.07.46:400][  0]LogConfig: Setting CVar [[r.CapsuleShadows:1]]
[2019.11.12-15.07.46:400][  0]LogConfig: Applying CVar settings from Section [PostProcessQuality@3] File [D:/SchoolAndProjects/Programs/ETGG 3801_02 Realtime Interactive/Unreal Projects/lab 4 missleCommander/MissleComnder/Saved/Config/Windows/Scalability.ini]
[2019.11.12-15.07.46:400][  0]LogConfig: Setting CVar [[r.MotionBlurQuality:4]]
[2019.11.12-15.07.46:400][  0]LogConfig: Setting CVar [[r.AmbientOcclusionMipLevelFactor:0.4]]
[2019.11.12-15.07.46:400][  0]LogConfig: Setting CVar [[r.AmbientOcclusionMaxQuality:100]]
[2019.11.12-15.07.46:400][  0]LogConfig: Setting CVar [[r.AmbientOcclusionLevels:-1]]
[2019.11.12-15.07.46:400][  0]LogConfig: Setting CVar [[r.AmbientOcclusionRadiusScale:1.0]]
[2019.11.12-15.07.46:400][  0]LogConfig: Setting CVar [[r.DepthOfFieldQuality:2]]
[2019.11.12-15.07.46:400][  0]LogConfig: Setting CVar [[r.RenderTargetPoolMin:400]]
[2019.11.12-15.07.46:400][  0]LogConfig: Setting CVar [[r.LensFlareQuality:2]]
[2019.11.12-15.07.46:400][  0]LogConfig: Setting CVar [[r.SceneColorFringeQuality:1]]
[2019.11.12-15.07.46:400][  0]LogConfig: Setting CVar [[r.EyeAdaptationQuality:2]]
[2019.11.12-15.07.46:400][  0]LogConfig: Setting CVar [[r.BloomQuality:5]]
[2019.11.12-15.07.46:400][  0]LogConfig: Setting CVar [[r.FastBlurThreshold:100]]
[2019.11.12-15.07.46:400][  0]LogConfig: Setting CVar [[r.Upscale.Quality:3]]
[2019.11.12-15.07.46:400][  0]LogConfig: Setting CVar [[r.Tonemapper.GrainQuantization:1]]
[2019.11.12-15.07.46:400][  0]LogConfig: Setting CVar [[r.LightShaftQuality:1]]
[2019.11.12-15.07.46:400][  0]LogConfig: Setting CVar [[r.Filter.SizeScale:1]]
[2019.11.12-15.07.46:400][  0]LogConfig: Setting CVar [[r.Tonemapper.Quality:5]]
[2019.11.12-15.07.46:400][  0]LogConfig: Setting CVar [[r.DOF.Gather.AccumulatorQuality:1        ; higher gathering accumulator quality]]
[2019.11.12-15.07.46:400][  0]LogConfig: Setting CVar [[r.DOF.Gather.PostfilterMethod:1          ; Median3x3 postfilering method]]
[2019.11.12-15.07.46:400][  0]LogConfig: Setting CVar [[r.DOF.Gather.EnableBokehSettings:0       ; no bokeh simulation when gathering]]
[2019.11.12-15.07.46:400][  0]LogConfig: Setting CVar [[r.DOF.Gather.RingCount:4                 ; medium number of samples when gathering]]
[2019.11.12-15.07.46:400][  0]LogConfig: Setting CVar [[r.DOF.Scatter.ForegroundCompositing:1    ; additive foreground scattering]]
[2019.11.12-15.07.46:400][  0]LogConfig: Setting CVar [[r.DOF.Scatter.BackgroundCompositing:2    ; additive background scattering]]
[2019.11.12-15.07.46:400][  0]LogConfig: Setting CVar [[r.DOF.Scatter.EnableBokehSettings:1      ; bokeh simulation when scattering]]
[2019.11.12-15.07.46:400][  0]LogConfig: Setting CVar [[r.DOF.Scatter.MaxSpriteRatio:0.1         ; only a maximum of 10% of scattered bokeh]]
[2019.11.12-15.07.46:400][  0]LogConfig: Setting CVar [[r.DOF.Recombine.Quality:1                ; cheap slight out of focus]]
[2019.11.12-15.07.46:400][  0]LogConfig: Setting CVar [[r.DOF.Recombine.EnableBokehSettings:0    ; no bokeh simulation on slight out of focus]]
[2019.11.12-15.07.46:400][  0]LogConfig: Setting CVar [[r.DOF.TemporalAAQuality:1                ; more stable temporal accumulation]]
[2019.11.12-15.07.46:400][  0]LogConfig: Setting CVar [[r.DOF.Kernel.MaxForegroundRadius:0.025]]
[2019.11.12-15.07.46:400][  0]LogConfig: Setting CVar [[r.DOF.Kernel.MaxBackgroundRadius:0.025]]
[2019.11.12-15.07.46:400][  0]LogConfig: Applying CVar settings from Section [TextureQuality@3] File [D:/SchoolAndProjects/Programs/ETGG 3801_02 Realtime Interactive/Unreal Projects/lab 4 missleCommander/MissleComnder/Saved/Config/Windows/Scalability.ini]
[2019.11.12-15.07.46:400][  0]LogConfig: Setting CVar [[r.Streaming.MipBias:0]]
[2019.11.12-15.07.46:400][  0]LogConfig: Setting CVar [[r.Streaming.AmortizeCPUToGPUCopy:0]]
[2019.11.12-15.07.46:400][  0]LogConfig: Setting CVar [[r.Streaming.MaxNumTexturesToStreamPerFrame:0]]
[2019.11.12-15.07.46:400][  0]LogConfig: Setting CVar [[r.Streaming.Boost:1]]
[2019.11.12-15.07.46:400][  0]LogConfig: Setting CVar [[r.MaxAnisotropy:8]]
[2019.11.12-15.07.46:400][  0]LogConfig: Setting CVar [[r.Streaming.LimitPoolSizeToVRAM:0]]
[2019.11.12-15.07.46:400][  0]LogConfig: Setting CVar [[r.Streaming.PoolSize:1000]]
[2019.11.12-15.07.46:400][  0]LogConfig: Setting CVar [[r.Streaming.MaxEffectiveScreenSize:0]]
[2019.11.12-15.07.46:400][  0]LogConfig: Applying CVar settings from Section [EffectsQuality@3] File [D:/SchoolAndProjects/Programs/ETGG 3801_02 Realtime Interactive/Unreal Projects/lab 4 missleCommander/MissleComnder/Saved/Config/Windows/Scalability.ini]
[2019.11.12-15.07.46:400][  0]LogConfig: Setting CVar [[r.TranslucencyLightingVolumeDim:64]]
[2019.11.12-15.07.46:400][  0]LogConfig: Setting CVar [[r.RefractionQuality:2]]
[2019.11.12-15.07.46:400][  0]LogConfig: Setting CVar [[r.SSR.Quality:3]]
[2019.11.12-15.07.46:400][  0]LogConfig: Setting CVar [[r.SceneColorFormat:4]]
[2019.11.12-15.07.46:400][  0]LogConfig: Setting CVar [[r.DetailMode:2]]
[2019.11.12-15.07.46:400][  0]LogConfig: Setting CVar [[r.TranslucencyVolumeBlur:1]]
[2019.11.12-15.07.46:400][  0]LogConfig: Setting CVar [[r.MaterialQualityLevel:1 ; High quality]]
[2019.11.12-15.07.46:400][  0]LogConfig: Setting CVar [[r.SSS.Scale:1]]
[2019.11.12-15.07.46:400][  0]LogConfig: Setting CVar [[r.SSS.SampleSet:2]]
[2019.11.12-15.07.46:400][  0]LogConfig: Setting CVar [[r.SSS.Quality:1]]
[2019.11.12-15.07.46:400][  0]LogConfig: Setting CVar [[r.SSS.HalfRes:1]]
[2019.11.12-15.07.46:400][  0]LogConfig: Setting CVar [[r.EmitterSpawnRateScale:1.0]]
[2019.11.12-15.07.46:400][  0]LogConfig: Setting CVar [[r.ParticleLightQuality:2]]
[2019.11.12-15.07.46:400][  0]LogConfig: Applying CVar settings from Section [FoliageQuality@3] File [D:/SchoolAndProjects/Programs/ETGG 3801_02 Realtime Interactive/Unreal Projects/lab 4 missleCommander/MissleComnder/Saved/Config/Windows/Scalability.ini]
[2019.11.12-15.07.46:400][  0]LogConfig: Setting CVar [[foliage.DensityScale:1.0]]
[2019.11.12-15.07.46:400][  0]LogConfig: Setting CVar [[grass.DensityScale:1.0]]
[2019.11.12-15.07.46:400][  0]LogInit: Selected Device Profile: [Windows]
[2019.11.12-15.07.46:400][  0]LogInit: Applying CVar settings loaded from the selected device profile: [Windows]
[2019.11.12-15.07.46:403][  0]LogHAL: Display: Platform has ~ 16 GB [17019035648 / 17179869184 / 16], which maps to Larger [LargestMinGB=32, LargerMinGB=12, DefaultMinGB=8, SmallerMinGB=6, SmallestMinGB=0)
[2019.11.12-15.07.46:403][  0]LogInit: Going up to parent DeviceProfile []
[2019.11.12-15.07.46:403][  0]LogConfig: Applying CVar settings from Section [ViewDistanceQuality@3] File [D:/SchoolAndProjects/Programs/ETGG 3801_02 Realtime Interactive/Unreal Projects/lab 4 missleCommander/MissleComnder/Saved/Config/Windows/Scalability.ini]
[2019.11.12-15.07.46:403][  0]LogConfig: Setting CVar [[r.SkeletalMeshLODBias:0]]
[2019.11.12-15.07.46:403][  0]LogConfig: Setting CVar [[r.ViewDistanceScale:1.0]]
[2019.11.12-15.07.46:403][  0]LogConfig: Applying CVar settings from Section [AntiAliasingQuality@3] File [D:/SchoolAndProjects/Programs/ETGG 3801_02 Realtime Interactive/Unreal Projects/lab 4 missleCommander/MissleComnder/Saved/Config/Windows/Scalability.ini]
[2019.11.12-15.07.46:403][  0]LogConfig: Setting CVar [[r.PostProcessAAQuality:4]]
[2019.11.12-15.07.46:403][  0]LogConfig: Applying CVar settings from Section [ShadowQuality@3] File [D:/SchoolAndProjects/Programs/ETGG 3801_02 Realtime Interactive/Unreal Projects/lab 4 missleCommander/MissleComnder/Saved/Config/Windows/Scalability.ini]
[2019.11.12-15.07.46:403][  0]LogConfig: Setting CVar [[r.LightFunctionQuality:1]]
[2019.11.12-15.07.46:403][  0]LogConfig: Setting CVar [[r.ShadowQuality:5]]
[2019.11.12-15.07.46:403][  0]LogConfig: Setting CVar [[r.Shadow.CSM.MaxCascades:10]]
[2019.11.12-15.07.46:403][  0]LogConfig: Setting CVar [[r.Shadow.MaxResolution:2048]]
[2019.11.12-15.07.46:403][  0]LogConfig: Setting CVar [[r.Shadow.MaxCSMResolution:2048]]
[2019.11.12-15.07.46:403][  0]LogConfig: Setting CVar [[r.Shadow.RadiusThreshold:0.01]]
[2019.11.12-15.07.46:403][  0]LogConfig: Setting CVar [[r.Shadow.DistanceScale:1.0]]
[2019.11.12-15.07.46:403][  0]LogConfig: Setting CVar [[r.Shadow.CSM.TransitionScale:1.0]]
[2019.11.12-15.07.46:403][  0]LogConfig: Setting CVar [[r.Shadow.PreShadowResolutionFactor:1.0]]
[2019.11.12-15.07.46:403][  0]LogConfig: Setting CVar [[r.DistanceFieldShadowing:1]]
[2019.11.12-15.07.46:403][  0]LogConfig: Setting CVar [[r.DistanceFieldAO:1]]
[2019.11.12-15.07.46:403][  0]LogConfig: Setting CVar [[r.AOQuality:2]]
[2019.11.12-15.07.46:403][  0]LogConfig: Setting CVar [[r.VolumetricFog:1]]
[2019.11.12-15.07.46:403][  0]LogConfig: Setting CVar [[r.VolumetricFog.GridPixelSize:8]]
[2019.11.12-15.07.46:403][  0]LogConfig: Setting CVar [[r.VolumetricFog.GridSizeZ:128]]
[2019.11.12-15.07.46:403][  0]LogConfig: Setting CVar [[r.VolumetricFog.HistoryMissSupersampleCount:4]]
[2019.11.12-15.07.46:403][  0]LogConfig: Setting CVar [[r.LightMaxDrawDistanceScale:1]]
[2019.11.12-15.07.46:403][  0]LogConfig: Setting CVar [[r.CapsuleShadows:1]]
[2019.11.12-15.07.46:403][  0]LogConfig: Applying CVar settings from Section [PostProcessQuality@3] File [D:/SchoolAndProjects/Programs/ETGG 3801_02 Realtime Interactive/Unreal Projects/lab 4 missleCommander/MissleComnder/Saved/Config/Windows/Scalability.ini]
[2019.11.12-15.07.46:403][  0]LogConfig: Setting CVar [[r.MotionBlurQuality:4]]
[2019.11.12-15.07.46:403][  0]LogConfig: Setting CVar [[r.AmbientOcclusionMipLevelFactor:0.4]]
[2019.11.12-15.07.46:403][  0]LogConfig: Setting CVar [[r.AmbientOcclusionMaxQuality:100]]
[2019.11.12-15.07.46:403][  0]LogConfig: Setting CVar [[r.AmbientOcclusionLevels:-1]]
[2019.11.12-15.07.46:403][  0]LogConfig: Setting CVar [[r.AmbientOcclusionRadiusScale:1.0]]
[2019.11.12-15.07.46:403][  0]LogConfig: Setting CVar [[r.DepthOfFieldQuality:2]]
[2019.11.12-15.07.46:403][  0]LogConfig: Setting CVar [[r.RenderTargetPoolMin:400]]
[2019.11.12-15.07.46:403][  0]LogConfig: Setting CVar [[r.LensFlareQuality:2]]
[2019.11.12-15.07.46:403][  0]LogConfig: Setting CVar [[r.SceneColorFringeQuality:1]]
[2019.11.12-15.07.46:403][  0]LogConfig: Setting CVar [[r.EyeAdaptationQuality:2]]
[2019.11.12-15.07.46:403][  0]LogConfig: Setting CVar [[r.BloomQuality:5]]
[2019.11.12-15.07.46:403][  0]LogConfig: Setting CVar [[r.FastBlurThreshold:100]]
[2019.11.12-15.07.46:403][  0]LogConfig: Setting CVar [[r.Upscale.Quality:3]]
[2019.11.12-15.07.46:403][  0]LogConfig: Setting CVar [[r.Tonemapper.GrainQuantization:1]]
[2019.11.12-15.07.46:403][  0]LogConfig: Setting CVar [[r.LightShaftQuality:1]]
[2019.11.12-15.07.46:403][  0]LogConfig: Setting CVar [[r.Filter.SizeScale:1]]
[2019.11.12-15.07.46:403][  0]LogConfig: Setting CVar [[r.Tonemapper.Quality:5]]
[2019.11.12-15.07.46:403][  0]LogConfig: Setting CVar [[r.DOF.Gather.AccumulatorQuality:1        ; higher gathering accumulator quality]]
[2019.11.12-15.07.46:403][  0]LogConfig: Setting CVar [[r.DOF.Gather.PostfilterMethod:1          ; Median3x3 postfilering method]]
[2019.11.12-15.07.46:403][  0]LogConfig: Setting CVar [[r.DOF.Gather.EnableBokehSettings:0       ; no bokeh simulation when gathering]]
[2019.11.12-15.07.46:403][  0]LogConfig: Setting CVar [[r.DOF.Gather.RingCount:4                 ; medium number of samples when gathering]]
[2019.11.12-15.07.46:403][  0]LogConfig: Setting CVar [[r.DOF.Scatter.ForegroundCompositing:1    ; additive foreground scattering]]
[2019.11.12-15.07.46:403][  0]LogConfig: Setting CVar [[r.DOF.Scatter.BackgroundCompositing:2    ; additive background scattering]]
[2019.11.12-15.07.46:403][  0]LogConfig: Setting CVar [[r.DOF.Scatter.EnableBokehSettings:1      ; bokeh simulation when scattering]]
[2019.11.12-15.07.46:403][  0]LogConfig: Setting CVar [[r.DOF.Scatter.MaxSpriteRatio:0.1         ; only a maximum of 10% of scattered bokeh]]
[2019.11.12-15.07.46:403][  0]LogConfig: Setting CVar [[r.DOF.Recombine.Quality:1                ; cheap slight out of focus]]
[2019.11.12-15.07.46:403][  0]LogConfig: Setting CVar [[r.DOF.Recombine.EnableBokehSettings:0    ; no bokeh simulation on slight out of focus]]
[2019.11.12-15.07.46:403][  0]LogConfig: Setting CVar [[r.DOF.TemporalAAQuality:1                ; more stable temporal accumulation]]
[2019.11.12-15.07.46:403][  0]LogConfig: Setting CVar [[r.DOF.Kernel.MaxForegroundRadius:0.025]]
[2019.11.12-15.07.46:403][  0]LogConfig: Setting CVar [[r.DOF.Kernel.MaxBackgroundRadius:0.025]]
[2019.11.12-15.07.46:403][  0]LogConfig: Applying CVar settings from Section [TextureQuality@3] File [D:/SchoolAndProjects/Programs/ETGG 3801_02 Realtime Interactive/Unreal Projects/lab 4 missleCommander/MissleComnder/Saved/Config/Windows/Scalability.ini]
[2019.11.12-15.07.46:403][  0]LogConfig: Setting CVar [[r.Streaming.MipBias:0]]
[2019.11.12-15.07.46:403][  0]LogConfig: Setting CVar [[r.Streaming.AmortizeCPUToGPUCopy:0]]
[2019.11.12-15.07.46:403][  0]LogConfig: Setting CVar [[r.Streaming.MaxNumTexturesToStreamPerFrame:0]]
[2019.11.12-15.07.46:403][  0]LogConfig: Setting CVar [[r.Streaming.Boost:1]]
[2019.11.12-15.07.46:403][  0]LogConfig: Setting CVar [[r.MaxAnisotropy:8]]
[2019.11.12-15.07.46:403][  0]LogConfig: Setting CVar [[r.Streaming.LimitPoolSizeToVRAM:0]]
[2019.11.12-15.07.46:403][  0]LogConfig: Setting CVar [[r.Streaming.PoolSize:1000]]
[2019.11.12-15.07.46:403][  0]LogConfig: Setting CVar [[r.Streaming.MaxEffectiveScreenSize:0]]
[2019.11.12-15.07.46:403][  0]LogConfig: Applying CVar settings from Section [EffectsQuality@3] File [D:/SchoolAndProjects/Programs/ETGG 3801_02 Realtime Interactive/Unreal Projects/lab 4 missleCommander/MissleComnder/Saved/Config/Windows/Scalability.ini]
[2019.11.12-15.07.46:403][  0]LogConfig: Setting CVar [[r.TranslucencyLightingVolumeDim:64]]
[2019.11.12-15.07.46:403][  0]LogConfig: Setting CVar [[r.RefractionQuality:2]]
[2019.11.12-15.07.46:403][  0]LogConfig: Setting CVar [[r.SSR.Quality:3]]
[2019.11.12-15.07.46:403][  0]LogConfig: Setting CVar [[r.SceneColorFormat:4]]
[2019.11.12-15.07.46:403][  0]LogConfig: Setting CVar [[r.DetailMode:2]]
[2019.11.12-15.07.46:403][  0]LogConfig: Setting CVar [[r.TranslucencyVolumeBlur:1]]
[2019.11.12-15.07.46:403][  0]LogConfig: Setting CVar [[r.MaterialQualityLevel:1 ; High quality]]
[2019.11.12-15.07.46:403][  0]LogConfig: Setting CVar [[r.SSS.Scale:1]]
[2019.11.12-15.07.46:403][  0]LogConfig: Setting CVar [[r.SSS.SampleSet:2]]
[2019.11.12-15.07.46:403][  0]LogConfig: Setting CVar [[r.SSS.Quality:1]]
[2019.11.12-15.07.46:403][  0]LogConfig: Setting CVar [[r.SSS.HalfRes:1]]
[2019.11.12-15.07.46:404][  0]LogConfig: Setting CVar [[r.EmitterSpawnRateScale:1.0]]
[2019.11.12-15.07.46:404][  0]LogConfig: Setting CVar [[r.ParticleLightQuality:2]]
[2019.11.12-15.07.46:404][  0]LogConfig: Applying CVar settings from Section [FoliageQuality@3] File [D:/SchoolAndProjects/Programs/ETGG 3801_02 Realtime Interactive/Unreal Projects/lab 4 missleCommander/MissleComnder/Saved/Config/Windows/Scalability.ini]
[2019.11.12-15.07.46:404][  0]LogConfig: Setting CVar [[foliage.DensityScale:1.0]]
[2019.11.12-15.07.46:404][  0]LogConfig: Setting CVar [[grass.DensityScale:1.0]]
[2019.11.12-15.07.46:404][  0]LogConfig: Applying CVar settings from Section [Startup] File [../../../Engine/Config/ConsoleVariables.ini]
[2019.11.12-15.07.46:404][  0]LogConfig: Setting CVar [[net.UseAdaptiveNetUpdateFrequency:0]]
[2019.11.12-15.07.46:404][  0]LogConfig: Setting CVar [[p.chaos.AllowCreatePhysxBodies:1]]
[2019.11.12-15.07.46:404][  0]LogConfig: Applying CVar settings from Section [ConsoleVariables] File [D:/SchoolAndProjects/Programs/ETGG 3801_02 Realtime Interactive/Unreal Projects/lab 4 missleCommander/MissleComnder/Saved/Config/Windows/Engine.ini]
[2019.11.12-15.07.46:404][  0]LogInit: Computer: DESKTOP-ET2RN54
[2019.11.12-15.07.46:404][  0]LogInit: User: Thoma
[2019.11.12-15.07.46:404][  0]LogInit: CPU Page size=4096, Cores=6
[2019.11.12-15.07.46:404][  0]LogInit: High frequency timer resolution =10.000000 MHz
[2019.11.12-15.07.46:404][  0]LogMemory: Memory total: Physical=15.9GB (16GB approx)
[2019.11.12-15.07.46:404][  0]LogMemory: Platform Memory Stats for Windows
[2019.11.12-15.07.46:404][  0]LogMemory: Process Physical Memory: 102.55 MB used, 102.56 MB peak
[2019.11.12-15.07.46:404][  0]LogMemory: Process Virtual Memory: 100.24 MB used, 100.24 MB peak
[2019.11.12-15.07.46:404][  0]LogMemory: Physical Memory: 8400.62 MB used,  7830.00 MB free, 16230.62 MB total
[2019.11.12-15.07.46:404][  0]LogMemory: Virtual Memory: 4699.59 MB used,  134213032.00 MB free, 134217728.00 MB total
[2019.11.12-15.07.46:406][  0]LogWindows: WindowsPlatformFeatures enabled
[2019.11.12-15.07.46:427][  0]LogInit: Using OS detected language (en-US).
[2019.11.12-15.07.46:427][  0]LogInit: Using OS detected locale (en-US).
[2019.11.12-15.07.46:428][  0]LogTextLocalizationManager: No specific localization for 'en-US' exists, so the 'en' localization will be used.
[2019.11.12-15.07.46:563][  0]LogInit: Setting process to per monitor DPI aware
[2019.11.12-15.07.46:634][  0]LogSlate: New Slate User Created.  User Index 0, Is Virtual User: 0
[2019.11.12-15.07.46:634][  0]LogSlate: Slate User Registered.  User Index 0, Is Virtual User: 0
[2019.11.12-15.07.46:789][  0]LogHMD: Failed to initialize OpenVR with code 110
[2019.11.12-15.07.46:790][  0]LogD3D11RHI: D3D11 adapters:
[2019.11.12-15.07.46:845][  0]LogD3D11RHI:    0. 'NVIDIA GeForce GTX 1050 Ti with Max-Q Design' (Feature Level 11_0)
[2019.11.12-15.07.46:845][  0]LogD3D11RHI:       4021/0/8115 MB DedicatedVideo/DedicatedSystem/SharedSystem, Outputs:2, VendorId:0x10de
[2019.11.12-15.07.46:863][  0]LogD3D11RHI:    1. 'Intel(R) UHD Graphics 630' (Feature Level 11_0)
[2019.11.12-15.07.46:863][  0]LogD3D11RHI:       128/0/8115 MB DedicatedVideo/DedicatedSystem/SharedSystem, Outputs:0, VendorId:0x8086
[2019.11.12-15.07.46:866][  0]LogD3D11RHI:    2. 'Microsoft Basic Render Driver' (Feature Level 11_0)
[2019.11.12-15.07.46:866][  0]LogD3D11RHI:       0/0/8115 MB DedicatedVideo/DedicatedSystem/SharedSystem, Outputs:0, VendorId:0x1414
[2019.11.12-15.07.46:866][  0]LogD3D11RHI: Chosen D3D11 Adapter: 0
[2019.11.12-15.07.46:893][  0]LogD3D11RHI: Creating new Direct3DDevice
[2019.11.12-15.07.46:893][  0]LogD3D11RHI:     GPU DeviceId: 0x1c8f (for the marketing name, search the web for "GPU Device Id")
[2019.11.12-15.07.46:893][  0]LogWindows: EnumDisplayDevices:
[2019.11.12-15.07.46:893][  0]LogWindows:    0. 'Intel(R) UHD Graphics 630' (P:1 D:1)
[2019.11.12-15.07.46:893][  0]LogWindows:    1. 'Intel(R) UHD Graphics 630' (P:0 D:1)
[2019.11.12-15.07.46:894][  0]LogWindows:    2. 'Intel(R) UHD Graphics 630' (P:0 D:0)
[2019.11.12-15.07.46:894][  0]LogWindows: DebugString: PrimaryIsNotTheChoosenAdapter PrimaryIsNotTheChoosenAdapter PrimaryIsNotTheChoosenAdapter FoundDriverCount:0 
[2019.11.12-15.07.46:894][  0]LogD3D11RHI:     Adapter Name: NVIDIA GeForce GTX 1050 Ti with Max-Q Design
[2019.11.12-15.07.46:894][  0]LogD3D11RHI:   Driver Version: Unknown (internal:Unknown, unified:Unknown)
[2019.11.12-15.07.46:894][  0]LogD3D11RHI:      Driver Date: Unknown
[2019.11.12-15.07.46:894][  0]LogRHI: Texture pool is 2814 MB (70% of 4021 MB)
[2019.11.12-15.07.46:929][  0]LogD3D11RHI: Async texture creation enabled
[2019.11.12-15.07.46:944][  0]LogD3D11RHI: GPU Timing Frequency: 1000.000000 (Debug: 2 1)
[2019.11.12-15.07.47:215][  0]LogTemp: Display: Module 'AllDesktopTargetPlatform' loaded TargetPlatform 'AllDesktop'
[2019.11.12-15.07.47:223][  0]LogTemp: Display: Module 'MacClientTargetPlatform' loaded TargetPlatform 'MacClient'
[2019.11.12-15.07.47:230][  0]LogTemp: Display: Module 'MacNoEditorTargetPlatform' loaded TargetPlatform 'MacNoEditor'
[2019.11.12-15.07.47:237][  0]LogTemp: Display: Module 'MacServerTargetPlatform' loaded TargetPlatform 'MacServer'
[2019.11.12-15.07.47:245][  0]LogTemp: Display: Module 'MacTargetPlatform' loaded TargetPlatform 'Mac'
[2019.11.12-15.07.47:253][  0]LogTemp: Display: Module 'WindowsClientTargetPlatform' loaded TargetPlatform 'WindowsClient'
[2019.11.12-15.07.47:260][  0]LogTemp: Display: Module 'WindowsNoEditorTargetPlatform' loaded TargetPlatform 'WindowsNoEditor'
[2019.11.12-15.07.47:268][  0]LogTemp: Display: Module 'WindowsServerTargetPlatform' loaded TargetPlatform 'WindowsServer'
[2019.11.12-15.07.47:271][  0]LogTemp: Display: Module 'WindowsTargetPlatform' loaded TargetPlatform 'Windows'
[2019.11.12-15.07.47:297][  0]LogTemp: Display: Module 'AndroidTargetPlatform' loaded TargetPlatform 'Android'
[2019.11.12-15.07.47:297][  0]LogTemp: Display: Module 'AndroidTargetPlatform' loaded TargetPlatform 'Android_ASTC'
[2019.11.12-15.07.47:297][  0]LogTemp: Display: Module 'AndroidTargetPlatform' loaded TargetPlatform 'Android_ATC'
[2019.11.12-15.07.47:297][  0]LogTemp: Display: Module 'AndroidTargetPlatform' loaded TargetPlatform 'Android_DXT'
[2019.11.12-15.07.47:297][  0]LogTemp: Display: Module 'AndroidTargetPlatform' loaded TargetPlatform 'Android_ETC1'
[2019.11.12-15.07.47:297][  0]LogTemp: Display: Module 'AndroidTargetPlatform' loaded TargetPlatform 'Android_ETC1a'
[2019.11.12-15.07.47:297][  0]LogTemp: Display: Module 'AndroidTargetPlatform' loaded TargetPlatform 'Android_ETC2'
[2019.11.12-15.07.47:297][  0]LogTemp: Display: Module 'AndroidTargetPlatform' loaded TargetPlatform 'Android_PVRTC'
[2019.11.12-15.07.47:297][  0]LogTemp: Display: Module 'AndroidTargetPlatform' loaded TargetPlatform 'AndroidClient'
[2019.11.12-15.07.47:297][  0]LogTemp: Display: Module 'AndroidTargetPlatform' loaded TargetPlatform 'Android_ASTCClient'
[2019.11.12-15.07.47:297][  0]LogTemp: Display: Module 'AndroidTargetPlatform' loaded TargetPlatform 'Android_ATCClient'
[2019.11.12-15.07.47:297][  0]LogTemp: Display: Module 'AndroidTargetPlatform' loaded TargetPlatform 'Android_DXTClient'
[2019.11.12-15.07.47:297][  0]LogTemp: Display: Module 'AndroidTargetPlatform' loaded TargetPlatform 'Android_ETC1Client'
[2019.11.12-15.07.47:297][  0]LogTemp: Display: Module 'AndroidTargetPlatform' loaded TargetPlatform 'Android_ETC1aClient'
[2019.11.12-15.07.47:297][  0]LogTemp: Display: Module 'AndroidTargetPlatform' loaded TargetPlatform 'Android_ETC2Client'
[2019.11.12-15.07.47:297][  0]LogTemp: Display: Module 'AndroidTargetPlatform' loaded TargetPlatform 'Android_PVRTCClient'
[2019.11.12-15.07.47:297][  0]LogTemp: Display: Module 'AndroidTargetPlatform' loaded TargetPlatform 'Android_Multi'
[2019.11.12-15.07.47:297][  0]LogTemp: Display: Module 'AndroidTargetPlatform' loaded TargetPlatform 'Android_MultiClient'
[2019.11.12-15.07.47:299][  0]LogTemp: Display: Module 'HTML5TargetPlatform' loaded TargetPlatform 'HTML5'
[2019.11.12-15.07.47:313][  0]LogTemp: Display: Module 'IOSTargetPlatform' loaded TargetPlatform 'IOSClient'
[2019.11.12-15.07.47:313][  0]LogTemp: Display: Module 'IOSTargetPlatform' loaded TargetPlatform 'IOS'
[2019.11.12-15.07.47:325][  0]LogTemp: Display: Module 'TVOSTargetPlatform' loaded TargetPlatform 'TVOSClient'
[2019.11.12-15.07.47:325][  0]LogTemp: Display: Module 'TVOSTargetPlatform' loaded TargetPlatform 'TVOS'
[2019.11.12-15.07.47:330][  0]LogTemp: Display: Module 'LinuxClientTargetPlatform' loaded TargetPlatform 'LinuxClient'
[2019.11.12-15.07.47:336][  0]LogTemp: Display: Module 'LinuxNoEditorTargetPlatform' loaded TargetPlatform 'LinuxNoEditor'
[2019.11.12-15.07.47:342][  0]LogTemp: Display: Module 'LinuxServerTargetPlatform' loaded TargetPlatform 'LinuxServer'
[2019.11.12-15.07.47:348][  0]LogTemp: Display: Module 'LinuxTargetPlatform' loaded TargetPlatform 'Linux'
[2019.11.12-15.07.47:367][  0]LogTemp: Display: Module 'LuminTargetPlatform' loaded TargetPlatform 'Lumin'
[2019.11.12-15.07.47:367][  0]LogTemp: Display: Module 'LuminTargetPlatform' loaded TargetPlatform 'LuminClient'
[2019.11.12-15.07.47:367][  0]LogTargetPlatformManager: Display: Building Assets For Windows
[2019.11.12-15.07.47:375][  0]LogAudioDebug: Display: Lib vorbis DLL was dynamically loaded.
[2019.11.12-15.07.47:425][  0]LogShaderCompilers: Guid format shader working directory is -69 characters bigger than the processId version (D:/SchoolAndProjects/Programs/ETGG 3801_02 Realtime Interactive/Unreal Projects/lab 4 missleCommander/MissleComnder/Intermediate/Shaders/WorkingDirectory/8196/).
[2019.11.12-15.07.47:425][  0]LogShaderCompilers: Cleaned the shader compiler working directory 'C:/Users/Thoma/AppData/Local/Temp/UnrealShaderWorkingDir/7015693E4C5974897A9E8190E1DB1A67/'.
[2019.11.12-15.07.47:427][  0]LogXGEController: Cannot use XGE Controller as Incredibuild is not installed on this machine.
[2019.11.12-15.07.47:427][  0]LogShaderCompilers: Cannot use XGE Shader Compiler as Incredibuild is not installed on this machine.
[2019.11.12-15.07.47:427][  0]LogShaderCompilers: Display: Using Local Shader Compiler.
[2019.11.12-15.07.47:961][  0]LogDerivedDataCache: Display: Max Cache Size: 512 MB
[2019.11.12-15.07.48:003][  0]LogDerivedDataCache: Loaded boot cache 0.04s 73MB C:/Users/Thoma/AppData/Local/UnrealEngine/4.23/DerivedDataCache/Boot.ddc.
[2019.11.12-15.07.48:003][  0]LogDerivedDataCache: Display: Loaded Boot cache: C:/Users/Thoma/AppData/Local/UnrealEngine/4.23/DerivedDataCache/Boot.ddc
[2019.11.12-15.07.48:003][  0]LogDerivedDataCache: FDerivedDataBackendGraph:  Pak pak cache file D:/SchoolAndProjects/Programs/ETGG 3801_02 Realtime Interactive/Unreal Projects/lab 4 missleCommander/MissleComnder/DerivedDataCache/DDC.ddp not found, will not use a pak cache.
[2019.11.12-15.07.48:003][  0]LogDerivedDataCache: Unable to find inner node Pak for hierarchical cache Hierarchy.
[2019.11.12-15.07.48:003][  0]LogDerivedDataCache: FDerivedDataBackendGraph:  CompressedPak pak cache file D:/SchoolAndProjects/Programs/ETGG 3801_02 Realtime Interactive/Unreal Projects/lab 4 missleCommander/MissleComnder/DerivedDataCache/Compressed.ddp not found, will not use a pak cache.
[2019.11.12-15.07.48:003][  0]LogDerivedDataCache: Unable to find inner node CompressedPak for hierarchical cache Hierarchy.
[2019.11.12-15.07.48:013][  0]LogDerivedDataCache: Display: Pak cache opened for reading ../../../Engine/DerivedDataCache/Compressed.ddp.
[2019.11.12-15.07.48:013][  0]LogDerivedDataCache: FDerivedDataBackendGraph:  EnterprisePak pak cache file ../../../Enterprise/DerivedDataCache/Compressed.ddp not found, will not use a pak cache.
[2019.11.12-15.07.48:013][  0]LogDerivedDataCache: Unable to find inner node EnterprisePak for hierarchical cache Hierarchy.
[2019.11.12-15.07.48:014][  0]LogDerivedDataCache: Using Local data cache path C:/Users/Thoma/AppData/Local/UnrealEngine/Common/DerivedDataCache: Writable
[2019.11.12-15.07.48:014][  0]LogDerivedDataCache: Shared data cache path not found in *engine.ini, will not use an Shared cache.
[2019.11.12-15.07.48:014][  0]LogDerivedDataCache: Unable to find inner node Shared for hierarchical cache Hierarchy.
[2019.11.12-15.07.48:031][  0]LogMaterial: Verifying Global Shaders for PCD3D_SM5
[2019.11.12-15.07.48:033][  0]LogSlate: Using FreeType 2.6.0
[2019.11.12-15.07.48:034][  0]LogSlate: SlateFontServices - WITH_FREETYPE: 1, WITH_HARFBUZZ: 1
[2019.11.12-15.07.48:080][  0]LogAssetRegistry: FAssetRegistry took 0.0021 seconds to start up
[2019.11.12-15.07.48:290][  0]LogInit: Selected Device Profile: [Windows]
[2019.11.12-15.07.48:413][  0]LogMeshReduction: Using QuadricMeshReduction for automatic static mesh reduction
[2019.11.12-15.07.48:413][  0]LogMeshReduction: Using SimplygonMeshReduction for automatic skeletal mesh reduction
[2019.11.12-15.07.48:413][  0]LogMeshReduction: Using ProxyLODMeshReduction for automatic mesh merging
[2019.11.12-15.07.48:413][  0]LogMeshReduction: No distributed automatic mesh merging module available
[2019.11.12-15.07.48:413][  0]LogMeshMerging: No distributed automatic mesh merging module available
[2019.11.12-15.07.48:422][  0]LogNetVersion: MissleComnder 1.0.0, NetCL: 8386587, EngineNetVer: 11, GameNetVer: 0 (Checksum: 2994690250)
[2019.11.12-15.07.48:781][  0]LogPackageLocalizationCache: Processed 12 localized package path(s) for 1 prioritized culture(s) in 0.029935 seconds
[2019.11.12-15.07.48:787][  0]LogUObjectArray: 43444 objects as part of root set at end of initial load.
[2019.11.12-15.07.48:787][  0]LogUObjectAllocator: 7548648 out of 0 bytes used by permanent object pool.
[2019.11.12-15.07.48:787][  0]LogUObjectArray: CloseDisregardForGC: 0/0 objects in disregard for GC pool
[2019.11.12-15.07.49:484][  0]LogTcpMessaging: Initializing TcpMessaging bridge
[2019.11.12-15.07.49:487][  0]LogUdpMessaging: Initializing bridge on interface 0.0.0.0:0 to multicast group 230.0.0.1:6666.
[2019.11.12-15.07.49:533][  0]SourceControl: Source control is disabled
[2019.11.12-15.07.49:533][  0]SourceControl: Source control is disabled
[2019.11.12-15.07.49:534][  0]SourceControl: Source control is disabled
[2019.11.12-15.07.49:535][  0]SourceControl: Source control is disabled
[2019.11.12-15.07.49:604][  0]LogAndroidPermission: UAndroidPermissionCallbackProxy::GetInstance
[2019.11.12-15.07.49:692][  0]LogOcInput: OculusInput pre-init called
[2019.11.12-15.07.49:698][  0]LogWindows: Failed to load 'OVRPlugin.dll' (GetLastError=126)
[2019.11.12-15.07.49:698][  0]LogWindows: File 'OVRPlugin.dll' does not exist
[2019.11.12-15.07.49:753][  0]LogEngine: Initializing Engine...
[2019.11.12-15.07.49:754][  0]LogHMD: Failed to initialize OpenVR with code 110
[2019.11.12-15.07.49:755][  0]LogStats: UGameplayTagsManager::InitializeManager -  0.000 s
[2019.11.12-15.07.49:952][  0]LogInit: Initializing FReadOnlyCVARCache
[2019.11.12-15.07.49:964][  0]LogAIModule: Creating AISystem for world Untitled
[2019.11.12-15.07.49:984][  0]LogInit: XAudio2 using 'Speakers (Realtek(R) Audio)' : 2 channels at 48 kHz using 32 bits per sample (channel mask 0x3)
[2019.11.12-15.07.50:098][  0]LogInit: FAudioDevice initialized.
[2019.11.12-15.07.50:098][  0]LogNetVersion: Set ProjectVersion to 1.0.0.0. Version Checksum will be recalculated on next use.
[2019.11.12-15.07.50:164][  0]LogDerivedDataCache: Saved boot cache 0.07s 73MB C:/Users/Thoma/AppData/Local/UnrealEngine/4.23/DerivedDataCache/Boot.ddc.
[2019.11.12-15.07.50:167][  0]LogInit: Texture streaming: Enabled
[2019.11.12-15.07.50:183][  0]LogEngineSessionManager: EngineSessionManager initialized
[2019.11.12-15.07.50:184][  0]LogEditorSessionSummary: Verbose: Initializing EditorSessionSummaryWriter for editor session tracking
[2019.11.12-15.07.50:190][  0]LogEditorSessionSummary: EditorSessionSummaryWriter initialized
[2019.11.12-15.07.50:229][  0]LogInit: Transaction tracking system initialized
[2019.11.12-15.07.50:260][  0]BlueprintLog: New page: Editor Load
[2019.11.12-15.07.50:330][  0]LocalizationService: Localization service is disabled
[2019.11.12-15.07.50:530][  0]LogFileCache: Scanning file cache for directory 'D:/SchoolAndProjects/Programs/ETGG 3801_02 Realtime Interactive/Unreal Projects/lab 4 missleCommander/MissleComnder/Content/' took 0.00s
[2019.11.12-15.07.50:530][  0]LogCook: Display: Max memory allowance for cook 16384mb min free memory 0mb
[2019.11.12-15.07.50:530][  0]LogCook: Display: Mobile HDR setting 1
[2019.11.12-15.07.50:680][  0]SourceControl: Source control is disabled
[2019.11.12-15.07.50:681][  0]LightingResults: New page: Lighting Build
[2019.11.12-15.07.50:683][  0]LogWorld: UWorld::CleanupWorld for Untitled, bSessionEnded=true, bCleanupResources=true
[2019.11.12-15.07.50:684][  0]MapCheck: New page: Map Check
[2019.11.12-15.07.50:684][  0]LightingResults: New page: Lighting Build
[2019.11.12-15.07.50:710][  0]LogUObjectHash: Compacting FUObjectHashTables data took   1.36ms
[2019.11.12-15.07.50:754][  0]LogBlueprint: Error: [Compiler GroundBP] This blueprint (self) is not a InstancedStaticMeshComponent, therefore ' Target ' must have a connection.
[2019.11.12-15.07.50:866][  0]LogAIModule: Creating AISystem for world GameMap
[2019.11.12-15.07.50:871][  0]LogEditorServer: Finished looking for orphan Actors (0.000 secs)
[2019.11.12-15.07.50:900][  0]LogUObjectHash: Compacting FUObjectHashTables data took   1.78ms
[2019.11.12-15.07.50:900][  0]Cmd: MAP CHECKDEP NOCLEARLOG
[2019.11.12-15.07.50:900][  0]MapCheck: Map check complete: 0 Error(s), 0 Warning(s), took 0.08ms to complete.
[2019.11.12-15.07.50:900][  0]LogFileHelpers: Loading map 'GameMap' took 0.221
[2019.11.12-15.07.51:049][  0]LogSlate: Updating window title bar state: overlay mode, drag disabled, window buttons hidden, title bar hidden
[2019.11.12-15.07.51:055][  0]LogSlate: Updating window title bar state: overlay mode, drag disabled, window buttons hidden, title bar hidden
[2019.11.12-15.07.51:061][  0]LogSlate: Updating window title bar state: overlay mode, drag disabled, window buttons hidden, title bar hidden
[2019.11.12-15.07.51:068][  0]LogSlate: Updating window title bar state: overlay mode, drag disabled, window buttons hidden, title bar hidden
[2019.11.12-15.07.51:074][  0]LogCollectionManager: Loaded 0 collections in 0.001848 seconds
[2019.11.12-15.07.51:079][  0]LogFileCache: Scanning file cache for directory 'D:/SchoolAndProjects/Programs/ETGG 3801_02 Realtime Interactive/Unreal Projects/lab 4 missleCommander/MissleComnder/Saved/Collections/' took 0.00s
[2019.11.12-15.07.51:079][  0]LogFileCache: Scanning file cache for directory 'D:/SchoolAndProjects/Programs/ETGG 3801_02 Realtime Interactive/Unreal Projects/lab 4 missleCommander/MissleComnder/Content/Developers/Thoma/Collections/' took 0.00s
[2019.11.12-15.07.51:079][  0]LogFileCache: Scanning file cache for directory 'D:/SchoolAndProjects/Programs/ETGG 3801_02 Realtime Interactive/Unreal Projects/lab 4 missleCommander/MissleComnder/Content/Collections/' took 0.00s
[2019.11.12-15.07.51:079][  0]LogCollectionManager: Rebuilt the GUID cache for 0 collections in 0.000001 seconds
[2019.11.12-15.07.51:086][  0]LogContentBrowser: Native class hierarchy populated in 0.0070 seconds. Added 2864 classes and 682 folders.
[2019.11.12-15.07.51:092][  0]LogContentBrowser: Native class hierarchy updated for 'WidgetCarousel' in 0.0002 seconds. Added 0 classes and 0 folders.
[2019.11.12-15.07.51:134][  0]LogContentBrowser: Native class hierarchy updated for 'AddContentDialog' in 0.0002 seconds. Added 0 classes and 0 folders.
[2019.11.12-15.07.51:139][  0]LogContentBrowser: Native class hierarchy updated for 'SceneOutliner' in 0.0003 seconds. Added 1 classes and 2 folders.
[2019.11.12-15.07.51:201][  0]LogSlate: Took 0.000142 seconds to synchronously load lazily loaded font '../../../Engine/Content/Slate/Fonts/Roboto-Regular.ttf' (155K)
[2019.11.12-15.07.51:204][  0]LogSlate: Took 0.000175 seconds to synchronously load lazily loaded font '../../../Engine/Content/Slate/Fonts/Roboto-Bold.ttf' (160K)
[2019.11.12-15.07.51:208][  0]LogSlate: Took 0.000153 seconds to synchronously load lazily loaded font '../../../Engine/Content/Editor/Slate/Fonts/FontAwesome.ttf' (139K)
[2019.11.12-15.07.51:265][  0]LogRenderer: Reallocating scene render targets to support 256x256 Format 10 NumSamples 1 (Frame:1).
[2019.11.12-15.07.51:279][  0]LogRenderer: Reallocating scene render targets to support 1136x560 Format 10 NumSamples 1 (Frame:1).
[2019.11.12-15.07.51:304][  0]LogSlate: Took 0.000160 seconds to synchronously load lazily loaded font '../../../Engine/Content/Slate/Fonts/Roboto-Light.ttf' (167K)
[2019.11.12-15.07.51:348][  0]LogContentBrowser: Native class hierarchy updated for 'HierarchicalLODOutliner' in 0.0006 seconds. Added 0 classes and 0 folders.
[2019.11.12-15.07.51:348][  0]LogLoad: (Engine Initialization) Total time: 6.09 seconds
[2019.11.12-15.07.51:348][  0]LogLoad: (Engine Initialization) Total Blueprint compile time: 0.00 seconds
[2019.11.12-15.07.51:368][  0]LoadErrors: Error: /Game/BluePrints/PlayerBP : Failed import for FloatProperty /Game/Animation/PlayerAnimGraph.PlayerAnimGraph_C:walkingAmount Referenced by export Function /Game/BluePrints/PlayerBP.PlayerBP_C:ExecuteUbergraph_PlayerBP
[2019.11.12-15.07.51:394][  0]LogAssetRegistry: Asset discovery search completed in 3.3147 seconds
[2019.11.12-15.07.51:399][  0]LogCollectionManager: Rebuilt the object cache for 0 collections in 0.000004 seconds (found 0 objects)
[2019.11.12-15.07.51:400][  0]LogCollectionManager: Fixed up redirectors for 0 collections in 0.000070 seconds (updated 0 objects)
[2019.11.12-15.07.51:401][  0]LogContentStreaming: Texture pool size now 1000 MB
[2019.11.12-15.07.51:410][  0]LogSlate: FSceneViewport::OnFocusLost() reason 5
[2019.11.12-15.07.52:387][ 56]LogSlate: Took 0.000138 seconds to synchronously load lazily loaded font '../../../Engine/Content/Slate/Fonts/Roboto-Light.ttf' (167K)
[2019.11.12-15.08.00:086][516]LogSlate: Window 'Message Log' being destroyed
[2019.11.12-15.08.00:090][516]LogSlate: Window 'Message Log' being destroyed
[2019.11.12-15.08.02:424][580]LogSlate: FSceneViewport::OnFocusLost() reason 0
[2019.11.12-15.08.03:346][633]LogAssetEditorManager: Opening Asset editor for Blueprint /Game/BluePrints/GroundBP.GroundBP
[2019.11.12-15.08.03:543][633]LogContentBrowser: Native class hierarchy updated for 'BlueprintGraph' in 0.0006 seconds. Added 121 classes and 0 folders.
[2019.11.12-15.08.04:224][633]LogSlate: Took 0.000175 seconds to synchronously load lazily loaded font '../../../Engine/Content/Slate/Fonts/Roboto-BoldCondensed.ttf' (158K)
[2019.11.12-15.08.07:350][816]LogSlate: Took 0.000275 seconds to synchronously load lazily loaded font '../../../Engine/Content/Slate/Fonts/Roboto-Italic.ttf' (157K)
[2019.11.12-15.08.25:839][914]LogRenderer: Reallocating scene render targets to support 1136x712 Format 10 NumSamples 1 (Frame:1).
[2019.11.12-15.08.27:875][ 36]BlueprintLog: New page: Compile GroundBP
[2019.11.12-15.08.28:039][ 36]LogUObjectHash: Compacting FUObjectHashTables data took   2.94ms
[2019.11.12-15.08.33:637][370]LogSlate: FSceneViewport::OnFocusLost() reason 0
[2019.11.12-15.08.34:706][434]LogSlate: FSceneViewport::OnFocusLost() reason 0
[2019.11.12-15.08.35:439][475]LogSavePackage: Moving 'D:/SchoolAndProjects/Programs/ETGG 3801_02 Realtime Interactive/Unreal Projects/lab 4 missleCommander/MissleComnder/Saved/GroundBPD1B0E9B348344DE04FE12FAE85261DED.tmp' to 'D:/SchoolAndProjects/Programs/ETGG 3801_02 Realtime Interactive/Unreal Projects/lab 4 missleCommander/MissleComnder/Content/BluePrints/GroundBP.uasset'
[2019.11.12-15.08.36:205][521]BlueprintLog: New page: Compile GroundBP
[2019.11.12-15.08.36:365][521]LogUObjectHash: Compacting FUObjectHashTables data took   2.66ms
[2019.11.12-15.13.40:636][920]LogSavePackage: Moving 'D:/SchoolAndProjects/Programs/ETGG 3801_02 Realtime Interactive/Unreal Projects/lab 4 missleCommander/MissleComnder/Saved/GroundBP602570CE43CA30B22C8681A0431FE8D4.tmp' to 'D:/SchoolAndProjects/Programs/ETGG 3801_02 Realtime Interactive/Unreal Projects/lab 4 missleCommander/MissleComnder/Content/BluePrints/GroundBP.uasset'
[2019.11.12-15.13.42:210][ 14]BlueprintLog: New page: Compile GroundBP
[2019.11.12-15.13.42:359][ 14]LogUObjectHash: Compacting FUObjectHashTables data took   2.98ms
[2019.11.12-15.17.52:881][895]LogEditorSessionSummary: EditorSessionSummary sent report. Type=Crashed, SessionId={EF598401-4071-AAC1-DAA0-1DA7D3358FF8}
[2019.11.12-15.17.52:881][895]LogEditorSessionSummary: EditorSessionSummary sent report. Type=Shutdown, SessionId={E186936F-4EB0-AE23-16F6-9CADDA6AE587}
[2019.11.12-15.21.51:843][666]LogSavePackage: Moving 'D:/SchoolAndProjects/Programs/ETGG 3801_02 Realtime Interactive/Unreal Projects/lab 4 missleCommander/MissleComnder/Saved/GroundBPA86ADA1E48AEFE1D77D3E2ADB8792866.tmp' to 'D:/SchoolAndProjects/Programs/ETGG 3801_02 Realtime Interactive/Unreal Projects/lab 4 missleCommander/MissleComnder/Content/BluePrints/GroundBP.uasset'
[2019.11.12-15.21.56:235][928]BlueprintLog: New page: Compile GroundBP
[2019.11.12-15.21.56:432][928]LogUObjectHash: Compacting FUObjectHashTables data took   3.96ms
[2019.11.12-15.22.07:432][581]LogSlate: Window 'GroundBP' being destroyed
[2019.11.12-15.22.18:480][236]LogUObjectHash: Compacting FUObjectHashTables data took   3.49ms
[2019.11.12-15.22.18:653][236]LogSavePackage: Moving 'D:/SchoolAndProjects/Programs/ETGG 3801_02 Realtime Interactive/Unreal Projects/lab 4 missleCommander/MissleComnder/Saved/GameMap749EB6AE4ED036EF50AA2EBEC588511D.tmp' to 'D:/SchoolAndProjects/Programs/ETGG 3801_02 Realtime Interactive/Unreal Projects/lab 4 missleCommander/MissleComnder/Content/GameScene/GameMap.umap'
[2019.11.12-15.22.18:682][236]LogSavePackage: Moving 'D:/SchoolAndProjects/Programs/ETGG 3801_02 Realtime Interactive/Unreal Projects/lab 4 missleCommander/MissleComnder/Saved/GameMap_BuiltData1ABCF155454AB1F33DF8489B47D45A59.tmp' to 'D:/SchoolAndProjects/Programs/ETGG 3801_02 Realtime Interactive/Unreal Projects/lab 4 missleCommander/MissleComnder/Content/GameScene/GameMap_BuiltData.uasset'
[2019.11.12-15.22.20:504][343]Candidate modules for hot reload:
[2019.11.12-15.22.20:504][343]  MissleComnder
[2019.11.12-15.22.20:504][343]Launching UnrealBuildTool... [C:/Program Files/Epic Games/UE_4.23/Engine/Binaries/DotNET/UnrealBuildTool.exe  -ModuleWithSuffix=MissleComnder,700 Win64 Development -TargetType=Editor -Project="D:/SchoolAndProjects/Programs/ETGG 3801_02 Realtime Interactive/Unreal Projects/lab 4 missleCommander/MissleComnder/MissleComnder.uproject" "D:/SchoolAndProjects/Programs/ETGG 3801_02 Realtime Interactive/Unreal Projects/lab 4 missleCommander/MissleComnder/MissleComnder.uproject"  -IgnoreJunk]
[2019.11.12-15.22.20:511][343]Warning: Starting HotReload took  0.0s.
[2019.11.12-15.22.28:746][835]CompilerResultsLog: New page: Compilation - Nov 12, 2019, 5:22:28 AM
[2019.11.12-15.22.28:746][835]CompilerResultsLog: Parsing headers for MissleComnderEditor
[2019.11.12-15.22.28:746][835]CompilerResultsLog:   Running UnrealHeaderTool "D:\SchoolAndProjects\Programs\ETGG 3801_02 Realtime Interactive\Unreal Projects\lab 4 missleCommander\MissleComnder\MissleComnder.uproject" "D:\SchoolAndProjects\Programs\ETGG 3801_02 Realtime Interactive\Unreal Projects\lab 4 missleCommander\MissleComnder\Intermediate\Build\Win64\MissleComnderEditor\Development\MissleComnderEditor.uhtmanifest" -LogCmds="loginit warning, logexit warning, logdatabase error" -Unattended -WarningsAsErrors -installed
[2019.11.12-15.22.28:746][835]CompilerResultsLog: Reflection code generated for MissleComnderEditor in 5.4695671 seconds
[2019.11.12-15.22.28:746][835]CompilerResultsLog: Using Visual Studio 2019 14.23.28105 toolchain (C:\Program Files (x86)\Microsoft Visual Studio\2019\Community\VC\Tools\MSVC\14.23.28105) and Windows 10.0.18362.0 SDK (C:\Program Files (x86)\Windows Kits\10).
[2019.11.12-15.22.28:746][835]CompilerResultsLog: Building 5 actions with 12 processes...
[2019.11.12-15.22.28:746][835]CompilerResultsLog:   [1/5] worldSpawner.gen.cpp
[2019.11.12-15.22.28:746][835]CompilerResultsLog:   [2/5] worldSpawner.cpp
[2019.11.12-15.22.28:746][835]CompilerResultsLog:   [3/5] UE4Editor-MissleComnder-0700.lib
[2019.11.12-15.22.28:746][835]CompilerResultsLog:      Creating library D:\SchoolAndProjects\Programs\ETGG 3801_02 Realtime Interactive\Unreal Projects\lab 4 missleCommander\MissleComnder\Intermediate\Build\Win64\UE4Editor\Development\MissleComnder\UE4Editor-MissleComnder-0700.lib and object D:\SchoolAndProjects\Programs\ETGG 3801_02 Realtime Interactive\Unreal Projects\lab 4 missleCommander\MissleComnder\Intermediate\Build\Win64\UE4Editor\Development\MissleComnder\UE4Editor-MissleComnder-0700.exp
[2019.11.12-15.22.28:746][835]CompilerResultsLog:   [4/5] UE4Editor-MissleComnder-0700.dll
[2019.11.12-15.22.28:746][835]CompilerResultsLog:      Creating library D:\SchoolAndProjects\Programs\ETGG 3801_02 Realtime Interactive\Unreal Projects\lab 4 missleCommander\MissleComnder\Intermediate\Build\Win64\UE4Editor\Development\MissleComnder\UE4Editor-MissleComnder-0700.suppressed.lib and object D:\SchoolAndProjects\Programs\ETGG 3801_02 Realtime Interactive\Unreal Projects\lab 4 missleCommander\MissleComnder\Intermediate\Build\Win64\UE4Editor\Development\MissleComnder\UE4Editor-MissleComnder-0700.suppressed.exp
[2019.11.12-15.22.28:746][835]CompilerResultsLog:   [5/5] MissleComnderEditor.target
[2019.11.12-15.22.28:746][835]CompilerResultsLog: Total time in Parallel executor: 1.62 seconds
[2019.11.12-15.22.28:746][835]CompilerResultsLog: Total execution time: 8.15 seconds
[2019.11.12-15.22.28:746][835]LogMainFrame: MainFrame: Module compiling took 8.252 seconds
[2019.11.12-15.22.28:783][835]LogUObjectHash: Compacting FUObjectHashTables data took   3.00ms
[2019.11.12-15.22.28:798][835]LogContentBrowser: Native class hierarchy populated in 0.0071 seconds. Added 2865 classes and 684 folders.
[2019.11.12-15.22.28:798][835]Display: HotReload took  8.3s.
[2019.11.12-15.22.38:685][413]LogTemp: Repeating last play command: Selected Viewport
[2019.11.12-15.22.38:700][413]LogBlueprintUserMessages: Early PlayInEditor Detection: Level '/Game/GameScene/GameMap.GameMap:PersistentLevel' has LevelScriptBlueprint '/Game/GameScene/GameMap.GameMap:PersistentLevel.GameMap' with GeneratedClass '/Game/GameScene/GameMap.GameMap_C' with ClassGeneratedBy '/Game/GameScene/GameMap.GameMap:PersistentLevel.GameMap'
[2019.11.12-15.22.38:700][413]LogPlayLevel: PlayLevel: No blueprints needed recompiling
[2019.11.12-15.22.38:700][413]PIE: New page: PIE session: GameMap (Nov 12, 2019, 5:22:38 AM)
[2019.11.12-15.22.38:701][413]LogOnline: OSS: Creating online subsystem instance for: NULL
[2019.11.12-15.22.38:702][413]LogPlayLevel: Creating play world package: /Game/GameScene/UEDPIE_0_GameMap
[2019.11.12-15.22.38:704][413]LogPlayLevel: PIE: StaticDuplicateObject took: (0.002393s)
[2019.11.12-15.22.38:709][413]LogAIModule: Creating AISystem for world GameMap
[2019.11.12-15.22.38:709][413]LogPlayLevel: PIE: World Init took: (0.004891s)
[2019.11.12-15.22.38:709][413]LogPlayLevel: PIE: Created PIE world by copying editor world from /Game/GameScene/GameMap.GameMap to /Game/GameScene/UEDPIE_0_GameMap.GameMap (0.007463s)
[2019.11.12-15.22.38:788][413]LogUObjectHash: Compacting FUObjectHashTables data took   3.59ms
[2019.11.12-15.22.38:798][413]LogInit: XAudio2 using 'Speakers (Realtek(R) Audio)' : 2 channels at 48 kHz using 32 bits per sample (channel mask 0x3)
[2019.11.12-15.22.38:839][413]LogInit: FAudioDevice initialized.
[2019.11.12-15.22.38:850][413]LogLoad: Game class is 'gameModeBP_C'
[2019.11.12-15.22.38:851][413]LogWorld: Bringing World /Game/GameScene/UEDPIE_0_GameMap.GameMap up for play (max tick rate 60) at 2019.11.12-10.22.38
[2019.11.12-15.22.38:851][413]LogWorld: Bringing up level for play took: 0.000762
[2019.11.12-15.22.38:851][413]LogOnline: OSS: Creating online subsystem instance for: :Context_5
[2019.11.12-15.22.38:879][413]LogContentBrowser: Native class hierarchy updated for 'MovieSceneCapture' in 0.0003 seconds. Added 20 classes and 0 folders.
[2019.11.12-15.22.38:879][413]LogTemp: Extents: X=200.000 Y=200.000 Z=200.000
[2019.11.12-15.22.38:956][413]LogBlueprintUserMessages: Warning: Time Dilation must be between 0.000100 and 20.000000.  Clamped value to that range.
[2019.11.12-15.22.38:956][413]PIE: Play in editor start time for /Game/GameScene/UEDPIE_0_GameMap 0.186
[2019.11.12-15.22.38:956][413]LogBlueprintUserMessages: Late PlayInEditor Detection: Level '/Game/GameScene/GameMap.GameMap:PersistentLevel' has LevelScriptBlueprint '/Game/GameScene/GameMap.GameMap:PersistentLevel.GameMap' with GeneratedClass '/Game/GameScene/GameMap.GameMap_C' with ClassGeneratedBy '/Game/GameScene/GameMap.GameMap:PersistentLevel.GameMap'
[2019.11.12-15.22.47:501][788]LogSlate: FSceneViewport::OnFocusLost() reason 5
[2019.11.12-15.22.49:180][888]Cmd: STAT FPS
[2019.11.12-15.22.50:201][943]LogEditorViewport: Clicking on Actor (LMB): BP_Sky_Sphere_C (Sky Sphere)
[2019.11.12-15.23.08:847][606]LogSlate: FSceneViewport::OnFocusLost() reason 0
[2019.11.12-15.23.08:898][609]LogBlueprintUserMessages: Early EndPlayMap Detection: Level '/Game/GameScene/GameMap.GameMap:PersistentLevel' has LevelScriptBlueprint '/Game/GameScene/GameMap.GameMap:PersistentLevel.GameMap' with GeneratedClass '/Game/GameScene/GameMap.GameMap_C' with ClassGeneratedBy '/Game/GameScene/GameMap.GameMap:PersistentLevel.GameMap'
[2019.11.12-15.23.08:899][609]LogSlate: Updating window title bar state: overlay mode, drag disabled, window buttons hidden, title bar hidden
[2019.11.12-15.23.08:899][609]LogWorld: BeginTearingDown for /Game/GameScene/UEDPIE_0_GameMap
[2019.11.12-15.23.08:900][609]LogWorld: UWorld::CleanupWorld for GameMap, bSessionEnded=true, bCleanupResources=true
[2019.11.12-15.23.08:925][609]LogPlayLevel: Display: Shutting down PIE online subsystems
[2019.11.12-15.23.08:925][609]LogBlueprintUserMessages: Late EndPlayMap Detection: Level '/Game/GameScene/GameMap.GameMap:PersistentLevel' has LevelScriptBlueprint '/Game/GameScene/GameMap.GameMap:PersistentLevel.GameMap' with GeneratedClass '/Game/GameScene/GameMap.GameMap_C' with ClassGeneratedBy '/Game/GameScene/GameMap.GameMap:PersistentLevel.GameMap'
[2019.11.12-15.23.08:975][609]LogSlate: Updating window title bar state: overlay mode, drag disabled, window buttons hidden, title bar hidden
[2019.11.12-15.23.09:038][609]LogUObjectHash: Compacting FUObjectHashTables data took   4.50ms
[2019.11.12-15.23.09:049][610]LogPlayLevel: Display: Destroying online subsystem :Context_5
[2019.11.12-15.23.46:543][855]LogSavePackage: Moving 'D:/SchoolAndProjects/Programs/ETGG 3801_02 Realtime Interactive/Unreal Projects/lab 4 missleCommander/MissleComnder/Saved/GroundBP51BD2BAB428B11A4E032A5BC75FC61D4.tmp' to 'D:/SchoolAndProjects/Programs/ETGG 3801_02 Realtime Interactive/Unreal Projects/lab 4 missleCommander/MissleComnder/Content/BluePrints/GroundBP.uasset'
[2019.11.12-15.23.51:313][141]BlueprintLog: New page: Compile GroundBP
[2019.11.12-15.23.51:514][141]LogUObjectHash: Compacting FUObjectHashTables data took   3.94ms
[2019.11.12-15.35.34:928][544]LogSlate: FSceneViewport::OnFocusLost() reason 0
[2019.11.12-15.35.35:044][550]Candidate modules for hot reload:
[2019.11.12-15.35.35:044][550]  MissleComnder
[2019.11.12-15.35.35:044][550]Launching UnrealBuildTool... [C:/Program Files/Epic Games/UE_4.23/Engine/Binaries/DotNET/UnrealBuildTool.exe  -ModuleWithSuffix=MissleComnder,3208 Win64 Development -TargetType=Editor -Project="D:/SchoolAndProjects/Programs/ETGG 3801_02 Realtime Interactive/Unreal Projects/lab 4 missleCommander/MissleComnder/MissleComnder.uproject" "D:/SchoolAndProjects/Programs/ETGG 3801_02 Realtime Interactive/Unreal Projects/lab 4 missleCommander/MissleComnder/MissleComnder.uproject"  -IgnoreJunk]
[2019.11.12-15.35.35:051][550]Warning: Starting HotReload took  0.0s.
[2019.11.12-15.35.41:543][936]CompilerResultsLog: New page: Compilation - Nov 12, 2019, 5:35:41 AM
[2019.11.12-15.35.41:543][936]CompilerResultsLog: Parsing headers for MissleComnderEditor
[2019.11.12-15.35.41:543][936]CompilerResultsLog:   Running UnrealHeaderTool "D:\SchoolAndProjects\Programs\ETGG 3801_02 Realtime Interactive\Unreal Projects\lab 4 missleCommander\MissleComnder\MissleComnder.uproject" "D:\SchoolAndProjects\Programs\ETGG 3801_02 Realtime Interactive\Unreal Projects\lab 4 missleCommander\MissleComnder\Intermediate\Build\Win64\MissleComnderEditor\Development\MissleComnderEditor.uhtmanifest" -LogCmds="loginit warning, logexit warning, logdatabase error" -Unattended -WarningsAsErrors -installed
[2019.11.12-15.35.41:543][936]CompilerResultsLog: Error: D:/SchoolAndProjects/Programs/ETGG 3801_02 Realtime Interactive/Unreal Projects/lab 4 missleCommander/MissleComnder/Source/MissleComnder/worldSpawner.h(68)  : Error: Expected a GENERATED_BODY() at the start of class
[2019.11.12-15.35.41:543][936]LogMainFrame: MainFrame: Module compiling took 6.508 seconds
[2019.11.12-15.35.41:543][936]Warning: HotReload failed, recompile failed
[2019.11.12-15.46.59:187][241]Candidate modules for hot reload:
[2019.11.12-15.46.59:187][241]  MissleComnder
[2019.11.12-15.46.59:187][241]Launching UnrealBuildTool... [C:/Program Files/Epic Games/UE_4.23/Engine/Binaries/DotNET/UnrealBuildTool.exe  -ModuleWithSuffix=MissleComnder,7180 Win64 Development -TargetType=Editor -Project="D:/SchoolAndProjects/Programs/ETGG 3801_02 Realtime Interactive/Unreal Projects/lab 4 missleCommander/MissleComnder/MissleComnder.uproject" "D:/SchoolAndProjects/Programs/ETGG 3801_02 Realtime Interactive/Unreal Projects/lab 4 missleCommander/MissleComnder/MissleComnder.uproject"  -IgnoreJunk]
[2019.11.12-15.46.59:193][241]Warning: Starting HotReload took  0.0s.
[2019.11.12-15.47.01:908][402]CompilerResultsLog: New page: Compilation - Nov 12, 2019, 5:47:01 AM
[2019.11.12-15.47.01:908][402]CompilerResultsLog: Parsing headers for MissleComnderEditor
[2019.11.12-15.47.01:908][402]CompilerResultsLog:   Running UnrealHeaderTool "D:\SchoolAndProjects\Programs\ETGG 3801_02 Realtime Interactive\Unreal Projects\lab 4 missleCommander\MissleComnder\MissleComnder.uproject" "D:\SchoolAndProjects\Programs\ETGG 3801_02 Realtime Interactive\Unreal Projects\lab 4 missleCommander\MissleComnder\Intermediate\Build\Win64\MissleComnderEditor\Development\MissleComnderEditor.uhtmanifest" -LogCmds="loginit warning, logexit warning, logdatabase error" -Unattended -WarningsAsErrors -installed
[2019.11.12-15.47.01:908][402]CompilerResultsLog: Error: D:/SchoolAndProjects/Programs/ETGG 3801_02 Realtime Interactive/Unreal Projects/lab 4 missleCommander/MissleComnder/Source/MissleComnder/worldSpawner.h(8) : Error: #include found after .generated.h file - the .generated.h file should always be the last #include in a header
[2019.11.12-15.47.01:908][402]LogMainFrame: MainFrame: Module compiling took 2.731 seconds
[2019.11.12-15.47.01:908][402]Warning: HotReload failed, recompile failed
[2019.11.12-15.47.07:840][753]LogSlate: Window 'Message Log' being destroyed
[2019.11.12-15.47.07:844][753]LogSlate: Window 'Message Log' being destroyed
[2019.11.12-15.48.00:115][ 81]LogSlate: FSceneViewport::OnFocusLost() reason 0
[2019.11.12-15.48.00:234][ 87]Candidate modules for hot reload:
[2019.11.12-15.48.00:234][ 87]  MissleComnder
[2019.11.12-15.48.00:234][ 87]Launching UnrealBuildTool... [C:/Program Files/Epic Games/UE_4.23/Engine/Binaries/DotNET/UnrealBuildTool.exe  -ModuleWithSuffix=MissleComnder,135 Win64 Development -TargetType=Editor -Project="D:/SchoolAndProjects/Programs/ETGG 3801_02 Realtime Interactive/Unreal Projects/lab 4 missleCommander/MissleComnder/MissleComnder.uproject" "D:/SchoolAndProjects/Programs/ETGG 3801_02 Realtime Interactive/Unreal Projects/lab 4 missleCommander/MissleComnder/MissleComnder.uproject"  -IgnoreJunk]
[2019.11.12-15.48.00:241][ 87]Warning: Starting HotReload took  0.0s.
[2019.11.12-15.48.03:565][286]CompilerResultsLog: New page: Compilation - Nov 12, 2019, 5:48:03 AM
[2019.11.12-15.48.03:565][286]CompilerResultsLog: Creating makefile for MissleComnderEditor (game project files are newer)
[2019.11.12-15.48.03:565][286]CompilerResultsLog: Parsing headers for MissleComnderEditor
[2019.11.12-15.48.03:565][286]CompilerResultsLog:   Running UnrealHeaderTool "D:\SchoolAndProjects\Programs\ETGG 3801_02 Realtime Interactive\Unreal Projects\lab 4 missleCommander\MissleComnder\MissleComnder.uproject" "D:\SchoolAndProjects\Programs\ETGG 3801_02 Realtime Interactive\Unreal Projects\lab 4 missleCommander\MissleComnder\Intermediate\Build\Win64\MissleComnderEditor\Development\MissleComnderEditor.uhtmanifest" -LogCmds="loginit warning, logexit warning, logdatabase error" -Unattended -WarningsAsErrors -installed
[2019.11.12-15.48.03:565][286]CompilerResultsLog: Error: D:/SchoolAndProjects/Programs/ETGG 3801_02 Realtime Interactive/Unreal Projects/lab 4 missleCommander/MissleComnder/Source/MissleComnder/worldSpawner.h(8) : Error: #include found after .generated.h file - the .generated.h file should always be the last #include in a header
[2019.11.12-15.48.03:565][286]LogMainFrame: MainFrame: Module compiling took 3.339 seconds
[2019.11.12-15.48.03:565][286]Warning: HotReload failed, recompile failed
[2019.11.12-15.48.11:636][736]LogRenderer: Reallocating scene render targets to support 1140x712 Format 10 NumSamples 1 (Frame:9999).
[2019.11.12-15.48.11:677][738]LogRenderer: Reallocating scene render targets to support 1144x712 Format 10 NumSamples 1 (Frame:10003).
[2019.11.12-15.48.11:733][741]LogRenderer: Reallocating scene render targets to support 1152x712 Format 10 NumSamples 1 (Frame:10007).
[2019.11.12-15.48.11:759][742]LogRenderer: Reallocating scene render targets to support 1172x712 Format 10 NumSamples 1 (Frame:10009).
[2019.11.12-15.48.11:792][743]LogRenderer: Reallocating scene render targets to support 1184x712 Format 10 NumSamples 1 (Frame:10011).
[2019.11.12-15.48.11:815][744]LogRenderer: Reallocating scene render targets to support 1200x712 Format 10 NumSamples 1 (Frame:10013).
[2019.11.12-15.48.11:836][745]LogRenderer: Reallocating scene render targets to support 1212x712 Format 10 NumSamples 1 (Frame:10015).
[2019.11.12-15.48.11:857][746]LogRenderer: Reallocating scene render targets to support 1216x712 Format 10 NumSamples 1 (Frame:10017).
[2019.11.12-15.48.11:877][747]LogRenderer: Reallocating scene render targets to support 1228x712 Format 10 NumSamples 1 (Frame:10019).
[2019.11.12-15.48.11:896][748]LogRenderer: Reallocating scene render targets to support 1240x712 Format 10 NumSamples 1 (Frame:10021).
[2019.11.12-15.48.11:919][749]LogRenderer: Reallocating scene render targets to support 1248x712 Format 10 NumSamples 1 (Frame:10023).
[2019.11.12-15.48.11:938][750]LogRenderer: Reallocating scene render targets to support 1256x712 Format 10 NumSamples 1 (Frame:10025).
[2019.11.12-15.48.48:681][542]Candidate modules for hot reload:
[2019.11.12-15.48.48:681][542]  MissleComnder
[2019.11.12-15.48.48:681][542]Launching UnrealBuildTool... [C:/Program Files/Epic Games/UE_4.23/Engine/Binaries/DotNET/UnrealBuildTool.exe  -ModuleWithSuffix=MissleComnder,6915 Win64 Development -TargetType=Editor -Project="D:/SchoolAndProjects/Programs/ETGG 3801_02 Realtime Interactive/Unreal Projects/lab 4 missleCommander/MissleComnder/MissleComnder.uproject" "D:/SchoolAndProjects/Programs/ETGG 3801_02 Realtime Interactive/Unreal Projects/lab 4 missleCommander/MissleComnder/MissleComnder.uproject"  -IgnoreJunk]
[2019.11.12-15.48.48:687][542]Warning: Starting HotReload took  0.0s.
[2019.11.12-15.48.49:953][613]LogSlate: Window 'Message Log' being destroyed
[2019.11.12-15.48.49:957][613]LogSlate: Window 'Message Log' being destroyed
[2019.11.12-15.49.00:504][246]CompilerResultsLog: New page: Compilation - Nov 12, 2019, 5:49:00 AM
[2019.11.12-15.49.00:505][246]CompilerResultsLog: Creating makefile for MissleComnderEditor (game project files are newer)
[2019.11.12-15.49.00:505][246]CompilerResultsLog: Parsing headers for MissleComnderEditor
[2019.11.12-15.49.00:505][246]CompilerResultsLog:   Running UnrealHeaderTool "D:\SchoolAndProjects\Programs\ETGG 3801_02 Realtime Interactive\Unreal Projects\lab 4 missleCommander\MissleComnder\MissleComnder.uproject" "D:\SchoolAndProjects\Programs\ETGG 3801_02 Realtime Interactive\Unreal Projects\lab 4 missleCommander\MissleComnder\Intermediate\Build\Win64\MissleComnderEditor\Development\MissleComnderEditor.uhtmanifest" -LogCmds="loginit warning, logexit warning, logdatabase error" -Unattended -WarningsAsErrors -installed
[2019.11.12-15.49.00:505][246]CompilerResultsLog: Reflection code generated for MissleComnderEditor in 5.5909469 seconds
[2019.11.12-15.49.00:505][246]CompilerResultsLog: Using Visual Studio 2019 14.23.28105 toolchain (C:\Program Files (x86)\Microsoft Visual Studio\2019\Community\VC\Tools\MSVC\14.23.28105) and Windows 10.0.18362.0 SDK (C:\Program Files (x86)\Windows Kits\10).
[2019.11.12-15.49.00:505][246]CompilerResultsLog: Building 6 actions with 12 processes...
[2019.11.12-15.49.00:505][246]CompilerResultsLog:   [1/6] MissleComnder.init.gen.cpp
[2019.11.12-15.49.00:505][246]CompilerResultsLog:   [2/6] worldSpawner.gen.cpp
[2019.11.12-15.49.00:505][246]CompilerResultsLog:    D:\SchoolAndProjects\Programs\ETGG 3801_02 Realtime Interactive\Unreal Projects\lab 4 missleCommander\MissleComnder\Source\MissleComnder/worldSpawner.h(7) : error C4067: unexpected tokens following preprocessor directive - expected a newline
[2019.11.12-15.49.00:505][246]CompilerResultsLog:    D:\SchoolAndProjects\Programs\ETGG 3801_02 Realtime Interactive\Unreal Projects\lab 4 missleCommander\MissleComnder\Source\MissleComnder/worldSpawner.h(8) : error C4067: unexpected tokens following preprocessor directive - expected a newline
[2019.11.12-15.49.00:505][246]CompilerResultsLog:   [3/6] worldSpawner.cpp
[2019.11.12-15.49.00:505][246]CompilerResultsLog:    D:\SchoolAndProjects\Programs\ETGG 3801_02 Realtime Interactive\Unreal Projects\lab 4 missleCommander\MissleComnder\Source\MissleComnder\worldSpawner.h(7) : error C4067: unexpected tokens following preprocessor directive - expected a newline
[2019.11.12-15.49.00:505][246]CompilerResultsLog:    D:\SchoolAndProjects\Programs\ETGG 3801_02 Realtime Interactive\Unreal Projects\lab 4 missleCommander\MissleComnder\Source\MissleComnder\worldSpawner.h(8) : error C4067: unexpected tokens following preprocessor directive - expected a newline
[2019.11.12-15.49.00:505][246]LogMainFrame: MainFrame: Module compiling took 11.833 seconds
[2019.11.12-15.49.00:505][246]Warning: HotReload failed, recompile failed
[2019.11.12-15.49.02:156][344]LogSlate: FSceneViewport::OnFocusLost() reason 0
[2019.11.12-15.51.06:205][395]LogSlate: Window 'Message Log' being destroyed
[2019.11.12-15.51.06:209][395]LogSlate: Window 'Message Log' being destroyed
[2019.11.12-15.51.07:049][445]LogSlate: FSceneViewport::OnFocusLost() reason 0
[2019.11.12-15.51.07:148][450]Candidate modules for hot reload:
[2019.11.12-15.51.07:148][450]  MissleComnder
[2019.11.12-15.51.07:148][450]Launching UnrealBuildTool... [C:/Program Files/Epic Games/UE_4.23/Engine/Binaries/DotNET/UnrealBuildTool.exe  -ModuleWithSuffix=MissleComnder,3051 Win64 Development -TargetType=Editor -Project="D:/SchoolAndProjects/Programs/ETGG 3801_02 Realtime Interactive/Unreal Projects/lab 4 missleCommander/MissleComnder/MissleComnder.uproject" "D:/SchoolAndProjects/Programs/ETGG 3801_02 Realtime Interactive/Unreal Projects/lab 4 missleCommander/MissleComnder/MissleComnder.uproject"  -IgnoreJunk]
[2019.11.12-15.51.07:155][450]Warning: Starting HotReload took  0.0s.
[2019.11.12-15.51.15:257][934]CompilerResultsLog: New page: Compilation - Nov 12, 2019, 5:51:15 AM
[2019.11.12-15.51.15:257][934]CompilerResultsLog: Creating makefile for MissleComnderEditor (game project files are newer)
[2019.11.12-15.51.15:257][934]CompilerResultsLog: Parsing headers for MissleComnderEditor
[2019.11.12-15.51.15:257][934]CompilerResultsLog:   Running UnrealHeaderTool "D:\SchoolAndProjects\Programs\ETGG 3801_02 Realtime Interactive\Unreal Projects\lab 4 missleCommander\MissleComnder\MissleComnder.uproject" "D:\SchoolAndProjects\Programs\ETGG 3801_02 Realtime Interactive\Unreal Projects\lab 4 missleCommander\MissleComnder\Intermediate\Build\Win64\MissleComnderEditor\Development\MissleComnderEditor.uhtmanifest" -LogCmds="loginit warning, logexit warning, logdatabase error" -Unattended -WarningsAsErrors -installed
[2019.11.12-15.51.15:257][934]CompilerResultsLog: Reflection code generated for MissleComnderEditor in 5.3735141 seconds
[2019.11.12-15.51.15:257][934]CompilerResultsLog: Using Visual Studio 2019 14.23.28105 toolchain (C:\Program Files (x86)\Microsoft Visual Studio\2019\Community\VC\Tools\MSVC\14.23.28105) and Windows 10.0.18362.0 SDK (C:\Program Files (x86)\Windows Kits\10).
[2019.11.12-15.51.15:257][934]CompilerResultsLog: Building 5 actions with 12 processes...
[2019.11.12-15.51.15:257][934]CompilerResultsLog:   [1/5] worldSpawner.cpp
[2019.11.12-15.51.15:257][934]CompilerResultsLog:    D:\SchoolAndProjects\Programs\ETGG 3801_02 Realtime Interactive\Unreal Projects\lab 4 missleCommander\MissleComnder\Source\MissleComnder\worldSpawner.h(6) : error C4067: unexpected tokens following preprocessor directive - expected a newline
[2019.11.12-15.51.15:257][934]CompilerResultsLog:    D:\SchoolAndProjects\Programs\ETGG 3801_02 Realtime Interactive\Unreal Projects\lab 4 missleCommander\MissleComnder\Source\MissleComnder\worldSpawner.h(7) : error C4067: unexpected tokens following preprocessor directive - expected a newline
[2019.11.12-15.51.15:257][934]CompilerResultsLog:   [2/5] worldSpawner.gen.cpp
[2019.11.12-15.51.15:257][934]CompilerResultsLog:    D:\SchoolAndProjects\Programs\ETGG 3801_02 Realtime Interactive\Unreal Projects\lab 4 missleCommander\MissleComnder\Source\MissleComnder/worldSpawner.h(6) : error C4067: unexpected tokens following preprocessor directive - expected a newline
[2019.11.12-15.51.15:257][934]CompilerResultsLog:    D:\SchoolAndProjects\Programs\ETGG 3801_02 Realtime Interactive\Unreal Projects\lab 4 missleCommander\MissleComnder\Source\MissleComnder/worldSpawner.h(7) : error C4067: unexpected tokens following preprocessor directive - expected a newline
[2019.11.12-15.51.15:257][934]LogMainFrame: MainFrame: Module compiling took 8.118 seconds
[2019.11.12-15.51.15:257][934]Warning: HotReload failed, recompile failed
[2019.11.12-15.52.18:485][949]LogSlate: Window 'Message Log' being destroyed
[2019.11.12-15.52.18:489][949]LogSlate: Window 'Message Log' being destroyed
[2019.11.12-15.58.26:624][331]LogSlate: FSceneViewport::OnFocusLost() reason 0
[2019.11.12-15.58.26:747][337]Candidate modules for hot reload:
[2019.11.12-15.58.26:747][337]  MissleComnder
[2019.11.12-15.58.26:747][337]Launching UnrealBuildTool... [C:/Program Files/Epic Games/UE_4.23/Engine/Binaries/DotNET/UnrealBuildTool.exe  -ModuleWithSuffix=MissleComnder,1394 Win64 Development -TargetType=Editor -Project="D:/SchoolAndProjects/Programs/ETGG 3801_02 Realtime Interactive/Unreal Projects/lab 4 missleCommander/MissleComnder/MissleComnder.uproject" "D:/SchoolAndProjects/Programs/ETGG 3801_02 Realtime Interactive/Unreal Projects/lab 4 missleCommander/MissleComnder/MissleComnder.uproject"  -IgnoreJunk]
[2019.11.12-15.58.26:754][337]Warning: Starting HotReload took  0.0s.
[2019.11.12-15.58.34:785][816]CompilerResultsLog: New page: Compilation - Nov 12, 2019, 5:58:34 AM
[2019.11.12-15.58.34:785][816]CompilerResultsLog: Parsing headers for MissleComnderEditor
[2019.11.12-15.58.34:785][816]CompilerResultsLog:   Running UnrealHeaderTool "D:\SchoolAndProjects\Programs\ETGG 3801_02 Realtime Interactive\Unreal Projects\lab 4 missleCommander\MissleComnder\MissleComnder.uproject" "D:\SchoolAndProjects\Programs\ETGG 3801_02 Realtime Interactive\Unreal Projects\lab 4 missleCommander\MissleComnder\Intermediate\Build\Win64\MissleComnderEditor\Development\MissleComnderEditor.uhtmanifest" -LogCmds="loginit warning, logexit warning, logdatabase error" -Unattended -WarningsAsErrors -installed
[2019.11.12-15.58.34:785][816]CompilerResultsLog: Reflection code generated for MissleComnderEditor in 5.3882674 seconds
[2019.11.12-15.58.34:785][816]CompilerResultsLog: Using Visual Studio 2019 14.23.28105 toolchain (C:\Program Files (x86)\Microsoft Visual Studio\2019\Community\VC\Tools\MSVC\14.23.28105) and Windows 10.0.18362.0 SDK (C:\Program Files (x86)\Windows Kits\10).
[2019.11.12-15.58.34:785][816]CompilerResultsLog: Building 5 actions with 12 processes...
[2019.11.12-15.58.34:785][816]CompilerResultsLog:   [1/5] worldSpawner.gen.cpp
[2019.11.12-15.58.34:785][816]CompilerResultsLog:   [2/5] worldSpawner.cpp
[2019.11.12-15.58.34:785][816]CompilerResultsLog:   [3/5] UE4Editor-MissleComnder-1394.lib
[2019.11.12-15.58.34:785][816]CompilerResultsLog:      Creating library D:\SchoolAndProjects\Programs\ETGG 3801_02 Realtime Interactive\Unreal Projects\lab 4 missleCommander\MissleComnder\Intermediate\Build\Win64\UE4Editor\Development\MissleComnder\UE4Editor-MissleComnder-1394.lib and object D:\SchoolAndProjects\Programs\ETGG 3801_02 Realtime Interactive\Unreal Projects\lab 4 missleCommander\MissleComnder\Intermediate\Build\Win64\UE4Editor\Development\MissleComnder\UE4Editor-MissleComnder-1394.exp
[2019.11.12-15.58.34:785][816]CompilerResultsLog:   [4/5] UE4Editor-MissleComnder-1394.dll
[2019.11.12-15.58.34:785][816]CompilerResultsLog:      Creating library D:\SchoolAndProjects\Programs\ETGG 3801_02 Realtime Interactive\Unreal Projects\lab 4 missleCommander\MissleComnder\Intermediate\Build\Win64\UE4Editor\Development\MissleComnder\UE4Editor-MissleComnder-1394.suppressed.lib and object D:\SchoolAndProjects\Programs\ETGG 3801_02 Realtime Interactive\Unreal Projects\lab 4 missleCommander\MissleComnder\Intermediate\Build\Win64\UE4Editor\Development\MissleComnder\UE4Editor-MissleComnder-1394.suppressed.exp
[2019.11.12-15.58.34:785][816]CompilerResultsLog:   [5/5] MissleComnderEditor.target
[2019.11.12-15.58.34:785][816]CompilerResultsLog: Total time in Parallel executor: 1.57 seconds
[2019.11.12-15.58.34:785][816]CompilerResultsLog: Total execution time: 7.94 seconds
[2019.11.12-15.58.34:785][816]LogMainFrame: MainFrame: Module compiling took 8.048 seconds
[2019.11.12-15.58.34:832][816]LogUObjectHash: Compacting FUObjectHashTables data took   5.30ms
[2019.11.12-15.58.34:845][816]LogClass: Could not find existing class worldSpawner in package /Script/MissleComnder for HotReload, assuming new class
[2019.11.12-15.58.34:853][816]LogHotReload: Re-instancing worldSpawner after hot-reload.
[2019.11.12-15.58.35:020][816]LogContentBrowser: Native class hierarchy updated for 'MissleComnder' in 0.0004 seconds. Added 1 classes and 2 folders.
[2019.11.12-15.58.35:025][816]Display: HotReload successful (0 functions remapped  0 scriptstructs remapped)
[2019.11.12-15.58.35:060][816]LogUObjectHash: Compacting FUObjectHashTables data took   2.27ms
[2019.11.12-15.58.35:079][816]LogContentBrowser: Native class hierarchy populated in 0.0084 seconds. Added 2865 classes and 684 folders.
[2019.11.12-15.58.35:079][816]Display: HotReload took  8.4s.
[2019.11.12-15.58.43:457][301]LogTemp: Repeating last play command: Selected Viewport
[2019.11.12-15.58.43:472][301]LogBlueprintUserMessages: Early PlayInEditor Detection: Level '/Game/GameScene/GameMap.GameMap:PersistentLevel' has LevelScriptBlueprint '/Game/GameScene/GameMap.GameMap:PersistentLevel.GameMap' with GeneratedClass '/Game/GameScene/GameMap.GameMap_C' with ClassGeneratedBy '/Game/GameScene/GameMap.GameMap:PersistentLevel.GameMap'
[2019.11.12-15.58.43:472][301]LogPlayLevel: PlayLevel: No blueprints needed recompiling
[2019.11.12-15.58.43:472][301]PIE: New page: PIE session: GameMap (Nov 12, 2019, 5:58:43 AM)
[2019.11.12-15.58.43:472][301]LogPlayLevel: Creating play world package: /Game/GameScene/UEDPIE_0_GameMap
[2019.11.12-15.58.43:475][301]LogPlayLevel: PIE: StaticDuplicateObject took: (0.002934s)
[2019.11.12-15.58.43:476][301]LogAIModule: Creating AISystem for world GameMap
[2019.11.12-15.58.43:476][301]LogPlayLevel: PIE: World Init took: (0.001047s)
[2019.11.12-15.58.43:476][301]LogPlayLevel: PIE: Created PIE world by copying editor world from /Game/GameScene/GameMap.GameMap to /Game/GameScene/UEDPIE_0_GameMap.GameMap (0.004099s)
[2019.11.12-15.58.43:571][301]LogUObjectHash: Compacting FUObjectHashTables data took   3.69ms
[2019.11.12-15.58.43:578][301]LogInit: XAudio2 using 'Speakers (Realtek(R) Audio)' : 2 channels at 48 kHz using 32 bits per sample (channel mask 0x3)
[2019.11.12-15.58.43:627][301]LogInit: FAudioDevice initialized.
[2019.11.12-15.58.43:637][301]LogLoad: Game class is 'gameModeBP_C'
[2019.11.12-15.58.43:639][301]LogWorld: Bringing World /Game/GameScene/UEDPIE_0_GameMap.GameMap up for play (max tick rate 60) at 2019.11.12-10.58.43
[2019.11.12-15.58.43:639][301]LogWorld: Bringing up level for play took: 0.000750
[2019.11.12-15.58.43:639][301]LogOnline: OSS: Creating online subsystem instance for: :Context_6
[2019.11.12-15.58.44:750][301]LogWindows: Error: === Critical error: ===
[2019.11.12-15.58.44:750][301]LogWindows: Error: 
[2019.11.12-15.58.44:750][301]LogWindows: Error: Fatal error!
[2019.11.12-15.58.44:750][301]LogWindows: Error: 
[2019.11.12-15.58.44:751][301]LogWindows: Error: Unhandled Exception: EXCEPTION_ACCESS_VIOLATION reading address 0xffffffff
[2019.11.12-15.58.44:751][301]LogWindows: Error: 
[2019.11.12-15.58.44:751][301]LogWindows: Error: [Callstack] 0x00007ffbe6a72907 UE4Editor-Engine.dll!UnknownFunction []
[2019.11.12-15.58.44:751][301]LogWindows: Error: [Callstack] 0x00007ffbb7f12a7d UE4Editor-MissleComnder-1394.dll!AworldSpawner::BeginPlay() [D:\SchoolAndProjects\Programs\ETGG 3801_02 Realtime Interactive\Unreal Projects\lab 4 missleCommander\MissleComnder\Source\MissleComnder\worldSpawner.cpp:63]
[2019.11.12-15.58.44:751][301]LogWindows: Error: [Callstack] 0x00007ffbe66006b6 UE4Editor-Engine.dll!UnknownFunction []
[2019.11.12-15.58.44:751][301]LogWindows: Error: [Callstack] 0x00007ffbe7864710 UE4Editor-Engine.dll!UnknownFunction []
[2019.11.12-15.58.44:751][301]LogWindows: Error: [Callstack] 0x00007ffbe6cf8d81 UE4Editor-Engine.dll!UnknownFunction []
[2019.11.12-15.58.44:751][301]LogWindows: Error: [Callstack] 0x00007ffbe781244e UE4Editor-Engine.dll!UnknownFunction []
[2019.11.12-15.58.44:751][301]LogWindows: Error: [Callstack] 0x00007ffbe6cbad29 UE4Editor-Engine.dll!UnknownFunction []
[2019.11.12-15.58.44:751][301]LogWindows: Error: [Callstack] 0x00007ffbd72350b3 UE4Editor-UnrealEd.dll!UnknownFunction []
[2019.11.12-15.58.44:751][301]LogWindows: Error: [Callstack] 0x00007ffbd7254361 UE4Editor-UnrealEd.dll!UnknownFunction []
[2019.11.12-15.58.44:751][301]LogWindows: Error: [Callstack] 0x00007ffbd726e265 UE4Editor-UnrealEd.dll!UnknownFunction []
[2019.11.12-15.58.44:751][301]LogWindows: Error: [Callstack] 0x00007ffbd6d2d9b4 UE4Editor-UnrealEd.dll!UnknownFunction []
[2019.11.12-15.58.44:751][301]LogWindows: Error: [Callstack] 0x00007ffbd7585296 UE4Editor-UnrealEd.dll!UnknownFunction []
[2019.11.12-15.58.44:751][301]LogWindows: Error: [Callstack] 0x00007ff7d20a7b0a UE4Editor.exe!UnknownFunction []
[2019.11.12-15.58.44:751][301]LogWindows: Error: [Callstack] 0x00007ff7d20ba91c UE4Editor.exe!UnknownFunction []
[2019.11.12-15.58.44:751][301]LogWindows: Error: [Callstack] 0x00007ff7d20ba9fa UE4Editor.exe!UnknownFunction []
[2019.11.12-15.58.44:751][301]LogWindows: Error: [Callstack] 0x00007ff7d20cb92c UE4Editor.exe!UnknownFunction []
[2019.11.12-15.58.44:751][301]LogWindows: Error: [Callstack] 0x00007ff7d20ce60e UE4Editor.exe!UnknownFunction []
[2019.11.12-15.58.44:751][301]LogWindows: Error: [Callstack] 0x00007ffc53b97974 KERNEL32.DLL!UnknownFunction []
[2019.11.12-15.58.44:751][301]LogWindows: Error: [Callstack] 0x00007ffc547da271 ntdll.dll!UnknownFunction []
[2019.11.12-15.58.44:751][301]LogWindows: Error: 
[2019.11.12-15.58.44:800][301]LogExit: Executing StaticShutdownAfterError
[2019.11.12-15.58.44:805][301]LogWindows: FPlatformMisc::RequestExit(1)
[2019.11.12-15.58.44:826][301]Log file closed, 11/12/19 10:58:44
