Log file open, 11/20/19 11:21:11
LogWindows: Failed to load 'aqProf.dll' (GetLastError=126)
LogWindows: File 'aqProf.dll' does not exist
LogWindows: Failed to load 'VtuneApi.dll' (GetLastError=126)
LogWindows: File 'VtuneApi.dll' does not exist
LogWindows: Failed to load 'VtuneApi32e.dll' (GetLastError=126)
LogWindows: File 'VtuneApi32e.dll' does not exist
LogConsoleResponse: Display: Failed to find resolution value strings in scalability ini. Falling back to default.
LogInit: Display: Running engine for game: MissleComnder
LogPlatformFile: Not using cached read wrapper
LogTaskGraph: Started task graph with 5 named threads and 23 total threads with 3 sets of task threads.
LogStats: Stats thread started at 5.053048
LogD3D11RHI: Loaded GFSDK_Aftermath_Lib.x64.dll
LogICUInternationalization: ICU TimeZone Detection - Raw Offset: -5:00, Platform Override: ''
LogPluginManager: Mounting plugin Paper2D
LogPluginManager: Mounting plugin AISupport
LogPluginManager: Mounting plugin LightPropagationVolume
LogPluginManager: Mounting plugin ActorLayerUtilities
LogPluginManager: Mounting plugin AnimationSharing
LogPluginManager: Mounting plugin CLionSourceCodeAccess
LogPluginManager: Mounting plugin CodeLiteSourceCodeAccess
LogPluginManager: Mounting plugin GitSourceControl
LogPluginManager: Mounting plugin KDevelopSourceCodeAccess
LogPluginManager: Mounting plugin NullSourceCodeAccess
LogPluginManager: Mounting plugin PerforceSourceControl
LogPluginManager: Mounting plugin SubversionSourceControl
LogPluginManager: Mounting plugin UObjectPlugin
LogPluginManager: Mounting plugin VisualStudioCodeSourceCodeAccess
LogPluginManager: Mounting plugin VisualStudioSourceCodeAccess
LogPluginManager: Mounting plugin XCodeSourceCodeAccess
LogPluginManager: Mounting plugin AssetManagerEditor
LogPluginManager: Mounting plugin CryptoKeys
LogPluginManager: Mounting plugin CurveEditorTools
LogPluginManager: Mounting plugin DataValidation
LogPluginManager: Mounting plugin FacialAnimation
LogPluginManager: Mounting plugin GameplayTagsEditor
LogPluginManager: Mounting plugin MacGraphicsSwitching
LogPluginManager: Mounting plugin MaterialAnalyzer
LogPluginManager: Mounting plugin MobileLauncherProfileWizard
LogPluginManager: Mounting plugin PluginBrowser
LogPluginManager: Mounting plugin SpeedTreeImporter
LogPluginManager: Mounting plugin DatasmithContent
LogPluginManager: Mounting plugin VariantManagerContent
LogPluginManager: Mounting plugin AlembicImporter
LogPluginManager: Mounting plugin AutomationUtils
LogPluginManager: Mounting plugin BackChannel
LogPluginManager: Mounting plugin CharacterAI
LogPluginManager: Mounting plugin GeometryCache
LogPluginManager: Mounting plugin HTML5Networking
LogPluginManager: Mounting plugin PlatformCrypto
LogPluginManager: Mounting plugin ProxyLODPlugin
LogPluginManager: Mounting plugin SkeletalReduction
LogPluginManager: Mounting plugin MagicLeap
LogPluginManager: Mounting plugin MagicLeapMedia
LogPluginManager: Mounting plugin AndroidMedia
LogPluginManager: Mounting plugin AvfMedia
LogPluginManager: Mounting plugin ImgMedia
LogPluginManager: Mounting plugin MediaCompositing
LogPluginManager: Mounting plugin MediaPlayerEditor
LogPluginManager: Mounting plugin WebMMedia
LogPluginManager: Mounting plugin WmfMedia
LogPluginManager: Mounting plugin TcpMessaging
LogPluginManager: Mounting plugin UdpMessaging
LogPluginManager: Mounting plugin ActorSequence
LogPluginManager: Mounting plugin LevelSequenceEditor
LogPluginManager: Mounting plugin MatineeToLevelSequence
LogPluginManager: Mounting plugin NetcodeUnitTest
LogPluginManager: Mounting plugin NUTUnrealEngine4
LogPluginManager: Mounting plugin OnlineSubsystemGooglePlay
LogPluginManager: Mounting plugin OnlineSubsystemIOS
LogPluginManager: Mounting plugin OnlineSubsystem
LogPluginManager: Mounting plugin OnlineSubsystemNull
LogPluginManager: Mounting plugin OnlineSubsystemUtils
LogPluginManager: Mounting plugin LauncherChunkInstaller
LogPluginManager: Mounting plugin AndroidDeviceProfileSelector
LogPluginManager: Mounting plugin AndroidMoviePlayer
LogPluginManager: Mounting plugin AndroidPermission
LogPluginManager: Mounting plugin AppleImageUtils
LogPluginManager: Mounting plugin AppleMoviePlayer
LogPluginManager: Mounting plugin ArchVisCharacter
LogPluginManager: Mounting plugin AudioCapture
LogPluginManager: Mounting plugin CableComponent
LogPluginManager: Mounting plugin CustomMeshComponent
LogPluginManager: Mounting plugin EditableMesh
LogPluginManager: Mounting plugin ExampleDeviceProfileSelector
LogPluginManager: Mounting plugin GoogleCloudMessaging
LogPluginManager: Mounting plugin IOSDeviceProfileSelector
LogPluginManager: Mounting plugin LinuxDeviceProfileSelector
LogPluginManager: Mounting plugin LocationServicesBPLibrary
LogPluginManager: Mounting plugin MobilePatchingUtils
LogPluginManager: Mounting plugin OculusVR
LogPluginManager: Mounting plugin PhysXVehicles
LogPluginManager: Mounting plugin ProceduralMeshComponent
LogPluginManager: Mounting plugin RuntimePhysXCooking
LogPluginManager: Mounting plugin SignificanceManager
LogPluginManager: Mounting plugin SteamVR
LogPluginManager: Mounting plugin WebMMoviePlayer
LogPluginManager: Mounting plugin WindowsMoviePlayer
LogPluginManager: Mounting plugin ScreenshotTools
LogInit: Using libcurl 7.55.1-DEV
LogInit:  - built for x86_64-pc-win32
LogInit:  - supports SSL with OpenSSL/1.1.1
LogInit:  - supports HTTP deflate (compression) using libz 1.2.8
LogInit:  - other features:
LogInit:      CURL_VERSION_SSL
LogInit:      CURL_VERSION_LIBZ
LogInit:      CURL_VERSION_IPV6
LogInit:      CURL_VERSION_ASYNCHDNS
LogInit:      CURL_VERSION_LARGEFILE
LogInit:      CURL_VERSION_IDN
LogInit:  CurlRequestOptions (configurable via config and command line):
LogInit:  - bVerifyPeer = true  - Libcurl will verify peer certificate
LogInit:  - bUseHttpProxy = false  - Libcurl will NOT use HTTP proxy
LogInit:  - bDontReuseConnections = false  - Libcurl will reuse connections
LogInit:  - MaxHostConnections = 16  - Libcurl will limit the number of connections to a host
LogInit:  - LocalHostAddr = Default
LogInit:  - BufferSize = 65536
LogOnline: OSS: Creating online subsystem instance for: NULL
LogInit: WinSock: version 1.1 (2.2), MaxSocks=32767, MaxUdp=65467
LogInit: Build: ++UE4+Release-4.23-CL-9631420
LogInit: Engine Version: 4.23.1-9631420+++UE4+Release-4.23
LogInit: Compatible Engine Version: 4.23.0-8386587+++UE4+Release-4.23
LogInit: Net CL: 8386587
LogInit: OS: Windows 10 (Release 1903) (), CPU: Intel(R) Core(TM) i7-6700K CPU @ 4.00GHz, GPU: NVIDIA GeForce GTX 980 Ti
LogInit: Compiled (64-bit): Oct 18 2019 02:07:44
LogInit: Compiled with Visual C++: 19.16.27030.01
LogInit: Build Configuration: Development
LogInit: Branch Name: ++UE4+Release-4.23
LogInit: Command Line: 
LogInit: Base Directory: D:/Epic Games/UE_4.23/Engine/Binaries/Win64/
LogInit: Installed Engine Build: 1
LogDevObjectVersion: Number of dev versions registered: 23
LogDevObjectVersion:   Dev-Blueprints (B0D832E4-1F89-4F0D-ACCF-7EB736FD4AA2): 10
LogDevObjectVersion:   Dev-Build (E1C64328-A22C-4D53-A36C-8E866417BD8C): 0
LogDevObjectVersion:   Dev-Core (375EC13C-06E4-48FB-B500-84F0262A717E): 3
LogDevObjectVersion:   Dev-Editor (E4B068ED-F494-42E9-A231-DA0B2E46BB41): 34
LogDevObjectVersion:   Dev-Framework (CFFC743F-43B0-4480-9391-14DF171D2073): 35
LogDevObjectVersion:   Dev-Mobile (B02B49B5-BB20-44E9-A304-32B752E40360): 2
LogDevObjectVersion:   Dev-Networking (A4E4105C-59A1-49B5-A7C5-40C4547EDFEE): 0
LogDevObjectVersion:   Dev-Online (39C831C9-5AE6-47DC-9A44-9C173E1C8E7C): 0
LogDevObjectVersion:   Dev-Physics (78F01B33-EBEA-4F98-B9B4-84EACCB95AA2): 0
LogDevObjectVersion:   Dev-Platform (6631380F-2D4D-43E0-8009-CF276956A95A): 0
LogDevObjectVersion:   Dev-Rendering (12F88B9F-8875-4AFC-A67C-D90C383ABD29): 31
LogDevObjectVersion:   Dev-Sequencer (7B5AE74C-D270-4C10-A958-57980B212A5A): 11
LogDevObjectVersion:   Dev-VR (D7296918-1DD6-4BDD-9DE2-64A83CC13884): 2
LogDevObjectVersion:   Dev-LoadTimes (C2A15278-BFE7-4AFE-6C17-90FF531DF755): 1
LogDevObjectVersion:   Private-Geometry (6EACA3D4-40EC-4CC1-B786-8BED09428FC5): 3
LogDevObjectVersion:   Dev-AnimPhys (29E575DD-E0A3-4627-9D10-D276232CDCEA): 17
LogDevObjectVersion:   Dev-Anim (AF43A65D-7FD3-4947-9873-3E8ED9C1BB05): 2
LogDevObjectVersion:   Dev-ReflectionCapture (6B266CEC-1EC7-4B8F-A30B-E4D90942FC07): 1
LogDevObjectVersion:   Dev-Automation (0DF73D61-A23F-47EA-B727-89E90C41499A): 1
LogDevObjectVersion:   FortniteMain (601D1886-AC64-4F84-AA16-D3DE0DEAC7D6): 27
LogDevObjectVersion:   Dev-Enterprise (9DFFBCD6-494F-0158-E221-12823C92A888): 6
LogDevObjectVersion:   Dev-Niagara (F2AED0AC-9AFE-416F-8664-AA7FFA26D6FC): 1
LogDevObjectVersion:   Dev-Destruction (174F1F0B-B4C6-45A5-B13F-2EE8D0FB917D): 9
LogInit: Presizing for max 16777216 objects, including 0 objects not considered by GC, pre-allocating 0 bytes for permanent pool.
LogInit: Object subsystem initialized
LogConfig: Setting CVar [[con.DebugEarlyDefault:1]]
LogConfig: Setting CVar [[r.setres:1280x720]]
[2019.11.20-16.21.14:248][  0]LogConfig: Setting CVar [[r.VSync:0]]
[2019.11.20-16.21.14:248][  0]LogConfig: Setting CVar [[r.RHICmdBypass:0]]
[2019.11.20-16.21.14:249][  0]LogConfig: Applying CVar settings from Section [/Script/Engine.RendererSettings] File [D:/School/Programs/ETGG 3801 Real-Time Interactive Prog 1/Unreal Projects/lab 4 missleCommander/MissleComnder/Saved/Config/Windows/Engine.ini]
[2019.11.20-16.21.14:249][  0]LogConfig: Setting CVar [[r.GPUCrashDebugging:0]]
[2019.11.20-16.21.14:249][  0]LogConfig: Setting CVar [[r.DefaultFeature.AutoExposure.ExtendDefaultLuminanceRange:1]]
[2019.11.20-16.21.14:249][  0]LogConfig: Applying CVar settings from Section [/Script/Engine.RendererOverrideSettings] File [D:/School/Programs/ETGG 3801 Real-Time Interactive Prog 1/Unreal Projects/lab 4 missleCommander/MissleComnder/Saved/Config/Windows/Engine.ini]
[2019.11.20-16.21.14:249][  0]LogConfig: Applying CVar settings from Section [/Script/Engine.StreamingSettings] File [D:/School/Programs/ETGG 3801 Real-Time Interactive Prog 1/Unreal Projects/lab 4 missleCommander/MissleComnder/Saved/Config/Windows/Engine.ini]
[2019.11.20-16.21.14:250][  0]LogConfig: Setting CVar [[s.MinBulkDataSizeForAsyncLoading:131072]]
[2019.11.20-16.21.14:250][  0]LogConfig: Setting CVar [[s.AsyncLoadingThreadEnabled:0]]
[2019.11.20-16.21.14:250][  0]LogConfig: Setting CVar [[s.EventDrivenLoaderEnabled:1]]
[2019.11.20-16.21.14:250][  0]LogConfig: Setting CVar [[s.WarnIfTimeLimitExceeded:0]]
[2019.11.20-16.21.14:250][  0]LogConfig: Setting CVar [[s.TimeLimitExceededMultiplier:1.5]]
[2019.11.20-16.21.14:250][  0]LogConfig: Setting CVar [[s.TimeLimitExceededMinTime:0.005]]
[2019.11.20-16.21.14:250][  0]LogConfig: Setting CVar [[s.UseBackgroundLevelStreaming:1]]
[2019.11.20-16.21.14:250][  0]LogConfig: Setting CVar [[s.PriorityAsyncLoadingExtraTime:15.0]]
[2019.11.20-16.21.14:250][  0]LogConfig: Setting CVar [[s.LevelStreamingActorsUpdateTimeLimit:5.0]]
[2019.11.20-16.21.14:250][  0]LogConfig: Setting CVar [[s.PriorityLevelStreamingActorsUpdateExtraTime:5.0]]
[2019.11.20-16.21.14:250][  0]LogConfig: Setting CVar [[s.LevelStreamingComponentsRegistrationGranularity:10]]
[2019.11.20-16.21.14:250][  0]LogConfig: Setting CVar [[s.UnregisterComponentsTimeLimit:1.0]]
[2019.11.20-16.21.14:250][  0]LogConfig: Setting CVar [[s.LevelStreamingComponentsUnregistrationGranularity:5]]
[2019.11.20-16.21.14:251][  0]LogConfig: Applying CVar settings from Section [/Script/Engine.GarbageCollectionSettings] File [D:/School/Programs/ETGG 3801 Real-Time Interactive Prog 1/Unreal Projects/lab 4 missleCommander/MissleComnder/Saved/Config/Windows/Engine.ini]
[2019.11.20-16.21.14:251][  0]LogConfig: Setting CVar [[gc.MaxObjectsNotConsideredByGC:1]]
[2019.11.20-16.21.14:251][  0]LogConfig: Setting CVar [[gc.SizeOfPermanentObjectPool:0]]
[2019.11.20-16.21.14:251][  0]LogConfig: Setting CVar [[gc.FlushStreamingOnGC:0]]
[2019.11.20-16.21.14:251][  0]LogConfig: Setting CVar [[gc.NumRetriesBeforeForcingGC:10]]
[2019.11.20-16.21.14:251][  0]LogConfig: Setting CVar [[gc.AllowParallelGC:1]]
[2019.11.20-16.21.14:251][  0]LogConfig: Setting CVar [[gc.TimeBetweenPurgingPendingKillObjects:61.1]]
[2019.11.20-16.21.14:251][  0]LogConfig: Setting CVar [[gc.MaxObjectsInEditor:16777216]]
[2019.11.20-16.21.14:251][  0]LogConfig: Setting CVar [[gc.IncrementalBeginDestroyEnabled:1]]
[2019.11.20-16.21.14:251][  0]LogConfig: Setting CVar [[gc.CreateGCClusters:1]]
[2019.11.20-16.21.14:251][  0]LogConfig: Setting CVar [[gc.MinGCClusterSize:5]]
[2019.11.20-16.21.14:251][  0]LogConfig: Setting CVar [[gc.ActorClusteringEnabled:0]]
[2019.11.20-16.21.14:251][  0]LogConfig: Setting CVar [[gc.BlueprintClusteringEnabled:0]]
[2019.11.20-16.21.14:251][  0]LogConfig: Setting CVar [[gc.UseDisregardForGCOnDedicatedServers:0]]
[2019.11.20-16.21.14:251][  0]LogConfig: Applying CVar settings from Section [/Script/Engine.NetworkSettings] File [D:/School/Programs/ETGG 3801 Real-Time Interactive Prog 1/Unreal Projects/lab 4 missleCommander/MissleComnder/Saved/Config/Windows/Engine.ini]
[2019.11.20-16.21.14:251][  0]LogConfig: Applying CVar settings from Section [/Script/UnrealEd.CookerSettings] File [D:/School/Programs/ETGG 3801 Real-Time Interactive Prog 1/Unreal Projects/lab 4 missleCommander/MissleComnder/Saved/Config/Windows/Engine.ini]
[2019.11.20-16.21.14:327][  0]LogConfig: Applying CVar settings from Section [ViewDistanceQuality@3] File [D:/School/Programs/ETGG 3801 Real-Time Interactive Prog 1/Unreal Projects/lab 4 missleCommander/MissleComnder/Saved/Config/Windows/Scalability.ini]
[2019.11.20-16.21.14:328][  0]LogConfig: Setting CVar [[r.SkeletalMeshLODBias:0]]
[2019.11.20-16.21.14:328][  0]LogConfig: Setting CVar [[r.ViewDistanceScale:1.0]]
[2019.11.20-16.21.14:328][  0]LogConfig: Applying CVar settings from Section [AntiAliasingQuality@3] File [D:/School/Programs/ETGG 3801 Real-Time Interactive Prog 1/Unreal Projects/lab 4 missleCommander/MissleComnder/Saved/Config/Windows/Scalability.ini]
[2019.11.20-16.21.14:328][  0]LogConfig: Setting CVar [[r.PostProcessAAQuality:4]]
[2019.11.20-16.21.14:328][  0]LogConfig: Applying CVar settings from Section [ShadowQuality@3] File [D:/School/Programs/ETGG 3801 Real-Time Interactive Prog 1/Unreal Projects/lab 4 missleCommander/MissleComnder/Saved/Config/Windows/Scalability.ini]
[2019.11.20-16.21.14:328][  0]LogConfig: Setting CVar [[r.LightFunctionQuality:1]]
[2019.11.20-16.21.14:328][  0]LogConfig: Setting CVar [[r.ShadowQuality:5]]
[2019.11.20-16.21.14:328][  0]LogConfig: Setting CVar [[r.Shadow.CSM.MaxCascades:10]]
[2019.11.20-16.21.14:328][  0]LogConfig: Setting CVar [[r.Shadow.MaxResolution:2048]]
[2019.11.20-16.21.14:328][  0]LogConfig: Setting CVar [[r.Shadow.MaxCSMResolution:2048]]
[2019.11.20-16.21.14:328][  0]LogConfig: Setting CVar [[r.Shadow.RadiusThreshold:0.01]]
[2019.11.20-16.21.14:328][  0]LogConfig: Setting CVar [[r.Shadow.DistanceScale:1.0]]
[2019.11.20-16.21.14:328][  0]LogConfig: Setting CVar [[r.Shadow.CSM.TransitionScale:1.0]]
[2019.11.20-16.21.14:329][  0]LogConfig: Setting CVar [[r.Shadow.PreShadowResolutionFactor:1.0]]
[2019.11.20-16.21.14:329][  0]LogConfig: Setting CVar [[r.DistanceFieldShadowing:1]]
[2019.11.20-16.21.14:329][  0]LogConfig: Setting CVar [[r.DistanceFieldAO:1]]
[2019.11.20-16.21.14:329][  0]LogConfig: Setting CVar [[r.AOQuality:2]]
[2019.11.20-16.21.14:329][  0]LogConfig: Setting CVar [[r.VolumetricFog:1]]
[2019.11.20-16.21.14:329][  0]LogConfig: Setting CVar [[r.VolumetricFog.GridPixelSize:8]]
[2019.11.20-16.21.14:329][  0]LogConfig: Setting CVar [[r.VolumetricFog.GridSizeZ:128]]
[2019.11.20-16.21.14:329][  0]LogConfig: Setting CVar [[r.VolumetricFog.HistoryMissSupersampleCount:4]]
[2019.11.20-16.21.14:329][  0]LogConfig: Setting CVar [[r.LightMaxDrawDistanceScale:1]]
[2019.11.20-16.21.14:329][  0]LogConfig: Setting CVar [[r.CapsuleShadows:1]]
[2019.11.20-16.21.14:329][  0]LogConfig: Applying CVar settings from Section [PostProcessQuality@3] File [D:/School/Programs/ETGG 3801 Real-Time Interactive Prog 1/Unreal Projects/lab 4 missleCommander/MissleComnder/Saved/Config/Windows/Scalability.ini]
[2019.11.20-16.21.14:329][  0]LogConfig: Setting CVar [[r.MotionBlurQuality:4]]
[2019.11.20-16.21.14:329][  0]LogConfig: Setting CVar [[r.AmbientOcclusionMipLevelFactor:0.4]]
[2019.11.20-16.21.14:329][  0]LogConfig: Setting CVar [[r.AmbientOcclusionMaxQuality:100]]
[2019.11.20-16.21.14:330][  0]LogConfig: Setting CVar [[r.AmbientOcclusionLevels:-1]]
[2019.11.20-16.21.14:330][  0]LogConfig: Setting CVar [[r.AmbientOcclusionRadiusScale:1.0]]
[2019.11.20-16.21.14:330][  0]LogConfig: Setting CVar [[r.DepthOfFieldQuality:2]]
[2019.11.20-16.21.14:330][  0]LogConfig: Setting CVar [[r.RenderTargetPoolMin:400]]
[2019.11.20-16.21.14:330][  0]LogConfig: Setting CVar [[r.LensFlareQuality:2]]
[2019.11.20-16.21.14:330][  0]LogConfig: Setting CVar [[r.SceneColorFringeQuality:1]]
[2019.11.20-16.21.14:330][  0]LogConfig: Setting CVar [[r.EyeAdaptationQuality:2]]
[2019.11.20-16.21.14:330][  0]LogConfig: Setting CVar [[r.BloomQuality:5]]
[2019.11.20-16.21.14:330][  0]LogConfig: Setting CVar [[r.FastBlurThreshold:100]]
[2019.11.20-16.21.14:330][  0]LogConfig: Setting CVar [[r.Upscale.Quality:3]]
[2019.11.20-16.21.14:330][  0]LogConfig: Setting CVar [[r.Tonemapper.GrainQuantization:1]]
[2019.11.20-16.21.14:330][  0]LogConfig: Setting CVar [[r.LightShaftQuality:1]]
[2019.11.20-16.21.14:330][  0]LogConfig: Setting CVar [[r.Filter.SizeScale:1]]
[2019.11.20-16.21.14:330][  0]LogConfig: Setting CVar [[r.Tonemapper.Quality:5]]
[2019.11.20-16.21.14:330][  0]LogConfig: Setting CVar [[r.DOF.Gather.AccumulatorQuality:1        ; higher gathering accumulator quality]]
[2019.11.20-16.21.14:330][  0]LogConfig: Setting CVar [[r.DOF.Gather.PostfilterMethod:1          ; Median3x3 postfilering method]]
[2019.11.20-16.21.14:330][  0]LogConfig: Setting CVar [[r.DOF.Gather.EnableBokehSettings:0       ; no bokeh simulation when gathering]]
[2019.11.20-16.21.14:331][  0]LogConfig: Setting CVar [[r.DOF.Gather.RingCount:4                 ; medium number of samples when gathering]]
[2019.11.20-16.21.14:331][  0]LogConfig: Setting CVar [[r.DOF.Scatter.ForegroundCompositing:1    ; additive foreground scattering]]
[2019.11.20-16.21.14:331][  0]LogConfig: Setting CVar [[r.DOF.Scatter.BackgroundCompositing:2    ; additive background scattering]]
[2019.11.20-16.21.14:331][  0]LogConfig: Setting CVar [[r.DOF.Scatter.EnableBokehSettings:1      ; bokeh simulation when scattering]]
[2019.11.20-16.21.14:331][  0]LogConfig: Setting CVar [[r.DOF.Scatter.MaxSpriteRatio:0.1         ; only a maximum of 10% of scattered bokeh]]
[2019.11.20-16.21.14:331][  0]LogConfig: Setting CVar [[r.DOF.Recombine.Quality:1                ; cheap slight out of focus]]
[2019.11.20-16.21.14:331][  0]LogConfig: Setting CVar [[r.DOF.Recombine.EnableBokehSettings:0    ; no bokeh simulation on slight out of focus]]
[2019.11.20-16.21.14:331][  0]LogConfig: Setting CVar [[r.DOF.TemporalAAQuality:1                ; more stable temporal accumulation]]
[2019.11.20-16.21.14:331][  0]LogConfig: Setting CVar [[r.DOF.Kernel.MaxForegroundRadius:0.025]]
[2019.11.20-16.21.14:331][  0]LogConfig: Setting CVar [[r.DOF.Kernel.MaxBackgroundRadius:0.025]]
[2019.11.20-16.21.14:331][  0]LogConfig: Applying CVar settings from Section [TextureQuality@3] File [D:/School/Programs/ETGG 3801 Real-Time Interactive Prog 1/Unreal Projects/lab 4 missleCommander/MissleComnder/Saved/Config/Windows/Scalability.ini]
[2019.11.20-16.21.14:331][  0]LogConfig: Setting CVar [[r.Streaming.MipBias:0]]
[2019.11.20-16.21.14:331][  0]LogConfig: Setting CVar [[r.Streaming.AmortizeCPUToGPUCopy:0]]
[2019.11.20-16.21.14:331][  0]LogConfig: Setting CVar [[r.Streaming.MaxNumTexturesToStreamPerFrame:0]]
[2019.11.20-16.21.14:331][  0]LogConfig: Setting CVar [[r.Streaming.Boost:1]]
[2019.11.20-16.21.14:331][  0]LogConfig: Setting CVar [[r.MaxAnisotropy:8]]
[2019.11.20-16.21.14:332][  0]LogConfig: Setting CVar [[r.Streaming.LimitPoolSizeToVRAM:0]]
[2019.11.20-16.21.14:332][  0]LogConfig: Setting CVar [[r.Streaming.PoolSize:1000]]
[2019.11.20-16.21.14:332][  0]LogConfig: Setting CVar [[r.Streaming.MaxEffectiveScreenSize:0]]
[2019.11.20-16.21.14:332][  0]LogConfig: Applying CVar settings from Section [EffectsQuality@3] File [D:/School/Programs/ETGG 3801 Real-Time Interactive Prog 1/Unreal Projects/lab 4 missleCommander/MissleComnder/Saved/Config/Windows/Scalability.ini]
[2019.11.20-16.21.14:332][  0]LogConfig: Setting CVar [[r.TranslucencyLightingVolumeDim:64]]
[2019.11.20-16.21.14:332][  0]LogConfig: Setting CVar [[r.RefractionQuality:2]]
[2019.11.20-16.21.14:332][  0]LogConfig: Setting CVar [[r.SSR.Quality:3]]
[2019.11.20-16.21.14:332][  0]LogConfig: Setting CVar [[r.SceneColorFormat:4]]
[2019.11.20-16.21.14:332][  0]LogConfig: Setting CVar [[r.DetailMode:2]]
[2019.11.20-16.21.14:332][  0]LogConfig: Setting CVar [[r.TranslucencyVolumeBlur:1]]
[2019.11.20-16.21.14:332][  0]LogConfig: Setting CVar [[r.MaterialQualityLevel:1 ; High quality]]
[2019.11.20-16.21.14:332][  0]LogConfig: Setting CVar [[r.SSS.Scale:1]]
[2019.11.20-16.21.14:332][  0]LogConfig: Setting CVar [[r.SSS.SampleSet:2]]
[2019.11.20-16.21.14:332][  0]LogConfig: Setting CVar [[r.SSS.Quality:1]]
[2019.11.20-16.21.14:332][  0]LogConfig: Setting CVar [[r.SSS.HalfRes:1]]
[2019.11.20-16.21.14:332][  0]LogConfig: Setting CVar [[r.EmitterSpawnRateScale:1.0]]
[2019.11.20-16.21.14:332][  0]LogConfig: Setting CVar [[r.ParticleLightQuality:2]]
[2019.11.20-16.21.14:333][  0]LogConfig: Applying CVar settings from Section [FoliageQuality@3] File [D:/School/Programs/ETGG 3801 Real-Time Interactive Prog 1/Unreal Projects/lab 4 missleCommander/MissleComnder/Saved/Config/Windows/Scalability.ini]
[2019.11.20-16.21.14:333][  0]LogConfig: Setting CVar [[foliage.DensityScale:1.0]]
[2019.11.20-16.21.14:333][  0]LogConfig: Setting CVar [[grass.DensityScale:1.0]]
[2019.11.20-16.21.14:337][  0]LogInit: Selected Device Profile: [Windows]
[2019.11.20-16.21.14:344][  0]LogInit: Applying CVar settings loaded from the selected device profile: [Windows]
[2019.11.20-16.21.14:423][  0]LogHAL: Display: Platform has ~ 16 GB [17104371712 / 17179869184 / 16], which maps to Larger [LargestMinGB=32, LargerMinGB=12, DefaultMinGB=8, SmallerMinGB=6, SmallestMinGB=0)
[2019.11.20-16.21.14:423][  0]LogInit: Going up to parent DeviceProfile []
[2019.11.20-16.21.14:437][  0]LogConfig: Applying CVar settings from Section [ViewDistanceQuality@3] File [D:/School/Programs/ETGG 3801 Real-Time Interactive Prog 1/Unreal Projects/lab 4 missleCommander/MissleComnder/Saved/Config/Windows/Scalability.ini]
[2019.11.20-16.21.14:437][  0]LogConfig: Setting CVar [[r.SkeletalMeshLODBias:0]]
[2019.11.20-16.21.14:437][  0]LogConfig: Setting CVar [[r.ViewDistanceScale:1.0]]
[2019.11.20-16.21.14:437][  0]LogConfig: Applying CVar settings from Section [AntiAliasingQuality@3] File [D:/School/Programs/ETGG 3801 Real-Time Interactive Prog 1/Unreal Projects/lab 4 missleCommander/MissleComnder/Saved/Config/Windows/Scalability.ini]
[2019.11.20-16.21.14:437][  0]LogConfig: Setting CVar [[r.PostProcessAAQuality:4]]
[2019.11.20-16.21.14:437][  0]LogConfig: Applying CVar settings from Section [ShadowQuality@3] File [D:/School/Programs/ETGG 3801 Real-Time Interactive Prog 1/Unreal Projects/lab 4 missleCommander/MissleComnder/Saved/Config/Windows/Scalability.ini]
[2019.11.20-16.21.14:437][  0]LogConfig: Setting CVar [[r.LightFunctionQuality:1]]
[2019.11.20-16.21.14:437][  0]LogConfig: Setting CVar [[r.ShadowQuality:5]]
[2019.11.20-16.21.14:437][  0]LogConfig: Setting CVar [[r.Shadow.CSM.MaxCascades:10]]
[2019.11.20-16.21.14:438][  0]LogConfig: Setting CVar [[r.Shadow.MaxResolution:2048]]
[2019.11.20-16.21.14:438][  0]LogConfig: Setting CVar [[r.Shadow.MaxCSMResolution:2048]]
[2019.11.20-16.21.14:438][  0]LogConfig: Setting CVar [[r.Shadow.RadiusThreshold:0.01]]
[2019.11.20-16.21.14:438][  0]LogConfig: Setting CVar [[r.Shadow.DistanceScale:1.0]]
[2019.11.20-16.21.14:438][  0]LogConfig: Setting CVar [[r.Shadow.CSM.TransitionScale:1.0]]
[2019.11.20-16.21.14:438][  0]LogConfig: Setting CVar [[r.Shadow.PreShadowResolutionFactor:1.0]]
[2019.11.20-16.21.14:438][  0]LogConfig: Setting CVar [[r.DistanceFieldShadowing:1]]
[2019.11.20-16.21.14:438][  0]LogConfig: Setting CVar [[r.DistanceFieldAO:1]]
[2019.11.20-16.21.14:438][  0]LogConfig: Setting CVar [[r.AOQuality:2]]
[2019.11.20-16.21.14:438][  0]LogConfig: Setting CVar [[r.VolumetricFog:1]]
[2019.11.20-16.21.14:438][  0]LogConfig: Setting CVar [[r.VolumetricFog.GridPixelSize:8]]
[2019.11.20-16.21.14:438][  0]LogConfig: Setting CVar [[r.VolumetricFog.GridSizeZ:128]]
[2019.11.20-16.21.14:438][  0]LogConfig: Setting CVar [[r.VolumetricFog.HistoryMissSupersampleCount:4]]
[2019.11.20-16.21.14:438][  0]LogConfig: Setting CVar [[r.LightMaxDrawDistanceScale:1]]
[2019.11.20-16.21.14:438][  0]LogConfig: Setting CVar [[r.CapsuleShadows:1]]
[2019.11.20-16.21.14:438][  0]LogConfig: Applying CVar settings from Section [PostProcessQuality@3] File [D:/School/Programs/ETGG 3801 Real-Time Interactive Prog 1/Unreal Projects/lab 4 missleCommander/MissleComnder/Saved/Config/Windows/Scalability.ini]
[2019.11.20-16.21.14:438][  0]LogConfig: Setting CVar [[r.MotionBlurQuality:4]]
[2019.11.20-16.21.14:438][  0]LogConfig: Setting CVar [[r.AmbientOcclusionMipLevelFactor:0.4]]
[2019.11.20-16.21.14:438][  0]LogConfig: Setting CVar [[r.AmbientOcclusionMaxQuality:100]]
[2019.11.20-16.21.14:438][  0]LogConfig: Setting CVar [[r.AmbientOcclusionLevels:-1]]
[2019.11.20-16.21.14:438][  0]LogConfig: Setting CVar [[r.AmbientOcclusionRadiusScale:1.0]]
[2019.11.20-16.21.14:438][  0]LogConfig: Setting CVar [[r.DepthOfFieldQuality:2]]
[2019.11.20-16.21.14:439][  0]LogConfig: Setting CVar [[r.RenderTargetPoolMin:400]]
[2019.11.20-16.21.14:439][  0]LogConfig: Setting CVar [[r.LensFlareQuality:2]]
[2019.11.20-16.21.14:439][  0]LogConfig: Setting CVar [[r.SceneColorFringeQuality:1]]
[2019.11.20-16.21.14:439][  0]LogConfig: Setting CVar [[r.EyeAdaptationQuality:2]]
[2019.11.20-16.21.14:439][  0]LogConfig: Setting CVar [[r.BloomQuality:5]]
[2019.11.20-16.21.14:439][  0]LogConfig: Setting CVar [[r.FastBlurThreshold:100]]
[2019.11.20-16.21.14:439][  0]LogConfig: Setting CVar [[r.Upscale.Quality:3]]
[2019.11.20-16.21.14:439][  0]LogConfig: Setting CVar [[r.Tonemapper.GrainQuantization:1]]
[2019.11.20-16.21.14:439][  0]LogConfig: Setting CVar [[r.LightShaftQuality:1]]
[2019.11.20-16.21.14:439][  0]LogConfig: Setting CVar [[r.Filter.SizeScale:1]]
[2019.11.20-16.21.14:439][  0]LogConfig: Setting CVar [[r.Tonemapper.Quality:5]]
[2019.11.20-16.21.14:439][  0]LogConfig: Setting CVar [[r.DOF.Gather.AccumulatorQuality:1        ; higher gathering accumulator quality]]
[2019.11.20-16.21.14:439][  0]LogConfig: Setting CVar [[r.DOF.Gather.PostfilterMethod:1          ; Median3x3 postfilering method]]
[2019.11.20-16.21.14:439][  0]LogConfig: Setting CVar [[r.DOF.Gather.EnableBokehSettings:0       ; no bokeh simulation when gathering]]
[2019.11.20-16.21.14:439][  0]LogConfig: Setting CVar [[r.DOF.Gather.RingCount:4                 ; medium number of samples when gathering]]
[2019.11.20-16.21.14:439][  0]LogConfig: Setting CVar [[r.DOF.Scatter.ForegroundCompositing:1    ; additive foreground scattering]]
[2019.11.20-16.21.14:439][  0]LogConfig: Setting CVar [[r.DOF.Scatter.BackgroundCompositing:2    ; additive background scattering]]
[2019.11.20-16.21.14:439][  0]LogConfig: Setting CVar [[r.DOF.Scatter.EnableBokehSettings:1      ; bokeh simulation when scattering]]
[2019.11.20-16.21.14:439][  0]LogConfig: Setting CVar [[r.DOF.Scatter.MaxSpriteRatio:0.1         ; only a maximum of 10% of scattered bokeh]]
[2019.11.20-16.21.14:439][  0]LogConfig: Setting CVar [[r.DOF.Recombine.Quality:1                ; cheap slight out of focus]]
[2019.11.20-16.21.14:439][  0]LogConfig: Setting CVar [[r.DOF.Recombine.EnableBokehSettings:0    ; no bokeh simulation on slight out of focus]]
[2019.11.20-16.21.14:439][  0]LogConfig: Setting CVar [[r.DOF.TemporalAAQuality:1                ; more stable temporal accumulation]]
[2019.11.20-16.21.14:439][  0]LogConfig: Setting CVar [[r.DOF.Kernel.MaxForegroundRadius:0.025]]
[2019.11.20-16.21.14:439][  0]LogConfig: Setting CVar [[r.DOF.Kernel.MaxBackgroundRadius:0.025]]
[2019.11.20-16.21.14:439][  0]LogConfig: Applying CVar settings from Section [TextureQuality@3] File [D:/School/Programs/ETGG 3801 Real-Time Interactive Prog 1/Unreal Projects/lab 4 missleCommander/MissleComnder/Saved/Config/Windows/Scalability.ini]
[2019.11.20-16.21.14:440][  0]LogConfig: Setting CVar [[r.Streaming.MipBias:0]]
[2019.11.20-16.21.14:440][  0]LogConfig: Setting CVar [[r.Streaming.AmortizeCPUToGPUCopy:0]]
[2019.11.20-16.21.14:440][  0]LogConfig: Setting CVar [[r.Streaming.MaxNumTexturesToStreamPerFrame:0]]
[2019.11.20-16.21.14:440][  0]LogConfig: Setting CVar [[r.Streaming.Boost:1]]
[2019.11.20-16.21.14:440][  0]LogConfig: Setting CVar [[r.MaxAnisotropy:8]]
[2019.11.20-16.21.14:440][  0]LogConfig: Setting CVar [[r.Streaming.LimitPoolSizeToVRAM:0]]
[2019.11.20-16.21.14:440][  0]LogConfig: Setting CVar [[r.Streaming.PoolSize:1000]]
[2019.11.20-16.21.14:440][  0]LogConfig: Setting CVar [[r.Streaming.MaxEffectiveScreenSize:0]]
[2019.11.20-16.21.14:440][  0]LogConfig: Applying CVar settings from Section [EffectsQuality@3] File [D:/School/Programs/ETGG 3801 Real-Time Interactive Prog 1/Unreal Projects/lab 4 missleCommander/MissleComnder/Saved/Config/Windows/Scalability.ini]
[2019.11.20-16.21.14:440][  0]LogConfig: Setting CVar [[r.TranslucencyLightingVolumeDim:64]]
[2019.11.20-16.21.14:440][  0]LogConfig: Setting CVar [[r.RefractionQuality:2]]
[2019.11.20-16.21.14:440][  0]LogConfig: Setting CVar [[r.SSR.Quality:3]]
[2019.11.20-16.21.14:440][  0]LogConfig: Setting CVar [[r.SceneColorFormat:4]]
[2019.11.20-16.21.14:440][  0]LogConfig: Setting CVar [[r.DetailMode:2]]
[2019.11.20-16.21.14:440][  0]LogConfig: Setting CVar [[r.TranslucencyVolumeBlur:1]]
[2019.11.20-16.21.14:440][  0]LogConfig: Setting CVar [[r.MaterialQualityLevel:1 ; High quality]]
[2019.11.20-16.21.14:440][  0]LogConfig: Setting CVar [[r.SSS.Scale:1]]
[2019.11.20-16.21.14:440][  0]LogConfig: Setting CVar [[r.SSS.SampleSet:2]]
[2019.11.20-16.21.14:440][  0]LogConfig: Setting CVar [[r.SSS.Quality:1]]
[2019.11.20-16.21.14:440][  0]LogConfig: Setting CVar [[r.SSS.HalfRes:1]]
[2019.11.20-16.21.14:440][  0]LogConfig: Setting CVar [[r.EmitterSpawnRateScale:1.0]]
[2019.11.20-16.21.14:440][  0]LogConfig: Setting CVar [[r.ParticleLightQuality:2]]
[2019.11.20-16.21.14:441][  0]LogConfig: Applying CVar settings from Section [FoliageQuality@3] File [D:/School/Programs/ETGG 3801 Real-Time Interactive Prog 1/Unreal Projects/lab 4 missleCommander/MissleComnder/Saved/Config/Windows/Scalability.ini]
[2019.11.20-16.21.14:441][  0]LogConfig: Setting CVar [[foliage.DensityScale:1.0]]
[2019.11.20-16.21.14:441][  0]LogConfig: Setting CVar [[grass.DensityScale:1.0]]
[2019.11.20-16.21.14:441][  0]LogConfig: Applying CVar settings from Section [Startup] File [../../../Engine/Config/ConsoleVariables.ini]
[2019.11.20-16.21.14:458][  0]LogConfig: Setting CVar [[net.UseAdaptiveNetUpdateFrequency:0]]
[2019.11.20-16.21.14:458][  0]LogConfig: Setting CVar [[p.chaos.AllowCreatePhysxBodies:1]]
[2019.11.20-16.21.14:458][  0]LogConfig: Applying CVar settings from Section [ConsoleVariables] File [D:/School/Programs/ETGG 3801 Real-Time Interactive Prog 1/Unreal Projects/lab 4 missleCommander/MissleComnder/Saved/Config/Windows/Engine.ini]
[2019.11.20-16.21.14:474][  0]LogInit: Computer: THOMASS_TOWER
[2019.11.20-16.21.14:474][  0]LogInit: User: Thoma
[2019.11.20-16.21.14:474][  0]LogInit: CPU Page size=4096, Cores=4
[2019.11.20-16.21.14:474][  0]LogInit: High frequency timer resolution =10.000000 MHz
[2019.11.20-16.21.14:520][  0]LogMemory: Memory total: Physical=15.9GB (16GB approx)
[2019.11.20-16.21.14:521][  0]LogMemory: Platform Memory Stats for Windows
[2019.11.20-16.21.14:521][  0]LogMemory: Process Physical Memory: 105.09 MB used, 105.09 MB peak
[2019.11.20-16.21.14:521][  0]LogMemory: Process Virtual Memory: 100.84 MB used, 100.84 MB peak
[2019.11.20-16.21.14:521][  0]LogMemory: Physical Memory: 6354.91 MB used,  9957.09 MB free, 16312.00 MB total
[2019.11.20-16.21.14:521][  0]LogMemory: Virtual Memory: 4669.98 MB used,  134213056.00 MB free, 134217728.00 MB total
[2019.11.20-16.21.14:532][  0]LogWindows: WindowsPlatformFeatures enabled
[2019.11.20-16.21.15:199][  0]LogInit: Using OS detected language (en-US).
[2019.11.20-16.21.15:200][  0]LogInit: Using OS detected locale (en-US).
[2019.11.20-16.21.15:212][  0]LogTextLocalizationManager: No specific localization for 'en-US' exists, so the 'en' localization will be used.
[2019.11.20-16.21.16:091][  0]LogInit: Setting process to per monitor DPI aware
[2019.11.20-16.21.16:598][  0]LogSlate: New Slate User Created.  User Index 0, Is Virtual User: 0
[2019.11.20-16.21.16:598][  0]LogSlate: Slate User Registered.  User Index 0, Is Virtual User: 0
[2019.11.20-16.21.18:343][  0]LogHMD: Failed to initialize OpenVR with code 110
[2019.11.20-16.21.18:343][  0]LogD3D11RHI: D3D11 adapters:
[2019.11.20-16.21.18:580][  0]LogD3D11RHI:    0. 'NVIDIA GeForce GTX 980 Ti' (Feature Level 11_0)
[2019.11.20-16.21.18:580][  0]LogD3D11RHI:       6097/0/8156 MB DedicatedVideo/DedicatedSystem/SharedSystem, Outputs:1, VendorId:0x10de
[2019.11.20-16.21.18:582][  0]LogD3D11RHI:    1. 'Microsoft Basic Render Driver' (Feature Level 11_0)
[2019.11.20-16.21.18:582][  0]LogD3D11RHI:       0/0/8156 MB DedicatedVideo/DedicatedSystem/SharedSystem, Outputs:0, VendorId:0x1414
[2019.11.20-16.21.18:582][  0]LogD3D11RHI: Chosen D3D11 Adapter: 0
[2019.11.20-16.21.18:617][  0]LogD3D11RHI: Creating new Direct3DDevice
[2019.11.20-16.21.18:618][  0]LogD3D11RHI:     GPU DeviceId: 0x17c8 (for the marketing name, search the web for "GPU Device Id")
[2019.11.20-16.21.18:618][  0]LogWindows: EnumDisplayDevices:
[2019.11.20-16.21.18:618][  0]LogWindows:    0. 'NVIDIA GeForce GTX 980 Ti' (P:1 D:1)
[2019.11.20-16.21.18:618][  0]LogWindows:    1. 'NVIDIA GeForce GTX 980 Ti' (P:0 D:0)
[2019.11.20-16.21.18:618][  0]LogWindows:    2. 'NVIDIA GeForce GTX 980 Ti' (P:0 D:0)
[2019.11.20-16.21.18:618][  0]LogWindows:    3. 'NVIDIA GeForce GTX 980 Ti' (P:0 D:0)
[2019.11.20-16.21.18:619][  0]LogWindows: DebugString: FoundDriverCount:4 
[2019.11.20-16.21.18:619][  0]LogD3D11RHI:     Adapter Name: NVIDIA GeForce GTX 980 Ti
[2019.11.20-16.21.18:620][  0]LogD3D11RHI:   Driver Version: 441.20 (internal:26.21.14.4120, unified:441.20)
[2019.11.20-16.21.18:620][  0]LogD3D11RHI:      Driver Date: 11-6-2019
[2019.11.20-16.21.18:620][  0]LogRHI: Texture pool is 4268 MB (70% of 6097 MB)
[2019.11.20-16.21.18:848][  0]LogD3D11RHI: Async texture creation enabled
[2019.11.20-16.21.19:320][  0]LogD3D11RHI: GPU Timing Frequency: 1000.000000 (Debug: 2 1)
[2019.11.20-16.21.20:062][  0]LogTemp: Display: Module 'AllDesktopTargetPlatform' loaded TargetPlatform 'AllDesktop'
[2019.11.20-16.21.20:101][  0]LogTemp: Display: Module 'MacClientTargetPlatform' loaded TargetPlatform 'MacClient'
[2019.11.20-16.21.20:120][  0]LogTemp: Display: Module 'MacNoEditorTargetPlatform' loaded TargetPlatform 'MacNoEditor'
[2019.11.20-16.21.20:164][  0]LogTemp: Display: Module 'MacServerTargetPlatform' loaded TargetPlatform 'MacServer'
[2019.11.20-16.21.20:263][  0]LogTemp: Display: Module 'MacTargetPlatform' loaded TargetPlatform 'Mac'
[2019.11.20-16.21.20:329][  0]LogTemp: Display: Module 'WindowsClientTargetPlatform' loaded TargetPlatform 'WindowsClient'
[2019.11.20-16.21.20:437][  0]LogTemp: Display: Module 'WindowsNoEditorTargetPlatform' loaded TargetPlatform 'WindowsNoEditor'
[2019.11.20-16.21.20:472][  0]LogTemp: Display: Module 'WindowsServerTargetPlatform' loaded TargetPlatform 'WindowsServer'
[2019.11.20-16.21.20:494][  0]LogTemp: Display: Module 'WindowsTargetPlatform' loaded TargetPlatform 'Windows'
[2019.11.20-16.21.20:680][  0]LogTemp: Display: Module 'AndroidTargetPlatform' loaded TargetPlatform 'Android'
[2019.11.20-16.21.20:681][  0]LogTemp: Display: Module 'AndroidTargetPlatform' loaded TargetPlatform 'Android_ASTC'
[2019.11.20-16.21.20:681][  0]LogTemp: Display: Module 'AndroidTargetPlatform' loaded TargetPlatform 'Android_ATC'
[2019.11.20-16.21.20:681][  0]LogTemp: Display: Module 'AndroidTargetPlatform' loaded TargetPlatform 'Android_DXT'
[2019.11.20-16.21.20:681][  0]LogTemp: Display: Module 'AndroidTargetPlatform' loaded TargetPlatform 'Android_ETC1'
[2019.11.20-16.21.20:681][  0]LogTemp: Display: Module 'AndroidTargetPlatform' loaded TargetPlatform 'Android_ETC1a'
[2019.11.20-16.21.20:681][  0]LogTemp: Display: Module 'AndroidTargetPlatform' loaded TargetPlatform 'Android_ETC2'
[2019.11.20-16.21.20:681][  0]LogTemp: Display: Module 'AndroidTargetPlatform' loaded TargetPlatform 'Android_PVRTC'
[2019.11.20-16.21.20:681][  0]LogTemp: Display: Module 'AndroidTargetPlatform' loaded TargetPlatform 'AndroidClient'
[2019.11.20-16.21.20:681][  0]LogTemp: Display: Module 'AndroidTargetPlatform' loaded TargetPlatform 'Android_ASTCClient'
[2019.11.20-16.21.20:681][  0]LogTemp: Display: Module 'AndroidTargetPlatform' loaded TargetPlatform 'Android_ATCClient'
[2019.11.20-16.21.20:681][  0]LogTemp: Display: Module 'AndroidTargetPlatform' loaded TargetPlatform 'Android_DXTClient'
[2019.11.20-16.21.20:681][  0]LogTemp: Display: Module 'AndroidTargetPlatform' loaded TargetPlatform 'Android_ETC1Client'
[2019.11.20-16.21.20:681][  0]LogTemp: Display: Module 'AndroidTargetPlatform' loaded TargetPlatform 'Android_ETC1aClient'
[2019.11.20-16.21.20:681][  0]LogTemp: Display: Module 'AndroidTargetPlatform' loaded TargetPlatform 'Android_ETC2Client'
[2019.11.20-16.21.20:681][  0]LogTemp: Display: Module 'AndroidTargetPlatform' loaded TargetPlatform 'Android_PVRTCClient'
[2019.11.20-16.21.20:681][  0]LogTemp: Display: Module 'AndroidTargetPlatform' loaded TargetPlatform 'Android_Multi'
[2019.11.20-16.21.20:681][  0]LogTemp: Display: Module 'AndroidTargetPlatform' loaded TargetPlatform 'Android_MultiClient'
[2019.11.20-16.21.20:701][  0]LogTemp: Display: Module 'HTML5TargetPlatform' loaded TargetPlatform 'HTML5'
[2019.11.20-16.21.20:821][  0]LogTemp: Display: Module 'IOSTargetPlatform' loaded TargetPlatform 'IOSClient'
[2019.11.20-16.21.20:821][  0]LogTemp: Display: Module 'IOSTargetPlatform' loaded TargetPlatform 'IOS'
[2019.11.20-16.21.20:915][  0]LogTemp: Display: Module 'TVOSTargetPlatform' loaded TargetPlatform 'TVOSClient'
[2019.11.20-16.21.20:915][  0]LogTemp: Display: Module 'TVOSTargetPlatform' loaded TargetPlatform 'TVOS'
[2019.11.20-16.21.20:931][  0]LogTemp: Display: Module 'LinuxClientTargetPlatform' loaded TargetPlatform 'LinuxClient'
[2019.11.20-16.21.20:973][  0]LogTemp: Display: Module 'LinuxNoEditorTargetPlatform' loaded TargetPlatform 'LinuxNoEditor'
[2019.11.20-16.21.21:002][  0]LogTemp: Display: Module 'LinuxServerTargetPlatform' loaded TargetPlatform 'LinuxServer'
[2019.11.20-16.21.21:038][  0]LogTemp: Display: Module 'LinuxTargetPlatform' loaded TargetPlatform 'Linux'
[2019.11.20-16.21.21:091][  0]LogTemp: Display: Module 'LuminTargetPlatform' loaded TargetPlatform 'Lumin'
[2019.11.20-16.21.21:091][  0]LogTemp: Display: Module 'LuminTargetPlatform' loaded TargetPlatform 'LuminClient'
[2019.11.20-16.21.21:091][  0]LogTargetPlatformManager: Display: Building Assets For Windows
[2019.11.20-16.21.21:232][  0]LogAudioDebug: Display: Lib vorbis DLL was dynamically loaded.
[2019.11.20-16.21.21:915][  0]LogShaderCompilers: Guid format shader working directory is -76 characters bigger than the processId version (../../../../../School/Programs/ETGG 3801 Real-Time Interactive Prog 1/Unreal Projects/lab 4 missleCommander/MissleComnder/Intermediate/Shaders/WorkingDirectory/23052/).
[2019.11.20-16.21.21:916][  0]LogShaderCompilers: Cleaned the shader compiler working directory 'C:/Users/Thoma/AppData/Local/Temp/UnrealShaderWorkingDir/96AF1D9343DE5228AF06619CA658F330/'.
[2019.11.20-16.21.21:981][  0]LogXGEController: Cleaning working directory: C:/Users/Thoma/AppData/Local/Temp/UnrealXGEWorkingDir/
[2019.11.20-16.21.21:982][  0]LogXGEController: Cannot use XGE Controller as Incredibuild is not installed on this machine.
[2019.11.20-16.21.21:982][  0]LogShaderCompilers: Cannot use XGE Shader Compiler as Incredibuild is not installed on this machine.
[2019.11.20-16.21.21:982][  0]LogShaderCompilers: Display: Using Local Shader Compiler.
[2019.11.20-16.21.25:003][  0]LogDerivedDataCache: Display: Max Cache Size: 512 MB
[2019.11.20-16.21.25:214][  0]LogDerivedDataCache: Loaded boot cache 0.21s 74MB C:/Users/Thoma/AppData/Local/UnrealEngine/4.23/DerivedDataCache/Boot.ddc.
[2019.11.20-16.21.25:215][  0]LogDerivedDataCache: Display: Loaded Boot cache: C:/Users/Thoma/AppData/Local/UnrealEngine/4.23/DerivedDataCache/Boot.ddc
[2019.11.20-16.21.25:215][  0]LogDerivedDataCache: FDerivedDataBackendGraph:  Pak pak cache file ../../../../../School/Programs/ETGG 3801 Real-Time Interactive Prog 1/Unreal Projects/lab 4 missleCommander/MissleComnder/DerivedDataCache/DDC.ddp not found, will not use a pak cache.
[2019.11.20-16.21.25:215][  0]LogDerivedDataCache: Unable to find inner node Pak for hierarchical cache Hierarchy.
[2019.11.20-16.21.25:215][  0]LogDerivedDataCache: FDerivedDataBackendGraph:  CompressedPak pak cache file ../../../../../School/Programs/ETGG 3801 Real-Time Interactive Prog 1/Unreal Projects/lab 4 missleCommander/MissleComnder/DerivedDataCache/Compressed.ddp not found, will not use a pak cache.
[2019.11.20-16.21.25:215][  0]LogDerivedDataCache: Unable to find inner node CompressedPak for hierarchical cache Hierarchy.
[2019.11.20-16.21.25:258][  0]LogDerivedDataCache: Display: Pak cache opened for reading ../../../Engine/DerivedDataCache/Compressed.ddp.
[2019.11.20-16.21.25:258][  0]LogDerivedDataCache: FDerivedDataBackendGraph:  EnterprisePak pak cache file ../../../Enterprise/DerivedDataCache/Compressed.ddp not found, will not use a pak cache.
[2019.11.20-16.21.25:258][  0]LogDerivedDataCache: Unable to find inner node EnterprisePak for hierarchical cache Hierarchy.
[2019.11.20-16.21.25:279][  0]LogDerivedDataCache: Using Local data cache path C:/Users/Thoma/AppData/Local/UnrealEngine/Common/DerivedDataCache: Writable
[2019.11.20-16.21.25:279][  0]LogDerivedDataCache: Shared data cache path not found in *engine.ini, will not use an Shared cache.
[2019.11.20-16.21.25:279][  0]LogDerivedDataCache: Unable to find inner node Shared for hierarchical cache Hierarchy.
[2019.11.20-16.21.25:338][  0]LogMaterial: Verifying Global Shaders for PCD3D_SM5
[2019.11.20-16.21.25:403][  0]LogSlate: Using FreeType 2.6.0
[2019.11.20-16.21.25:551][  0]LogSlate: SlateFontServices - WITH_FREETYPE: 1, WITH_HARFBUZZ: 1
[2019.11.20-16.21.26:617][  0]LogAssetRegistry: FAssetRegistry took 0.0064 seconds to start up
[2019.11.20-16.21.29:466][  0]LogInit: Selected Device Profile: [Windows]
[2019.11.20-16.21.31:095][  0]LogMeshReduction: Using QuadricMeshReduction for automatic static mesh reduction
[2019.11.20-16.21.31:095][  0]LogMeshReduction: Using SimplygonMeshReduction for automatic skeletal mesh reduction
[2019.11.20-16.21.31:095][  0]LogMeshReduction: Using ProxyLODMeshReduction for automatic mesh merging
[2019.11.20-16.21.31:095][  0]LogMeshReduction: No distributed automatic mesh merging module available
[2019.11.20-16.21.31:109][  0]LogMeshMerging: No distributed automatic mesh merging module available
[2019.11.20-16.21.31:503][  0]LogNetVersion: MissleComnder 1.0.0, NetCL: 8386587, EngineNetVer: 11, GameNetVer: 0 (Checksum: 2994690250)
[2019.11.20-16.21.36:338][  0]LogPackageLocalizationCache: Processed 12 localized package path(s) for 1 prioritized culture(s) in 0.126128 seconds
[2019.11.20-16.21.36:344][  0]LogUObjectArray: 43444 objects as part of root set at end of initial load.
[2019.11.20-16.21.36:344][  0]LogUObjectAllocator: 7548648 out of 0 bytes used by permanent object pool.
[2019.11.20-16.21.36:344][  0]LogUObjectArray: CloseDisregardForGC: 0/0 objects in disregard for GC pool
[2019.11.20-16.21.49:612][  0]LogTcpMessaging: Initializing TcpMessaging bridge
[2019.11.20-16.21.49:617][  0]LogUdpMessaging: Initializing bridge on interface 0.0.0.0:0 to multicast group 230.0.0.1:6666.
[2019.11.20-16.21.50:364][  0]SourceControl: Source control is disabled
[2019.11.20-16.21.50:388][  0]SourceControl: Source control is disabled
[2019.11.20-16.21.50:560][  0]SourceControl: Source control is disabled
[2019.11.20-16.21.50:591][  0]SourceControl: Source control is disabled
[2019.11.20-16.21.51:972][  0]LogAndroidPermission: UAndroidPermissionCallbackProxy::GetInstance
[2019.11.20-16.21.52:502][  0]LogOcInput: OculusInput pre-init called
[2019.11.20-16.21.52:521][  0]LogWindows: Failed to load 'OVRPlugin.dll' (GetLastError=126)
[2019.11.20-16.21.52:521][  0]LogWindows: File 'OVRPlugin.dll' does not exist
[2019.11.20-16.21.53:663][  0]LogEngine: Initializing Engine...
[2019.11.20-16.21.53:721][  0]LogHMD: Failed to initialize OpenVR with code 110
[2019.11.20-16.21.53:766][  0]LogStats: UGameplayTagsManager::InitializeManager -  0.028 s
[2019.11.20-16.21.54:519][  0]LogInit: Initializing FReadOnlyCVARCache
[2019.11.20-16.21.55:037][  0]LogAIModule: Creating AISystem for world Untitled
[2019.11.20-16.21.55:347][  0]LogInit: XAudio2 using 'Realtek Digital Output(Optical) (Realtek High Definition Audio)' : 2 channels at 48 kHz using 32 bits per sample (channel mask 0x3)
[2019.11.20-16.21.55:440][  0]LogInit: FAudioDevice initialized.
[2019.11.20-16.21.55:440][  0]LogNetVersion: Set ProjectVersion to 1.0.0.0. Version Checksum will be recalculated on next use.
[2019.11.20-16.21.55:530][  0]LogDerivedDataCache: Saved boot cache 0.09s 73MB C:/Users/Thoma/AppData/Local/UnrealEngine/4.23/DerivedDataCache/Boot.ddc.
[2019.11.20-16.21.55:530][  0]LogInit: Texture streaming: Enabled
[2019.11.20-16.21.55:663][  0]LogEngineSessionManager: EngineSessionManager initialized
[2019.11.20-16.21.55:663][  0]LogEditorSessionSummary: Verbose: Initializing EditorSessionSummaryWriter for editor session tracking
[2019.11.20-16.21.55:679][  0]LogEditorSessionSummary: EditorSessionSummaryWriter initialized
[2019.11.20-16.21.56:165][  0]LogInit: Transaction tracking system initialized
[2019.11.20-16.21.56:713][  0]BlueprintLog: New page: Editor Load
[2019.11.20-16.21.58:085][  0]LocalizationService: Localization service is disabled
[2019.11.20-16.22.00:569][  0]LogFileCache: Scanning file cache for directory 'D:/School/Programs/ETGG 3801 Real-Time Interactive Prog 1/Unreal Projects/lab 4 missleCommander/MissleComnder/Content/' took 0.21s
[2019.11.20-16.22.00:570][  0]LogCook: Display: Max memory allowance for cook 16384mb min free memory 0mb
[2019.11.20-16.22.00:570][  0]LogCook: Display: Mobile HDR setting 1
[2019.11.20-16.22.03:948][  0]SourceControl: Source control is disabled
[2019.11.20-16.22.04:029][  0]LightingResults: New page: Lighting Build
[2019.11.20-16.22.04:192][  0]LogWorld: UWorld::CleanupWorld for Untitled, bSessionEnded=true, bCleanupResources=true
[2019.11.20-16.22.04:324][  0]MapCheck: New page: Map Check
[2019.11.20-16.22.04:324][  0]LightingResults: New page: Lighting Build
[2019.11.20-16.22.04:663][  0]LogUObjectHash: Compacting FUObjectHashTables data took   6.12ms
[2019.11.20-16.22.06:575][  0]LogAIModule: Creating AISystem for world GameMap
[2019.11.20-16.22.07:354][  0]LogEditorServer: Finished looking for orphan Actors (0.000 secs)
[2019.11.20-16.22.07:535][  0]LogUObjectHash: Compacting FUObjectHashTables data took   1.77ms
[2019.11.20-16.22.07:535][  0]Cmd: MAP CHECKDEP NOCLEARLOG
[2019.11.20-16.22.07:535][  0]MapCheck: Map check complete: 0 Error(s), 0 Warning(s), took 0.259ms to complete.
[2019.11.20-16.22.07:535][  0]LogFileHelpers: Loading map 'GameMap' took 3.565
[2019.11.20-16.22.09:231][  0]LogSlate: Updating window title bar state: overlay mode, drag disabled, window buttons hidden, title bar hidden
[2019.11.20-16.22.09:259][  0]LogSlate: Updating window title bar state: overlay mode, drag disabled, window buttons hidden, title bar hidden
[2019.11.20-16.22.09:286][  0]LogSlate: Updating window title bar state: overlay mode, drag disabled, window buttons hidden, title bar hidden
[2019.11.20-16.22.09:313][  0]LogSlate: Updating window title bar state: overlay mode, drag disabled, window buttons hidden, title bar hidden
[2019.11.20-16.22.09:512][  0]LogCollectionManager: Loaded 0 collections in 0.042541 seconds
[2019.11.20-16.22.09:727][  0]LogFileCache: Scanning file cache for directory 'D:/School/Programs/ETGG 3801 Real-Time Interactive Prog 1/Unreal Projects/lab 4 missleCommander/MissleComnder/Saved/Collections/' took 0.00s
[2019.11.20-16.22.09:727][  0]LogFileCache: Scanning file cache for directory 'D:/School/Programs/ETGG 3801 Real-Time Interactive Prog 1/Unreal Projects/lab 4 missleCommander/MissleComnder/Content/Developers/Thoma/Collections/' took 0.00s
[2019.11.20-16.22.09:727][  0]LogFileCache: Scanning file cache for directory 'D:/School/Programs/ETGG 3801 Real-Time Interactive Prog 1/Unreal Projects/lab 4 missleCommander/MissleComnder/Content/Collections/' took 0.00s
[2019.11.20-16.22.09:727][  0]LogCollectionManager: Rebuilt the GUID cache for 0 collections in 0.000006 seconds
[2019.11.20-16.22.09:783][  0]LogContentBrowser: Native class hierarchy populated in 0.0535 seconds. Added 2864 classes and 682 folders.
[2019.11.20-16.22.09:937][  0]LogContentBrowser: Native class hierarchy updated for 'WidgetCarousel' in 0.0015 seconds. Added 0 classes and 0 folders.
[2019.11.20-16.22.10:783][  0]LogContentBrowser: Native class hierarchy updated for 'AddContentDialog' in 0.0015 seconds. Added 0 classes and 0 folders.
[2019.11.20-16.22.10:850][  0]LogContentBrowser: Native class hierarchy updated for 'SceneOutliner' in 0.0009 seconds. Added 1 classes and 2 folders.
[2019.11.20-16.22.11:478][  0]LogSlate: Took 0.027074 seconds to synchronously load lazily loaded font '../../../Engine/Content/Slate/Fonts/Roboto-Regular.ttf' (155K)
[2019.11.20-16.22.11:526][  0]LogSlate: Took 0.030159 seconds to synchronously load lazily loaded font '../../../Engine/Content/Slate/Fonts/Roboto-Bold.ttf' (160K)
[2019.11.20-16.22.11:605][  0]LogSlate: Took 0.037953 seconds to synchronously load lazily loaded font '../../../Engine/Content/Editor/Slate/Fonts/FontAwesome.ttf' (139K)
[2019.11.20-16.22.12:197][  0]LogRenderer: Reallocating scene render targets to support 256x256 Format 10 NumSamples 1 (Frame:1).
[2019.11.20-16.22.12:445][  0]LogRenderer: Reallocating scene render targets to support 1616x808 Format 10 NumSamples 1 (Frame:1).
[2019.11.20-16.22.12:950][  0]LogContentBrowser: Native class hierarchy updated for 'HierarchicalLODOutliner' in 0.0015 seconds. Added 0 classes and 0 folders.
[2019.11.20-16.22.12:950][  0]LogLoad: (Engine Initialization) Total time: 73.18 seconds
[2019.11.20-16.22.12:950][  0]LogLoad: (Engine Initialization) Total Blueprint compile time: 0.00 seconds
[2019.11.20-16.22.13:325][  0]LogContentStreaming: Texture pool size now 1000 MB
[2019.11.20-16.22.13:620][  1]LoadErrors: Error: /Game/BluePrints/PlayerBP : Failed import for FloatProperty /Game/Animation/PlayerAnimGraph.PlayerAnimGraph_C:walkingAmount Referenced by export Function /Game/BluePrints/PlayerBP.PlayerBP_C:ExecuteUbergraph_PlayerBP
[2019.11.20-16.22.15:170][ 22]LogAssetRegistry: Asset discovery search completed in 48.5537 seconds
[2019.11.20-16.22.15:182][ 22]LogCollectionManager: Rebuilt the object cache for 0 collections in 0.000015 seconds (found 0 objects)
[2019.11.20-16.22.15:182][ 22]LogCollectionManager: Fixed up redirectors for 0 collections in 0.000213 seconds (updated 0 objects)
[2019.11.20-16.22.18:625][427]LogFileCache: Retrieving MD5 hashes for directory 'D:/School/Programs/ETGG 3801 Real-Time Interactive Prog 1/Unreal Projects/lab 4 missleCommander/MissleComnder/Content/' took 5.58s
[2019.11.20-16.49.01:148][690]LogSlate: FSceneViewport::OnFocusLost() reason 0
[2019.11.20-16.49.01:299][704]LogSlate: Took 0.019080 seconds to synchronously load lazily loaded font '../../../Engine/Content/Slate/Fonts/Roboto-Light.ttf' (167K)
[2019.11.20-16.49.01:323][704]LogAssetEditorManager: Opening Asset editor for Class /Script/MissleComnder.worldSpawner
[2019.11.20-16.58.08:911][111]Candidate modules for hot reload:
[2019.11.20-16.58.08:911][111]  MissleComnder
[2019.11.20-16.58.08:912][111]Launching UnrealBuildTool... [D:/Epic Games/UE_4.23/Engine/Binaries/DotNET/UnrealBuildTool.exe  -ModuleWithSuffix=MissleComnder,2487 Win64 Development -TargetType=Editor -Project="D:/School/Programs/ETGG 3801 Real-Time Interactive Prog 1/Unreal Projects/lab 4 missleCommander/MissleComnder/MissleComnder.uproject" "D:/School/Programs/ETGG 3801 Real-Time Interactive Prog 1/Unreal Projects/lab 4 missleCommander/MissleComnder/MissleComnder.uproject"  -IgnoreJunk]
[2019.11.20-16.58.08:984][111]Warning: Starting HotReload took  0.2s.
[2019.11.20-16.58.12:673][506]LogRenderer: Reallocating scene render targets to support 1620x808 Format 10 NumSamples 1 (Frame:193812).
[2019.11.20-16.58.12:703][507]LogRenderer: Reallocating scene render targets to support 1624x808 Format 10 NumSamples 1 (Frame:193814).
[2019.11.20-16.58.12:728][508]LogRenderer: Reallocating scene render targets to support 1632x808 Format 10 NumSamples 1 (Frame:193816).
[2019.11.20-16.58.12:757][509]LogRenderer: Reallocating scene render targets to support 1644x808 Format 10 NumSamples 1 (Frame:193818).
[2019.11.20-16.58.12:783][510]LogRenderer: Reallocating scene render targets to support 1660x808 Format 10 NumSamples 1 (Frame:193820).
[2019.11.20-16.58.12:810][511]LogRenderer: Reallocating scene render targets to support 1676x808 Format 10 NumSamples 1 (Frame:193822).
[2019.11.20-16.58.13:028][512]LogRenderer: Reallocating scene render targets to support 1684x808 Format 10 NumSamples 1 (Frame:193824).
[2019.11.20-16.58.13:059][513]LogRenderer: Reallocating scene render targets to support 1692x808 Format 10 NumSamples 1 (Frame:193826).
[2019.11.20-16.59.01:292][277]CompilerResultsLog: New page: Compilation - Nov 20, 2019, 6:59:01 AM
[2019.11.20-16.59.01:292][277]CompilerResultsLog: Creating makefile for MissleComnderEditor (Build.version is newer)
[2019.11.20-16.59.01:292][277]CompilerResultsLog: Parsing headers for MissleComnderEditor
[2019.11.20-16.59.01:293][277]CompilerResultsLog:   Running UnrealHeaderTool "D:\School\Programs\ETGG 3801 Real-Time Interactive Prog 1\Unreal Projects\lab 4 missleCommander\MissleComnder\MissleComnder.uproject" "D:\School\Programs\ETGG 3801 Real-Time Interactive Prog 1\Unreal Projects\lab 4 missleCommander\MissleComnder\Intermediate\Build\Win64\MissleComnderEditor\Development\MissleComnderEditor.uhtmanifest" -LogCmds="loginit warning, logexit warning, logdatabase error" -Unattended -WarningsAsErrors -installed
[2019.11.20-16.59.01:293][277]CompilerResultsLog: Reflection code generated for MissleComnderEditor in 16.9873727 seconds
[2019.11.20-16.59.01:293][277]CompilerResultsLog: Using Visual Studio 2019 14.23.28105 toolchain (C:\Program Files (x86)\Microsoft Visual Studio\2019\Community\VC\Tools\MSVC\14.23.28105) and Windows 10.0.18362.0 SDK (C:\Program Files (x86)\Windows Kits\10).
[2019.11.20-16.59.01:293][277]CompilerResultsLog: Building 8 actions with 8 processes...
[2019.11.20-16.59.01:293][277]CompilerResultsLog:   [1/8] SharedPCH.Engine.cpp
[2019.11.20-16.59.01:293][277]CompilerResultsLog:   [2/8] MissleComnder.init.gen.cpp
[2019.11.20-16.59.01:293][277]CompilerResultsLog:   [3/8] MissleComnder.cpp
[2019.11.20-16.59.01:293][277]CompilerResultsLog:   [4/8] worldSpawner.gen.cpp
[2019.11.20-16.59.01:293][277]CompilerResultsLog:   [5/8] worldSpawner.cpp
[2019.11.20-16.59.01:293][277]CompilerResultsLog:   [6/8] UE4Editor-MissleComnder-2487.lib
[2019.11.20-16.59.01:293][277]CompilerResultsLog:      Creating library D:\School\Programs\ETGG 3801 Real-Time Interactive Prog 1\Unreal Projects\lab 4 missleCommander\MissleComnder\Intermediate\Build\Win64\UE4Editor\Development\MissleComnder\UE4Editor-MissleComnder-2487.lib and object D:\School\Programs\ETGG 3801 Real-Time Interactive Prog 1\Unreal Projects\lab 4 missleCommander\MissleComnder\Intermediate\Build\Win64\UE4Editor\Development\MissleComnder\UE4Editor-MissleComnder-2487.exp
[2019.11.20-16.59.01:293][277]CompilerResultsLog:   [7/8] UE4Editor-MissleComnder-2487.dll
[2019.11.20-16.59.01:293][277]CompilerResultsLog:      Creating library D:\School\Programs\ETGG 3801 Real-Time Interactive Prog 1\Unreal Projects\lab 4 missleCommander\MissleComnder\Intermediate\Build\Win64\UE4Editor\Development\MissleComnder\UE4Editor-MissleComnder-2487.suppressed.lib and object D:\School\Programs\ETGG 3801 Real-Time Interactive Prog 1\Unreal Projects\lab 4 missleCommander\MissleComnder\Intermediate\Build\Win64\UE4Editor\Development\MissleComnder\UE4Editor-MissleComnder-2487.suppressed.exp
[2019.11.20-16.59.01:293][277]CompilerResultsLog:   [8/8] MissleComnderEditor.target
[2019.11.20-16.59.01:293][277]CompilerResultsLog: Total time in Parallel executor: 28.31 seconds
[2019.11.20-16.59.01:293][277]CompilerResultsLog: Total execution time: 52.09 seconds
[2019.11.20-16.59.01:293][277]LogMainFrame: MainFrame: Module compiling took 52.481 seconds
[2019.11.20-16.59.01:380][277]LogUObjectHash: Compacting FUObjectHashTables data took   0.63ms
[2019.11.20-16.59.01:404][277]LogHotReload: Re-instancing worldSpawner after hot-reload.
[2019.11.20-16.59.02:294][277]LogContentBrowser: Native class hierarchy updated for 'MissleComnder' in 0.0004 seconds. Added 1 classes and 2 folders.
[2019.11.20-16.59.02:296][277]Display: HotReload successful (0 functions remapped  0 scriptstructs remapped)
[2019.11.20-16.59.02:391][277]LogUObjectHash: Compacting FUObjectHashTables data took   1.28ms
[2019.11.20-16.59.02:512][277]LogContentBrowser: Native class hierarchy populated in 0.0061 seconds. Added 2865 classes and 684 folders.
[2019.11.20-16.59.02:640][277]Display: HotReload took 53.8s.
[2019.11.20-16.59.41:956][646]LogUObjectHash: Compacting FUObjectHashTables data took   0.51ms
[2019.11.20-16.59.42:264][646]LogSlate: Window 'MissleComnder - Unreal Editor' being destroyed
[2019.11.20-16.59.42:265][646]LogWindowsTextInputMethodSystem: Display: IME system now deactivated.
[2019.11.20-16.59.42:870][647]Cmd: QUIT_EDITOR
[2019.11.20-16.59.43:389][647]LogExit: Preparing to exit.
[2019.11.20-16.59.44:265][647]LogDemo: Cleaned up 0 splitscreen connections with owner deletion
[2019.11.20-16.59.44:487][647]LogWorld: UWorld::CleanupWorld for None, bSessionEnded=true, bCleanupResources=true
[2019.11.20-16.59.44:487][647]LogExit: Editor shut down
[2019.11.20-16.59.44:488][647]LogExit: Transaction tracking system shut down
[2019.11.20-16.59.46:726][647]LogExit: Object subsystem successfully closed.
[2019.11.20-16.59.46:991][647]LogShaderCompilers: Display: Shaders left to compile 0
[2019.11.20-16.59.48:457][647]LogModuleManager: Shutting down and abandoning module MissleComnder (671)
[2019.11.20-16.59.48:457][647]LogModuleManager: Shutting down and abandoning module HierarchicalLODOutliner (670)
[2019.11.20-16.59.48:457][647]LogModuleManager: Shutting down and abandoning module SceneOutliner (668)
[2019.11.20-16.59.48:457][647]LogModuleManager: Shutting down and abandoning module AddContentDialog (666)
[2019.11.20-16.59.48:473][647]LogModuleManager: Shutting down and abandoning module WidgetCarousel (665)
[2019.11.20-16.59.48:474][647]LogModuleManager: Shutting down and abandoning module EditorWidgets (662)
[2019.11.20-16.59.48:474][647]LogModuleManager: Shutting down and abandoning module CollectionManager (660)
[2019.11.20-16.59.48:490][647]LogModuleManager: Shutting down and abandoning module StatsViewer (658)
[2019.11.20-16.59.48:505][647]LogModuleManager: Shutting down and abandoning module VirtualTexturingEditor (656)
[2019.11.20-16.59.48:505][647]LogModuleManager: Shutting down and abandoning module FoliageEdit (654)
[2019.11.20-16.59.48:524][647]LogModuleManager: Shutting down and abandoning module LandscapeEditor (652)
[2019.11.20-16.59.48:633][647]LogModuleManager: Shutting down and abandoning module MeshPaintMode (650)
[2019.11.20-16.59.48:633][647]LogModuleManager: Shutting down and abandoning module SceneDepthPickerMode (648)
[2019.11.20-16.59.48:633][647]LogModuleManager: Shutting down and abandoning module ActorPickerMode (646)
[2019.11.20-16.59.48:633][647]LogModuleManager: Shutting down and abandoning module GeometryMode (644)
[2019.11.20-16.59.48:655][647]LogModuleManager: Shutting down and abandoning module TextureAlignMode (642)
[2019.11.20-16.59.48:655][647]LogModuleManager: Shutting down and abandoning module BspMode (640)
[2019.11.20-16.59.48:655][647]LogModuleManager: Shutting down and abandoning module PIEPreviewDeviceProfileSelector (638)
[2019.11.20-16.59.48:682][647]LogModuleManager: Shutting down and abandoning module SequenceRecorderSections (636)
[2019.11.20-16.59.48:695][647]LogModuleManager: Shutting down and abandoning module AutomationWorker (634)
[2019.11.20-16.59.48:695][647]LogModuleManager: Shutting down and abandoning module OculusMR (632)
[2019.11.20-16.59.48:695][647]LogModuleManager: Shutting down and abandoning module AudioCaptureEditor (630)
[2019.11.20-16.59.48:695][647]LogModuleManager: Shutting down and abandoning module MatineeToLevelSequence (628)
[2019.11.20-16.59.48:713][647]LogModuleManager: Shutting down and abandoning module LevelSequenceEditor (626)
[2019.11.20-16.59.48:759][647]LogModuleManager: Shutting down and abandoning module PlacementMode (625)
[2019.11.20-16.59.48:760][647]LogModuleManager: Shutting down and abandoning module MaterialEditor (624)
[2019.11.20-16.59.48:830][647]LogModuleManager: Shutting down and abandoning module ActorSequenceEditor (620)
[2019.11.20-16.59.48:857][647]LogModuleManager: Shutting down and abandoning module WmfMediaFactory (618)
[2019.11.20-16.59.48:857][647]LogModuleManager: Shutting down and abandoning module WmfMediaEditor (616)
[2019.11.20-16.59.48:857][647]LogModuleManager: Shutting down and abandoning module WebMMediaFactory (614)
[2019.11.20-16.59.48:857][647]LogModuleManager: Shutting down and abandoning module WebMMediaEditor (612)
[2019.11.20-16.59.48:857][647]LogModuleManager: Shutting down and abandoning module WebMMedia (610)
[2019.11.20-16.59.48:871][647]LogModuleManager: Shutting down and abandoning module MediaPlayerEditor (608)
[2019.11.20-16.59.48:884][647]LogModuleManager: Shutting down and abandoning module MediaCompositingEditor (606)
[2019.11.20-16.59.48:917][647]LogModuleManager: Shutting down and abandoning module SequenceRecorder (605)
[2019.11.20-16.59.48:917][647]LogModuleManager: Shutting down and abandoning module OpenExrWrapper (602)
[2019.11.20-16.59.48:917][647]LogModuleManager: Shutting down and abandoning module ImgMediaFactory (600)
[2019.11.20-16.59.48:917][647]LogModuleManager: Shutting down and abandoning module ImgMediaEditor (598)
[2019.11.20-16.59.48:917][647]LogModuleManager: Shutting down and abandoning module AvfMediaFactory (596)
[2019.11.20-16.59.48:917][647]LogModuleManager: Shutting down and abandoning module AvfMediaEditor (594)
[2019.11.20-16.59.48:917][647]LogModuleManager: Shutting down and abandoning module AndroidMediaFactory (592)
[2019.11.20-16.59.48:918][647]LogModuleManager: Shutting down and abandoning module AndroidMediaEditor (590)
[2019.11.20-16.59.48:918][647]LogModuleManager: Shutting down and abandoning module MagicLeapCameraPreviewFactory (588)
[2019.11.20-16.59.48:918][647]LogModuleManager: Shutting down and abandoning module MagicLeapMediaCodecFactory (586)
[2019.11.20-16.59.48:918][647]LogModuleManager: Shutting down and abandoning module MagicLeapMediaFactory (584)
[2019.11.20-16.59.48:918][647]LogModuleManager: Shutting down and abandoning module MagicLeapMediaEditor (582)
[2019.11.20-16.59.48:918][647]LogModuleManager: Shutting down and abandoning module CharacterAI (580)
[2019.11.20-16.59.48:918][647]LogModuleManager: Shutting down and abandoning module SmartSnapping (578)
[2019.11.20-16.59.48:918][647]LogModuleManager: Shutting down and abandoning module SessionServices (576)
[2019.11.20-16.59.48:918][647]LogModuleManager: Shutting down and abandoning module MeshPaint (574)
[2019.11.20-16.59.48:934][647]LogModuleManager: Shutting down and abandoning module ViewportSnapping (572)
[2019.11.20-16.59.48:934][647]LogModuleManager: Shutting down and abandoning module ViewportInteraction (570)
[2019.11.20-16.59.48:934][647]LogModuleManager: Shutting down and abandoning module ClothPainter (568)
[2019.11.20-16.59.48:978][647]LogModuleManager: Shutting down and abandoning module SkeletalMeshEditor (567)
[2019.11.20-16.59.49:004][647]LogModuleManager: Shutting down and abandoning module LogVisualizer (564)
[2019.11.20-16.59.49:005][647]LogModuleManager: Shutting down and abandoning module IntroTutorials (562)
[2019.11.20-16.59.49:005][647]LogModuleManager: Shutting down and abandoning module GameProjectGeneration (561)
[2019.11.20-16.59.49:015][647]LogModuleManager: Shutting down and abandoning module LuminPlatformEditor (558)
[2019.11.20-16.59.49:015][647]LogModuleManager: Shutting down and abandoning module IOSPlatformEditor (556)
[2019.11.20-16.59.49:022][647]LogModuleManager: Shutting down and abandoning module HTML5PlatformEditor (554)
[2019.11.20-16.59.49:022][647]LogModuleManager: Shutting down and abandoning module AndroidPlatformEditor (552)
[2019.11.20-16.59.49:022][647]LogModuleManager: Shutting down and abandoning module AndroidDeviceDetection (551)
[2019.11.20-16.59.49:733][647]LogModuleManager: Shutting down and abandoning module WindowsPlatformEditor (548)
[2019.11.20-16.59.49:733][647]LogModuleManager: Shutting down and abandoning module LuminRuntimeSettings (546)
[2019.11.20-16.59.49:734][647]LogModuleManager: Shutting down and abandoning module IOSRuntimeSettings (544)
[2019.11.20-16.59.49:734][647]LogModuleManager: Shutting down and abandoning module AndroidRuntimeSettings (542)
[2019.11.20-16.59.49:734][647]LogModuleManager: Shutting down and abandoning module TimeManagementEditor (540)
[2019.11.20-16.59.49:734][647]LogModuleManager: Shutting down and abandoning module InputBindingEditor (538)
[2019.11.20-16.59.49:734][647]LogModuleManager: Shutting down and abandoning module MergeActors (536)
[2019.11.20-16.59.49:755][647]LogModuleManager: Shutting down and abandoning module LocalizationDashboard (534)
[2019.11.20-16.59.49:775][647]LogModuleManager: Shutting down and abandoning module LocalizationService (533)
[2019.11.20-16.59.49:786][647]LogModuleManager: Shutting down and abandoning module HardwareTargeting (530)
[2019.11.20-16.59.49:786][647]LogModuleManager: Shutting down and abandoning module DeviceProfileEditor (528)
[2019.11.20-16.59.49:802][647]LogModuleManager: Shutting down and abandoning module UndoHistory (526)
[2019.11.20-16.59.49:820][647]LogModuleManager: Shutting down and abandoning module XmlParser (524)
[2019.11.20-16.59.49:838][647]LogModuleManager: Shutting down and abandoning module Blutility (522)
[2019.11.20-16.59.49:856][647]LogModuleManager: Shutting down and abandoning module ProjectSettingsViewer (520)
[2019.11.20-16.59.49:856][647]LogModuleManager: Shutting down and abandoning module ProjectTargetPlatformEditor (519)
[2019.11.20-16.59.49:856][647]LogModuleManager: Shutting down and abandoning module EditorSettingsViewer (516)
[2019.11.20-16.59.49:856][647]LogModuleManager: Shutting down and abandoning module SettingsEditor (514)
[2019.11.20-16.59.49:880][647]LogModuleManager: Shutting down and abandoning module ProjectLauncher (512)
[2019.11.20-16.59.49:890][647]LogModuleManager: Shutting down and abandoning module SessionFrontend (510)
[2019.11.20-16.59.49:902][647]LogModuleManager: Shutting down and abandoning module ProfilerClient (508)
[2019.11.20-16.59.49:912][647]LogModuleManager: Shutting down and abandoning module DeviceManager (506)
[2019.11.20-16.59.49:928][647]LogModuleManager: Shutting down and abandoning module TargetDeviceServices (505)
[2019.11.20-16.59.50:016][647]LogModuleManager: Shutting down and abandoning module AutomationController (502)
[2019.11.20-16.59.50:038][647]LogModuleManager: Shutting down and abandoning module AutomationWindow (500)
[2019.11.20-16.59.50:055][647]LogModuleManager: Shutting down and abandoning module Layers (498)
[2019.11.20-16.59.50:077][647]LogModuleManager: Shutting down and abandoning module ComponentVisualizers (496)
[2019.11.20-16.59.50:077][647]LogModuleManager: Shutting down and abandoning module DetailCustomizations (494)
[2019.11.20-16.59.50:098][647]LogModuleManager: Shutting down and abandoning module PackagesDialog (492)
[2019.11.20-16.59.50:125][647]LogModuleManager: Shutting down and abandoning module AnimationBlueprintEditor (490)
[2019.11.20-16.59.50:189][647]LogModuleManager: Shutting down and abandoning module Persona (488)
[2019.11.20-16.59.50:220][647]LogModuleManager: Shutting down and abandoning module AdvancedPreviewScene (487)
[2019.11.20-16.59.50:220][647]LogModuleManager: Shutting down and abandoning module AnimGraph (485)
[2019.11.20-16.59.50:220][647]LogModuleManager: Shutting down and abandoning module Kismet (482)
[2019.11.20-16.59.50:238][647]LogModuleManager: Shutting down and abandoning module KismetWidgets (481)
[2019.11.20-16.59.50:270][647]LogModuleManager: Shutting down and abandoning module GraphEditor (478)
[2019.11.20-16.59.50:302][647]LogModuleManager: Shutting down and abandoning module StructViewer (476)
[2019.11.20-16.59.50:302][647]LogModuleManager: Shutting down and abandoning module ClassViewer (474)
[2019.11.20-16.59.50:302][647]LogModuleManager: Shutting down and abandoning module Toolbox (472)
[2019.11.20-16.59.50:302][647]LogModuleManager: Shutting down and abandoning module DesktopPlatform (471)
[2019.11.20-16.59.50:326][647]LogModuleManager: Shutting down and abandoning module ModuleUI (468)
[2019.11.20-16.59.50:337][647]LogModuleManager: Shutting down and abandoning module MovieSceneTools (466)
[2019.11.20-16.59.50:365][647]LogModuleManager: Shutting down and abandoning module OutputLog (464)
[2019.11.20-16.59.50:378][647]LogModuleManager: Shutting down and abandoning module GammaUI (462)
[2019.11.20-16.59.50:389][647]LogModuleManager: Shutting down and abandoning module Documentation (460)
[2019.11.20-16.59.50:389][647]LogModuleManager: Shutting down and abandoning module LiveCoding (458)
[2019.11.20-16.59.50:468][647]LogModuleManager: Shutting down and abandoning module LevelSequence (456)
[2019.11.20-16.59.50:468][647]LogModuleManager: Shutting down and abandoning module MovieSceneTracks (454)
[2019.11.20-16.59.50:468][647]LogModuleManager: Shutting down and abandoning module MovieScene (452)
[2019.11.20-16.59.50:481][647]LogModuleManager: Shutting down and abandoning module StreamingPauseRendering (450)
[2019.11.20-16.59.50:491][647]LogModuleManager: Shutting down and abandoning module LauncherPlatform (448)
[2019.11.20-16.59.50:491][647]LogModuleManager: Shutting down and abandoning module AnalyticsET (446)
[2019.11.20-16.59.50:491][647]LogModuleManager: Shutting down and abandoning module PortalServices (444)
[2019.11.20-16.59.50:491][647]LogModuleManager: Shutting down and abandoning module PortalRpc (442)
[2019.11.20-16.59.50:491][647]LogModuleManager: Shutting down and abandoning module MessagingRpc (440)
[2019.11.20-16.59.50:491][647]LogModuleManager: Shutting down and abandoning module AIModule (438)
[2019.11.20-16.59.50:500][647]LogModuleManager: Shutting down and abandoning module GameplayDebugger (437)
[2019.11.20-16.59.50:523][647]LogModuleManager: Shutting down and abandoning module AITestSuite (435)
[2019.11.20-16.59.50:523][647]LogModuleManager: Shutting down and abandoning module NavigationSystem (433)
[2019.11.20-16.59.50:523][647]LogModuleManager: Shutting down and abandoning module ImageWriteQueue (430)
[2019.11.20-16.59.50:533][647]LogModuleManager: Shutting down and abandoning module ProfilerService (428)
[2019.11.20-16.59.50:760][647]LogModuleManager: Shutting down and abandoning module TaskGraph (426)
[2019.11.20-16.59.50:785][647]LogModuleManager: Shutting down and abandoning module ScreenshotTools (424)
[2019.11.20-16.59.50:785][647]LogModuleManager: Shutting down and abandoning module SteamVRController (422)
[2019.11.20-16.59.50:785][647]LogModuleManager: Shutting down and abandoning module ProceduralMeshComponentEditor (420)
[2019.11.20-16.59.50:785][647]LogModuleManager: Shutting down and abandoning module ProceduralMeshComponent (418)
[2019.11.20-16.59.50:785][647]LogModuleManager: Shutting down and abandoning module OculusEditor (416)
[2019.11.20-16.59.50:785][647]LogModuleManager: Shutting down and abandoning module OculusInput (414)
[2019.11.20-16.59.50:786][647]LogModuleManager: Shutting down and abandoning module MobilePatchingUtils (412)
[2019.11.20-16.59.50:786][647]LogModuleManager: Shutting down and abandoning module EditableMesh (410)
[2019.11.20-16.59.50:786][647]LogModuleManager: Shutting down and abandoning module CustomMeshComponent (408)
[2019.11.20-16.59.50:786][647]LogModuleManager: Shutting down and abandoning module CableComponent (406)
[2019.11.20-16.59.50:786][647]LogModuleManager: Shutting down and abandoning module AudioCapture (404)
[2019.11.20-16.59.50:786][647]LogModuleManager: Shutting down and abandoning module ArchVisCharacter (402)
[2019.11.20-16.59.50:786][647]LogModuleManager: Shutting down and abandoning module AppleImageUtilsBlueprintSupport (400)
[2019.11.20-16.59.50:786][647]LogModuleManager: Shutting down and abandoning module AppleImageUtils (398)
[2019.11.20-16.59.50:786][647]LogModuleManager: Shutting down and abandoning module AndroidPermission (396)
[2019.11.20-16.59.50:786][647]LogModuleManager: Shutting down and abandoning module NUTUnrealEngine4 (394)
[2019.11.20-16.59.50:791][647]LogModuleManager: Shutting down and abandoning module NetcodeUnitTest (392)
[2019.11.20-16.59.50:803][647]LogModuleManager: Shutting down and abandoning module MediaCompositing (390)
[2019.11.20-16.59.50:803][647]LogModuleManager: Shutting down and abandoning module ImgMedia (388)
[2019.11.20-16.59.50:817][647]LogModuleManager: Shutting down and abandoning module MagicLeapHelperVulkan (386)
[2019.11.20-16.59.50:817][647]LogModuleManager: Shutting down and abandoning module MagicLeapHelperOpenGL (384)
[2019.11.20-16.59.50:817][647]LogModuleManager: Shutting down and abandoning module MagicLeapAudio (382)
[2019.11.20-16.59.50:817][647]LogModuleManager: Shutting down and abandoning module HTML5Networking (380)
[2019.11.20-16.59.50:817][647]LogModuleManager: Shutting down and abandoning module GeometryCacheTracks (378)
[2019.11.20-16.59.50:817][647]LogModuleManager: Shutting down and abandoning module GeometryCacheSequencer (376)
[2019.11.20-16.59.50:817][647]LogModuleManager: Shutting down and abandoning module BackChannel (374)
[2019.11.20-16.59.50:827][647]LogModuleManager: Shutting down and abandoning module AutomationUtilsEditor (372)
[2019.11.20-16.59.50:827][647]LogModuleManager: Shutting down and abandoning module AutomationUtils (370)
[2019.11.20-16.59.50:827][647]LogModuleManager: Shutting down and abandoning module AlembicImporter (368)
[2019.11.20-16.59.50:832][647]LogModuleManager: Shutting down and abandoning module AlembicLibrary (367)
[2019.11.20-16.59.50:832][647]LogModuleManager: Shutting down and abandoning module GeometryCache (366)
[2019.11.20-16.59.50:832][647]LogModuleManager: Shutting down and abandoning module GeometryCacheEd (365)
[2019.11.20-16.59.50:832][647]LogModuleManager: Shutting down and abandoning module VariantManagerContent (360)
[2019.11.20-16.59.50:832][647]LogModuleManager: Shutting down and abandoning module DatasmithContentEditor (358)
[2019.11.20-16.59.50:832][647]LogModuleManager: Shutting down and abandoning module SpeedTreeImporter (356)
[2019.11.20-16.59.50:832][647]LogModuleManager: Shutting down and abandoning module PluginBrowser (354)
[2019.11.20-16.59.50:851][647]LogModuleManager: Shutting down and abandoning module MobileLauncherProfileWizard (352)
[2019.11.20-16.59.50:862][647]LogModuleManager: Shutting down and abandoning module MaterialAnalyzer (350)
[2019.11.20-16.59.50:874][647]LogModuleManager: Shutting down and abandoning module CurveEditorTools (348)
[2019.11.20-16.59.50:900][647]LogModuleManager: Shutting down and abandoning module CurveEditor (347)
[2019.11.20-16.59.50:944][647]LogModuleManager: Shutting down and abandoning module CryptoKeysOpenSSL (344)
[2019.11.20-16.59.50:944][647]LogModuleManager: Shutting down and abandoning module CryptoKeys (342)
[2019.11.20-16.59.50:944][647]LogModuleManager: Shutting down and abandoning module VisualStudioSourceCodeAccess (340)
[2019.11.20-16.59.50:944][647]LogModuleManager: Shutting down and abandoning module VisualStudioCodeSourceCodeAccess (338)
[2019.11.20-16.59.50:944][647]LogModuleManager: Shutting down and abandoning module UObjectPlugin (336)
[2019.11.20-16.59.50:944][647]LogModuleManager: Shutting down and abandoning module SubversionSourceControl (334)
[2019.11.20-16.59.50:967][647]LogModuleManager: Shutting down and abandoning module PerforceSourceControl (332)
[2019.11.20-16.59.50:995][647]LogModuleManager: Shutting down and abandoning module GitSourceControl (330)
[2019.11.20-16.59.51:003][647]LogModuleManager: Shutting down and abandoning module SourceControl (329)
[2019.11.20-16.59.51:003][647]LogModuleManager: Shutting down and abandoning module CLionSourceCodeAccess (326)
[2019.11.20-16.59.51:003][647]LogModuleManager: Shutting down and abandoning module AnimationSharingEd (324)
[2019.11.20-16.59.51:004][647]LogModuleManager: Shutting down and abandoning module ActorLayerUtilitiesEditor (322)
[2019.11.20-16.59.51:004][647]LogModuleManager: Shutting down and abandoning module ActorLayerUtilities (320)
[2019.11.20-16.59.51:004][647]LogModuleManager: Shutting down and abandoning module LightPropagationVolumeEditor (318)
[2019.11.20-16.59.51:004][647]LogModuleManager: Shutting down and abandoning module PaperTiledImporter (316)
[2019.11.20-16.59.51:004][647]LogModuleManager: Shutting down and abandoning module PaperSpriteSheetImporter (314)
[2019.11.20-16.59.51:004][647]LogModuleManager: Shutting down and abandoning module Paper2DEditor (312)
[2019.11.20-16.59.51:031][647]LogModuleManager: Shutting down and abandoning module SignificanceManager (308)
[2019.11.20-16.59.51:031][647]LogModuleManager: Shutting down and abandoning module RuntimePhysXCooking (306)
[2019.11.20-16.59.51:031][647]LogModuleManager: Shutting down and abandoning module PhysXVehiclesEditor (304)
[2019.11.20-16.59.51:031][647]LogModuleManager: Shutting down and abandoning module LocationServicesBPLibrary (300)
[2019.11.20-16.59.51:031][647]LogModuleManager: Shutting down and abandoning module ActorSequence (298)
[2019.11.20-16.59.51:031][647]LogModuleManager: Shutting down and abandoning module UdpMessaging (296)
[2019.11.20-16.59.51:133][647]LogModuleManager: Shutting down and abandoning module TcpMessaging (294)
[2019.11.20-16.59.51:233][647]LogModuleManager: Shutting down and abandoning module MagicLeapIdentity (292)
[2019.11.20-16.59.51:233][647]LogModuleManager: Shutting down and abandoning module MagicLeapSecureStorage (290)
[2019.11.20-16.59.51:233][647]LogModuleManager: Shutting down and abandoning module MagicLeapHandTracking (288)
[2019.11.20-16.59.51:248][647]LogModuleManager: Shutting down and abandoning module MagicLeapEyeTracker (286)
[2019.11.20-16.59.51:248][647]LogModuleManager: Shutting down and abandoning module MagicLeapController (284)
[2019.11.20-16.59.51:248][647]LogSlate: Slate User Destroyed.  User Index 0, Is Virtual User: 0
[2019.11.20-16.59.51:248][647]LogModuleManager: Shutting down and abandoning module MagicLeapAR (282)
[2019.11.20-16.59.51:248][647]LogModuleManager: Shutting down and abandoning module AugmentedReality (281)
[2019.11.20-16.59.51:248][647]LogModuleManager: Shutting down and abandoning module GameplayTagsEditor (278)
[2019.11.20-16.59.51:256][647]LogModuleManager: Shutting down and abandoning module FacialAnimationEditor (276)
[2019.11.20-16.59.51:256][647]LogModuleManager: Shutting down and abandoning module FacialAnimation (274)
[2019.11.20-16.59.51:256][647]LogModuleManager: Shutting down and abandoning module DataValidation (272)
[2019.11.20-16.59.51:274][647]LogModuleManager: Shutting down and abandoning module AssetManagerEditor (270)
[2019.11.20-16.59.51:286][647]LogModuleManager: Shutting down and abandoning module LevelEditor (269)
[2019.11.20-16.59.51:323][647]LogModuleManager: Shutting down and abandoning module PixelInspectorModule (268)
[2019.11.20-16.59.51:346][647]LogModuleManager: Shutting down and abandoning module CommonMenuExtensions (266)
[2019.11.20-16.59.51:347][647]LogModuleManager: Shutting down and abandoning module MainFrame (264)
[2019.11.20-16.59.51:347][647]LogModuleManager: Shutting down and abandoning module HotReload (263)
[2019.11.20-16.59.51:347][647]LogModuleManager: Shutting down and abandoning module ContentBrowser (259)
[2019.11.20-16.59.51:348][647]LogModuleManager: Shutting down and abandoning module TreeMap (257)
[2019.11.20-16.59.51:368][647]LogModuleManager: Shutting down and abandoning module AnimationSharing (254)
[2019.11.20-16.59.51:368][647]LogModuleManager: Shutting down and abandoning module LightPropagationVolumeRuntime (252)
[2019.11.20-16.59.51:370][647]LogModuleManager: Shutting down and abandoning module Paper2D (250)
[2019.11.20-16.59.51:384][647]LogModuleManager: Shutting down and abandoning module WindowsMoviePlayer (248)
[2019.11.20-16.59.51:390][647]LogModuleManager: Shutting down and abandoning module WebMMoviePlayer (246)
[2019.11.20-16.59.51:390][647]LogModuleManager: Shutting down and abandoning module NetworkReplayStreaming (244)
[2019.11.20-16.59.51:390][647]LogModuleManager: Shutting down and abandoning module PacketHandler (242)
[2019.11.20-16.59.51:390][647]LogModuleManager: Shutting down and abandoning module ClothingSystemEditor (240)
[2019.11.20-16.59.51:390][647]LogModuleManager: Shutting down and abandoning module ClothingSystemRuntime (238)
[2019.11.20-16.59.51:438][647]LogModuleManager: Shutting down and abandoning module MediaAssets (236)
[2019.11.20-16.59.51:438][647]LogModuleManager: Shutting down and abandoning module Overlay (234)
[2019.11.20-16.59.51:439][647]LogModuleManager: Shutting down and abandoning module OverlayEditor (233)
[2019.11.20-16.59.51:439][647]LogModuleManager: Shutting down and abandoning module VREditor (230)
[2019.11.20-16.59.51:460][647]LogModuleManager: Shutting down and abandoning module StringTableEditor (228)
[2019.11.20-16.59.51:481][647]LogModuleManager: Shutting down and abandoning module GameplayTasksEditor (226)
[2019.11.20-16.59.51:481][647]LogModuleManager: Shutting down and abandoning module BehaviorTreeEditor (224)
[2019.11.20-16.59.51:503][647]LogModuleManager: Shutting down and abandoning module FunctionalTesting (222)
[2019.11.20-16.59.51:520][647]LogModuleManager: Shutting down and abandoning module CollisionAnalyzer (220)
[2019.11.20-16.59.51:544][647]LogModuleManager: Shutting down and abandoning module WorkspaceMenuStructure (219)
[2019.11.20-16.59.51:544][647]LogModuleManager: Shutting down and abandoning module UMG (216)
[2019.11.20-16.59.51:562][647]LogModuleManager: Shutting down and abandoning module UMGEditor (215)
[2019.11.20-16.59.51:567][647]LogModuleManager: Shutting down and abandoning module Sequencer (214)
[2019.11.20-16.59.51:747][647]LogModuleManager: Shutting down and abandoning module MessageLog (211)
[2019.11.20-16.59.51:747][647]LogModuleManager: Shutting down and abandoning module SlateReflector (206)
[2019.11.20-16.59.51:790][647]LogModuleManager: Shutting down and abandoning module Slate (204)
[2019.11.20-16.59.51:790][647]LogModuleManager: Shutting down and abandoning module LandscapeEditorUtilities (202)
[2019.11.20-16.59.51:790][647]LogModuleManager: Shutting down and abandoning module EditorStyle (200)
[2019.11.20-16.59.51:793][647]LogModuleManager: Shutting down and abandoning module UnrealEd (198)
[2019.11.20-16.59.51:793][647]LogModuleManager: Shutting down and abandoning module MRMesh (196)
[2019.11.20-16.59.51:793][647]LogModuleManager: Shutting down and abandoning module SourceCodeAccess (194)
[2019.11.20-16.59.51:793][647]LogModuleManager: Shutting down and abandoning module HeadMountedDisplay (192)
[2019.11.20-16.59.51:793][647]LogModuleManager: Shutting down and abandoning module XAudio2 (190)
[2019.11.20-16.59.51:794][647]LogModuleManager: Shutting down and abandoning module Networking (188)
[2019.11.20-16.59.51:794][647]LogModuleManager: Shutting down and abandoning module Core (186)
[2019.11.20-16.59.51:794][647]LogModuleManager: Shutting down and abandoning module KismetCompiler (184)
[2019.11.20-16.59.51:794][647]LogModuleManager: Shutting down and abandoning module MeshUtilities (182)
[2019.11.20-16.59.51:794][647]LogModuleManager: Shutting down and abandoning module MeshMergeUtilities (181)
[2019.11.20-16.59.51:811][647]LogModuleManager: Shutting down and abandoning module MeshReductionInterface (180)
[2019.11.20-16.59.51:811][647]LogModuleManager: Shutting down and abandoning module SkeletalMeshReduction (179)
[2019.11.20-16.59.51:834][647]LogModuleManager: Shutting down and abandoning module ProxyLODMeshReduction (177)
[2019.11.20-16.59.51:853][647]LogModuleManager: Shutting down and abandoning module QuadricMeshReduction (175)
[2019.11.20-16.59.51:866][647]LogModuleManager: Shutting down and abandoning module MaterialBaking (171)
[2019.11.20-16.59.51:878][647]LogModuleManager: Shutting down and abandoning module NullInstallBundleManager (166)
[2019.11.20-16.59.51:878][647]LogModuleManager: Shutting down and abandoning module DerivedDataCache (164)
[2019.11.20-16.59.51:909][647]LogDerivedDataCache: Shutdown
[2019.11.20-16.59.51:919][647]LogModuleManager: Shutting down and abandoning module XGEController (162)
[2019.11.20-16.59.51:919][647]LogXGEController: Cleaning working directory: C:/Users/Thoma/AppData/Local/Temp/UnrealXGEWorkingDir/
[2019.11.20-16.59.51:965][647]LogModuleManager: Shutting down and abandoning module TargetPlatform (160)
[2019.11.20-16.59.51:975][647]LogModuleManager: Shutting down and abandoning module VulkanShaderFormat (159)
[2019.11.20-16.59.51:996][647]LogModuleManager: Shutting down and abandoning module ShaderFormatVectorVM (157)
[2019.11.20-16.59.52:006][647]LogModuleManager: Shutting down and abandoning module ShaderFormatOpenGL (155)
[2019.11.20-16.59.52:025][647]LogModuleManager: Shutting down and abandoning module ShaderFormatD3D (153)
[2019.11.20-16.59.52:033][647]LogModuleManager: Shutting down and abandoning module MetalShaderFormat (151)
[2019.11.20-16.59.52:057][647]LogModuleManager: Shutting down and abandoning module TextureFormatUncompressed (149)
[2019.11.20-16.59.52:057][647]LogModuleManager: Shutting down and abandoning module TextureFormatPVR (147)
[2019.11.20-16.59.52:057][647]LogModuleManager: Shutting down and abandoning module TextureFormatDXT (145)
[2019.11.20-16.59.52:070][647]LogModuleManager: Shutting down and abandoning module TextureFormatIntelISPCTexComp (143)
[2019.11.20-16.59.52:078][647]LogModuleManager: Shutting down and abandoning module TextureFormatASTC (141)
[2019.11.20-16.59.52:079][647]LogModuleManager: Shutting down and abandoning module ImageWrapper (140)
[2019.11.20-16.59.52:079][647]LogModuleManager: Shutting down and abandoning module TextureFormatAndroid (137)
[2019.11.20-16.59.52:079][647]LogModuleManager: Shutting down and abandoning module AudioFormatOpus (135)
[2019.11.20-16.59.52:092][647]LogModuleManager: Shutting down and abandoning module AudioFormatOgg (133)
[2019.11.20-16.59.52:092][647]LogModuleManager: Shutting down and abandoning module AudioFormatADPCM (131)
[2019.11.20-16.59.52:092][647]LogModuleManager: Shutting down and abandoning module LuminTargetPlatform (129)
[2019.11.20-16.59.52:108][647]LogModuleManager: Shutting down and abandoning module LinuxTargetPlatform (127)
[2019.11.20-16.59.52:108][647]LogModuleManager: Shutting down and abandoning module LinuxServerTargetPlatform (125)
[2019.11.20-16.59.52:123][647]LogModuleManager: Shutting down and abandoning module LinuxNoEditorTargetPlatform (123)
[2019.11.20-16.59.52:138][647]LogModuleManager: Shutting down and abandoning module LinuxClientTargetPlatform (121)
[2019.11.20-16.59.52:149][647]LogModuleManager: Shutting down and abandoning module TVOSTargetPlatform (119)
[2019.11.20-16.59.52:152][647]LogModuleManager: Shutting down and abandoning module Messaging (117)
[2019.11.20-16.59.52:152][647]LogModuleManager: Shutting down and abandoning module IOSTargetPlatform (115)
[2019.11.20-16.59.52:153][647]LogModuleManager: Shutting down and abandoning module HTML5TargetPlatform (113)
[2019.11.20-16.59.52:153][647]LogModuleManager: Shutting down and abandoning module AndroidTargetPlatform (111)
[2019.11.20-16.59.52:177][647]LogModuleManager: Shutting down and abandoning module WindowsTargetPlatform (109)
[2019.11.20-16.59.52:177][647]LogModuleManager: Shutting down and abandoning module WindowsServerTargetPlatform (107)
[2019.11.20-16.59.52:177][647]LogModuleManager: Shutting down and abandoning module WindowsNoEditorTargetPlatform (105)
[2019.11.20-16.59.52:177][647]LogModuleManager: Shutting down and abandoning module WindowsClientTargetPlatform (103)
[2019.11.20-16.59.52:178][647]LogModuleManager: Shutting down and abandoning module MacTargetPlatform (101)
[2019.11.20-16.59.52:178][647]LogModuleManager: Shutting down and abandoning module MacServerTargetPlatform (99)
[2019.11.20-16.59.52:178][647]LogModuleManager: Shutting down and abandoning module MacNoEditorTargetPlatform (97)
[2019.11.20-16.59.52:178][647]LogModuleManager: Shutting down and abandoning module MacClientTargetPlatform (95)
[2019.11.20-16.59.52:178][647]LogModuleManager: Shutting down and abandoning module AllDesktopTargetPlatform (93)
[2019.11.20-16.59.52:178][647]LogModuleManager: Shutting down and abandoning module InputCore (90)
[2019.11.20-16.59.52:178][647]LogModuleManager: Shutting down and abandoning module Settings (88)
[2019.11.20-16.59.52:178][647]LogModuleManager: Shutting down and abandoning module DirectoryWatcher (86)
[2019.11.20-16.59.52:179][647]LogModuleManager: Shutting down and abandoning module PhysXCooking (84)
[2019.11.20-16.59.52:179][647]LogModuleManager: Shutting down and abandoning module WindowsPlatformFeatures (82)
[2019.11.20-16.59.52:179][647]LogModuleManager: Shutting down and abandoning module GameplayMediaEncoder (81)
[2019.11.20-16.59.52:195][647]LogModuleManager: Shutting down and abandoning module SteamVR (78)
[2019.11.20-16.59.52:196][647]LogHMD: Freeing OpenVRDLLHandle.
[2019.11.20-16.59.52:196][647]LogModuleManager: Shutting down and abandoning module OculusHMD (76)
[2019.11.20-16.59.52:196][647]LogModuleManager: Shutting down and abandoning module ExampleDeviceProfileSelector (74)
[2019.11.20-16.59.52:196][647]LogModuleManager: Shutting down and abandoning module LauncherChunkInstaller (72)
[2019.11.20-16.59.52:196][647]LogModuleManager: Shutting down and abandoning module OnlineBlueprintSupport (70)
[2019.11.20-16.59.52:196][647]LogModuleManager: Shutting down and abandoning module OnlineSubsystem (66)
[2019.11.20-16.59.52:198][647]LogModuleManager: Shutting down and abandoning module XMPP (61)
[2019.11.20-16.59.52:215][647]LogModuleManager: Shutting down and abandoning module WebSockets (60)
[2019.11.20-16.59.52:267][647]LogModuleManager: Shutting down and abandoning module HTTP (57)
[2019.11.20-16.59.52:267][647]LogHttp: Display: Http module shutting down, but needs to wait on 1 outstanding Http requests:
[2019.11.20-16.59.52:267][647]LogHttp: Display: 	verb=[POST] url=[https://datarouter.ol.epicgames.com/datarouter/api/v1/public/data?SessionID=%7BCBB8D438-4ED2-4205-3036-D19E82F788B0%7D&AppID=UEEditor.Rocket.Release&AppVersion=4.23.1-9631420%2B%2B%2BUE4%2BRelease-4.23&UserID=31326b1a4ed173d96408b0bb190490ff%7C59a1e2cfd3764767bcd953727bfa6a9a%7Cfa7f85ae-c7de-4f15-8943-78ce0428f94f&AppEnvironment=datacollector-binary&UploadType=eteventstream] status=Processing
[2019.11.20-16.59.52:303][647]LogModuleManager: Shutting down and abandoning module SSL (56)
[2019.11.20-16.59.52:307][647]LogModuleManager: Shutting down and abandoning module WmfMedia (52)
[2019.11.20-16.59.52:334][647]LogModuleManager: Shutting down and abandoning module Media (51)
[2019.11.20-16.59.52:335][647]LogModuleManager: Shutting down and abandoning module MagicLeap (48)
[2019.11.20-16.59.52:335][647]LogModuleManager: Shutting down and abandoning module DatasmithContent (46)
[2019.11.20-16.59.52:337][647]LogModuleManager: Shutting down and abandoning module AISupportModule (44)
[2019.11.20-16.59.52:337][647]LogModuleManager: Shutting down and abandoning module PlatformCryptoOpenSSL (42)
[2019.11.20-16.59.52:349][647]LogModuleManager: Shutting down and abandoning module PlatformCrypto (40)
[2019.11.20-16.59.52:349][647]LogModuleManager: Shutting down and abandoning module AnimationModifiers (38)
[2019.11.20-16.59.52:359][647]LogModuleManager: Shutting down and abandoning module PropertyEditor (37)
[2019.11.20-16.59.52:440][647]LogModuleManager: Shutting down and abandoning module AudioEditor (34)
[2019.11.20-16.59.52:471][647]LogModuleManager: Shutting down and abandoning module TextureCompressor (32)
[2019.11.20-16.59.52:486][647]LogModuleManager: Shutting down and abandoning module RenderCore (30)
[2019.11.20-16.59.52:487][647]LogModuleManager: Shutting down and abandoning module Landscape (28)
[2019.11.20-16.59.52:487][647]LogModuleManager: Shutting down and abandoning module SlateRHIRenderer (26)
[2019.11.20-16.59.52:500][647]LogModuleManager: Shutting down and abandoning module OpenGLDrv (24)
[2019.11.20-16.59.52:516][647]LogModuleManager: Shutting down and abandoning module D3D11RHI (22)
[2019.11.20-16.59.52:516][647]LogModuleManager: Shutting down and abandoning module AnimGraphRuntime (20)
[2019.11.20-16.59.52:516][647]LogModuleManager: Shutting down and abandoning module Renderer (18)
[2019.11.20-16.59.52:517][647]LogModuleManager: Shutting down and abandoning module Engine (16)
[2019.11.20-16.59.52:517][647]LogModuleManager: Shutting down and abandoning module CoreUObject (14)
[2019.11.20-16.59.52:517][647]LogModuleManager: Shutting down and abandoning module NetworkFile (12)
[2019.11.20-16.59.52:526][647]LogModuleManager: Shutting down and abandoning module CookedIterativeFile (10)
[2019.11.20-16.59.52:526][647]LogModuleManager: Shutting down and abandoning module StreamingFile (8)
[2019.11.20-16.59.52:540][647]LogModuleManager: Shutting down and abandoning module SandboxFile (6)
[2019.11.20-16.59.52:540][647]LogModuleManager: Shutting down and abandoning module PakFile (4)
[2019.11.20-16.59.52:556][647]LogModuleManager: Shutting down and abandoning module RSA (3)
[2019.11.20-16.59.52:576][647]LogD3D11RHI: Shutdown
[2019.11.20-16.59.52:592][647]LogD3D11RHI: CleanupD3DDevice
[2019.11.20-16.59.52:687][647]LogRendererCore: FGlobalDynamicReadBuffer::Cleanup()
[2019.11.20-16.59.52:691][647]LogRendererCore: FGlobalDynamicReadBuffer::Cleanup()
[2019.11.20-16.59.52:691][647]LogRendererCore: FGlobalDynamicReadBuffer::Cleanup()
[2019.11.20-16.59.52:792][647]LogD3D11RHI: ~FD3D11DynamicRHI
[2019.11.20-16.59.52:843][647]LogExit: Exiting.
[2019.11.20-16.59.52:859][647]Log file closed, 11/20/19 11:59:52
