Log file open, 11/21/19 09:38:14
LogWindows: Failed to load 'aqProf.dll' (GetLastError=126)
LogWindows: File 'aqProf.dll' does not exist
LogWindows: Failed to load 'VtuneApi.dll' (GetLastError=126)
LogWindows: File 'VtuneApi.dll' does not exist
LogWindows: Failed to load 'VtuneApi32e.dll' (GetLastError=126)
LogWindows: File 'VtuneApi32e.dll' does not exist
LogConsoleResponse: Display: Failed to find resolution value strings in scalability ini. Falling back to default.
LogInit: Display: Running engine for game: MissleComnder
LogPlatformFile: Not using cached read wrapper
LogTaskGraph: Started task graph with 5 named threads and 35 total threads with 3 sets of task threads.
LogStats: Stats thread started at 0.075614
LogD3D11RHI: Loaded GFSDK_Aftermath_Lib.x64.dll
LogICUInternationalization: ICU TimeZone Detection - Raw Offset: -5:00, Platform Override: ''
LogPluginManager: Mounting plugin Paper2D
LogPluginManager: Mounting plugin AISupport
LogPluginManager: Mounting plugin LightPropagationVolume
LogPluginManager: Mounting plugin ActorLayerUtilities
LogPluginManager: Mounting plugin AnimationSharing
LogPluginManager: Mounting plugin CLionSourceCodeAccess
LogPluginManager: Mounting plugin CodeLiteSourceCodeAccess
LogPluginManager: Mounting plugin GitSourceControl
LogPluginManager: Mounting plugin KDevelopSourceCodeAccess
LogPluginManager: Mounting plugin NullSourceCodeAccess
LogPluginManager: Mounting plugin PerforceSourceControl
LogPluginManager: Mounting plugin SubversionSourceControl
LogPluginManager: Mounting plugin UObjectPlugin
LogPluginManager: Mounting plugin VisualStudioCodeSourceCodeAccess
LogPluginManager: Mounting plugin VisualStudioSourceCodeAccess
LogPluginManager: Mounting plugin XCodeSourceCodeAccess
LogPluginManager: Mounting plugin AssetManagerEditor
LogPluginManager: Mounting plugin CryptoKeys
LogPluginManager: Mounting plugin CurveEditorTools
LogPluginManager: Mounting plugin DataValidation
LogPluginManager: Mounting plugin FacialAnimation
LogPluginManager: Mounting plugin GameplayTagsEditor
LogPluginManager: Mounting plugin MacGraphicsSwitching
LogPluginManager: Mounting plugin MaterialAnalyzer
LogPluginManager: Mounting plugin MobileLauncherProfileWizard
LogPluginManager: Mounting plugin PluginBrowser
LogPluginManager: Mounting plugin SpeedTreeImporter
LogPluginManager: Mounting plugin DatasmithContent
LogPluginManager: Mounting plugin VariantManagerContent
LogPluginManager: Mounting plugin AlembicImporter
LogPluginManager: Mounting plugin AutomationUtils
LogPluginManager: Mounting plugin BackChannel
LogPluginManager: Mounting plugin CharacterAI
LogPluginManager: Mounting plugin GeometryCache
LogPluginManager: Mounting plugin HTML5Networking
LogPluginManager: Mounting plugin PlatformCrypto
LogPluginManager: Mounting plugin ProxyLODPlugin
LogPluginManager: Mounting plugin SkeletalReduction
LogPluginManager: Mounting plugin MagicLeap
LogPluginManager: Mounting plugin MagicLeapMedia
LogPluginManager: Mounting plugin AndroidMedia
LogPluginManager: Mounting plugin AvfMedia
LogPluginManager: Mounting plugin ImgMedia
LogPluginManager: Mounting plugin MediaCompositing
LogPluginManager: Mounting plugin MediaPlayerEditor
LogPluginManager: Mounting plugin WebMMedia
LogPluginManager: Mounting plugin WmfMedia
LogPluginManager: Mounting plugin TcpMessaging
LogPluginManager: Mounting plugin UdpMessaging
LogPluginManager: Mounting plugin ActorSequence
LogPluginManager: Mounting plugin LevelSequenceEditor
LogPluginManager: Mounting plugin MatineeToLevelSequence
LogPluginManager: Mounting plugin NetcodeUnitTest
LogPluginManager: Mounting plugin NUTUnrealEngine4
LogPluginManager: Mounting plugin OnlineSubsystemGooglePlay
LogPluginManager: Mounting plugin OnlineSubsystemIOS
LogPluginManager: Mounting plugin OnlineSubsystem
LogPluginManager: Mounting plugin OnlineSubsystemNull
LogPluginManager: Mounting plugin OnlineSubsystemUtils
LogPluginManager: Mounting plugin LauncherChunkInstaller
LogPluginManager: Mounting plugin AndroidDeviceProfileSelector
LogPluginManager: Mounting plugin AndroidMoviePlayer
LogPluginManager: Mounting plugin AndroidPermission
LogPluginManager: Mounting plugin AppleImageUtils
LogPluginManager: Mounting plugin AppleMoviePlayer
LogPluginManager: Mounting plugin ArchVisCharacter
LogPluginManager: Mounting plugin AudioCapture
LogPluginManager: Mounting plugin CableComponent
LogPluginManager: Mounting plugin CustomMeshComponent
LogPluginManager: Mounting plugin EditableMesh
LogPluginManager: Mounting plugin ExampleDeviceProfileSelector
LogPluginManager: Mounting plugin GoogleCloudMessaging
LogPluginManager: Mounting plugin IOSDeviceProfileSelector
LogPluginManager: Mounting plugin LinuxDeviceProfileSelector
LogPluginManager: Mounting plugin LocationServicesBPLibrary
LogPluginManager: Mounting plugin MobilePatchingUtils
LogPluginManager: Mounting plugin OculusVR
LogPluginManager: Mounting plugin PhysXVehicles
LogPluginManager: Mounting plugin ProceduralMeshComponent
LogPluginManager: Mounting plugin RuntimePhysXCooking
LogPluginManager: Mounting plugin SignificanceManager
LogPluginManager: Mounting plugin SteamVR
LogPluginManager: Mounting plugin WebMMoviePlayer
LogPluginManager: Mounting plugin WindowsMoviePlayer
LogPluginManager: Mounting plugin ScreenshotTools
LogInit: Using libcurl 7.55.1-DEV
LogInit:  - built for x86_64-pc-win32
LogInit:  - supports SSL with OpenSSL/1.1.1
LogInit:  - supports HTTP deflate (compression) using libz 1.2.8
LogInit:  - other features:
LogInit:      CURL_VERSION_SSL
LogInit:      CURL_VERSION_LIBZ
LogInit:      CURL_VERSION_IPV6
LogInit:      CURL_VERSION_ASYNCHDNS
LogInit:      CURL_VERSION_LARGEFILE
LogInit:      CURL_VERSION_IDN
LogInit:  CurlRequestOptions (configurable via config and command line):
LogInit:  - bVerifyPeer = true  - Libcurl will verify peer certificate
LogInit:  - bUseHttpProxy = false  - Libcurl will NOT use HTTP proxy
LogInit:  - bDontReuseConnections = false  - Libcurl will reuse connections
LogInit:  - MaxHostConnections = 16  - Libcurl will limit the number of connections to a host
LogInit:  - LocalHostAddr = Default
LogInit:  - BufferSize = 65536
LogOnline: OSS: Creating online subsystem instance for: NULL
LogInit: WinSock: version 1.1 (2.2), MaxSocks=32767, MaxUdp=65467
LogInit: Build: ++UE4+Release-4.23-CL-9631420
LogInit: Engine Version: 4.23.1-9631420+++UE4+Release-4.23
LogInit: Compatible Engine Version: 4.23.0-8386587+++UE4+Release-4.23
LogInit: Net CL: 8386587
LogInit: OS: Windows 10 (Release 1809) (), CPU: Intel(R) Core(TM) i7-8750H CPU @ 2.20GHz, GPU: Intel(R) UHD Graphics 630
LogInit: Compiled (64-bit): Oct 18 2019 02:07:44
LogInit: Compiled with Visual C++: 19.16.27030.01
LogInit: Build Configuration: Development
LogInit: Branch Name: ++UE4+Release-4.23
LogInit: Command Line: 
LogInit: Base Directory: C:/Program Files/Epic Games/UE_4.23/Engine/Binaries/Win64/
LogInit: Installed Engine Build: 1
LogDevObjectVersion: Number of dev versions registered: 23
LogDevObjectVersion:   Dev-Blueprints (B0D832E4-1F89-4F0D-ACCF-7EB736FD4AA2): 10
LogDevObjectVersion:   Dev-Build (E1C64328-A22C-4D53-A36C-8E866417BD8C): 0
LogDevObjectVersion:   Dev-Core (375EC13C-06E4-48FB-B500-84F0262A717E): 3
LogDevObjectVersion:   Dev-Editor (E4B068ED-F494-42E9-A231-DA0B2E46BB41): 34
LogDevObjectVersion:   Dev-Framework (CFFC743F-43B0-4480-9391-14DF171D2073): 35
LogDevObjectVersion:   Dev-Mobile (B02B49B5-BB20-44E9-A304-32B752E40360): 2
LogDevObjectVersion:   Dev-Networking (A4E4105C-59A1-49B5-A7C5-40C4547EDFEE): 0
LogDevObjectVersion:   Dev-Online (39C831C9-5AE6-47DC-9A44-9C173E1C8E7C): 0
LogDevObjectVersion:   Dev-Physics (78F01B33-EBEA-4F98-B9B4-84EACCB95AA2): 0
LogDevObjectVersion:   Dev-Platform (6631380F-2D4D-43E0-8009-CF276956A95A): 0
LogDevObjectVersion:   Dev-Rendering (12F88B9F-8875-4AFC-A67C-D90C383ABD29): 31
LogDevObjectVersion:   Dev-Sequencer (7B5AE74C-D270-4C10-A958-57980B212A5A): 11
LogDevObjectVersion:   Dev-VR (D7296918-1DD6-4BDD-9DE2-64A83CC13884): 2
LogDevObjectVersion:   Dev-LoadTimes (C2A15278-BFE7-4AFE-6C17-90FF531DF755): 1
LogDevObjectVersion:   Private-Geometry (6EACA3D4-40EC-4CC1-B786-8BED09428FC5): 3
LogDevObjectVersion:   Dev-AnimPhys (29E575DD-E0A3-4627-9D10-D276232CDCEA): 17
LogDevObjectVersion:   Dev-Anim (AF43A65D-7FD3-4947-9873-3E8ED9C1BB05): 2
LogDevObjectVersion:   Dev-ReflectionCapture (6B266CEC-1EC7-4B8F-A30B-E4D90942FC07): 1
LogDevObjectVersion:   Dev-Automation (0DF73D61-A23F-47EA-B727-89E90C41499A): 1
LogDevObjectVersion:   FortniteMain (601D1886-AC64-4F84-AA16-D3DE0DEAC7D6): 27
LogDevObjectVersion:   Dev-Enterprise (9DFFBCD6-494F-0158-E221-12823C92A888): 6
LogDevObjectVersion:   Dev-Niagara (F2AED0AC-9AFE-416F-8664-AA7FFA26D6FC): 1
LogDevObjectVersion:   Dev-Destruction (174F1F0B-B4C6-45A5-B13F-2EE8D0FB917D): 9
LogInit: Presizing for max 16777216 objects, including 0 objects not considered by GC, pre-allocating 0 bytes for permanent pool.
LogInit: Object subsystem initialized
LogConfig: Setting CVar [[con.DebugEarlyDefault:1]]
LogConfig: Setting CVar [[r.setres:1280x720]]
[2019.11.21-14.38.14:437][  0]LogConfig: Setting CVar [[r.VSync:0]]
[2019.11.21-14.38.14:437][  0]LogConfig: Setting CVar [[r.RHICmdBypass:0]]
[2019.11.21-14.38.14:437][  0]LogConfig: Applying CVar settings from Section [/Script/Engine.RendererSettings] File [D:/SchoolAndProjects/Programs/ETGG 3801_02 Realtime Interactive/Unreal Projects/lab 4 missleCommander/MissleComnder/Saved/Config/Windows/Engine.ini]
[2019.11.21-14.38.14:437][  0]LogConfig: Setting CVar [[r.GPUCrashDebugging:0]]
[2019.11.21-14.38.14:437][  0]LogConfig: Setting CVar [[r.DefaultFeature.AutoExposure.ExtendDefaultLuminanceRange:1]]
[2019.11.21-14.38.14:438][  0]LogConfig: Applying CVar settings from Section [/Script/Engine.RendererOverrideSettings] File [D:/SchoolAndProjects/Programs/ETGG 3801_02 Realtime Interactive/Unreal Projects/lab 4 missleCommander/MissleComnder/Saved/Config/Windows/Engine.ini]
[2019.11.21-14.38.14:438][  0]LogConfig: Applying CVar settings from Section [/Script/Engine.StreamingSettings] File [D:/SchoolAndProjects/Programs/ETGG 3801_02 Realtime Interactive/Unreal Projects/lab 4 missleCommander/MissleComnder/Saved/Config/Windows/Engine.ini]
[2019.11.21-14.38.14:438][  0]LogConfig: Setting CVar [[s.MinBulkDataSizeForAsyncLoading:131072]]
[2019.11.21-14.38.14:438][  0]LogConfig: Setting CVar [[s.AsyncLoadingThreadEnabled:0]]
[2019.11.21-14.38.14:438][  0]LogConfig: Setting CVar [[s.EventDrivenLoaderEnabled:1]]
[2019.11.21-14.38.14:438][  0]LogConfig: Setting CVar [[s.WarnIfTimeLimitExceeded:0]]
[2019.11.21-14.38.14:438][  0]LogConfig: Setting CVar [[s.TimeLimitExceededMultiplier:1.5]]
[2019.11.21-14.38.14:438][  0]LogConfig: Setting CVar [[s.TimeLimitExceededMinTime:0.005]]
[2019.11.21-14.38.14:438][  0]LogConfig: Setting CVar [[s.UseBackgroundLevelStreaming:1]]
[2019.11.21-14.38.14:438][  0]LogConfig: Setting CVar [[s.PriorityAsyncLoadingExtraTime:15.0]]
[2019.11.21-14.38.14:438][  0]LogConfig: Setting CVar [[s.LevelStreamingActorsUpdateTimeLimit:5.0]]
[2019.11.21-14.38.14:438][  0]LogConfig: Setting CVar [[s.PriorityLevelStreamingActorsUpdateExtraTime:5.0]]
[2019.11.21-14.38.14:438][  0]LogConfig: Setting CVar [[s.LevelStreamingComponentsRegistrationGranularity:10]]
[2019.11.21-14.38.14:438][  0]LogConfig: Setting CVar [[s.UnregisterComponentsTimeLimit:1.0]]
[2019.11.21-14.38.14:438][  0]LogConfig: Setting CVar [[s.LevelStreamingComponentsUnregistrationGranularity:5]]
[2019.11.21-14.38.14:438][  0]LogConfig: Applying CVar settings from Section [/Script/Engine.GarbageCollectionSettings] File [D:/SchoolAndProjects/Programs/ETGG 3801_02 Realtime Interactive/Unreal Projects/lab 4 missleCommander/MissleComnder/Saved/Config/Windows/Engine.ini]
[2019.11.21-14.38.14:438][  0]LogConfig: Setting CVar [[gc.MaxObjectsNotConsideredByGC:1]]
[2019.11.21-14.38.14:438][  0]LogConfig: Setting CVar [[gc.SizeOfPermanentObjectPool:0]]
[2019.11.21-14.38.14:438][  0]LogConfig: Setting CVar [[gc.FlushStreamingOnGC:0]]
[2019.11.21-14.38.14:438][  0]LogConfig: Setting CVar [[gc.NumRetriesBeforeForcingGC:10]]
[2019.11.21-14.38.14:438][  0]LogConfig: Setting CVar [[gc.AllowParallelGC:1]]
[2019.11.21-14.38.14:438][  0]LogConfig: Setting CVar [[gc.TimeBetweenPurgingPendingKillObjects:61.1]]
[2019.11.21-14.38.14:438][  0]LogConfig: Setting CVar [[gc.MaxObjectsInEditor:16777216]]
[2019.11.21-14.38.14:438][  0]LogConfig: Setting CVar [[gc.IncrementalBeginDestroyEnabled:1]]
[2019.11.21-14.38.14:438][  0]LogConfig: Setting CVar [[gc.CreateGCClusters:1]]
[2019.11.21-14.38.14:438][  0]LogConfig: Setting CVar [[gc.MinGCClusterSize:5]]
[2019.11.21-14.38.14:438][  0]LogConfig: Setting CVar [[gc.ActorClusteringEnabled:0]]
[2019.11.21-14.38.14:438][  0]LogConfig: Setting CVar [[gc.BlueprintClusteringEnabled:0]]
[2019.11.21-14.38.14:438][  0]LogConfig: Setting CVar [[gc.UseDisregardForGCOnDedicatedServers:0]]
[2019.11.21-14.38.14:438][  0]LogConfig: Applying CVar settings from Section [/Script/Engine.NetworkSettings] File [D:/SchoolAndProjects/Programs/ETGG 3801_02 Realtime Interactive/Unreal Projects/lab 4 missleCommander/MissleComnder/Saved/Config/Windows/Engine.ini]
[2019.11.21-14.38.14:438][  0]LogConfig: Applying CVar settings from Section [/Script/UnrealEd.CookerSettings] File [D:/SchoolAndProjects/Programs/ETGG 3801_02 Realtime Interactive/Unreal Projects/lab 4 missleCommander/MissleComnder/Saved/Config/Windows/Engine.ini]
[2019.11.21-14.38.14:442][  0]LogConfig: Applying CVar settings from Section [ViewDistanceQuality@3] File [D:/SchoolAndProjects/Programs/ETGG 3801_02 Realtime Interactive/Unreal Projects/lab 4 missleCommander/MissleComnder/Saved/Config/Windows/Scalability.ini]
[2019.11.21-14.38.14:442][  0]LogConfig: Setting CVar [[r.SkeletalMeshLODBias:0]]
[2019.11.21-14.38.14:442][  0]LogConfig: Setting CVar [[r.ViewDistanceScale:1.0]]
[2019.11.21-14.38.14:442][  0]LogConfig: Applying CVar settings from Section [AntiAliasingQuality@3] File [D:/SchoolAndProjects/Programs/ETGG 3801_02 Realtime Interactive/Unreal Projects/lab 4 missleCommander/MissleComnder/Saved/Config/Windows/Scalability.ini]
[2019.11.21-14.38.14:442][  0]LogConfig: Setting CVar [[r.PostProcessAAQuality:4]]
[2019.11.21-14.38.14:442][  0]LogConfig: Applying CVar settings from Section [ShadowQuality@3] File [D:/SchoolAndProjects/Programs/ETGG 3801_02 Realtime Interactive/Unreal Projects/lab 4 missleCommander/MissleComnder/Saved/Config/Windows/Scalability.ini]
[2019.11.21-14.38.14:442][  0]LogConfig: Setting CVar [[r.LightFunctionQuality:1]]
[2019.11.21-14.38.14:442][  0]LogConfig: Setting CVar [[r.ShadowQuality:5]]
[2019.11.21-14.38.14:442][  0]LogConfig: Setting CVar [[r.Shadow.CSM.MaxCascades:10]]
[2019.11.21-14.38.14:442][  0]LogConfig: Setting CVar [[r.Shadow.MaxResolution:2048]]
[2019.11.21-14.38.14:442][  0]LogConfig: Setting CVar [[r.Shadow.MaxCSMResolution:2048]]
[2019.11.21-14.38.14:442][  0]LogConfig: Setting CVar [[r.Shadow.RadiusThreshold:0.01]]
[2019.11.21-14.38.14:442][  0]LogConfig: Setting CVar [[r.Shadow.DistanceScale:1.0]]
[2019.11.21-14.38.14:442][  0]LogConfig: Setting CVar [[r.Shadow.CSM.TransitionScale:1.0]]
[2019.11.21-14.38.14:442][  0]LogConfig: Setting CVar [[r.Shadow.PreShadowResolutionFactor:1.0]]
[2019.11.21-14.38.14:442][  0]LogConfig: Setting CVar [[r.DistanceFieldShadowing:1]]
[2019.11.21-14.38.14:442][  0]LogConfig: Setting CVar [[r.DistanceFieldAO:1]]
[2019.11.21-14.38.14:442][  0]LogConfig: Setting CVar [[r.AOQuality:2]]
[2019.11.21-14.38.14:442][  0]LogConfig: Setting CVar [[r.VolumetricFog:1]]
[2019.11.21-14.38.14:442][  0]LogConfig: Setting CVar [[r.VolumetricFog.GridPixelSize:8]]
[2019.11.21-14.38.14:442][  0]LogConfig: Setting CVar [[r.VolumetricFog.GridSizeZ:128]]
[2019.11.21-14.38.14:442][  0]LogConfig: Setting CVar [[r.VolumetricFog.HistoryMissSupersampleCount:4]]
[2019.11.21-14.38.14:442][  0]LogConfig: Setting CVar [[r.LightMaxDrawDistanceScale:1]]
[2019.11.21-14.38.14:442][  0]LogConfig: Setting CVar [[r.CapsuleShadows:1]]
[2019.11.21-14.38.14:442][  0]LogConfig: Applying CVar settings from Section [PostProcessQuality@3] File [D:/SchoolAndProjects/Programs/ETGG 3801_02 Realtime Interactive/Unreal Projects/lab 4 missleCommander/MissleComnder/Saved/Config/Windows/Scalability.ini]
[2019.11.21-14.38.14:442][  0]LogConfig: Setting CVar [[r.MotionBlurQuality:4]]
[2019.11.21-14.38.14:442][  0]LogConfig: Setting CVar [[r.AmbientOcclusionMipLevelFactor:0.4]]
[2019.11.21-14.38.14:442][  0]LogConfig: Setting CVar [[r.AmbientOcclusionMaxQuality:100]]
[2019.11.21-14.38.14:442][  0]LogConfig: Setting CVar [[r.AmbientOcclusionLevels:-1]]
[2019.11.21-14.38.14:442][  0]LogConfig: Setting CVar [[r.AmbientOcclusionRadiusScale:1.0]]
[2019.11.21-14.38.14:442][  0]LogConfig: Setting CVar [[r.DepthOfFieldQuality:2]]
[2019.11.21-14.38.14:442][  0]LogConfig: Setting CVar [[r.RenderTargetPoolMin:400]]
[2019.11.21-14.38.14:442][  0]LogConfig: Setting CVar [[r.LensFlareQuality:2]]
[2019.11.21-14.38.14:442][  0]LogConfig: Setting CVar [[r.SceneColorFringeQuality:1]]
[2019.11.21-14.38.14:442][  0]LogConfig: Setting CVar [[r.EyeAdaptationQuality:2]]
[2019.11.21-14.38.14:442][  0]LogConfig: Setting CVar [[r.BloomQuality:5]]
[2019.11.21-14.38.14:442][  0]LogConfig: Setting CVar [[r.FastBlurThreshold:100]]
[2019.11.21-14.38.14:442][  0]LogConfig: Setting CVar [[r.Upscale.Quality:3]]
[2019.11.21-14.38.14:442][  0]LogConfig: Setting CVar [[r.Tonemapper.GrainQuantization:1]]
[2019.11.21-14.38.14:442][  0]LogConfig: Setting CVar [[r.LightShaftQuality:1]]
[2019.11.21-14.38.14:442][  0]LogConfig: Setting CVar [[r.Filter.SizeScale:1]]
[2019.11.21-14.38.14:442][  0]LogConfig: Setting CVar [[r.Tonemapper.Quality:5]]
[2019.11.21-14.38.14:442][  0]LogConfig: Setting CVar [[r.DOF.Gather.AccumulatorQuality:1        ; higher gathering accumulator quality]]
[2019.11.21-14.38.14:442][  0]LogConfig: Setting CVar [[r.DOF.Gather.PostfilterMethod:1          ; Median3x3 postfilering method]]
[2019.11.21-14.38.14:442][  0]LogConfig: Setting CVar [[r.DOF.Gather.EnableBokehSettings:0       ; no bokeh simulation when gathering]]
[2019.11.21-14.38.14:442][  0]LogConfig: Setting CVar [[r.DOF.Gather.RingCount:4                 ; medium number of samples when gathering]]
[2019.11.21-14.38.14:442][  0]LogConfig: Setting CVar [[r.DOF.Scatter.ForegroundCompositing:1    ; additive foreground scattering]]
[2019.11.21-14.38.14:442][  0]LogConfig: Setting CVar [[r.DOF.Scatter.BackgroundCompositing:2    ; additive background scattering]]
[2019.11.21-14.38.14:442][  0]LogConfig: Setting CVar [[r.DOF.Scatter.EnableBokehSettings:1      ; bokeh simulation when scattering]]
[2019.11.21-14.38.14:442][  0]LogConfig: Setting CVar [[r.DOF.Scatter.MaxSpriteRatio:0.1         ; only a maximum of 10% of scattered bokeh]]
[2019.11.21-14.38.14:442][  0]LogConfig: Setting CVar [[r.DOF.Recombine.Quality:1                ; cheap slight out of focus]]
[2019.11.21-14.38.14:442][  0]LogConfig: Setting CVar [[r.DOF.Recombine.EnableBokehSettings:0    ; no bokeh simulation on slight out of focus]]
[2019.11.21-14.38.14:442][  0]LogConfig: Setting CVar [[r.DOF.TemporalAAQuality:1                ; more stable temporal accumulation]]
[2019.11.21-14.38.14:442][  0]LogConfig: Setting CVar [[r.DOF.Kernel.MaxForegroundRadius:0.025]]
[2019.11.21-14.38.14:442][  0]LogConfig: Setting CVar [[r.DOF.Kernel.MaxBackgroundRadius:0.025]]
[2019.11.21-14.38.14:442][  0]LogConfig: Applying CVar settings from Section [TextureQuality@3] File [D:/SchoolAndProjects/Programs/ETGG 3801_02 Realtime Interactive/Unreal Projects/lab 4 missleCommander/MissleComnder/Saved/Config/Windows/Scalability.ini]
[2019.11.21-14.38.14:443][  0]LogConfig: Setting CVar [[r.Streaming.MipBias:0]]
[2019.11.21-14.38.14:443][  0]LogConfig: Setting CVar [[r.Streaming.AmortizeCPUToGPUCopy:0]]
[2019.11.21-14.38.14:443][  0]LogConfig: Setting CVar [[r.Streaming.MaxNumTexturesToStreamPerFrame:0]]
[2019.11.21-14.38.14:443][  0]LogConfig: Setting CVar [[r.Streaming.Boost:1]]
[2019.11.21-14.38.14:443][  0]LogConfig: Setting CVar [[r.MaxAnisotropy:8]]
[2019.11.21-14.38.14:443][  0]LogConfig: Setting CVar [[r.Streaming.LimitPoolSizeToVRAM:0]]
[2019.11.21-14.38.14:443][  0]LogConfig: Setting CVar [[r.Streaming.PoolSize:1000]]
[2019.11.21-14.38.14:443][  0]LogConfig: Setting CVar [[r.Streaming.MaxEffectiveScreenSize:0]]
[2019.11.21-14.38.14:443][  0]LogConfig: Applying CVar settings from Section [EffectsQuality@3] File [D:/SchoolAndProjects/Programs/ETGG 3801_02 Realtime Interactive/Unreal Projects/lab 4 missleCommander/MissleComnder/Saved/Config/Windows/Scalability.ini]
[2019.11.21-14.38.14:443][  0]LogConfig: Setting CVar [[r.TranslucencyLightingVolumeDim:64]]
[2019.11.21-14.38.14:443][  0]LogConfig: Setting CVar [[r.RefractionQuality:2]]
[2019.11.21-14.38.14:443][  0]LogConfig: Setting CVar [[r.SSR.Quality:3]]
[2019.11.21-14.38.14:443][  0]LogConfig: Setting CVar [[r.SceneColorFormat:4]]
[2019.11.21-14.38.14:443][  0]LogConfig: Setting CVar [[r.DetailMode:2]]
[2019.11.21-14.38.14:443][  0]LogConfig: Setting CVar [[r.TranslucencyVolumeBlur:1]]
[2019.11.21-14.38.14:443][  0]LogConfig: Setting CVar [[r.MaterialQualityLevel:1 ; High quality]]
[2019.11.21-14.38.14:443][  0]LogConfig: Setting CVar [[r.SSS.Scale:1]]
[2019.11.21-14.38.14:443][  0]LogConfig: Setting CVar [[r.SSS.SampleSet:2]]
[2019.11.21-14.38.14:443][  0]LogConfig: Setting CVar [[r.SSS.Quality:1]]
[2019.11.21-14.38.14:443][  0]LogConfig: Setting CVar [[r.SSS.HalfRes:1]]
[2019.11.21-14.38.14:443][  0]LogConfig: Setting CVar [[r.EmitterSpawnRateScale:1.0]]
[2019.11.21-14.38.14:443][  0]LogConfig: Setting CVar [[r.ParticleLightQuality:2]]
[2019.11.21-14.38.14:443][  0]LogConfig: Applying CVar settings from Section [FoliageQuality@3] File [D:/SchoolAndProjects/Programs/ETGG 3801_02 Realtime Interactive/Unreal Projects/lab 4 missleCommander/MissleComnder/Saved/Config/Windows/Scalability.ini]
[2019.11.21-14.38.14:443][  0]LogConfig: Setting CVar [[foliage.DensityScale:1.0]]
[2019.11.21-14.38.14:443][  0]LogConfig: Setting CVar [[grass.DensityScale:1.0]]
[2019.11.21-14.38.14:443][  0]LogInit: Selected Device Profile: [Windows]
[2019.11.21-14.38.14:443][  0]LogInit: Applying CVar settings loaded from the selected device profile: [Windows]
[2019.11.21-14.38.14:445][  0]LogHAL: Display: Platform has ~ 16 GB [17019035648 / 17179869184 / 16], which maps to Larger [LargestMinGB=32, LargerMinGB=12, DefaultMinGB=8, SmallerMinGB=6, SmallestMinGB=0)
[2019.11.21-14.38.14:445][  0]LogInit: Going up to parent DeviceProfile []
[2019.11.21-14.38.14:445][  0]LogConfig: Applying CVar settings from Section [ViewDistanceQuality@3] File [D:/SchoolAndProjects/Programs/ETGG 3801_02 Realtime Interactive/Unreal Projects/lab 4 missleCommander/MissleComnder/Saved/Config/Windows/Scalability.ini]
[2019.11.21-14.38.14:445][  0]LogConfig: Setting CVar [[r.SkeletalMeshLODBias:0]]
[2019.11.21-14.38.14:445][  0]LogConfig: Setting CVar [[r.ViewDistanceScale:1.0]]
[2019.11.21-14.38.14:445][  0]LogConfig: Applying CVar settings from Section [AntiAliasingQuality@3] File [D:/SchoolAndProjects/Programs/ETGG 3801_02 Realtime Interactive/Unreal Projects/lab 4 missleCommander/MissleComnder/Saved/Config/Windows/Scalability.ini]
[2019.11.21-14.38.14:445][  0]LogConfig: Setting CVar [[r.PostProcessAAQuality:4]]
[2019.11.21-14.38.14:445][  0]LogConfig: Applying CVar settings from Section [ShadowQuality@3] File [D:/SchoolAndProjects/Programs/ETGG 3801_02 Realtime Interactive/Unreal Projects/lab 4 missleCommander/MissleComnder/Saved/Config/Windows/Scalability.ini]
[2019.11.21-14.38.14:445][  0]LogConfig: Setting CVar [[r.LightFunctionQuality:1]]
[2019.11.21-14.38.14:445][  0]LogConfig: Setting CVar [[r.ShadowQuality:5]]
[2019.11.21-14.38.14:445][  0]LogConfig: Setting CVar [[r.Shadow.CSM.MaxCascades:10]]
[2019.11.21-14.38.14:445][  0]LogConfig: Setting CVar [[r.Shadow.MaxResolution:2048]]
[2019.11.21-14.38.14:445][  0]LogConfig: Setting CVar [[r.Shadow.MaxCSMResolution:2048]]
[2019.11.21-14.38.14:445][  0]LogConfig: Setting CVar [[r.Shadow.RadiusThreshold:0.01]]
[2019.11.21-14.38.14:445][  0]LogConfig: Setting CVar [[r.Shadow.DistanceScale:1.0]]
[2019.11.21-14.38.14:445][  0]LogConfig: Setting CVar [[r.Shadow.CSM.TransitionScale:1.0]]
[2019.11.21-14.38.14:445][  0]LogConfig: Setting CVar [[r.Shadow.PreShadowResolutionFactor:1.0]]
[2019.11.21-14.38.14:445][  0]LogConfig: Setting CVar [[r.DistanceFieldShadowing:1]]
[2019.11.21-14.38.14:445][  0]LogConfig: Setting CVar [[r.DistanceFieldAO:1]]
[2019.11.21-14.38.14:445][  0]LogConfig: Setting CVar [[r.AOQuality:2]]
[2019.11.21-14.38.14:445][  0]LogConfig: Setting CVar [[r.VolumetricFog:1]]
[2019.11.21-14.38.14:445][  0]LogConfig: Setting CVar [[r.VolumetricFog.GridPixelSize:8]]
[2019.11.21-14.38.14:445][  0]LogConfig: Setting CVar [[r.VolumetricFog.GridSizeZ:128]]
[2019.11.21-14.38.14:445][  0]LogConfig: Setting CVar [[r.VolumetricFog.HistoryMissSupersampleCount:4]]
[2019.11.21-14.38.14:445][  0]LogConfig: Setting CVar [[r.LightMaxDrawDistanceScale:1]]
[2019.11.21-14.38.14:445][  0]LogConfig: Setting CVar [[r.CapsuleShadows:1]]
[2019.11.21-14.38.14:445][  0]LogConfig: Applying CVar settings from Section [PostProcessQuality@3] File [D:/SchoolAndProjects/Programs/ETGG 3801_02 Realtime Interactive/Unreal Projects/lab 4 missleCommander/MissleComnder/Saved/Config/Windows/Scalability.ini]
[2019.11.21-14.38.14:445][  0]LogConfig: Setting CVar [[r.MotionBlurQuality:4]]
[2019.11.21-14.38.14:445][  0]LogConfig: Setting CVar [[r.AmbientOcclusionMipLevelFactor:0.4]]
[2019.11.21-14.38.14:445][  0]LogConfig: Setting CVar [[r.AmbientOcclusionMaxQuality:100]]
[2019.11.21-14.38.14:445][  0]LogConfig: Setting CVar [[r.AmbientOcclusionLevels:-1]]
[2019.11.21-14.38.14:445][  0]LogConfig: Setting CVar [[r.AmbientOcclusionRadiusScale:1.0]]
[2019.11.21-14.38.14:446][  0]LogConfig: Setting CVar [[r.DepthOfFieldQuality:2]]
[2019.11.21-14.38.14:446][  0]LogConfig: Setting CVar [[r.RenderTargetPoolMin:400]]
[2019.11.21-14.38.14:446][  0]LogConfig: Setting CVar [[r.LensFlareQuality:2]]
[2019.11.21-14.38.14:446][  0]LogConfig: Setting CVar [[r.SceneColorFringeQuality:1]]
[2019.11.21-14.38.14:446][  0]LogConfig: Setting CVar [[r.EyeAdaptationQuality:2]]
[2019.11.21-14.38.14:446][  0]LogConfig: Setting CVar [[r.BloomQuality:5]]
[2019.11.21-14.38.14:446][  0]LogConfig: Setting CVar [[r.FastBlurThreshold:100]]
[2019.11.21-14.38.14:446][  0]LogConfig: Setting CVar [[r.Upscale.Quality:3]]
[2019.11.21-14.38.14:446][  0]LogConfig: Setting CVar [[r.Tonemapper.GrainQuantization:1]]
[2019.11.21-14.38.14:446][  0]LogConfig: Setting CVar [[r.LightShaftQuality:1]]
[2019.11.21-14.38.14:446][  0]LogConfig: Setting CVar [[r.Filter.SizeScale:1]]
[2019.11.21-14.38.14:446][  0]LogConfig: Setting CVar [[r.Tonemapper.Quality:5]]
[2019.11.21-14.38.14:446][  0]LogConfig: Setting CVar [[r.DOF.Gather.AccumulatorQuality:1        ; higher gathering accumulator quality]]
[2019.11.21-14.38.14:446][  0]LogConfig: Setting CVar [[r.DOF.Gather.PostfilterMethod:1          ; Median3x3 postfilering method]]
[2019.11.21-14.38.14:446][  0]LogConfig: Setting CVar [[r.DOF.Gather.EnableBokehSettings:0       ; no bokeh simulation when gathering]]
[2019.11.21-14.38.14:446][  0]LogConfig: Setting CVar [[r.DOF.Gather.RingCount:4                 ; medium number of samples when gathering]]
[2019.11.21-14.38.14:446][  0]LogConfig: Setting CVar [[r.DOF.Scatter.ForegroundCompositing:1    ; additive foreground scattering]]
[2019.11.21-14.38.14:446][  0]LogConfig: Setting CVar [[r.DOF.Scatter.BackgroundCompositing:2    ; additive background scattering]]
[2019.11.21-14.38.14:446][  0]LogConfig: Setting CVar [[r.DOF.Scatter.EnableBokehSettings:1      ; bokeh simulation when scattering]]
[2019.11.21-14.38.14:446][  0]LogConfig: Setting CVar [[r.DOF.Scatter.MaxSpriteRatio:0.1         ; only a maximum of 10% of scattered bokeh]]
[2019.11.21-14.38.14:446][  0]LogConfig: Setting CVar [[r.DOF.Recombine.Quality:1                ; cheap slight out of focus]]
[2019.11.21-14.38.14:446][  0]LogConfig: Setting CVar [[r.DOF.Recombine.EnableBokehSettings:0    ; no bokeh simulation on slight out of focus]]
[2019.11.21-14.38.14:446][  0]LogConfig: Setting CVar [[r.DOF.TemporalAAQuality:1                ; more stable temporal accumulation]]
[2019.11.21-14.38.14:446][  0]LogConfig: Setting CVar [[r.DOF.Kernel.MaxForegroundRadius:0.025]]
[2019.11.21-14.38.14:446][  0]LogConfig: Setting CVar [[r.DOF.Kernel.MaxBackgroundRadius:0.025]]
[2019.11.21-14.38.14:446][  0]LogConfig: Applying CVar settings from Section [TextureQuality@3] File [D:/SchoolAndProjects/Programs/ETGG 3801_02 Realtime Interactive/Unreal Projects/lab 4 missleCommander/MissleComnder/Saved/Config/Windows/Scalability.ini]
[2019.11.21-14.38.14:446][  0]LogConfig: Setting CVar [[r.Streaming.MipBias:0]]
[2019.11.21-14.38.14:446][  0]LogConfig: Setting CVar [[r.Streaming.AmortizeCPUToGPUCopy:0]]
[2019.11.21-14.38.14:446][  0]LogConfig: Setting CVar [[r.Streaming.MaxNumTexturesToStreamPerFrame:0]]
[2019.11.21-14.38.14:446][  0]LogConfig: Setting CVar [[r.Streaming.Boost:1]]
[2019.11.21-14.38.14:446][  0]LogConfig: Setting CVar [[r.MaxAnisotropy:8]]
[2019.11.21-14.38.14:446][  0]LogConfig: Setting CVar [[r.Streaming.LimitPoolSizeToVRAM:0]]
[2019.11.21-14.38.14:446][  0]LogConfig: Setting CVar [[r.Streaming.PoolSize:1000]]
[2019.11.21-14.38.14:446][  0]LogConfig: Setting CVar [[r.Streaming.MaxEffectiveScreenSize:0]]
[2019.11.21-14.38.14:446][  0]LogConfig: Applying CVar settings from Section [EffectsQuality@3] File [D:/SchoolAndProjects/Programs/ETGG 3801_02 Realtime Interactive/Unreal Projects/lab 4 missleCommander/MissleComnder/Saved/Config/Windows/Scalability.ini]
[2019.11.21-14.38.14:446][  0]LogConfig: Setting CVar [[r.TranslucencyLightingVolumeDim:64]]
[2019.11.21-14.38.14:446][  0]LogConfig: Setting CVar [[r.RefractionQuality:2]]
[2019.11.21-14.38.14:446][  0]LogConfig: Setting CVar [[r.SSR.Quality:3]]
[2019.11.21-14.38.14:446][  0]LogConfig: Setting CVar [[r.SceneColorFormat:4]]
[2019.11.21-14.38.14:446][  0]LogConfig: Setting CVar [[r.DetailMode:2]]
[2019.11.21-14.38.14:446][  0]LogConfig: Setting CVar [[r.TranslucencyVolumeBlur:1]]
[2019.11.21-14.38.14:446][  0]LogConfig: Setting CVar [[r.MaterialQualityLevel:1 ; High quality]]
[2019.11.21-14.38.14:446][  0]LogConfig: Setting CVar [[r.SSS.Scale:1]]
[2019.11.21-14.38.14:446][  0]LogConfig: Setting CVar [[r.SSS.SampleSet:2]]
[2019.11.21-14.38.14:446][  0]LogConfig: Setting CVar [[r.SSS.Quality:1]]
[2019.11.21-14.38.14:446][  0]LogConfig: Setting CVar [[r.SSS.HalfRes:1]]
[2019.11.21-14.38.14:446][  0]LogConfig: Setting CVar [[r.EmitterSpawnRateScale:1.0]]
[2019.11.21-14.38.14:446][  0]LogConfig: Setting CVar [[r.ParticleLightQuality:2]]
[2019.11.21-14.38.14:446][  0]LogConfig: Applying CVar settings from Section [FoliageQuality@3] File [D:/SchoolAndProjects/Programs/ETGG 3801_02 Realtime Interactive/Unreal Projects/lab 4 missleCommander/MissleComnder/Saved/Config/Windows/Scalability.ini]
[2019.11.21-14.38.14:446][  0]LogConfig: Setting CVar [[foliage.DensityScale:1.0]]
[2019.11.21-14.38.14:446][  0]LogConfig: Setting CVar [[grass.DensityScale:1.0]]
[2019.11.21-14.38.14:446][  0]LogConfig: Applying CVar settings from Section [Startup] File [../../../Engine/Config/ConsoleVariables.ini]
[2019.11.21-14.38.14:446][  0]LogConfig: Setting CVar [[net.UseAdaptiveNetUpdateFrequency:0]]
[2019.11.21-14.38.14:446][  0]LogConfig: Setting CVar [[p.chaos.AllowCreatePhysxBodies:1]]
[2019.11.21-14.38.14:446][  0]LogConfig: Applying CVar settings from Section [ConsoleVariables] File [D:/SchoolAndProjects/Programs/ETGG 3801_02 Realtime Interactive/Unreal Projects/lab 4 missleCommander/MissleComnder/Saved/Config/Windows/Engine.ini]
[2019.11.21-14.38.14:446][  0]LogInit: Computer: DESKTOP-ET2RN54
[2019.11.21-14.38.14:446][  0]LogInit: User: Thoma
[2019.11.21-14.38.14:446][  0]LogInit: CPU Page size=4096, Cores=6
[2019.11.21-14.38.14:446][  0]LogInit: High frequency timer resolution =10.000000 MHz
[2019.11.21-14.38.14:447][  0]LogMemory: Memory total: Physical=15.9GB (16GB approx)
[2019.11.21-14.38.14:447][  0]LogMemory: Platform Memory Stats for Windows
[2019.11.21-14.38.14:447][  0]LogMemory: Process Physical Memory: 102.25 MB used, 102.25 MB peak
[2019.11.21-14.38.14:447][  0]LogMemory: Process Virtual Memory: 100.00 MB used, 100.00 MB peak
[2019.11.21-14.38.14:447][  0]LogMemory: Physical Memory: 5691.41 MB used,  10539.21 MB free, 16230.62 MB total
[2019.11.21-14.38.14:447][  0]LogMemory: Virtual Memory: 4699.59 MB used,  134213032.00 MB free, 134217728.00 MB total
[2019.11.21-14.38.14:449][  0]LogWindows: WindowsPlatformFeatures enabled
[2019.11.21-14.38.14:470][  0]LogInit: Using OS detected language (en-US).
[2019.11.21-14.38.14:470][  0]LogInit: Using OS detected locale (en-US).
[2019.11.21-14.38.14:470][  0]LogTextLocalizationManager: No specific localization for 'en-US' exists, so the 'en' localization will be used.
[2019.11.21-14.38.14:611][  0]LogInit: Setting process to per monitor DPI aware
[2019.11.21-14.38.14:683][  0]LogSlate: New Slate User Created.  User Index 0, Is Virtual User: 0
[2019.11.21-14.38.14:683][  0]LogSlate: Slate User Registered.  User Index 0, Is Virtual User: 0
[2019.11.21-14.38.14:856][  0]LogHMD: Failed to initialize OpenVR with code 110
[2019.11.21-14.38.14:856][  0]LogD3D11RHI: D3D11 adapters:
[2019.11.21-14.38.14:923][  0]LogD3D11RHI:    0. 'NVIDIA GeForce GTX 1050 Ti with Max-Q Design' (Feature Level 11_0)
[2019.11.21-14.38.14:923][  0]LogD3D11RHI:       4021/0/8115 MB DedicatedVideo/DedicatedSystem/SharedSystem, Outputs:2, VendorId:0x10de
[2019.11.21-14.38.14:933][  0]LogD3D11RHI:    1. 'Intel(R) UHD Graphics 630' (Feature Level 11_0)
[2019.11.21-14.38.14:933][  0]LogD3D11RHI:       128/0/8115 MB DedicatedVideo/DedicatedSystem/SharedSystem, Outputs:0, VendorId:0x8086
[2019.11.21-14.38.14:935][  0]LogD3D11RHI:    2. 'Microsoft Basic Render Driver' (Feature Level 11_0)
[2019.11.21-14.38.14:935][  0]LogD3D11RHI:       0/0/8115 MB DedicatedVideo/DedicatedSystem/SharedSystem, Outputs:0, VendorId:0x1414
[2019.11.21-14.38.14:935][  0]LogD3D11RHI: Chosen D3D11 Adapter: 0
[2019.11.21-14.38.14:961][  0]LogD3D11RHI: Creating new Direct3DDevice
[2019.11.21-14.38.14:961][  0]LogD3D11RHI:     GPU DeviceId: 0x1c8f (for the marketing name, search the web for "GPU Device Id")
[2019.11.21-14.38.14:961][  0]LogWindows: EnumDisplayDevices:
[2019.11.21-14.38.14:961][  0]LogWindows:    0. 'Intel(R) UHD Graphics 630' (P:1 D:1)
[2019.11.21-14.38.14:962][  0]LogWindows:    1. 'Intel(R) UHD Graphics 630' (P:0 D:1)
[2019.11.21-14.38.14:962][  0]LogWindows:    2. 'Intel(R) UHD Graphics 630' (P:0 D:0)
[2019.11.21-14.38.14:962][  0]LogWindows: DebugString: PrimaryIsNotTheChoosenAdapter PrimaryIsNotTheChoosenAdapter PrimaryIsNotTheChoosenAdapter FoundDriverCount:0 
[2019.11.21-14.38.14:962][  0]LogD3D11RHI:     Adapter Name: NVIDIA GeForce GTX 1050 Ti with Max-Q Design
[2019.11.21-14.38.14:962][  0]LogD3D11RHI:   Driver Version: Unknown (internal:Unknown, unified:Unknown)
[2019.11.21-14.38.14:962][  0]LogD3D11RHI:      Driver Date: Unknown
[2019.11.21-14.38.14:962][  0]LogRHI: Texture pool is 2814 MB (70% of 4021 MB)
[2019.11.21-14.38.14:998][  0]LogD3D11RHI: Async texture creation enabled
[2019.11.21-14.38.15:014][  0]LogD3D11RHI: GPU Timing Frequency: 1000.000000 (Debug: 2 1)
[2019.11.21-14.38.15:317][  0]LogTemp: Display: Module 'AllDesktopTargetPlatform' loaded TargetPlatform 'AllDesktop'
[2019.11.21-14.38.15:325][  0]LogTemp: Display: Module 'MacClientTargetPlatform' loaded TargetPlatform 'MacClient'
[2019.11.21-14.38.15:332][  0]LogTemp: Display: Module 'MacNoEditorTargetPlatform' loaded TargetPlatform 'MacNoEditor'
[2019.11.21-14.38.15:340][  0]LogTemp: Display: Module 'MacServerTargetPlatform' loaded TargetPlatform 'MacServer'
[2019.11.21-14.38.15:349][  0]LogTemp: Display: Module 'MacTargetPlatform' loaded TargetPlatform 'Mac'
[2019.11.21-14.38.15:357][  0]LogTemp: Display: Module 'WindowsClientTargetPlatform' loaded TargetPlatform 'WindowsClient'
[2019.11.21-14.38.15:365][  0]LogTemp: Display: Module 'WindowsNoEditorTargetPlatform' loaded TargetPlatform 'WindowsNoEditor'
[2019.11.21-14.38.15:373][  0]LogTemp: Display: Module 'WindowsServerTargetPlatform' loaded TargetPlatform 'WindowsServer'
[2019.11.21-14.38.15:377][  0]LogTemp: Display: Module 'WindowsTargetPlatform' loaded TargetPlatform 'Windows'
[2019.11.21-14.38.15:405][  0]LogTemp: Display: Module 'AndroidTargetPlatform' loaded TargetPlatform 'Android'
[2019.11.21-14.38.15:405][  0]LogTemp: Display: Module 'AndroidTargetPlatform' loaded TargetPlatform 'Android_ASTC'
[2019.11.21-14.38.15:405][  0]LogTemp: Display: Module 'AndroidTargetPlatform' loaded TargetPlatform 'Android_ATC'
[2019.11.21-14.38.15:405][  0]LogTemp: Display: Module 'AndroidTargetPlatform' loaded TargetPlatform 'Android_DXT'
[2019.11.21-14.38.15:405][  0]LogTemp: Display: Module 'AndroidTargetPlatform' loaded TargetPlatform 'Android_ETC1'
[2019.11.21-14.38.15:405][  0]LogTemp: Display: Module 'AndroidTargetPlatform' loaded TargetPlatform 'Android_ETC1a'
[2019.11.21-14.38.15:405][  0]LogTemp: Display: Module 'AndroidTargetPlatform' loaded TargetPlatform 'Android_ETC2'
[2019.11.21-14.38.15:405][  0]LogTemp: Display: Module 'AndroidTargetPlatform' loaded TargetPlatform 'Android_PVRTC'
[2019.11.21-14.38.15:405][  0]LogTemp: Display: Module 'AndroidTargetPlatform' loaded TargetPlatform 'AndroidClient'
[2019.11.21-14.38.15:405][  0]LogTemp: Display: Module 'AndroidTargetPlatform' loaded TargetPlatform 'Android_ASTCClient'
[2019.11.21-14.38.15:405][  0]LogTemp: Display: Module 'AndroidTargetPlatform' loaded TargetPlatform 'Android_ATCClient'
[2019.11.21-14.38.15:405][  0]LogTemp: Display: Module 'AndroidTargetPlatform' loaded TargetPlatform 'Android_DXTClient'
[2019.11.21-14.38.15:405][  0]LogTemp: Display: Module 'AndroidTargetPlatform' loaded TargetPlatform 'Android_ETC1Client'
[2019.11.21-14.38.15:405][  0]LogTemp: Display: Module 'AndroidTargetPlatform' loaded TargetPlatform 'Android_ETC1aClient'
[2019.11.21-14.38.15:405][  0]LogTemp: Display: Module 'AndroidTargetPlatform' loaded TargetPlatform 'Android_ETC2Client'
[2019.11.21-14.38.15:405][  0]LogTemp: Display: Module 'AndroidTargetPlatform' loaded TargetPlatform 'Android_PVRTCClient'
[2019.11.21-14.38.15:405][  0]LogTemp: Display: Module 'AndroidTargetPlatform' loaded TargetPlatform 'Android_Multi'
[2019.11.21-14.38.15:405][  0]LogTemp: Display: Module 'AndroidTargetPlatform' loaded TargetPlatform 'Android_MultiClient'
[2019.11.21-14.38.15:406][  0]LogTemp: Display: Module 'HTML5TargetPlatform' loaded TargetPlatform 'HTML5'
[2019.11.21-14.38.15:421][  0]LogTemp: Display: Module 'IOSTargetPlatform' loaded TargetPlatform 'IOSClient'
[2019.11.21-14.38.15:421][  0]LogTemp: Display: Module 'IOSTargetPlatform' loaded TargetPlatform 'IOS'
[2019.11.21-14.38.15:433][  0]LogTemp: Display: Module 'TVOSTargetPlatform' loaded TargetPlatform 'TVOSClient'
[2019.11.21-14.38.15:433][  0]LogTemp: Display: Module 'TVOSTargetPlatform' loaded TargetPlatform 'TVOS'
[2019.11.21-14.38.15:438][  0]LogTemp: Display: Module 'LinuxClientTargetPlatform' loaded TargetPlatform 'LinuxClient'
[2019.11.21-14.38.15:444][  0]LogTemp: Display: Module 'LinuxNoEditorTargetPlatform' loaded TargetPlatform 'LinuxNoEditor'
[2019.11.21-14.38.15:450][  0]LogTemp: Display: Module 'LinuxServerTargetPlatform' loaded TargetPlatform 'LinuxServer'
[2019.11.21-14.38.15:457][  0]LogTemp: Display: Module 'LinuxTargetPlatform' loaded TargetPlatform 'Linux'
[2019.11.21-14.38.15:477][  0]LogTemp: Display: Module 'LuminTargetPlatform' loaded TargetPlatform 'Lumin'
[2019.11.21-14.38.15:477][  0]LogTemp: Display: Module 'LuminTargetPlatform' loaded TargetPlatform 'LuminClient'
[2019.11.21-14.38.15:477][  0]LogTargetPlatformManager: Display: Building Assets For Windows
[2019.11.21-14.38.15:486][  0]LogAudioDebug: Display: Lib vorbis DLL was dynamically loaded.
[2019.11.21-14.38.15:532][  0]LogShaderCompilers: Guid format shader working directory is -70 characters bigger than the processId version (D:/SchoolAndProjects/Programs/ETGG 3801_02 Realtime Interactive/Unreal Projects/lab 4 missleCommander/MissleComnder/Intermediate/Shaders/WorkingDirectory/15836/).
[2019.11.21-14.38.15:532][  0]LogShaderCompilers: Cleaned the shader compiler working directory 'C:/Users/Thoma/AppData/Local/Temp/UnrealShaderWorkingDir/C2D26ED8489388BFB0FCA096C4A2FB52/'.
[2019.11.21-14.38.15:535][  0]LogXGEController: Cannot use XGE Controller as Incredibuild is not installed on this machine.
[2019.11.21-14.38.15:535][  0]LogShaderCompilers: Cannot use XGE Shader Compiler as Incredibuild is not installed on this machine.
[2019.11.21-14.38.15:535][  0]LogShaderCompilers: Display: Using Local Shader Compiler.
[2019.11.21-14.38.16:081][  0]LogDerivedDataCache: Display: Max Cache Size: 512 MB
[2019.11.21-14.38.16:129][  0]LogDerivedDataCache: Loaded boot cache 0.05s 73MB C:/Users/Thoma/AppData/Local/UnrealEngine/4.23/DerivedDataCache/Boot.ddc.
[2019.11.21-14.38.16:129][  0]LogDerivedDataCache: Display: Loaded Boot cache: C:/Users/Thoma/AppData/Local/UnrealEngine/4.23/DerivedDataCache/Boot.ddc
[2019.11.21-14.38.16:129][  0]LogDerivedDataCache: FDerivedDataBackendGraph:  Pak pak cache file D:/SchoolAndProjects/Programs/ETGG 3801_02 Realtime Interactive/Unreal Projects/lab 4 missleCommander/MissleComnder/DerivedDataCache/DDC.ddp not found, will not use a pak cache.
[2019.11.21-14.38.16:129][  0]LogDerivedDataCache: Unable to find inner node Pak for hierarchical cache Hierarchy.
[2019.11.21-14.38.16:129][  0]LogDerivedDataCache: FDerivedDataBackendGraph:  CompressedPak pak cache file D:/SchoolAndProjects/Programs/ETGG 3801_02 Realtime Interactive/Unreal Projects/lab 4 missleCommander/MissleComnder/DerivedDataCache/Compressed.ddp not found, will not use a pak cache.
[2019.11.21-14.38.16:129][  0]LogDerivedDataCache: Unable to find inner node CompressedPak for hierarchical cache Hierarchy.
[2019.11.21-14.38.16:139][  0]LogDerivedDataCache: Display: Pak cache opened for reading ../../../Engine/DerivedDataCache/Compressed.ddp.
[2019.11.21-14.38.16:139][  0]LogDerivedDataCache: FDerivedDataBackendGraph:  EnterprisePak pak cache file ../../../Enterprise/DerivedDataCache/Compressed.ddp not found, will not use a pak cache.
[2019.11.21-14.38.16:139][  0]LogDerivedDataCache: Unable to find inner node EnterprisePak for hierarchical cache Hierarchy.
[2019.11.21-14.38.16:140][  0]LogDerivedDataCache: Using Local data cache path C:/Users/Thoma/AppData/Local/UnrealEngine/Common/DerivedDataCache: Writable
[2019.11.21-14.38.16:140][  0]LogDerivedDataCache: Shared data cache path not found in *engine.ini, will not use an Shared cache.
[2019.11.21-14.38.16:140][  0]LogDerivedDataCache: Unable to find inner node Shared for hierarchical cache Hierarchy.
[2019.11.21-14.38.16:158][  0]LogMaterial: Verifying Global Shaders for PCD3D_SM5
[2019.11.21-14.38.16:161][  0]LogSlate: Using FreeType 2.6.0
[2019.11.21-14.38.16:161][  0]LogSlate: SlateFontServices - WITH_FREETYPE: 1, WITH_HARFBUZZ: 1
[2019.11.21-14.38.16:209][  0]LogAssetRegistry: FAssetRegistry took 0.0022 seconds to start up
[2019.11.21-14.38.16:434][  0]LogInit: Selected Device Profile: [Windows]
[2019.11.21-14.38.16:575][  0]LogMeshReduction: Using QuadricMeshReduction for automatic static mesh reduction
[2019.11.21-14.38.16:575][  0]LogMeshReduction: Using SimplygonMeshReduction for automatic skeletal mesh reduction
[2019.11.21-14.38.16:575][  0]LogMeshReduction: Using ProxyLODMeshReduction for automatic mesh merging
[2019.11.21-14.38.16:575][  0]LogMeshReduction: No distributed automatic mesh merging module available
[2019.11.21-14.38.16:576][  0]LogMeshMerging: No distributed automatic mesh merging module available
[2019.11.21-14.38.16:584][  0]LogNetVersion: MissleComnder 1.0.0, NetCL: 8386587, EngineNetVer: 11, GameNetVer: 0 (Checksum: 2994690250)
[2019.11.21-14.38.16:925][  0]LogPackageLocalizationCache: Processed 12 localized package path(s) for 1 prioritized culture(s) in 0.031374 seconds
[2019.11.21-14.38.16:932][  0]LogUObjectArray: 43444 objects as part of root set at end of initial load.
[2019.11.21-14.38.16:932][  0]LogUObjectAllocator: 7548648 out of 0 bytes used by permanent object pool.
[2019.11.21-14.38.16:932][  0]LogUObjectArray: CloseDisregardForGC: 0/0 objects in disregard for GC pool
[2019.11.21-14.38.17:643][  0]LogTcpMessaging: Initializing TcpMessaging bridge
[2019.11.21-14.38.17:645][  0]LogUdpMessaging: Initializing bridge on interface 0.0.0.0:0 to multicast group 230.0.0.1:6666.
[2019.11.21-14.38.17:695][  0]SourceControl: Source control is disabled
[2019.11.21-14.38.17:695][  0]SourceControl: Source control is disabled
[2019.11.21-14.38.17:696][  0]SourceControl: Source control is disabled
[2019.11.21-14.38.17:697][  0]SourceControl: Source control is disabled
[2019.11.21-14.38.17:765][  0]LogAndroidPermission: UAndroidPermissionCallbackProxy::GetInstance
[2019.11.21-14.38.17:869][  0]LogOcInput: OculusInput pre-init called
[2019.11.21-14.38.17:875][  0]LogWindows: Failed to load 'OVRPlugin.dll' (GetLastError=126)
[2019.11.21-14.38.17:875][  0]LogWindows: File 'OVRPlugin.dll' does not exist
[2019.11.21-14.38.17:930][  0]LogEngine: Initializing Engine...
[2019.11.21-14.38.17:931][  0]LogHMD: Failed to initialize OpenVR with code 110
[2019.11.21-14.38.17:932][  0]LogStats: UGameplayTagsManager::InitializeManager -  0.000 s
[2019.11.21-14.38.18:115][  0]LogInit: Initializing FReadOnlyCVARCache
[2019.11.21-14.38.18:128][  0]LogAIModule: Creating AISystem for world Untitled
[2019.11.21-14.38.18:148][  0]LogInit: XAudio2 using 'Speakers (Realtek(R) Audio)' : 2 channels at 48 kHz using 32 bits per sample (channel mask 0x3)
[2019.11.21-14.38.18:259][  0]LogInit: FAudioDevice initialized.
[2019.11.21-14.38.18:259][  0]LogNetVersion: Set ProjectVersion to 1.0.0.0. Version Checksum will be recalculated on next use.
[2019.11.21-14.38.18:356][  0]LogDerivedDataCache: Saved boot cache 0.10s 73MB C:/Users/Thoma/AppData/Local/UnrealEngine/4.23/DerivedDataCache/Boot.ddc.
[2019.11.21-14.38.18:363][  0]LogInit: Texture streaming: Enabled
[2019.11.21-14.38.18:387][  0]LogEngineSessionManager: EngineSessionManager initialized
[2019.11.21-14.38.18:387][  0]LogEditorSessionSummary: Verbose: Initializing EditorSessionSummaryWriter for editor session tracking
[2019.11.21-14.38.18:388][  0]LogEditorSessionSummary: EditorSessionSummaryWriter initialized
[2019.11.21-14.38.18:424][  0]LogInit: Transaction tracking system initialized
[2019.11.21-14.38.18:455][  0]BlueprintLog: New page: Editor Load
[2019.11.21-14.38.18:526][  0]LocalizationService: Localization service is disabled
[2019.11.21-14.38.18:743][  0]LogFileCache: Scanning file cache for directory 'D:/SchoolAndProjects/Programs/ETGG 3801_02 Realtime Interactive/Unreal Projects/lab 4 missleCommander/MissleComnder/Content/' took 0.00s
[2019.11.21-14.38.18:743][  0]LogCook: Display: Max memory allowance for cook 16384mb min free memory 0mb
[2019.11.21-14.38.18:743][  0]LogCook: Display: Mobile HDR setting 1
[2019.11.21-14.38.18:905][  0]SourceControl: Source control is disabled
[2019.11.21-14.38.18:906][  0]LightingResults: New page: Lighting Build
[2019.11.21-14.38.18:908][  0]LogWorld: UWorld::CleanupWorld for Untitled, bSessionEnded=true, bCleanupResources=true
[2019.11.21-14.38.18:908][  0]MapCheck: New page: Map Check
[2019.11.21-14.38.18:908][  0]LightingResults: New page: Lighting Build
[2019.11.21-14.38.18:945][  0]LogUObjectHash: Compacting FUObjectHashTables data took   1.37ms
[2019.11.21-14.38.19:102][  0]LogProperty: Warning: Serialized Class /Script/Engine.BlueprintGeneratedClass for a property of Class /Script/Engine.Actor. Reference will be nullptred.
    Property = ObjectProperty /Script/MissleComnder.worldSpawner:Player_SpawnType
    Item = BlueprintGeneratedClass /Game/BluePrints/PlayerBP.PlayerBP_C
[2019.11.21-14.38.19:170][  0]LogAIModule: Creating AISystem for world GameMap
[2019.11.21-14.38.19:173][  0]LogEditorServer: Finished looking for orphan Actors (0.000 secs)
[2019.11.21-14.38.19:203][  0]LogUObjectHash: Compacting FUObjectHashTables data took   1.77ms
[2019.11.21-14.38.19:204][  0]Cmd: MAP CHECKDEP NOCLEARLOG
[2019.11.21-14.38.19:204][  0]MapCheck: Map check complete: 0 Error(s), 0 Warning(s), took 0.08ms to complete.
[2019.11.21-14.38.19:204][  0]LogFileHelpers: Loading map 'GameMap' took 0.299
[2019.11.21-14.38.19:384][  0]LogSlate: Updating window title bar state: overlay mode, drag disabled, window buttons hidden, title bar hidden
[2019.11.21-14.38.19:391][  0]LogSlate: Updating window title bar state: overlay mode, drag disabled, window buttons hidden, title bar hidden
[2019.11.21-14.38.19:397][  0]LogSlate: Updating window title bar state: overlay mode, drag disabled, window buttons hidden, title bar hidden
[2019.11.21-14.38.19:404][  0]LogSlate: Updating window title bar state: overlay mode, drag disabled, window buttons hidden, title bar hidden
[2019.11.21-14.38.19:413][  0]LogCollectionManager: Loaded 0 collections in 0.002042 seconds
[2019.11.21-14.38.19:419][  0]LogFileCache: Scanning file cache for directory 'D:/SchoolAndProjects/Programs/ETGG 3801_02 Realtime Interactive/Unreal Projects/lab 4 missleCommander/MissleComnder/Saved/Collections/' took 0.00s
[2019.11.21-14.38.19:419][  0]LogFileCache: Scanning file cache for directory 'D:/SchoolAndProjects/Programs/ETGG 3801_02 Realtime Interactive/Unreal Projects/lab 4 missleCommander/MissleComnder/Content/Developers/Thoma/Collections/' took 0.00s
[2019.11.21-14.38.19:419][  0]LogFileCache: Scanning file cache for directory 'D:/SchoolAndProjects/Programs/ETGG 3801_02 Realtime Interactive/Unreal Projects/lab 4 missleCommander/MissleComnder/Content/Collections/' took 0.00s
[2019.11.21-14.38.19:419][  0]LogCollectionManager: Rebuilt the GUID cache for 0 collections in 0.000001 seconds
[2019.11.21-14.38.19:429][  0]LogContentBrowser: Native class hierarchy populated in 0.0093 seconds. Added 2864 classes and 682 folders.
[2019.11.21-14.38.19:435][  0]LogContentBrowser: Native class hierarchy updated for 'WidgetCarousel' in 0.0003 seconds. Added 0 classes and 0 folders.
[2019.11.21-14.38.19:510][  0]LogContentBrowser: Native class hierarchy updated for 'AddContentDialog' in 0.0003 seconds. Added 0 classes and 0 folders.
[2019.11.21-14.38.19:515][  0]LogContentBrowser: Native class hierarchy updated for 'SceneOutliner' in 0.0003 seconds. Added 1 classes and 2 folders.
[2019.11.21-14.38.19:575][  0]LogSlate: Took 0.000179 seconds to synchronously load lazily loaded font '../../../Engine/Content/Slate/Fonts/Roboto-Bold.ttf' (160K)
[2019.11.21-14.38.19:577][  0]LogSlate: Took 0.000154 seconds to synchronously load lazily loaded font '../../../Engine/Content/Slate/Fonts/Roboto-Regular.ttf' (155K)
[2019.11.21-14.38.19:585][  0]LogContentBrowser: Native class hierarchy updated for 'HierarchicalLODOutliner' in 0.0003 seconds. Added 0 classes and 0 folders.
[2019.11.21-14.38.19:586][  0]LogLoad: (Engine Initialization) Total time: 6.25 seconds
[2019.11.21-14.38.19:586][  0]LogLoad: (Engine Initialization) Total Blueprint compile time: 0.00 seconds
[2019.11.21-14.38.19:605][  0]LoadErrors: Error: /Game/BluePrints/PlayerBP : Failed import for FloatProperty /Game/Animation/PlayerAnimGraph.PlayerAnimGraph_C:walkingAmount Referenced by export Function /Game/BluePrints/PlayerBP.PlayerBP_C:ExecuteUbergraph_PlayerBP
[2019.11.21-14.38.19:636][  0]LogAssetRegistry: Asset discovery search completed in 3.4288 seconds
[2019.11.21-14.38.19:641][  0]LogCollectionManager: Rebuilt the object cache for 0 collections in 0.000005 seconds (found 0 objects)
[2019.11.21-14.38.19:641][  0]LogCollectionManager: Fixed up redirectors for 0 collections in 0.000076 seconds (updated 0 objects)
[2019.11.21-14.38.19:643][  0]LogContentStreaming: Texture pool size now 1000 MB
[2019.11.21-14.38.19:654][  0]LogSlate: FSceneViewport::OnFocusLost() reason 5
[2019.11.21-14.38.19:763][  0]LogSlate: Took 0.000640 seconds to synchronously load lazily loaded font '../../../Engine/Content/Editor/Slate/Fonts/FontAwesome.ttf' (139K)
[2019.11.21-14.38.19:818][  0]LogRenderer: Reallocating scene render targets to support 256x256 Format 10 NumSamples 1 (Frame:1).
[2019.11.21-14.38.19:818][  0]LogSlate: Took 0.000754 seconds to synchronously load lazily loaded font '../../../Engine/Content/Slate/Fonts/Roboto-Light.ttf' (167K)
[2019.11.21-14.38.19:849][  1]LogRenderer: Reallocating scene render targets to support 752x348 Format 10 NumSamples 1 (Frame:1).
[2019.11.21-14.38.19:852][  1]LogFileCache: Retrieving MD5 hashes for directory 'D:/SchoolAndProjects/Programs/ETGG 3801_02 Realtime Interactive/Unreal Projects/lab 4 missleCommander/MissleComnder/Content/' took 0.24s
[2019.11.21-14.38.20:627][ 42]LogSlate: Took 0.000199 seconds to synchronously load lazily loaded font '../../../Engine/Content/Slate/Fonts/Roboto-Light.ttf' (167K)
[2019.11.21-14.38.21:544][ 97]LogSlate: Window 'Message Log' being destroyed
[2019.11.21-14.38.21:548][ 97]LogSlate: Window 'Message Log' being destroyed
[2019.11.21-14.38.23:600][160]LogRenderer: Reallocating scene render targets to support 1136x560 Format 10 NumSamples 1 (Frame:159).
[2019.11.21-14.38.24:773][212]LogSlate: FSceneViewport::OnFocusLost() reason 0
[2019.11.21-14.38.27:700][385]LogAssetEditorManager: Opening Asset editor for Class /Script/MissleComnder.worldSpawner
[2019.11.21-14.39.27:979][559]LogHttp: Warning: 000002178400C7C0: invalid HTTP response code received. URL: https://datarouter.ol.epicgames.com/datarouter/api/v1/public/data?SessionID=%7B4DC62A5E-4AFE-2C3E-3670-C090CCDFCF47%7D&AppID=UEEditor.Rocket.Release&AppVersion=4.23.1-9631420%2B%2B%2BUE4%2BRelease-4.23&UserID=61ef604e460a473bfd91ed959db6d4be%7C59a1e2cfd3764767bcd953727bfa6a9a%7Cb141b85b-8fd0-4aa2-8584-ce31efaff61d&AppEnvironment=datacollector-binary&UploadType=eteventstream, HTTP code: 0, content length: -1, actual payload size: 0
[2019.11.21-14.39.27:979][559]LogHttp: Warning: 000002178400C7C0: request failed, libcurl error: 7 (Couldn't connect to server)
[2019.11.21-14.39.27:979][559]LogHttp: Warning: 000002178400C7C0: libcurl info message cache 0 (  Trying 52.21.4.215...)
[2019.11.21-14.39.27:979][559]LogHttp: Warning: 000002178400C7C0: libcurl info message cache 1 (TCP_NODELAY set)
[2019.11.21-14.39.27:979][559]LogHttp: Warning: 000002178400C7C0: libcurl info message cache 2 (connect to 52.21.4.215 port 443 failed: Connection refused)
[2019.11.21-14.39.27:979][559]LogHttp: Warning: 000002178400C7C0: libcurl info message cache 3 (  Trying 3.214.239.133...)
[2019.11.21-14.39.27:979][559]LogHttp: Warning: 000002178400C7C0: libcurl info message cache 4 (TCP_NODELAY set)
[2019.11.21-14.39.27:979][559]LogHttp: Warning: 000002178400C7C0: libcurl info message cache 5 (connect to 3.214.239.133 port 443 failed: Connection refused)
[2019.11.21-14.39.27:979][559]LogHttp: Warning: 000002178400C7C0: libcurl info message cache 6 (  Trying 18.214.237.224...)
[2019.11.21-14.39.27:979][559]LogHttp: Warning: 000002178400C7C0: libcurl info message cache 7 (TCP_NODELAY set)
[2019.11.21-14.39.27:979][559]LogHttp: Warning: 000002178400C7C0: libcurl info message cache 8 (connect to 18.214.237.224 port 443 failed: Connection refused)
[2019.11.21-14.39.27:979][559]LogHttp: Warning: 000002178400C7C0: libcurl info message cache 9 (  Trying 52.205.241.63...)
[2019.11.21-14.39.27:979][559]LogHttp: Warning: 000002178400C7C0: libcurl info message cache 10 (TCP_NODELAY set)
[2019.11.21-14.39.27:979][559]LogHttp: Warning: 000002178400C7C0: libcurl info message cache 11 (connect to 52.205.241.63 port 443 failed: Connection refused)
[2019.11.21-14.39.27:979][559]LogHttp: Warning: 000002178400C7C0: libcurl info message cache 12 (  Trying 35.173.159.232...)
[2019.11.21-14.39.27:979][559]LogHttp: Warning: 000002178400C7C0: libcurl info message cache 13 (TCP_NODELAY set)
[2019.11.21-14.39.27:979][559]LogHttp: Warning: 000002178400C7C0: libcurl info message cache 14 (connect to 35.173.159.232 port 443 failed: Connection refused)
[2019.11.21-14.39.27:979][559]LogHttp: Warning: 000002178400C7C0: libcurl info message cache 15 (  Trying 52.203.204.201...)
[2019.11.21-14.39.27:979][559]LogHttp: Warning: 000002178400C7C0: libcurl info message cache 16 (TCP_NODELAY set)
[2019.11.21-14.39.27:979][559]LogHttp: Warning: 000002178400C7C0: libcurl info message cache 17 (connect to 52.203.204.201 port 443 failed: Connection refused)
[2019.11.21-14.39.27:979][559]LogHttp: Warning: 000002178400C7C0: libcurl info message cache 18 (  Trying 52.86.156.38...)
[2019.11.21-14.39.27:979][559]LogHttp: Warning: 000002178400C7C0: libcurl info message cache 19 (TCP_NODELAY set)
[2019.11.21-14.39.27:979][559]LogHttp: Warning: 000002178400C7C0: libcurl info message cache 20 (connect to 52.86.156.38 port 443 failed: Connection refused)
[2019.11.21-14.39.27:979][559]LogHttp: Warning: 000002178400C7C0: libcurl info message cache 21 (  Trying 52.6.79.2...)
[2019.11.21-14.39.27:979][559]LogHttp: Warning: 000002178400C7C0: libcurl info message cache 22 (TCP_NODELAY set)
[2019.11.21-14.39.27:979][559]LogHttp: Warning: 000002178400C7C0: libcurl info message cache 23 (connect to 52.6.79.2 port 443 failed: Connection refused)
[2019.11.21-14.39.27:979][559]LogHttp: Warning: 000002178400C7C0: libcurl info message cache 24 (Failed to connect to datarouter.ol.epicgames.com port 443: Connection refused)
[2019.11.21-14.39.27:979][559]LogHttp: Warning: 000002178400C7C0: libcurl info message cache 25 (Closing connection 0)
[2019.11.21-14.39.28:315][560]LogHttp: Warning: Retry exhausted on https://datarouter.ol.epicgames.com/datarouter/api/v1/public/data?SessionID=%7B4DC62A5E-4AFE-2C3E-3670-C090CCDFCF47%7D&AppID=UEEditor.Rocket.Release&AppVersion=4.23.1-9631420%2B%2B%2BUE4%2BRelease-4.23&UserID=61ef604e460a473bfd91ed959db6d4be%7C59a1e2cfd3764767bcd953727bfa6a9a%7Cb141b85b-8fd0-4aa2-8584-ce31efaff61d&AppEnvironment=datacollector-binary&UploadType=eteventstream
[2019.11.21-14.41.36:973][943]LogHttp: Warning: 000002178400F740: invalid HTTP response code received. URL: https://datarouter.ol.epicgames.com/datarouter/api/v1/public/data?SessionID=%7B4DC62A5E-4AFE-2C3E-3670-C090CCDFCF47%7D&AppID=UEEditor.Rocket.Release&AppVersion=4.23.1-9631420%2B%2B%2BUE4%2BRelease-4.23&UserID=61ef604e460a473bfd91ed959db6d4be%7C59a1e2cfd3764767bcd953727bfa6a9a%7Cb141b85b-8fd0-4aa2-8584-ce31efaff61d&AppEnvironment=datacollector-binary&UploadType=eteventstream, HTTP code: 0, content length: -1, actual payload size: 0
[2019.11.21-14.41.36:973][943]LogHttp: Warning: 000002178400F740: request failed, libcurl error: 7 (Couldn't connect to server)
[2019.11.21-14.41.36:973][943]LogHttp: Warning: 000002178400F740: libcurl info message cache 0 (Hostname in DNS cache was stale, zapped)
[2019.11.21-14.41.36:973][943]LogHttp: Warning: 000002178400F740: libcurl info message cache 1 (  Trying 52.4.51.163...)
[2019.11.21-14.41.36:973][943]LogHttp: Warning: 000002178400F740: libcurl info message cache 2 (TCP_NODELAY set)
[2019.11.21-14.41.36:973][943]LogHttp: Warning: 000002178400F740: libcurl info message cache 3 (connect to 52.4.51.163 port 443 failed: Connection refused)
[2019.11.21-14.41.36:973][943]LogHttp: Warning: 000002178400F740: libcurl info message cache 4 (  Trying 54.165.171.83...)
[2019.11.21-14.41.36:973][943]LogHttp: Warning: 000002178400F740: libcurl info message cache 5 (TCP_NODELAY set)
[2019.11.21-14.41.36:973][943]LogHttp: Warning: 000002178400F740: libcurl info message cache 6 (connect to 54.165.171.83 port 443 failed: Connection refused)
[2019.11.21-14.41.36:973][943]LogHttp: Warning: 000002178400F740: libcurl info message cache 7 (  Trying 34.204.212.142...)
[2019.11.21-14.41.36:973][943]LogHttp: Warning: 000002178400F740: libcurl info message cache 8 (TCP_NODELAY set)
[2019.11.21-14.41.36:973][943]LogHttp: Warning: 000002178400F740: libcurl info message cache 9 (connect to 34.204.212.142 port 443 failed: Connection refused)
[2019.11.21-14.41.36:973][943]LogHttp: Warning: 000002178400F740: libcurl info message cache 10 (  Trying 107.21.3.123...)
[2019.11.21-14.41.36:973][943]LogHttp: Warning: 000002178400F740: libcurl info message cache 11 (TCP_NODELAY set)
[2019.11.21-14.41.36:973][943]LogHttp: Warning: 000002178400F740: libcurl info message cache 12 (connect to 107.21.3.123 port 443 failed: Connection refused)
[2019.11.21-14.41.36:973][943]LogHttp: Warning: 000002178400F740: libcurl info message cache 13 (  Trying 3.214.154.203...)
[2019.11.21-14.41.36:973][943]LogHttp: Warning: 000002178400F740: libcurl info message cache 14 (TCP_NODELAY set)
[2019.11.21-14.41.36:973][943]LogHttp: Warning: 000002178400F740: libcurl info message cache 15 (connect to 3.214.154.203 port 443 failed: Connection refused)
[2019.11.21-14.41.36:973][943]LogHttp: Warning: 000002178400F740: libcurl info message cache 16 (  Trying 34.206.62.221...)
[2019.11.21-14.41.36:973][943]LogHttp: Warning: 000002178400F740: libcurl info message cache 17 (TCP_NODELAY set)
[2019.11.21-14.41.36:973][943]LogHttp: Warning: 000002178400F740: libcurl info message cache 18 (connect to 34.206.62.221 port 443 failed: Connection refused)
[2019.11.21-14.41.36:973][943]LogHttp: Warning: 000002178400F740: libcurl info message cache 19 (  Trying 34.199.243.108...)
[2019.11.21-14.41.36:973][943]LogHttp: Warning: 000002178400F740: libcurl info message cache 20 (TCP_NODELAY set)
[2019.11.21-14.41.36:974][943]LogHttp: Warning: 000002178400F740: libcurl info message cache 21 (connect to 34.199.243.108 port 443 failed: Connection refused)
[2019.11.21-14.41.36:974][943]LogHttp: Warning: 000002178400F740: libcurl info message cache 22 (  Trying 54.88.130.39...)
[2019.11.21-14.41.36:974][943]LogHttp: Warning: 000002178400F740: libcurl info message cache 23 (TCP_NODELAY set)
[2019.11.21-14.41.36:974][943]LogHttp: Warning: 000002178400F740: libcurl info message cache 24 (connect to 54.88.130.39 port 443 failed: Connection refused)
[2019.11.21-14.41.36:974][943]LogHttp: Warning: 000002178400F740: libcurl info message cache 25 (Failed to connect to datarouter.ol.epicgames.com port 443: Connection refused)
[2019.11.21-14.41.36:974][943]LogHttp: Warning: 000002178400F740: libcurl info message cache 26 (Closing connection 1)
[2019.11.21-14.41.37:311][944]LogHttp: Warning: Retry exhausted on https://datarouter.ol.epicgames.com/datarouter/api/v1/public/data?SessionID=%7B4DC62A5E-4AFE-2C3E-3670-C090CCDFCF47%7D&AppID=UEEditor.Rocket.Release&AppVersion=4.23.1-9631420%2B%2B%2BUE4%2BRelease-4.23&UserID=61ef604e460a473bfd91ed959db6d4be%7C59a1e2cfd3764767bcd953727bfa6a9a%7Cb141b85b-8fd0-4aa2-8584-ce31efaff61d&AppEnvironment=datacollector-binary&UploadType=eteventstream
[2019.11.21-14.41.52:056][987]LogTemp: Repeating last play command: Selected Viewport
[2019.11.21-14.41.52:064][987]LogBlueprintUserMessages: Early PlayInEditor Detection: Level '/Game/GameScene/GameMap.GameMap:PersistentLevel' has LevelScriptBlueprint '/Game/GameScene/GameMap.GameMap:PersistentLevel.GameMap' with GeneratedClass '/Game/GameScene/GameMap.GameMap_C' with ClassGeneratedBy '/Game/GameScene/GameMap.GameMap:PersistentLevel.GameMap'
[2019.11.21-14.41.52:065][987]LogPlayLevel: PlayLevel: No blueprints needed recompiling
[2019.11.21-14.41.52:065][987]PIE: New page: PIE session: GameMap (Nov 21, 2019, 4:41:52 AM)
[2019.11.21-14.41.52:066][987]LogOnline: OSS: Creating online subsystem instance for: NULL
[2019.11.21-14.41.52:066][987]LogPlayLevel: Creating play world package: /Game/GameScene/UEDPIE_0_GameMap
[2019.11.21-14.41.52:070][987]LogPlayLevel: PIE: StaticDuplicateObject took: (0.003323s)
[2019.11.21-14.41.52:071][987]LogAIModule: Creating AISystem for world GameMap
[2019.11.21-14.41.52:071][987]LogPlayLevel: PIE: World Init took: (0.001028s)
[2019.11.21-14.41.52:071][987]LogPlayLevel: PIE: Created PIE world by copying editor world from /Game/GameScene/GameMap.GameMap to /Game/GameScene/UEDPIE_0_GameMap.GameMap (0.004575s)
[2019.11.21-14.41.52:101][987]LogUObjectHash: Compacting FUObjectHashTables data took   1.43ms
[2019.11.21-14.41.52:109][987]LogInit: XAudio2 using 'Speakers (Realtek(R) Audio)' : 2 channels at 48 kHz using 32 bits per sample (channel mask 0x3)
[2019.11.21-14.41.52:163][987]LogInit: FAudioDevice initialized.
[2019.11.21-14.41.52:173][987]LogLoad: Game class is 'gameModeBP_C'
[2019.11.21-14.41.52:175][987]LogWorld: Bringing World /Game/GameScene/UEDPIE_0_GameMap.GameMap up for play (max tick rate 60) at 2019.11.21-09.41.52
[2019.11.21-14.41.52:175][987]LogWorld: Bringing up level for play took: 0.000412
[2019.11.21-14.41.52:175][987]LogOnline: OSS: Creating online subsystem instance for: :Context_5
[2019.11.21-14.41.52:181][987]LogContentBrowser: Native class hierarchy updated for 'MovieSceneCapture' in 0.0003 seconds. Added 20 classes and 0 folders.
[2019.11.21-14.41.52:182][987]LogActorComponent: RegisterComponentWithWorld: (/Game/GameScene/UEDPIE_0_GameMap.GameMap:PersistentLevel.worldSpawnerRoot.MeshInstances) Already registered. Aborting.
[2019.11.21-14.41.53:244][987]LogWindows: Error: === Critical error: ===
[2019.11.21-14.41.53:244][987]LogWindows: Error: 
[2019.11.21-14.41.53:244][987]LogWindows: Error: Fatal error!
[2019.11.21-14.41.53:244][987]LogWindows: Error: 
[2019.11.21-14.41.53:244][987]LogWindows: Error: Unhandled Exception: EXCEPTION_ACCESS_VIOLATION reading address 0x00000170
[2019.11.21-14.41.53:244][987]LogWindows: Error: 
[2019.11.21-14.41.53:244][987]LogWindows: Error: [Callstack] 0x00007ffa3fdc90d9 UE4Editor-Engine.dll!UnknownFunction []
[2019.11.21-14.41.53:244][987]LogWindows: Error: [Callstack] 0x00007ffa271423dd UE4Editor-MissleComnder-8537.dll!AworldSpawner::BeginPlay() [D:\SchoolAndProjects\Programs\ETGG 3801_02 Realtime Interactive\Unreal Projects\lab 4 missleCommander\MissleComnder\Source\MissleComnder\worldSpawner.cpp:43]
[2019.11.21-14.41.53:244][987]LogWindows: Error: [Callstack] 0x00007ffa3fd906b6 UE4Editor-Engine.dll!UnknownFunction []
[2019.11.21-14.41.53:244][987]LogWindows: Error: [Callstack] 0x00007ffa40ff4710 UE4Editor-Engine.dll!UnknownFunction []
[2019.11.21-14.41.53:244][987]LogWindows: Error: [Callstack] 0x00007ffa40488d81 UE4Editor-Engine.dll!UnknownFunction []
[2019.11.21-14.41.53:244][987]LogWindows: Error: [Callstack] 0x00007ffa40fa244e UE4Editor-Engine.dll!UnknownFunction []
[2019.11.21-14.41.53:244][987]LogWindows: Error: [Callstack] 0x00007ffa4044ad29 UE4Editor-Engine.dll!UnknownFunction []
[2019.11.21-14.41.53:244][987]LogWindows: Error: [Callstack] 0x00007ffa3ed750b3 UE4Editor-UnrealEd.dll!UnknownFunction []
[2019.11.21-14.41.53:244][987]LogWindows: Error: [Callstack] 0x00007ffa3ed94361 UE4Editor-UnrealEd.dll!UnknownFunction []
[2019.11.21-14.41.53:244][987]LogWindows: Error: [Callstack] 0x00007ffa3edae265 UE4Editor-UnrealEd.dll!UnknownFunction []
[2019.11.21-14.41.53:244][987]LogWindows: Error: [Callstack] 0x00007ffa3e86d9b4 UE4Editor-UnrealEd.dll!UnknownFunction []
[2019.11.21-14.41.53:244][987]LogWindows: Error: [Callstack] 0x00007ffa3f0c5296 UE4Editor-UnrealEd.dll!UnknownFunction []
[2019.11.21-14.41.53:244][987]LogWindows: Error: [Callstack] 0x00007ff71af57b0a UE4Editor.exe!UnknownFunction []
[2019.11.21-14.41.53:244][987]LogWindows: Error: [Callstack] 0x00007ff71af6a91c UE4Editor.exe!UnknownFunction []
[2019.11.21-14.41.53:244][987]LogWindows: Error: [Callstack] 0x00007ff71af6a9fa UE4Editor.exe!UnknownFunction []
[2019.11.21-14.41.53:244][987]LogWindows: Error: [Callstack] 0x00007ff71af7b92c UE4Editor.exe!UnknownFunction []
[2019.11.21-14.41.53:244][987]LogWindows: Error: [Callstack] 0x00007ff71af7e60e UE4Editor.exe!UnknownFunction []
[2019.11.21-14.41.53:244][987]LogWindows: Error: [Callstack] 0x00007ffac4497974 KERNEL32.DLL!UnknownFunction []
[2019.11.21-14.41.53:244][987]LogWindows: Error: [Callstack] 0x00007ffac513a271 ntdll.dll!UnknownFunction []
[2019.11.21-14.41.53:244][987]LogWindows: Error: 
[2019.11.21-14.41.53:264][987]LogExit: Executing StaticShutdownAfterError
[2019.11.21-14.41.53:272][987]LogWindows: FPlatformMisc::RequestExit(1)
[2019.11.21-14.41.53:285][987]Log file closed, 11/21/19 09:41:53
