Log file open, 11/21/19 03:07:04
LogWindows: Failed to load 'aqProf.dll' (GetLastError=126)
LogWindows: File 'aqProf.dll' does not exist
LogWindows: Failed to load 'VtuneApi.dll' (GetLastError=126)
LogWindows: File 'VtuneApi.dll' does not exist
LogWindows: Failed to load 'VtuneApi32e.dll' (GetLastError=126)
LogWindows: File 'VtuneApi32e.dll' does not exist
LogConsoleResponse: Display: Failed to find resolution value strings in scalability ini. Falling back to default.
LogInit: Display: Running engine for game: MissleComnder
LogPlatformFile: Not using cached read wrapper
LogTaskGraph: Started task graph with 5 named threads and 23 total threads with 3 sets of task threads.
LogStats: Stats thread started at 0.069756
LogD3D11RHI: Loaded GFSDK_Aftermath_Lib.x64.dll
LogICUInternationalization: ICU TimeZone Detection - Raw Offset: -5:00, Platform Override: ''
LogPluginManager: Mounting plugin Paper2D
LogPluginManager: Mounting plugin AISupport
LogPluginManager: Mounting plugin LightPropagationVolume
LogPluginManager: Mounting plugin ActorLayerUtilities
LogPluginManager: Mounting plugin AnimationSharing
LogPluginManager: Mounting plugin CLionSourceCodeAccess
LogPluginManager: Mounting plugin CodeLiteSourceCodeAccess
LogPluginManager: Mounting plugin GitSourceControl
LogPluginManager: Mounting plugin KDevelopSourceCodeAccess
LogPluginManager: Mounting plugin NullSourceCodeAccess
LogPluginManager: Mounting plugin PerforceSourceControl
LogPluginManager: Mounting plugin SubversionSourceControl
LogPluginManager: Mounting plugin UObjectPlugin
LogPluginManager: Mounting plugin VisualStudioCodeSourceCodeAccess
LogPluginManager: Mounting plugin VisualStudioSourceCodeAccess
LogPluginManager: Mounting plugin XCodeSourceCodeAccess
LogPluginManager: Mounting plugin AssetManagerEditor
LogPluginManager: Mounting plugin CryptoKeys
LogPluginManager: Mounting plugin CurveEditorTools
LogPluginManager: Mounting plugin DataValidation
LogPluginManager: Mounting plugin FacialAnimation
LogPluginManager: Mounting plugin GameplayTagsEditor
LogPluginManager: Mounting plugin MacGraphicsSwitching
LogPluginManager: Mounting plugin MaterialAnalyzer
LogPluginManager: Mounting plugin MobileLauncherProfileWizard
LogPluginManager: Mounting plugin PluginBrowser
LogPluginManager: Mounting plugin SpeedTreeImporter
LogPluginManager: Mounting plugin DatasmithContent
LogPluginManager: Mounting plugin VariantManagerContent
LogPluginManager: Mounting plugin AlembicImporter
LogPluginManager: Mounting plugin AutomationUtils
LogPluginManager: Mounting plugin BackChannel
LogPluginManager: Mounting plugin CharacterAI
LogPluginManager: Mounting plugin GeometryCache
LogPluginManager: Mounting plugin HTML5Networking
LogPluginManager: Mounting plugin PlatformCrypto
LogPluginManager: Mounting plugin ProxyLODPlugin
LogPluginManager: Mounting plugin SkeletalReduction
LogPluginManager: Mounting plugin MagicLeap
LogPluginManager: Mounting plugin MagicLeapMedia
LogPluginManager: Mounting plugin AndroidMedia
LogPluginManager: Mounting plugin AvfMedia
LogPluginManager: Mounting plugin ImgMedia
LogPluginManager: Mounting plugin MediaCompositing
LogPluginManager: Mounting plugin MediaPlayerEditor
LogPluginManager: Mounting plugin WebMMedia
LogPluginManager: Mounting plugin WmfMedia
LogPluginManager: Mounting plugin TcpMessaging
LogPluginManager: Mounting plugin UdpMessaging
LogPluginManager: Mounting plugin ActorSequence
LogPluginManager: Mounting plugin LevelSequenceEditor
LogPluginManager: Mounting plugin MatineeToLevelSequence
LogPluginManager: Mounting plugin NetcodeUnitTest
LogPluginManager: Mounting plugin NUTUnrealEngine4
LogPluginManager: Mounting plugin OnlineSubsystemGooglePlay
LogPluginManager: Mounting plugin OnlineSubsystemIOS
LogPluginManager: Mounting plugin OnlineSubsystem
LogPluginManager: Mounting plugin OnlineSubsystemNull
LogPluginManager: Mounting plugin OnlineSubsystemUtils
LogPluginManager: Mounting plugin LauncherChunkInstaller
LogPluginManager: Mounting plugin AndroidDeviceProfileSelector
LogPluginManager: Mounting plugin AndroidMoviePlayer
LogPluginManager: Mounting plugin AndroidPermission
LogPluginManager: Mounting plugin AppleImageUtils
LogPluginManager: Mounting plugin AppleMoviePlayer
LogPluginManager: Mounting plugin ArchVisCharacter
LogPluginManager: Mounting plugin AudioCapture
LogPluginManager: Mounting plugin CableComponent
LogPluginManager: Mounting plugin CustomMeshComponent
LogPluginManager: Mounting plugin EditableMesh
LogPluginManager: Mounting plugin ExampleDeviceProfileSelector
LogPluginManager: Mounting plugin GoogleCloudMessaging
LogPluginManager: Mounting plugin IOSDeviceProfileSelector
LogPluginManager: Mounting plugin LinuxDeviceProfileSelector
LogPluginManager: Mounting plugin LocationServicesBPLibrary
LogPluginManager: Mounting plugin MobilePatchingUtils
LogPluginManager: Mounting plugin OculusVR
LogPluginManager: Mounting plugin PhysXVehicles
LogPluginManager: Mounting plugin ProceduralMeshComponent
LogPluginManager: Mounting plugin RuntimePhysXCooking
LogPluginManager: Mounting plugin SignificanceManager
LogPluginManager: Mounting plugin SteamVR
LogPluginManager: Mounting plugin WebMMoviePlayer
LogPluginManager: Mounting plugin WindowsMoviePlayer
LogPluginManager: Mounting plugin ScreenshotTools
LogInit: Using libcurl 7.55.1-DEV
LogInit:  - built for x86_64-pc-win32
LogInit:  - supports SSL with OpenSSL/1.1.1
LogInit:  - supports HTTP deflate (compression) using libz 1.2.8
LogInit:  - other features:
LogInit:      CURL_VERSION_SSL
LogInit:      CURL_VERSION_LIBZ
LogInit:      CURL_VERSION_IPV6
LogInit:      CURL_VERSION_ASYNCHDNS
LogInit:      CURL_VERSION_LARGEFILE
LogInit:      CURL_VERSION_IDN
LogInit:  CurlRequestOptions (configurable via config and command line):
LogInit:  - bVerifyPeer = true  - Libcurl will verify peer certificate
LogInit:  - bUseHttpProxy = false  - Libcurl will NOT use HTTP proxy
LogInit:  - bDontReuseConnections = false  - Libcurl will reuse connections
LogInit:  - MaxHostConnections = 16  - Libcurl will limit the number of connections to a host
LogInit:  - LocalHostAddr = Default
LogInit:  - BufferSize = 65536
LogOnline: OSS: Creating online subsystem instance for: NULL
LogInit: WinSock: version 1.1 (2.2), MaxSocks=32767, MaxUdp=65467
LogInit: Build: ++UE4+Release-4.23-CL-9631420
LogInit: Engine Version: 4.23.1-9631420+++UE4+Release-4.23
LogInit: Compatible Engine Version: 4.23.0-8386587+++UE4+Release-4.23
LogInit: Net CL: 8386587
LogInit: OS: Windows 10 (Release 1903) (), CPU: Intel(R) Core(TM) i7-6700K CPU @ 4.00GHz, GPU: NVIDIA GeForce GTX 980 Ti
LogInit: Compiled (64-bit): Oct 18 2019 02:07:44
LogInit: Compiled with Visual C++: 19.16.27030.01
LogInit: Build Configuration: Development
LogInit: Branch Name: ++UE4+Release-4.23
LogInit: Command Line: 
LogInit: Base Directory: D:/Epic Games/UE_4.23/Engine/Binaries/Win64/
LogInit: Installed Engine Build: 1
LogDevObjectVersion: Number of dev versions registered: 23
LogDevObjectVersion:   Dev-Blueprints (B0D832E4-1F89-4F0D-ACCF-7EB736FD4AA2): 10
LogDevObjectVersion:   Dev-Build (E1C64328-A22C-4D53-A36C-8E866417BD8C): 0
LogDevObjectVersion:   Dev-Core (375EC13C-06E4-48FB-B500-84F0262A717E): 3
LogDevObjectVersion:   Dev-Editor (E4B068ED-F494-42E9-A231-DA0B2E46BB41): 34
LogDevObjectVersion:   Dev-Framework (CFFC743F-43B0-4480-9391-14DF171D2073): 35
LogDevObjectVersion:   Dev-Mobile (B02B49B5-BB20-44E9-A304-32B752E40360): 2
LogDevObjectVersion:   Dev-Networking (A4E4105C-59A1-49B5-A7C5-40C4547EDFEE): 0
LogDevObjectVersion:   Dev-Online (39C831C9-5AE6-47DC-9A44-9C173E1C8E7C): 0
LogDevObjectVersion:   Dev-Physics (78F01B33-EBEA-4F98-B9B4-84EACCB95AA2): 0
LogDevObjectVersion:   Dev-Platform (6631380F-2D4D-43E0-8009-CF276956A95A): 0
LogDevObjectVersion:   Dev-Rendering (12F88B9F-8875-4AFC-A67C-D90C383ABD29): 31
LogDevObjectVersion:   Dev-Sequencer (7B5AE74C-D270-4C10-A958-57980B212A5A): 11
LogDevObjectVersion:   Dev-VR (D7296918-1DD6-4BDD-9DE2-64A83CC13884): 2
LogDevObjectVersion:   Dev-LoadTimes (C2A15278-BFE7-4AFE-6C17-90FF531DF755): 1
LogDevObjectVersion:   Private-Geometry (6EACA3D4-40EC-4CC1-B786-8BED09428FC5): 3
LogDevObjectVersion:   Dev-AnimPhys (29E575DD-E0A3-4627-9D10-D276232CDCEA): 17
LogDevObjectVersion:   Dev-Anim (AF43A65D-7FD3-4947-9873-3E8ED9C1BB05): 2
LogDevObjectVersion:   Dev-ReflectionCapture (6B266CEC-1EC7-4B8F-A30B-E4D90942FC07): 1
LogDevObjectVersion:   Dev-Automation (0DF73D61-A23F-47EA-B727-89E90C41499A): 1
LogDevObjectVersion:   FortniteMain (601D1886-AC64-4F84-AA16-D3DE0DEAC7D6): 27
LogDevObjectVersion:   Dev-Enterprise (9DFFBCD6-494F-0158-E221-12823C92A888): 6
LogDevObjectVersion:   Dev-Niagara (F2AED0AC-9AFE-416F-8664-AA7FFA26D6FC): 1
LogDevObjectVersion:   Dev-Destruction (174F1F0B-B4C6-45A5-B13F-2EE8D0FB917D): 9
LogInit: Presizing for max 16777216 objects, including 0 objects not considered by GC, pre-allocating 0 bytes for permanent pool.
LogInit: Object subsystem initialized
LogConfig: Setting CVar [[con.DebugEarlyDefault:1]]
LogConfig: Setting CVar [[r.setres:1280x720]]
[2019.11.21-08.07.04:528][  0]LogConfig: Setting CVar [[r.VSync:0]]
[2019.11.21-08.07.04:528][  0]LogConfig: Setting CVar [[r.RHICmdBypass:0]]
[2019.11.21-08.07.04:528][  0]LogConfig: Applying CVar settings from Section [/Script/Engine.RendererSettings] File [D:/School/Programs/ETGG 3801 Real-Time Interactive Prog 1/Unreal Projects/lab 4 missleCommander/MissleComnder/Saved/Config/Windows/Engine.ini]
[2019.11.21-08.07.04:528][  0]LogConfig: Setting CVar [[r.GPUCrashDebugging:0]]
[2019.11.21-08.07.04:528][  0]LogConfig: Setting CVar [[r.DefaultFeature.AutoExposure.ExtendDefaultLuminanceRange:1]]
[2019.11.21-08.07.04:528][  0]LogConfig: Applying CVar settings from Section [/Script/Engine.RendererOverrideSettings] File [D:/School/Programs/ETGG 3801 Real-Time Interactive Prog 1/Unreal Projects/lab 4 missleCommander/MissleComnder/Saved/Config/Windows/Engine.ini]
[2019.11.21-08.07.04:528][  0]LogConfig: Applying CVar settings from Section [/Script/Engine.StreamingSettings] File [D:/School/Programs/ETGG 3801 Real-Time Interactive Prog 1/Unreal Projects/lab 4 missleCommander/MissleComnder/Saved/Config/Windows/Engine.ini]
[2019.11.21-08.07.04:528][  0]LogConfig: Setting CVar [[s.MinBulkDataSizeForAsyncLoading:131072]]
[2019.11.21-08.07.04:528][  0]LogConfig: Setting CVar [[s.AsyncLoadingThreadEnabled:0]]
[2019.11.21-08.07.04:528][  0]LogConfig: Setting CVar [[s.EventDrivenLoaderEnabled:1]]
[2019.11.21-08.07.04:528][  0]LogConfig: Setting CVar [[s.WarnIfTimeLimitExceeded:0]]
[2019.11.21-08.07.04:528][  0]LogConfig: Setting CVar [[s.TimeLimitExceededMultiplier:1.5]]
[2019.11.21-08.07.04:528][  0]LogConfig: Setting CVar [[s.TimeLimitExceededMinTime:0.005]]
[2019.11.21-08.07.04:528][  0]LogConfig: Setting CVar [[s.UseBackgroundLevelStreaming:1]]
[2019.11.21-08.07.04:528][  0]LogConfig: Setting CVar [[s.PriorityAsyncLoadingExtraTime:15.0]]
[2019.11.21-08.07.04:528][  0]LogConfig: Setting CVar [[s.LevelStreamingActorsUpdateTimeLimit:5.0]]
[2019.11.21-08.07.04:529][  0]LogConfig: Setting CVar [[s.PriorityLevelStreamingActorsUpdateExtraTime:5.0]]
[2019.11.21-08.07.04:529][  0]LogConfig: Setting CVar [[s.LevelStreamingComponentsRegistrationGranularity:10]]
[2019.11.21-08.07.04:529][  0]LogConfig: Setting CVar [[s.UnregisterComponentsTimeLimit:1.0]]
[2019.11.21-08.07.04:529][  0]LogConfig: Setting CVar [[s.LevelStreamingComponentsUnregistrationGranularity:5]]
[2019.11.21-08.07.04:529][  0]LogConfig: Applying CVar settings from Section [/Script/Engine.GarbageCollectionSettings] File [D:/School/Programs/ETGG 3801 Real-Time Interactive Prog 1/Unreal Projects/lab 4 missleCommander/MissleComnder/Saved/Config/Windows/Engine.ini]
[2019.11.21-08.07.04:529][  0]LogConfig: Setting CVar [[gc.MaxObjectsNotConsideredByGC:1]]
[2019.11.21-08.07.04:529][  0]LogConfig: Setting CVar [[gc.SizeOfPermanentObjectPool:0]]
[2019.11.21-08.07.04:529][  0]LogConfig: Setting CVar [[gc.FlushStreamingOnGC:0]]
[2019.11.21-08.07.04:529][  0]LogConfig: Setting CVar [[gc.NumRetriesBeforeForcingGC:10]]
[2019.11.21-08.07.04:529][  0]LogConfig: Setting CVar [[gc.AllowParallelGC:1]]
[2019.11.21-08.07.04:529][  0]LogConfig: Setting CVar [[gc.TimeBetweenPurgingPendingKillObjects:61.1]]
[2019.11.21-08.07.04:529][  0]LogConfig: Setting CVar [[gc.MaxObjectsInEditor:16777216]]
[2019.11.21-08.07.04:529][  0]LogConfig: Setting CVar [[gc.IncrementalBeginDestroyEnabled:1]]
[2019.11.21-08.07.04:529][  0]LogConfig: Setting CVar [[gc.CreateGCClusters:1]]
[2019.11.21-08.07.04:529][  0]LogConfig: Setting CVar [[gc.MinGCClusterSize:5]]
[2019.11.21-08.07.04:529][  0]LogConfig: Setting CVar [[gc.ActorClusteringEnabled:0]]
[2019.11.21-08.07.04:529][  0]LogConfig: Setting CVar [[gc.BlueprintClusteringEnabled:0]]
[2019.11.21-08.07.04:529][  0]LogConfig: Setting CVar [[gc.UseDisregardForGCOnDedicatedServers:0]]
[2019.11.21-08.07.04:529][  0]LogConfig: Applying CVar settings from Section [/Script/Engine.NetworkSettings] File [D:/School/Programs/ETGG 3801 Real-Time Interactive Prog 1/Unreal Projects/lab 4 missleCommander/MissleComnder/Saved/Config/Windows/Engine.ini]
[2019.11.21-08.07.04:529][  0]LogConfig: Applying CVar settings from Section [/Script/UnrealEd.CookerSettings] File [D:/School/Programs/ETGG 3801 Real-Time Interactive Prog 1/Unreal Projects/lab 4 missleCommander/MissleComnder/Saved/Config/Windows/Engine.ini]
[2019.11.21-08.07.04:531][  0]LogConfig: Applying CVar settings from Section [ViewDistanceQuality@3] File [D:/School/Programs/ETGG 3801 Real-Time Interactive Prog 1/Unreal Projects/lab 4 missleCommander/MissleComnder/Saved/Config/Windows/Scalability.ini]
[2019.11.21-08.07.04:531][  0]LogConfig: Setting CVar [[r.SkeletalMeshLODBias:0]]
[2019.11.21-08.07.04:531][  0]LogConfig: Setting CVar [[r.ViewDistanceScale:1.0]]
[2019.11.21-08.07.04:531][  0]LogConfig: Applying CVar settings from Section [AntiAliasingQuality@3] File [D:/School/Programs/ETGG 3801 Real-Time Interactive Prog 1/Unreal Projects/lab 4 missleCommander/MissleComnder/Saved/Config/Windows/Scalability.ini]
[2019.11.21-08.07.04:531][  0]LogConfig: Setting CVar [[r.PostProcessAAQuality:4]]
[2019.11.21-08.07.04:531][  0]LogConfig: Applying CVar settings from Section [ShadowQuality@3] File [D:/School/Programs/ETGG 3801 Real-Time Interactive Prog 1/Unreal Projects/lab 4 missleCommander/MissleComnder/Saved/Config/Windows/Scalability.ini]
[2019.11.21-08.07.04:531][  0]LogConfig: Setting CVar [[r.LightFunctionQuality:1]]
[2019.11.21-08.07.04:531][  0]LogConfig: Setting CVar [[r.ShadowQuality:5]]
[2019.11.21-08.07.04:531][  0]LogConfig: Setting CVar [[r.Shadow.CSM.MaxCascades:10]]
[2019.11.21-08.07.04:531][  0]LogConfig: Setting CVar [[r.Shadow.MaxResolution:2048]]
[2019.11.21-08.07.04:531][  0]LogConfig: Setting CVar [[r.Shadow.MaxCSMResolution:2048]]
[2019.11.21-08.07.04:531][  0]LogConfig: Setting CVar [[r.Shadow.RadiusThreshold:0.01]]
[2019.11.21-08.07.04:531][  0]LogConfig: Setting CVar [[r.Shadow.DistanceScale:1.0]]
[2019.11.21-08.07.04:531][  0]LogConfig: Setting CVar [[r.Shadow.CSM.TransitionScale:1.0]]
[2019.11.21-08.07.04:531][  0]LogConfig: Setting CVar [[r.Shadow.PreShadowResolutionFactor:1.0]]
[2019.11.21-08.07.04:531][  0]LogConfig: Setting CVar [[r.DistanceFieldShadowing:1]]
[2019.11.21-08.07.04:531][  0]LogConfig: Setting CVar [[r.DistanceFieldAO:1]]
[2019.11.21-08.07.04:531][  0]LogConfig: Setting CVar [[r.AOQuality:2]]
[2019.11.21-08.07.04:531][  0]LogConfig: Setting CVar [[r.VolumetricFog:1]]
[2019.11.21-08.07.04:531][  0]LogConfig: Setting CVar [[r.VolumetricFog.GridPixelSize:8]]
[2019.11.21-08.07.04:531][  0]LogConfig: Setting CVar [[r.VolumetricFog.GridSizeZ:128]]
[2019.11.21-08.07.04:532][  0]LogConfig: Setting CVar [[r.VolumetricFog.HistoryMissSupersampleCount:4]]
[2019.11.21-08.07.04:532][  0]LogConfig: Setting CVar [[r.LightMaxDrawDistanceScale:1]]
[2019.11.21-08.07.04:532][  0]LogConfig: Setting CVar [[r.CapsuleShadows:1]]
[2019.11.21-08.07.04:532][  0]LogConfig: Applying CVar settings from Section [PostProcessQuality@3] File [D:/School/Programs/ETGG 3801 Real-Time Interactive Prog 1/Unreal Projects/lab 4 missleCommander/MissleComnder/Saved/Config/Windows/Scalability.ini]
[2019.11.21-08.07.04:532][  0]LogConfig: Setting CVar [[r.MotionBlurQuality:4]]
[2019.11.21-08.07.04:532][  0]LogConfig: Setting CVar [[r.AmbientOcclusionMipLevelFactor:0.4]]
[2019.11.21-08.07.04:532][  0]LogConfig: Setting CVar [[r.AmbientOcclusionMaxQuality:100]]
[2019.11.21-08.07.04:532][  0]LogConfig: Setting CVar [[r.AmbientOcclusionLevels:-1]]
[2019.11.21-08.07.04:532][  0]LogConfig: Setting CVar [[r.AmbientOcclusionRadiusScale:1.0]]
[2019.11.21-08.07.04:532][  0]LogConfig: Setting CVar [[r.DepthOfFieldQuality:2]]
[2019.11.21-08.07.04:532][  0]LogConfig: Setting CVar [[r.RenderTargetPoolMin:400]]
[2019.11.21-08.07.04:532][  0]LogConfig: Setting CVar [[r.LensFlareQuality:2]]
[2019.11.21-08.07.04:532][  0]LogConfig: Setting CVar [[r.SceneColorFringeQuality:1]]
[2019.11.21-08.07.04:532][  0]LogConfig: Setting CVar [[r.EyeAdaptationQuality:2]]
[2019.11.21-08.07.04:532][  0]LogConfig: Setting CVar [[r.BloomQuality:5]]
[2019.11.21-08.07.04:532][  0]LogConfig: Setting CVar [[r.FastBlurThreshold:100]]
[2019.11.21-08.07.04:532][  0]LogConfig: Setting CVar [[r.Upscale.Quality:3]]
[2019.11.21-08.07.04:532][  0]LogConfig: Setting CVar [[r.Tonemapper.GrainQuantization:1]]
[2019.11.21-08.07.04:532][  0]LogConfig: Setting CVar [[r.LightShaftQuality:1]]
[2019.11.21-08.07.04:532][  0]LogConfig: Setting CVar [[r.Filter.SizeScale:1]]
[2019.11.21-08.07.04:532][  0]LogConfig: Setting CVar [[r.Tonemapper.Quality:5]]
[2019.11.21-08.07.04:532][  0]LogConfig: Setting CVar [[r.DOF.Gather.AccumulatorQuality:1        ; higher gathering accumulator quality]]
[2019.11.21-08.07.04:532][  0]LogConfig: Setting CVar [[r.DOF.Gather.PostfilterMethod:1          ; Median3x3 postfilering method]]
[2019.11.21-08.07.04:532][  0]LogConfig: Setting CVar [[r.DOF.Gather.EnableBokehSettings:0       ; no bokeh simulation when gathering]]
[2019.11.21-08.07.04:532][  0]LogConfig: Setting CVar [[r.DOF.Gather.RingCount:4                 ; medium number of samples when gathering]]
[2019.11.21-08.07.04:532][  0]LogConfig: Setting CVar [[r.DOF.Scatter.ForegroundCompositing:1    ; additive foreground scattering]]
[2019.11.21-08.07.04:532][  0]LogConfig: Setting CVar [[r.DOF.Scatter.BackgroundCompositing:2    ; additive background scattering]]
[2019.11.21-08.07.04:532][  0]LogConfig: Setting CVar [[r.DOF.Scatter.EnableBokehSettings:1      ; bokeh simulation when scattering]]
[2019.11.21-08.07.04:532][  0]LogConfig: Setting CVar [[r.DOF.Scatter.MaxSpriteRatio:0.1         ; only a maximum of 10% of scattered bokeh]]
[2019.11.21-08.07.04:532][  0]LogConfig: Setting CVar [[r.DOF.Recombine.Quality:1                ; cheap slight out of focus]]
[2019.11.21-08.07.04:532][  0]LogConfig: Setting CVar [[r.DOF.Recombine.EnableBokehSettings:0    ; no bokeh simulation on slight out of focus]]
[2019.11.21-08.07.04:532][  0]LogConfig: Setting CVar [[r.DOF.TemporalAAQuality:1                ; more stable temporal accumulation]]
[2019.11.21-08.07.04:532][  0]LogConfig: Setting CVar [[r.DOF.Kernel.MaxForegroundRadius:0.025]]
[2019.11.21-08.07.04:532][  0]LogConfig: Setting CVar [[r.DOF.Kernel.MaxBackgroundRadius:0.025]]
[2019.11.21-08.07.04:532][  0]LogConfig: Applying CVar settings from Section [TextureQuality@3] File [D:/School/Programs/ETGG 3801 Real-Time Interactive Prog 1/Unreal Projects/lab 4 missleCommander/MissleComnder/Saved/Config/Windows/Scalability.ini]
[2019.11.21-08.07.04:532][  0]LogConfig: Setting CVar [[r.Streaming.MipBias:0]]
[2019.11.21-08.07.04:532][  0]LogConfig: Setting CVar [[r.Streaming.AmortizeCPUToGPUCopy:0]]
[2019.11.21-08.07.04:532][  0]LogConfig: Setting CVar [[r.Streaming.MaxNumTexturesToStreamPerFrame:0]]
[2019.11.21-08.07.04:532][  0]LogConfig: Setting CVar [[r.Streaming.Boost:1]]
[2019.11.21-08.07.04:532][  0]LogConfig: Setting CVar [[r.MaxAnisotropy:8]]
[2019.11.21-08.07.04:532][  0]LogConfig: Setting CVar [[r.Streaming.LimitPoolSizeToVRAM:0]]
[2019.11.21-08.07.04:532][  0]LogConfig: Setting CVar [[r.Streaming.PoolSize:1000]]
[2019.11.21-08.07.04:532][  0]LogConfig: Setting CVar [[r.Streaming.MaxEffectiveScreenSize:0]]
[2019.11.21-08.07.04:532][  0]LogConfig: Applying CVar settings from Section [EffectsQuality@3] File [D:/School/Programs/ETGG 3801 Real-Time Interactive Prog 1/Unreal Projects/lab 4 missleCommander/MissleComnder/Saved/Config/Windows/Scalability.ini]
[2019.11.21-08.07.04:532][  0]LogConfig: Setting CVar [[r.TranslucencyLightingVolumeDim:64]]
[2019.11.21-08.07.04:532][  0]LogConfig: Setting CVar [[r.RefractionQuality:2]]
[2019.11.21-08.07.04:532][  0]LogConfig: Setting CVar [[r.SSR.Quality:3]]
[2019.11.21-08.07.04:532][  0]LogConfig: Setting CVar [[r.SceneColorFormat:4]]
[2019.11.21-08.07.04:532][  0]LogConfig: Setting CVar [[r.DetailMode:2]]
[2019.11.21-08.07.04:532][  0]LogConfig: Setting CVar [[r.TranslucencyVolumeBlur:1]]
[2019.11.21-08.07.04:532][  0]LogConfig: Setting CVar [[r.MaterialQualityLevel:1 ; High quality]]
[2019.11.21-08.07.04:532][  0]LogConfig: Setting CVar [[r.SSS.Scale:1]]
[2019.11.21-08.07.04:532][  0]LogConfig: Setting CVar [[r.SSS.SampleSet:2]]
[2019.11.21-08.07.04:532][  0]LogConfig: Setting CVar [[r.SSS.Quality:1]]
[2019.11.21-08.07.04:532][  0]LogConfig: Setting CVar [[r.SSS.HalfRes:1]]
[2019.11.21-08.07.04:532][  0]LogConfig: Setting CVar [[r.EmitterSpawnRateScale:1.0]]
[2019.11.21-08.07.04:532][  0]LogConfig: Setting CVar [[r.ParticleLightQuality:2]]
[2019.11.21-08.07.04:532][  0]LogConfig: Applying CVar settings from Section [FoliageQuality@3] File [D:/School/Programs/ETGG 3801 Real-Time Interactive Prog 1/Unreal Projects/lab 4 missleCommander/MissleComnder/Saved/Config/Windows/Scalability.ini]
[2019.11.21-08.07.04:532][  0]LogConfig: Setting CVar [[foliage.DensityScale:1.0]]
[2019.11.21-08.07.04:532][  0]LogConfig: Setting CVar [[grass.DensityScale:1.0]]
[2019.11.21-08.07.04:532][  0]LogInit: Selected Device Profile: [Windows]
[2019.11.21-08.07.04:532][  0]LogInit: Applying CVar settings loaded from the selected device profile: [Windows]
[2019.11.21-08.07.04:535][  0]LogHAL: Display: Platform has ~ 16 GB [17104371712 / 17179869184 / 16], which maps to Larger [LargestMinGB=32, LargerMinGB=12, DefaultMinGB=8, SmallerMinGB=6, SmallestMinGB=0)
[2019.11.21-08.07.04:535][  0]LogInit: Going up to parent DeviceProfile []
[2019.11.21-08.07.04:535][  0]LogConfig: Applying CVar settings from Section [ViewDistanceQuality@3] File [D:/School/Programs/ETGG 3801 Real-Time Interactive Prog 1/Unreal Projects/lab 4 missleCommander/MissleComnder/Saved/Config/Windows/Scalability.ini]
[2019.11.21-08.07.04:535][  0]LogConfig: Setting CVar [[r.SkeletalMeshLODBias:0]]
[2019.11.21-08.07.04:535][  0]LogConfig: Setting CVar [[r.ViewDistanceScale:1.0]]
[2019.11.21-08.07.04:535][  0]LogConfig: Applying CVar settings from Section [AntiAliasingQuality@3] File [D:/School/Programs/ETGG 3801 Real-Time Interactive Prog 1/Unreal Projects/lab 4 missleCommander/MissleComnder/Saved/Config/Windows/Scalability.ini]
[2019.11.21-08.07.04:535][  0]LogConfig: Setting CVar [[r.PostProcessAAQuality:4]]
[2019.11.21-08.07.04:535][  0]LogConfig: Applying CVar settings from Section [ShadowQuality@3] File [D:/School/Programs/ETGG 3801 Real-Time Interactive Prog 1/Unreal Projects/lab 4 missleCommander/MissleComnder/Saved/Config/Windows/Scalability.ini]
[2019.11.21-08.07.04:535][  0]LogConfig: Setting CVar [[r.LightFunctionQuality:1]]
[2019.11.21-08.07.04:535][  0]LogConfig: Setting CVar [[r.ShadowQuality:5]]
[2019.11.21-08.07.04:535][  0]LogConfig: Setting CVar [[r.Shadow.CSM.MaxCascades:10]]
[2019.11.21-08.07.04:535][  0]LogConfig: Setting CVar [[r.Shadow.MaxResolution:2048]]
[2019.11.21-08.07.04:535][  0]LogConfig: Setting CVar [[r.Shadow.MaxCSMResolution:2048]]
[2019.11.21-08.07.04:535][  0]LogConfig: Setting CVar [[r.Shadow.RadiusThreshold:0.01]]
[2019.11.21-08.07.04:535][  0]LogConfig: Setting CVar [[r.Shadow.DistanceScale:1.0]]
[2019.11.21-08.07.04:535][  0]LogConfig: Setting CVar [[r.Shadow.CSM.TransitionScale:1.0]]
[2019.11.21-08.07.04:535][  0]LogConfig: Setting CVar [[r.Shadow.PreShadowResolutionFactor:1.0]]
[2019.11.21-08.07.04:535][  0]LogConfig: Setting CVar [[r.DistanceFieldShadowing:1]]
[2019.11.21-08.07.04:535][  0]LogConfig: Setting CVar [[r.DistanceFieldAO:1]]
[2019.11.21-08.07.04:535][  0]LogConfig: Setting CVar [[r.AOQuality:2]]
[2019.11.21-08.07.04:535][  0]LogConfig: Setting CVar [[r.VolumetricFog:1]]
[2019.11.21-08.07.04:535][  0]LogConfig: Setting CVar [[r.VolumetricFog.GridPixelSize:8]]
[2019.11.21-08.07.04:535][  0]LogConfig: Setting CVar [[r.VolumetricFog.GridSizeZ:128]]
[2019.11.21-08.07.04:535][  0]LogConfig: Setting CVar [[r.VolumetricFog.HistoryMissSupersampleCount:4]]
[2019.11.21-08.07.04:535][  0]LogConfig: Setting CVar [[r.LightMaxDrawDistanceScale:1]]
[2019.11.21-08.07.04:535][  0]LogConfig: Setting CVar [[r.CapsuleShadows:1]]
[2019.11.21-08.07.04:535][  0]LogConfig: Applying CVar settings from Section [PostProcessQuality@3] File [D:/School/Programs/ETGG 3801 Real-Time Interactive Prog 1/Unreal Projects/lab 4 missleCommander/MissleComnder/Saved/Config/Windows/Scalability.ini]
[2019.11.21-08.07.04:535][  0]LogConfig: Setting CVar [[r.MotionBlurQuality:4]]
[2019.11.21-08.07.04:535][  0]LogConfig: Setting CVar [[r.AmbientOcclusionMipLevelFactor:0.4]]
[2019.11.21-08.07.04:535][  0]LogConfig: Setting CVar [[r.AmbientOcclusionMaxQuality:100]]
[2019.11.21-08.07.04:535][  0]LogConfig: Setting CVar [[r.AmbientOcclusionLevels:-1]]
[2019.11.21-08.07.04:535][  0]LogConfig: Setting CVar [[r.AmbientOcclusionRadiusScale:1.0]]
[2019.11.21-08.07.04:535][  0]LogConfig: Setting CVar [[r.DepthOfFieldQuality:2]]
[2019.11.21-08.07.04:535][  0]LogConfig: Setting CVar [[r.RenderTargetPoolMin:400]]
[2019.11.21-08.07.04:535][  0]LogConfig: Setting CVar [[r.LensFlareQuality:2]]
[2019.11.21-08.07.04:535][  0]LogConfig: Setting CVar [[r.SceneColorFringeQuality:1]]
[2019.11.21-08.07.04:535][  0]LogConfig: Setting CVar [[r.EyeAdaptationQuality:2]]
[2019.11.21-08.07.04:535][  0]LogConfig: Setting CVar [[r.BloomQuality:5]]
[2019.11.21-08.07.04:535][  0]LogConfig: Setting CVar [[r.FastBlurThreshold:100]]
[2019.11.21-08.07.04:535][  0]LogConfig: Setting CVar [[r.Upscale.Quality:3]]
[2019.11.21-08.07.04:535][  0]LogConfig: Setting CVar [[r.Tonemapper.GrainQuantization:1]]
[2019.11.21-08.07.04:535][  0]LogConfig: Setting CVar [[r.LightShaftQuality:1]]
[2019.11.21-08.07.04:535][  0]LogConfig: Setting CVar [[r.Filter.SizeScale:1]]
[2019.11.21-08.07.04:535][  0]LogConfig: Setting CVar [[r.Tonemapper.Quality:5]]
[2019.11.21-08.07.04:535][  0]LogConfig: Setting CVar [[r.DOF.Gather.AccumulatorQuality:1        ; higher gathering accumulator quality]]
[2019.11.21-08.07.04:535][  0]LogConfig: Setting CVar [[r.DOF.Gather.PostfilterMethod:1          ; Median3x3 postfilering method]]
[2019.11.21-08.07.04:535][  0]LogConfig: Setting CVar [[r.DOF.Gather.EnableBokehSettings:0       ; no bokeh simulation when gathering]]
[2019.11.21-08.07.04:535][  0]LogConfig: Setting CVar [[r.DOF.Gather.RingCount:4                 ; medium number of samples when gathering]]
[2019.11.21-08.07.04:535][  0]LogConfig: Setting CVar [[r.DOF.Scatter.ForegroundCompositing:1    ; additive foreground scattering]]
[2019.11.21-08.07.04:535][  0]LogConfig: Setting CVar [[r.DOF.Scatter.BackgroundCompositing:2    ; additive background scattering]]
[2019.11.21-08.07.04:535][  0]LogConfig: Setting CVar [[r.DOF.Scatter.EnableBokehSettings:1      ; bokeh simulation when scattering]]
[2019.11.21-08.07.04:535][  0]LogConfig: Setting CVar [[r.DOF.Scatter.MaxSpriteRatio:0.1         ; only a maximum of 10% of scattered bokeh]]
[2019.11.21-08.07.04:535][  0]LogConfig: Setting CVar [[r.DOF.Recombine.Quality:1                ; cheap slight out of focus]]
[2019.11.21-08.07.04:535][  0]LogConfig: Setting CVar [[r.DOF.Recombine.EnableBokehSettings:0    ; no bokeh simulation on slight out of focus]]
[2019.11.21-08.07.04:535][  0]LogConfig: Setting CVar [[r.DOF.TemporalAAQuality:1                ; more stable temporal accumulation]]
[2019.11.21-08.07.04:535][  0]LogConfig: Setting CVar [[r.DOF.Kernel.MaxForegroundRadius:0.025]]
[2019.11.21-08.07.04:535][  0]LogConfig: Setting CVar [[r.DOF.Kernel.MaxBackgroundRadius:0.025]]
[2019.11.21-08.07.04:535][  0]LogConfig: Applying CVar settings from Section [TextureQuality@3] File [D:/School/Programs/ETGG 3801 Real-Time Interactive Prog 1/Unreal Projects/lab 4 missleCommander/MissleComnder/Saved/Config/Windows/Scalability.ini]
[2019.11.21-08.07.04:535][  0]LogConfig: Setting CVar [[r.Streaming.MipBias:0]]
[2019.11.21-08.07.04:535][  0]LogConfig: Setting CVar [[r.Streaming.AmortizeCPUToGPUCopy:0]]
[2019.11.21-08.07.04:535][  0]LogConfig: Setting CVar [[r.Streaming.MaxNumTexturesToStreamPerFrame:0]]
[2019.11.21-08.07.04:535][  0]LogConfig: Setting CVar [[r.Streaming.Boost:1]]
[2019.11.21-08.07.04:535][  0]LogConfig: Setting CVar [[r.MaxAnisotropy:8]]
[2019.11.21-08.07.04:535][  0]LogConfig: Setting CVar [[r.Streaming.LimitPoolSizeToVRAM:0]]
[2019.11.21-08.07.04:535][  0]LogConfig: Setting CVar [[r.Streaming.PoolSize:1000]]
[2019.11.21-08.07.04:535][  0]LogConfig: Setting CVar [[r.Streaming.MaxEffectiveScreenSize:0]]
[2019.11.21-08.07.04:535][  0]LogConfig: Applying CVar settings from Section [EffectsQuality@3] File [D:/School/Programs/ETGG 3801 Real-Time Interactive Prog 1/Unreal Projects/lab 4 missleCommander/MissleComnder/Saved/Config/Windows/Scalability.ini]
[2019.11.21-08.07.04:535][  0]LogConfig: Setting CVar [[r.TranslucencyLightingVolumeDim:64]]
[2019.11.21-08.07.04:535][  0]LogConfig: Setting CVar [[r.RefractionQuality:2]]
[2019.11.21-08.07.04:535][  0]LogConfig: Setting CVar [[r.SSR.Quality:3]]
[2019.11.21-08.07.04:535][  0]LogConfig: Setting CVar [[r.SceneColorFormat:4]]
[2019.11.21-08.07.04:535][  0]LogConfig: Setting CVar [[r.DetailMode:2]]
[2019.11.21-08.07.04:535][  0]LogConfig: Setting CVar [[r.TranslucencyVolumeBlur:1]]
[2019.11.21-08.07.04:535][  0]LogConfig: Setting CVar [[r.MaterialQualityLevel:1 ; High quality]]
[2019.11.21-08.07.04:535][  0]LogConfig: Setting CVar [[r.SSS.Scale:1]]
[2019.11.21-08.07.04:536][  0]LogConfig: Setting CVar [[r.SSS.SampleSet:2]]
[2019.11.21-08.07.04:536][  0]LogConfig: Setting CVar [[r.SSS.Quality:1]]
[2019.11.21-08.07.04:536][  0]LogConfig: Setting CVar [[r.SSS.HalfRes:1]]
[2019.11.21-08.07.04:536][  0]LogConfig: Setting CVar [[r.EmitterSpawnRateScale:1.0]]
[2019.11.21-08.07.04:536][  0]LogConfig: Setting CVar [[r.ParticleLightQuality:2]]
[2019.11.21-08.07.04:536][  0]LogConfig: Applying CVar settings from Section [FoliageQuality@3] File [D:/School/Programs/ETGG 3801 Real-Time Interactive Prog 1/Unreal Projects/lab 4 missleCommander/MissleComnder/Saved/Config/Windows/Scalability.ini]
[2019.11.21-08.07.04:536][  0]LogConfig: Setting CVar [[foliage.DensityScale:1.0]]
[2019.11.21-08.07.04:536][  0]LogConfig: Setting CVar [[grass.DensityScale:1.0]]
[2019.11.21-08.07.04:536][  0]LogConfig: Applying CVar settings from Section [Startup] File [../../../Engine/Config/ConsoleVariables.ini]
[2019.11.21-08.07.04:536][  0]LogConfig: Setting CVar [[net.UseAdaptiveNetUpdateFrequency:0]]
[2019.11.21-08.07.04:536][  0]LogConfig: Setting CVar [[p.chaos.AllowCreatePhysxBodies:1]]
[2019.11.21-08.07.04:536][  0]LogConfig: Applying CVar settings from Section [ConsoleVariables] File [D:/School/Programs/ETGG 3801 Real-Time Interactive Prog 1/Unreal Projects/lab 4 missleCommander/MissleComnder/Saved/Config/Windows/Engine.ini]
[2019.11.21-08.07.04:536][  0]LogInit: Computer: THOMASS_TOWER
[2019.11.21-08.07.04:536][  0]LogInit: User: Thoma
[2019.11.21-08.07.04:536][  0]LogInit: CPU Page size=4096, Cores=4
[2019.11.21-08.07.04:536][  0]LogInit: High frequency timer resolution =10.000000 MHz
[2019.11.21-08.07.04:536][  0]LogMemory: Memory total: Physical=15.9GB (16GB approx)
[2019.11.21-08.07.04:536][  0]LogMemory: Platform Memory Stats for Windows
[2019.11.21-08.07.04:536][  0]LogMemory: Process Physical Memory: 104.96 MB used, 104.96 MB peak
[2019.11.21-08.07.04:536][  0]LogMemory: Process Virtual Memory: 100.80 MB used, 100.80 MB peak
[2019.11.21-08.07.04:536][  0]LogMemory: Physical Memory: 6870.24 MB used,  9441.76 MB free, 16312.00 MB total
[2019.11.21-08.07.04:536][  0]LogMemory: Virtual Memory: 4669.98 MB used,  134213056.00 MB free, 134217728.00 MB total
[2019.11.21-08.07.04:539][  0]LogWindows: WindowsPlatformFeatures enabled
[2019.11.21-08.07.04:559][  0]LogInit: Using OS detected language (en-US).
[2019.11.21-08.07.04:559][  0]LogInit: Using OS detected locale (en-US).
[2019.11.21-08.07.04:560][  0]LogTextLocalizationManager: No specific localization for 'en-US' exists, so the 'en' localization will be used.
[2019.11.21-08.07.04:709][  0]LogInit: Setting process to per monitor DPI aware
[2019.11.21-08.07.04:741][  0]LogSlate: New Slate User Created.  User Index 0, Is Virtual User: 0
[2019.11.21-08.07.04:741][  0]LogSlate: Slate User Registered.  User Index 0, Is Virtual User: 0
[2019.11.21-08.07.04:970][  0]LogHMD: Failed to initialize OpenVR with code 110
[2019.11.21-08.07.04:970][  0]LogD3D11RHI: D3D11 adapters:
[2019.11.21-08.07.05:020][  0]LogD3D11RHI:    0. 'NVIDIA GeForce GTX 980 Ti' (Feature Level 11_0)
[2019.11.21-08.07.05:020][  0]LogD3D11RHI:       6097/0/8156 MB DedicatedVideo/DedicatedSystem/SharedSystem, Outputs:1, VendorId:0x10de
[2019.11.21-08.07.05:022][  0]LogD3D11RHI:    1. 'Microsoft Basic Render Driver' (Feature Level 11_0)
[2019.11.21-08.07.05:022][  0]LogD3D11RHI:       0/0/8156 MB DedicatedVideo/DedicatedSystem/SharedSystem, Outputs:0, VendorId:0x1414
[2019.11.21-08.07.05:022][  0]LogD3D11RHI: Chosen D3D11 Adapter: 0
[2019.11.21-08.07.05:029][  0]LogD3D11RHI: Creating new Direct3DDevice
[2019.11.21-08.07.05:029][  0]LogD3D11RHI:     GPU DeviceId: 0x17c8 (for the marketing name, search the web for "GPU Device Id")
[2019.11.21-08.07.05:029][  0]LogWindows: EnumDisplayDevices:
[2019.11.21-08.07.05:029][  0]LogWindows:    0. 'NVIDIA GeForce GTX 980 Ti' (P:1 D:1)
[2019.11.21-08.07.05:029][  0]LogWindows:    1. 'NVIDIA GeForce GTX 980 Ti' (P:0 D:0)
[2019.11.21-08.07.05:029][  0]LogWindows:    2. 'NVIDIA GeForce GTX 980 Ti' (P:0 D:0)
[2019.11.21-08.07.05:030][  0]LogWindows:    3. 'NVIDIA GeForce GTX 980 Ti' (P:0 D:0)
[2019.11.21-08.07.05:030][  0]LogWindows: DebugString: FoundDriverCount:4 
[2019.11.21-08.07.05:030][  0]LogD3D11RHI:     Adapter Name: NVIDIA GeForce GTX 980 Ti
[2019.11.21-08.07.05:030][  0]LogD3D11RHI:   Driver Version: 441.20 (internal:26.21.14.4120, unified:441.20)
[2019.11.21-08.07.05:030][  0]LogD3D11RHI:      Driver Date: 11-6-2019
[2019.11.21-08.07.05:030][  0]LogRHI: Texture pool is 4268 MB (70% of 6097 MB)
[2019.11.21-08.07.05:062][  0]LogD3D11RHI: Async texture creation enabled
[2019.11.21-08.07.05:076][  0]LogD3D11RHI: GPU Timing Frequency: 1000.000000 (Debug: 2 1)
[2019.11.21-08.07.05:349][  0]LogTemp: Display: Module 'AllDesktopTargetPlatform' loaded TargetPlatform 'AllDesktop'
[2019.11.21-08.07.05:358][  0]LogTemp: Display: Module 'MacClientTargetPlatform' loaded TargetPlatform 'MacClient'
[2019.11.21-08.07.05:369][  0]LogTemp: Display: Module 'MacNoEditorTargetPlatform' loaded TargetPlatform 'MacNoEditor'
[2019.11.21-08.07.05:375][  0]LogTemp: Display: Module 'MacServerTargetPlatform' loaded TargetPlatform 'MacServer'
[2019.11.21-08.07.05:383][  0]LogTemp: Display: Module 'MacTargetPlatform' loaded TargetPlatform 'Mac'
[2019.11.21-08.07.05:391][  0]LogTemp: Display: Module 'WindowsClientTargetPlatform' loaded TargetPlatform 'WindowsClient'
[2019.11.21-08.07.05:398][  0]LogTemp: Display: Module 'WindowsNoEditorTargetPlatform' loaded TargetPlatform 'WindowsNoEditor'
[2019.11.21-08.07.05:404][  0]LogTemp: Display: Module 'WindowsServerTargetPlatform' loaded TargetPlatform 'WindowsServer'
[2019.11.21-08.07.05:408][  0]LogTemp: Display: Module 'WindowsTargetPlatform' loaded TargetPlatform 'Windows'
[2019.11.21-08.07.05:439][  0]LogTemp: Display: Module 'AndroidTargetPlatform' loaded TargetPlatform 'Android'
[2019.11.21-08.07.05:440][  0]LogTemp: Display: Module 'AndroidTargetPlatform' loaded TargetPlatform 'Android_ASTC'
[2019.11.21-08.07.05:440][  0]LogTemp: Display: Module 'AndroidTargetPlatform' loaded TargetPlatform 'Android_ATC'
[2019.11.21-08.07.05:440][  0]LogTemp: Display: Module 'AndroidTargetPlatform' loaded TargetPlatform 'Android_DXT'
[2019.11.21-08.07.05:440][  0]LogTemp: Display: Module 'AndroidTargetPlatform' loaded TargetPlatform 'Android_ETC1'
[2019.11.21-08.07.05:440][  0]LogTemp: Display: Module 'AndroidTargetPlatform' loaded TargetPlatform 'Android_ETC1a'
[2019.11.21-08.07.05:440][  0]LogTemp: Display: Module 'AndroidTargetPlatform' loaded TargetPlatform 'Android_ETC2'
[2019.11.21-08.07.05:440][  0]LogTemp: Display: Module 'AndroidTargetPlatform' loaded TargetPlatform 'Android_PVRTC'
[2019.11.21-08.07.05:440][  0]LogTemp: Display: Module 'AndroidTargetPlatform' loaded TargetPlatform 'AndroidClient'
[2019.11.21-08.07.05:440][  0]LogTemp: Display: Module 'AndroidTargetPlatform' loaded TargetPlatform 'Android_ASTCClient'
[2019.11.21-08.07.05:440][  0]LogTemp: Display: Module 'AndroidTargetPlatform' loaded TargetPlatform 'Android_ATCClient'
[2019.11.21-08.07.05:440][  0]LogTemp: Display: Module 'AndroidTargetPlatform' loaded TargetPlatform 'Android_DXTClient'
[2019.11.21-08.07.05:440][  0]LogTemp: Display: Module 'AndroidTargetPlatform' loaded TargetPlatform 'Android_ETC1Client'
[2019.11.21-08.07.05:440][  0]LogTemp: Display: Module 'AndroidTargetPlatform' loaded TargetPlatform 'Android_ETC1aClient'
[2019.11.21-08.07.05:440][  0]LogTemp: Display: Module 'AndroidTargetPlatform' loaded TargetPlatform 'Android_ETC2Client'
[2019.11.21-08.07.05:440][  0]LogTemp: Display: Module 'AndroidTargetPlatform' loaded TargetPlatform 'Android_PVRTCClient'
[2019.11.21-08.07.05:440][  0]LogTemp: Display: Module 'AndroidTargetPlatform' loaded TargetPlatform 'Android_Multi'
[2019.11.21-08.07.05:440][  0]LogTemp: Display: Module 'AndroidTargetPlatform' loaded TargetPlatform 'Android_MultiClient'
[2019.11.21-08.07.05:441][  0]LogTemp: Display: Module 'HTML5TargetPlatform' loaded TargetPlatform 'HTML5'
[2019.11.21-08.07.05:457][  0]LogTemp: Display: Module 'IOSTargetPlatform' loaded TargetPlatform 'IOSClient'
[2019.11.21-08.07.05:457][  0]LogTemp: Display: Module 'IOSTargetPlatform' loaded TargetPlatform 'IOS'
[2019.11.21-08.07.05:468][  0]LogTemp: Display: Module 'TVOSTargetPlatform' loaded TargetPlatform 'TVOSClient'
[2019.11.21-08.07.05:468][  0]LogTemp: Display: Module 'TVOSTargetPlatform' loaded TargetPlatform 'TVOS'
[2019.11.21-08.07.05:474][  0]LogTemp: Display: Module 'LinuxClientTargetPlatform' loaded TargetPlatform 'LinuxClient'
[2019.11.21-08.07.05:479][  0]LogTemp: Display: Module 'LinuxNoEditorTargetPlatform' loaded TargetPlatform 'LinuxNoEditor'
[2019.11.21-08.07.05:485][  0]LogTemp: Display: Module 'LinuxServerTargetPlatform' loaded TargetPlatform 'LinuxServer'
[2019.11.21-08.07.05:491][  0]LogTemp: Display: Module 'LinuxTargetPlatform' loaded TargetPlatform 'Linux'
[2019.11.21-08.07.05:510][  0]LogTemp: Display: Module 'LuminTargetPlatform' loaded TargetPlatform 'Lumin'
[2019.11.21-08.07.05:510][  0]LogTemp: Display: Module 'LuminTargetPlatform' loaded TargetPlatform 'LuminClient'
[2019.11.21-08.07.05:510][  0]LogTargetPlatformManager: Display: Building Assets For Windows
[2019.11.21-08.07.05:516][  0]LogAudioDebug: Display: Lib vorbis DLL was dynamically loaded.
[2019.11.21-08.07.05:556][  0]LogShaderCompilers: Guid format shader working directory is -76 characters bigger than the processId version (../../../../../School/Programs/ETGG 3801 Real-Time Interactive Prog 1/Unreal Projects/lab 4 missleCommander/MissleComnder/Intermediate/Shaders/WorkingDirectory/21596/).
[2019.11.21-08.07.05:556][  0]LogShaderCompilers: Cleaned the shader compiler working directory 'C:/Users/Thoma/AppData/Local/Temp/UnrealShaderWorkingDir/1620B1C1473C7AC57BB746B522453643/'.
[2019.11.21-08.07.05:558][  0]LogXGEController: Cannot use XGE Controller as Incredibuild is not installed on this machine.
[2019.11.21-08.07.05:558][  0]LogShaderCompilers: Cannot use XGE Shader Compiler as Incredibuild is not installed on this machine.
[2019.11.21-08.07.05:558][  0]LogShaderCompilers: Display: Using Local Shader Compiler.
[2019.11.21-08.07.06:077][  0]LogDerivedDataCache: Display: Max Cache Size: 512 MB
[2019.11.21-08.07.06:119][  0]LogDerivedDataCache: Loaded boot cache 0.04s 73MB C:/Users/Thoma/AppData/Local/UnrealEngine/4.23/DerivedDataCache/Boot.ddc.
[2019.11.21-08.07.06:119][  0]LogDerivedDataCache: Display: Loaded Boot cache: C:/Users/Thoma/AppData/Local/UnrealEngine/4.23/DerivedDataCache/Boot.ddc
[2019.11.21-08.07.06:119][  0]LogDerivedDataCache: FDerivedDataBackendGraph:  Pak pak cache file ../../../../../School/Programs/ETGG 3801 Real-Time Interactive Prog 1/Unreal Projects/lab 4 missleCommander/MissleComnder/DerivedDataCache/DDC.ddp not found, will not use a pak cache.
[2019.11.21-08.07.06:119][  0]LogDerivedDataCache: Unable to find inner node Pak for hierarchical cache Hierarchy.
[2019.11.21-08.07.06:119][  0]LogDerivedDataCache: FDerivedDataBackendGraph:  CompressedPak pak cache file ../../../../../School/Programs/ETGG 3801 Real-Time Interactive Prog 1/Unreal Projects/lab 4 missleCommander/MissleComnder/DerivedDataCache/Compressed.ddp not found, will not use a pak cache.
[2019.11.21-08.07.06:119][  0]LogDerivedDataCache: Unable to find inner node CompressedPak for hierarchical cache Hierarchy.
[2019.11.21-08.07.06:128][  0]LogDerivedDataCache: Display: Pak cache opened for reading ../../../Engine/DerivedDataCache/Compressed.ddp.
[2019.11.21-08.07.06:128][  0]LogDerivedDataCache: FDerivedDataBackendGraph:  EnterprisePak pak cache file ../../../Enterprise/DerivedDataCache/Compressed.ddp not found, will not use a pak cache.
[2019.11.21-08.07.06:128][  0]LogDerivedDataCache: Unable to find inner node EnterprisePak for hierarchical cache Hierarchy.
[2019.11.21-08.07.06:129][  0]LogDerivedDataCache: Using Local data cache path C:/Users/Thoma/AppData/Local/UnrealEngine/Common/DerivedDataCache: Writable
[2019.11.21-08.07.06:129][  0]LogDerivedDataCache: Shared data cache path not found in *engine.ini, will not use an Shared cache.
[2019.11.21-08.07.06:129][  0]LogDerivedDataCache: Unable to find inner node Shared for hierarchical cache Hierarchy.
[2019.11.21-08.07.06:145][  0]LogMaterial: Verifying Global Shaders for PCD3D_SM5
[2019.11.21-08.07.06:148][  0]LogSlate: Using FreeType 2.6.0
[2019.11.21-08.07.06:148][  0]LogSlate: SlateFontServices - WITH_FREETYPE: 1, WITH_HARFBUZZ: 1
[2019.11.21-08.07.06:200][  0]LogAssetRegistry: FAssetRegistry took 0.0019 seconds to start up
[2019.11.21-08.07.06:447][  0]LogInit: Selected Device Profile: [Windows]
[2019.11.21-08.07.06:576][  0]LogMeshReduction: Using QuadricMeshReduction for automatic static mesh reduction
[2019.11.21-08.07.06:576][  0]LogMeshReduction: Using SimplygonMeshReduction for automatic skeletal mesh reduction
[2019.11.21-08.07.06:576][  0]LogMeshReduction: Using ProxyLODMeshReduction for automatic mesh merging
[2019.11.21-08.07.06:576][  0]LogMeshReduction: No distributed automatic mesh merging module available
[2019.11.21-08.07.06:576][  0]LogMeshMerging: No distributed automatic mesh merging module available
[2019.11.21-08.07.06:584][  0]LogNetVersion: MissleComnder 1.0.0, NetCL: 8386587, EngineNetVer: 11, GameNetVer: 0 (Checksum: 2994690250)
[2019.11.21-08.07.06:905][  0]LogPackageLocalizationCache: Processed 12 localized package path(s) for 1 prioritized culture(s) in 0.032017 seconds
[2019.11.21-08.07.06:912][  0]LogUObjectArray: 43444 objects as part of root set at end of initial load.
[2019.11.21-08.07.06:912][  0]LogUObjectAllocator: 7548648 out of 0 bytes used by permanent object pool.
[2019.11.21-08.07.06:912][  0]LogUObjectArray: CloseDisregardForGC: 0/0 objects in disregard for GC pool
[2019.11.21-08.07.07:641][  0]LogTcpMessaging: Initializing TcpMessaging bridge
[2019.11.21-08.07.07:643][  0]LogUdpMessaging: Initializing bridge on interface 0.0.0.0:0 to multicast group 230.0.0.1:6666.
[2019.11.21-08.07.07:690][  0]SourceControl: Source control is disabled
[2019.11.21-08.07.07:690][  0]SourceControl: Source control is disabled
[2019.11.21-08.07.07:691][  0]SourceControl: Source control is disabled
[2019.11.21-08.07.07:692][  0]SourceControl: Source control is disabled
[2019.11.21-08.07.07:763][  0]LogAndroidPermission: UAndroidPermissionCallbackProxy::GetInstance
[2019.11.21-08.07.07:866][  0]LogOcInput: OculusInput pre-init called
[2019.11.21-08.07.07:871][  0]LogWindows: Failed to load 'OVRPlugin.dll' (GetLastError=126)
[2019.11.21-08.07.07:871][  0]LogWindows: File 'OVRPlugin.dll' does not exist
[2019.11.21-08.07.07:930][  0]LogEngine: Initializing Engine...
[2019.11.21-08.07.07:930][  0]LogHMD: Failed to initialize OpenVR with code 110
[2019.11.21-08.07.07:931][  0]LogStats: UGameplayTagsManager::InitializeManager -  0.000 s
[2019.11.21-08.07.08:118][  0]LogInit: Initializing FReadOnlyCVARCache
[2019.11.21-08.07.08:127][  0]LogAIModule: Creating AISystem for world Untitled
[2019.11.21-08.07.08:152][  0]LogInit: XAudio2 using 'Realtek Digital Output(Optical) (Realtek High Definition Audio)' : 2 channels at 48 kHz using 32 bits per sample (channel mask 0x3)
[2019.11.21-08.07.08:171][  0]LogInit: FAudioDevice initialized.
[2019.11.21-08.07.08:171][  0]LogNetVersion: Set ProjectVersion to 1.0.0.0. Version Checksum will be recalculated on next use.
[2019.11.21-08.07.08:238][  0]LogDerivedDataCache: Saved boot cache 0.07s 73MB C:/Users/Thoma/AppData/Local/UnrealEngine/4.23/DerivedDataCache/Boot.ddc.
[2019.11.21-08.07.08:241][  0]LogInit: Texture streaming: Enabled
[2019.11.21-08.07.08:256][  0]LogEngineSessionManager: EngineSessionManager initialized
[2019.11.21-08.07.08:256][  0]LogEditorSessionSummary: Verbose: Initializing EditorSessionSummaryWriter for editor session tracking
[2019.11.21-08.07.08:257][  0]LogEditorSessionSummary: EditorSessionSummaryWriter initialized
[2019.11.21-08.07.08:293][  0]LogInit: Transaction tracking system initialized
[2019.11.21-08.07.08:317][  0]BlueprintLog: New page: Editor Load
[2019.11.21-08.07.08:373][  0]LocalizationService: Localization service is disabled
[2019.11.21-08.07.08:593][  0]LogFileCache: Scanning file cache for directory 'D:/School/Programs/ETGG 3801 Real-Time Interactive Prog 1/Unreal Projects/lab 4 missleCommander/MissleComnder/Content/' took 0.00s
[2019.11.21-08.07.08:593][  0]LogCook: Display: Max memory allowance for cook 16384mb min free memory 0mb
[2019.11.21-08.07.08:593][  0]LogCook: Display: Mobile HDR setting 1
[2019.11.21-08.07.08:745][  0]SourceControl: Source control is disabled
[2019.11.21-08.07.08:746][  0]LightingResults: New page: Lighting Build
[2019.11.21-08.07.08:748][  0]LogWorld: UWorld::CleanupWorld for Untitled, bSessionEnded=true, bCleanupResources=true
[2019.11.21-08.07.08:748][  0]MapCheck: New page: Map Check
[2019.11.21-08.07.08:748][  0]LightingResults: New page: Lighting Build
[2019.11.21-08.07.08:766][  0]LogUObjectHash: Compacting FUObjectHashTables data took   1.25ms
[2019.11.21-08.07.08:930][  0]LogAIModule: Creating AISystem for world GameMap
[2019.11.21-08.07.08:936][  0]LogEditorServer: Finished looking for orphan Actors (0.000 secs)
[2019.11.21-08.07.08:957][  0]LogUObjectHash: Compacting FUObjectHashTables data took   1.65ms
[2019.11.21-08.07.08:957][  0]Cmd: MAP CHECKDEP NOCLEARLOG
[2019.11.21-08.07.08:957][  0]MapCheck: Map check complete: 0 Error(s), 0 Warning(s), took 0.085ms to complete.
[2019.11.21-08.07.08:957][  0]LogFileHelpers: Loading map 'GameMap' took 0.211
[2019.11.21-08.07.09:049][  0]LogSlate: Updating window title bar state: overlay mode, drag disabled, window buttons hidden, title bar hidden
[2019.11.21-08.07.09:055][  0]LogSlate: Updating window title bar state: overlay mode, drag disabled, window buttons hidden, title bar hidden
[2019.11.21-08.07.09:060][  0]LogSlate: Updating window title bar state: overlay mode, drag disabled, window buttons hidden, title bar hidden
[2019.11.21-08.07.09:066][  0]LogSlate: Updating window title bar state: overlay mode, drag disabled, window buttons hidden, title bar hidden
[2019.11.21-08.07.09:070][  0]LogCollectionManager: Loaded 0 collections in 0.001179 seconds
[2019.11.21-08.07.09:076][  0]LogFileCache: Scanning file cache for directory 'D:/School/Programs/ETGG 3801 Real-Time Interactive Prog 1/Unreal Projects/lab 4 missleCommander/MissleComnder/Saved/Collections/' took 0.00s
[2019.11.21-08.07.09:076][  0]LogFileCache: Scanning file cache for directory 'D:/School/Programs/ETGG 3801 Real-Time Interactive Prog 1/Unreal Projects/lab 4 missleCommander/MissleComnder/Content/Developers/Thoma/Collections/' took 0.00s
[2019.11.21-08.07.09:076][  0]LogFileCache: Scanning file cache for directory 'D:/School/Programs/ETGG 3801 Real-Time Interactive Prog 1/Unreal Projects/lab 4 missleCommander/MissleComnder/Content/Collections/' took 0.00s
[2019.11.21-08.07.09:076][  0]LogCollectionManager: Rebuilt the GUID cache for 0 collections in 0.000001 seconds
[2019.11.21-08.07.09:082][  0]LogContentBrowser: Native class hierarchy populated in 0.0067 seconds. Added 2864 classes and 682 folders.
[2019.11.21-08.07.09:087][  0]LogContentBrowser: Native class hierarchy updated for 'WidgetCarousel' in 0.0003 seconds. Added 0 classes and 0 folders.
[2019.11.21-08.07.09:135][  0]LogContentBrowser: Native class hierarchy updated for 'AddContentDialog' in 0.0003 seconds. Added 0 classes and 0 folders.
[2019.11.21-08.07.09:139][  0]LogContentBrowser: Native class hierarchy updated for 'SceneOutliner' in 0.0003 seconds. Added 1 classes and 2 folders.
[2019.11.21-08.07.09:180][  0]LogSlate: Took 0.000141 seconds to synchronously load lazily loaded font '../../../Engine/Content/Slate/Fonts/Roboto-Regular.ttf' (155K)
[2019.11.21-08.07.09:500][  0]LogSlate: Took 0.000201 seconds to synchronously load lazily loaded font '../../../Engine/Content/Slate/Fonts/Roboto-Bold.ttf' (160K)
[2019.11.21-08.07.09:507][  0]LogContentBrowser: Native class hierarchy updated for 'HierarchicalLODOutliner' in 0.0003 seconds. Added 0 classes and 0 folders.
[2019.11.21-08.07.09:507][  0]LogLoad: (Engine Initialization) Total time: 6.48 seconds
[2019.11.21-08.07.09:507][  0]LogLoad: (Engine Initialization) Total Blueprint compile time: 0.00 seconds
[2019.11.21-08.07.09:519][  0]LoadErrors: Error: /Game/BluePrints/PlayerBP : Failed import for FloatProperty /Game/Animation/PlayerAnimGraph.PlayerAnimGraph_C:walkingAmount Referenced by export Function /Game/BluePrints/PlayerBP.PlayerBP_C:ExecuteUbergraph_PlayerBP
[2019.11.21-08.07.09:553][  0]LogAssetRegistry: Asset discovery search completed in 3.3535 seconds
[2019.11.21-08.07.09:557][  0]LogCollectionManager: Rebuilt the object cache for 0 collections in 0.000007 seconds (found 0 objects)
[2019.11.21-08.07.09:557][  0]LogCollectionManager: Fixed up redirectors for 0 collections in 0.000065 seconds (updated 0 objects)
[2019.11.21-08.07.09:558][  0]LogContentStreaming: Texture pool size now 1000 MB
[2019.11.21-08.07.09:565][  0]LogSlate: FSceneViewport::OnFocusLost() reason 5
[2019.11.21-08.07.09:651][  0]LogSlate: Took 0.000213 seconds to synchronously load lazily loaded font '../../../Engine/Content/Editor/Slate/Fonts/FontAwesome.ttf' (139K)
[2019.11.21-08.07.09:720][  1]LogRenderer: Reallocating scene render targets to support 256x256 Format 10 NumSamples 1 (Frame:1).
[2019.11.21-08.07.09:724][  1]LogRenderer: Reallocating scene render targets to support 780x356 Format 10 NumSamples 1 (Frame:1).
[2019.11.21-08.07.09:772][  1]LogFileCache: Retrieving MD5 hashes for directory 'D:/School/Programs/ETGG 3801 Real-Time Interactive Prog 1/Unreal Projects/lab 4 missleCommander/MissleComnder/Content/' took 0.25s
[2019.11.21-08.07.11:387][191]LogSlate: Window 'Message Log' being destroyed
[2019.11.21-08.07.11:391][191]LogSlate: Window 'Message Log' being destroyed
[2019.11.21-08.07.12:678][345]LogSlate: FSceneViewport::OnFocusLost() reason 0
[2019.11.21-08.07.12:777][357]LogSlate: Window 'Editor Preferences' being destroyed
[2019.11.21-08.07.12:781][357]LogSlate: Window 'Editor Preferences' being destroyed
[2019.11.21-08.07.13:552][442]LogSlate: FSceneViewport::OnFocusLost() reason 0
[2019.11.21-08.07.13:714][461]LogSlate: Took 0.000173 seconds to synchronously load lazily loaded font '../../../Engine/Content/Slate/Fonts/Roboto-Light.ttf' (167K)
[2019.11.21-08.07.13:721][461]LogAssetEditorManager: Opening Asset editor for Class /Script/MissleComnder.worldSpawner
[2019.11.21-08.07.21:483][482]LogRenderer: Reallocating scene render targets to support 780x796 Format 10 NumSamples 1 (Frame:440).
[2019.11.21-08.09.05:807][344]Candidate modules for hot reload:
[2019.11.21-08.09.05:807][344]  MissleComnder
[2019.11.21-08.09.05:808][344]Launching UnrealBuildTool... [D:/Epic Games/UE_4.23/Engine/Binaries/DotNET/UnrealBuildTool.exe  -ModuleWithSuffix=MissleComnder,696 Win64 Development -TargetType=Editor -Project="D:/School/Programs/ETGG 3801 Real-Time Interactive Prog 1/Unreal Projects/lab 4 missleCommander/MissleComnder/MissleComnder.uproject" "D:/School/Programs/ETGG 3801 Real-Time Interactive Prog 1/Unreal Projects/lab 4 missleCommander/MissleComnder/MissleComnder.uproject"  -IgnoreJunk]
[2019.11.21-08.09.05:816][344]Warning: Starting HotReload took  0.0s.
[2019.11.21-08.09.08:798][650]LogRenderer: Reallocating scene render targets to support 784x796 Format 10 NumSamples 1 (Frame:1304).
[2019.11.21-08.09.08:830][650]LogRenderer: Reallocating scene render targets to support 804x796 Format 10 NumSamples 1 (Frame:1305).
[2019.11.21-08.09.08:861][650]LogRenderer: Reallocating scene render targets to support 824x796 Format 10 NumSamples 1 (Frame:1306).
[2019.11.21-08.09.08:884][650]LogRenderer: Reallocating scene render targets to support 840x796 Format 10 NumSamples 1 (Frame:1307).
[2019.11.21-08.09.08:916][650]LogRenderer: Reallocating scene render targets to support 856x796 Format 10 NumSamples 1 (Frame:1308).
[2019.11.21-08.09.08:946][650]LogRenderer: Reallocating scene render targets to support 876x796 Format 10 NumSamples 1 (Frame:1309).
[2019.11.21-08.09.08:977][650]LogRenderer: Reallocating scene render targets to support 892x796 Format 10 NumSamples 1 (Frame:1310).
[2019.11.21-08.09.09:007][650]LogRenderer: Reallocating scene render targets to support 908x796 Format 10 NumSamples 1 (Frame:1311).
[2019.11.21-08.09.09:037][650]LogRenderer: Reallocating scene render targets to support 928x796 Format 10 NumSamples 1 (Frame:1312).
[2019.11.21-08.09.09:068][650]LogRenderer: Reallocating scene render targets to support 936x796 Format 10 NumSamples 1 (Frame:1313).
[2019.11.21-08.09.20:285][974]CompilerResultsLog: New page: Compilation - Nov 20, 2019, 10:09:20 PM
[2019.11.21-08.09.20:285][974]CompilerResultsLog: Creating makefile for MissleComnderEditor (no existing makefile)
[2019.11.21-08.09.20:285][974]CompilerResultsLog: Parsing headers for MissleComnderEditor
[2019.11.21-08.09.20:285][974]CompilerResultsLog:   Running UnrealHeaderTool "D:\School\Programs\ETGG 3801 Real-Time Interactive Prog 1\Unreal Projects\lab 4 missleCommander\MissleComnder\MissleComnder.uproject" "D:\School\Programs\ETGG 3801 Real-Time Interactive Prog 1\Unreal Projects\lab 4 missleCommander\MissleComnder\Intermediate\Build\Win64\MissleComnderEditor\Development\MissleComnderEditor.uhtmanifest" -LogCmds="loginit warning, logexit warning, logdatabase error" -Unattended -WarningsAsErrors -installed
[2019.11.21-08.09.20:285][974]CompilerResultsLog: Reflection code generated for MissleComnderEditor in 6.5901669 seconds
[2019.11.21-08.09.20:285][974]CompilerResultsLog: Using Visual Studio 2019 14.23.28105 toolchain (C:\Program Files (x86)\Microsoft Visual Studio\2019\Community\VC\Tools\MSVC\14.23.28105) and Windows 10.0.18362.0 SDK (C:\Program Files (x86)\Windows Kits\10).
[2019.11.21-08.09.20:285][974]CompilerResultsLog: Building 4 actions with 8 processes...
[2019.11.21-08.09.20:285][974]CompilerResultsLog:   [1/4] worldSpawner.cpp
[2019.11.21-08.09.20:285][974]CompilerResultsLog:   [2/4] UE4Editor-MissleComnder-0696.lib
[2019.11.21-08.09.20:286][974]CompilerResultsLog:      Creating library D:\School\Programs\ETGG 3801 Real-Time Interactive Prog 1\Unreal Projects\lab 4 missleCommander\MissleComnder\Intermediate\Build\Win64\UE4Editor\Development\MissleComnder\UE4Editor-MissleComnder-0696.lib and object D:\School\Programs\ETGG 3801 Real-Time Interactive Prog 1\Unreal Projects\lab 4 missleCommander\MissleComnder\Intermediate\Build\Win64\UE4Editor\Development\MissleComnder\UE4Editor-MissleComnder-0696.exp
[2019.11.21-08.09.20:286][974]CompilerResultsLog:   [3/4] UE4Editor-MissleComnder-0696.dll
[2019.11.21-08.09.20:286][974]CompilerResultsLog:      Creating library D:\School\Programs\ETGG 3801 Real-Time Interactive Prog 1\Unreal Projects\lab 4 missleCommander\MissleComnder\Intermediate\Build\Win64\UE4Editor\Development\MissleComnder\UE4Editor-MissleComnder-0696.suppressed.lib and object D:\School\Programs\ETGG 3801 Real-Time Interactive Prog 1\Unreal Projects\lab 4 missleCommander\MissleComnder\Intermediate\Build\Win64\UE4Editor\Development\MissleComnder\UE4Editor-MissleComnder-0696.suppressed.exp
[2019.11.21-08.09.20:286][974]CompilerResultsLog:   [4/4] MissleComnderEditor.target
[2019.11.21-08.09.20:286][974]CompilerResultsLog: Total time in Parallel executor: 5.32 seconds
[2019.11.21-08.09.20:286][974]CompilerResultsLog: Total execution time: 14.35 seconds
[2019.11.21-08.09.20:286][974]LogMainFrame: MainFrame: Module compiling took 14.481 seconds
[2019.11.21-08.09.20:303][974]LogUObjectHash: Compacting FUObjectHashTables data took   0.80ms
[2019.11.21-08.09.20:316][974]LogContentBrowser: Native class hierarchy populated in 0.0068 seconds. Added 2865 classes and 684 folders.
[2019.11.21-08.09.20:316][974]Display: HotReload took 14.5s.
[2019.11.21-08.09.22:290][208]LogTemp: Repeating last play command: Selected Viewport
[2019.11.21-08.09.22:301][208]LogBlueprintUserMessages: Early PlayInEditor Detection: Level '/Game/GameScene/GameMap.GameMap:PersistentLevel' has LevelScriptBlueprint '/Game/GameScene/GameMap.GameMap:PersistentLevel.GameMap' with GeneratedClass '/Game/GameScene/GameMap.GameMap_C' with ClassGeneratedBy '/Game/GameScene/GameMap.GameMap:PersistentLevel.GameMap'
[2019.11.21-08.09.22:301][208]LogPlayLevel: PlayLevel: No blueprints needed recompiling
[2019.11.21-08.09.22:301][208]PIE: New page: PIE session: GameMap (Nov 20, 2019, 10:09:22 PM)
[2019.11.21-08.09.22:302][208]LogOnline: OSS: Creating online subsystem instance for: NULL
[2019.11.21-08.09.22:303][208]LogPlayLevel: Creating play world package: /Game/GameScene/UEDPIE_0_GameMap
[2019.11.21-08.09.22:305][208]LogPlayLevel: PIE: StaticDuplicateObject took: (0.002080s)
[2019.11.21-08.09.22:306][208]LogAIModule: Creating AISystem for world GameMap
[2019.11.21-08.09.22:306][208]LogPlayLevel: PIE: World Init took: (0.000965s)
[2019.11.21-08.09.22:306][208]LogPlayLevel: PIE: Created PIE world by copying editor world from /Game/GameScene/GameMap.GameMap to /Game/GameScene/UEDPIE_0_GameMap.GameMap (0.003217s)
[2019.11.21-08.09.22:325][208]LogUObjectHash: Compacting FUObjectHashTables data took   1.15ms
[2019.11.21-08.09.22:340][208]LogInit: XAudio2 using 'Realtek Digital Output(Optical) (Realtek High Definition Audio)' : 2 channels at 48 kHz using 32 bits per sample (channel mask 0x3)
[2019.11.21-08.09.22:355][208]LogInit: FAudioDevice initialized.
[2019.11.21-08.09.22:364][208]LogLoad: Game class is 'gameModeBP_C'
[2019.11.21-08.09.22:366][208]LogWorld: Bringing World /Game/GameScene/UEDPIE_0_GameMap.GameMap up for play (max tick rate 0) at 2019.11.21-03.09.22
[2019.11.21-08.09.22:366][208]LogWorld: Bringing up level for play took: 0.000889
[2019.11.21-08.09.22:366][208]LogOnline: OSS: Creating online subsystem instance for: :Context_1
[2019.11.21-08.09.22:398][208]LogContentBrowser: Native class hierarchy updated for 'MovieSceneCapture' in 0.0004 seconds. Added 20 classes and 0 folders.
[2019.11.21-08.09.22:402][208]LogBlueprintUserMessages: Warning: Time Dilation must be between 0.000100 and 20.000000.  Clamped value to that range.
[2019.11.21-08.09.22:402][208]PIE: Play in editor start time for /Game/GameScene/UEDPIE_0_GameMap -0.15
[2019.11.21-08.09.22:402][208]LogBlueprintUserMessages: Late PlayInEditor Detection: Level '/Game/GameScene/GameMap.GameMap:PersistentLevel' has LevelScriptBlueprint '/Game/GameScene/GameMap.GameMap:PersistentLevel.GameMap' with GeneratedClass '/Game/GameScene/GameMap.GameMap_C' with ClassGeneratedBy '/Game/GameScene/GameMap.GameMap:PersistentLevel.GameMap'
[2019.11.21-08.09.22:403][208]LogMaterial: Warning: Material /Game/Meshes/ground_cube.ground_cube missing bUsedWithInstancedStaticMeshes=True! Default Material will be used in game.
[2019.11.21-08.09.22:403][208]LogMaterial: Warning:      The material will recompile every editor launch until resaved.
[2019.11.21-08.09.28:307][909]LogRenderer: Reallocating scene render targets to support 940x796 Format 10 NumSamples 1 (Frame:678).
[2019.11.21-08.09.28:324][910]LogRenderer: Reallocating scene render targets to support 944x796 Format 10 NumSamples 1 (Frame:679).
[2019.11.21-08.09.28:339][911]LogRenderer: Reallocating scene render targets to support 952x796 Format 10 NumSamples 1 (Frame:680).
[2019.11.21-08.09.28:355][912]LogRenderer: Reallocating scene render targets to support 960x796 Format 10 NumSamples 1 (Frame:681).
[2019.11.21-08.09.28:368][913]LogRenderer: Reallocating scene render targets to support 976x796 Format 10 NumSamples 1 (Frame:682).
[2019.11.21-08.09.28:382][914]LogRenderer: Reallocating scene render targets to support 988x796 Format 10 NumSamples 1 (Frame:683).
[2019.11.21-08.09.28:397][915]LogRenderer: Reallocating scene render targets to support 996x796 Format 10 NumSamples 1 (Frame:684).
[2019.11.21-08.09.28:413][916]LogRenderer: Reallocating scene render targets to support 1004x796 Format 10 NumSamples 1 (Frame:685).
[2019.11.21-08.09.28:449][917]LogRenderer: Reallocating scene render targets to support 1008x796 Format 10 NumSamples 1 (Frame:686).
[2019.11.21-08.09.28:464][918]LogRenderer: Reallocating scene render targets to support 1020x796 Format 10 NumSamples 1 (Frame:687).
[2019.11.21-08.09.28:479][919]LogRenderer: Reallocating scene render targets to support 1028x796 Format 10 NumSamples 1 (Frame:688).
[2019.11.21-08.09.28:499][920]LogRenderer: Reallocating scene render targets to support 1040x796 Format 10 NumSamples 1 (Frame:689).
[2019.11.21-08.09.28:515][921]LogRenderer: Reallocating scene render targets to support 1052x796 Format 10 NumSamples 1 (Frame:690).
[2019.11.21-08.09.28:529][922]LogRenderer: Reallocating scene render targets to support 1056x796 Format 10 NumSamples 1 (Frame:691).
[2019.11.21-08.09.28:544][923]LogRenderer: Reallocating scene render targets to support 1064x796 Format 10 NumSamples 1 (Frame:692).
[2019.11.21-08.09.28:559][924]LogRenderer: Reallocating scene render targets to support 1068x796 Format 10 NumSamples 1 (Frame:694).
[2019.11.21-08.09.33:824][537]LogEditorViewport: Clicking on Actor (LMB): worldSpawner (worldSpawnerRoot)
[2019.11.21-08.09.39:224][909]LogSlate: Took 0.000776 seconds to synchronously load lazily loaded font '../../../Engine/Content/Slate/Fonts/Roboto-Italic.ttf' (157K)
[2019.11.21-08.09.39:739][942]LogSlate: FSceneViewport::OnFocusLost() reason 0
[2019.11.21-08.09.50:357][ 83]LogEditorViewport: Clicking on Component (LMB): InstancedStaticMeshComponent (MeshInstances)
[2019.11.21-08.09.53:264][130]LogEditorViewport: Clicking on Component (LMB): InstancedStaticMeshComponent (MeshInstances)
[2019.11.21-08.09.54:187][154]LogEditorViewport: Clicking on Component (LMB): InstancedStaticMeshComponent (MeshInstances)
[2019.11.21-08.09.57:931][262]LogSlate: FSceneViewport::OnFocusLost() reason 0
[2019.11.21-08.10.09:925][614]LogSlate: FSceneViewport::OnFocusLost() reason 0
[2019.11.21-08.10.42:520][514]Cmd: CAMERA ALIGN ACTIVEVIEWPORTONLY
[2019.11.21-08.10.57:422][930]LogEditorViewport: Clicking on Actor (LMB): BP_Sky_Sphere_C (Sky Sphere)
[2019.11.21-08.10.57:960][937]LogEditorViewport: Clicking on Actor (context menu): BP_Sky_Sphere_C (Sky Sphere)
[2019.11.21-08.10.58:135][937]LogSlate: FSceneViewport::OnFocusLost() reason 5
[2019.11.21-08.10.59:270][ 59]LogEditorViewport: Clicking on Actor (LMB): BP_Sky_Sphere_C (Sky Sphere)
[2019.11.21-08.11.05:414][782]LogSlate: FSceneViewport::OnFocusLost() reason 0
[2019.11.21-08.11.12:716][316]LogSlate: FSceneViewport::OnFocusLost() reason 0
[2019.11.21-08.11.27:101][965]LogSlate: FSceneViewport::OnFocusLost() reason 0
[2019.11.21-08.11.39:394][319]LogEditorViewport: Clicking on Actor (LMB): BP_Sky_Sphere_C (Sky Sphere)
[2019.11.21-08.11.44:748][852]Cmd: CAMERA ALIGN ACTIVEVIEWPORTONLY
[2019.11.21-08.11.47:863][172]LogEditorViewport: Clicking Background
[2019.11.21-08.11.48:296][221]LogEditorViewport: Clicking Background
[2019.11.21-08.11.48:354][225]LogEditorViewport: Clicking Background
[2019.11.21-08.11.48:979][299]LogEditorViewport: Clicking Background
[2019.11.21-08.11.52:172][679]LogSlate: FSceneViewport::OnFocusLost() reason 0
[2019.11.21-08.11.53:415][753]Cmd: CAMERA ALIGN ACTIVEVIEWPORTONLY
[2019.11.21-08.12.03:286][ 13]LogSlate: FSceneViewport::OnFocusLost() reason 0
[2019.11.21-08.12.20:550][510]LogSlate: FSceneViewport::OnFocusLost() reason 0
[2019.11.21-08.12.28:722][746]LogRenderer: Reallocating scene render targets to support 1072x796 Format 10 NumSamples 1 (Frame:10518).
[2019.11.21-08.12.28:817][748]LogRenderer: Reallocating scene render targets to support 1076x796 Format 10 NumSamples 1 (Frame:10522).
[2019.11.21-08.12.29:747][776]LogBlueprintUserMessages: Early EndPlayMap Detection: Level '/Game/GameScene/GameMap.GameMap:PersistentLevel' has LevelScriptBlueprint '/Game/GameScene/GameMap.GameMap:PersistentLevel.GameMap' with GeneratedClass '/Game/GameScene/GameMap.GameMap_C' with ClassGeneratedBy '/Game/GameScene/GameMap.GameMap:PersistentLevel.GameMap'
[2019.11.21-08.12.29:749][776]LogSlate: Updating window title bar state: overlay mode, drag disabled, window buttons hidden, title bar hidden
[2019.11.21-08.12.29:749][776]LogWorld: BeginTearingDown for /Game/GameScene/UEDPIE_0_GameMap
[2019.11.21-08.12.29:750][776]LogWorld: UWorld::CleanupWorld for GameMap, bSessionEnded=true, bCleanupResources=true
[2019.11.21-08.12.29:757][776]LogPlayLevel: Display: Shutting down PIE online subsystems
[2019.11.21-08.12.29:757][776]LogBlueprintUserMessages: Late EndPlayMap Detection: Level '/Game/GameScene/GameMap.GameMap:PersistentLevel' has LevelScriptBlueprint '/Game/GameScene/GameMap.GameMap:PersistentLevel.GameMap' with GeneratedClass '/Game/GameScene/GameMap.GameMap_C' with ClassGeneratedBy '/Game/GameScene/GameMap.GameMap:PersistentLevel.GameMap'
[2019.11.21-08.12.29:779][776]LogSlate: Updating window title bar state: overlay mode, drag disabled, window buttons hidden, title bar hidden
[2019.11.21-08.12.29:781][776]LogUObjectHash: Compacting FUObjectHashTables data took   1.26ms
[2019.11.21-08.12.29:850][784]LogPlayLevel: Display: Destroying online subsystem :Context_1
[2019.11.21-08.13.05:247][722]LogAssetEditorManager: Opening Asset editor for StaticMesh /Game/Meshes/ground_cube_ground_cube.ground_cube_ground_cube
[2019.11.21-08.13.06:628][723]LogRenderer: Reallocating scene render targets to support 1136x1260 Format 10 NumSamples 1 (Frame:1).
[2019.11.21-08.13.18:613][147]LogWorld: UWorld::CleanupWorld for World_2, bSessionEnded=true, bCleanupResources=true
[2019.11.21-08.14.09:579][142]LogEditorSessionSummary: EditorSessionSummary sent report. Type=Shutdown, SessionId={2CE08043-462A-4514-2F86-30ADA8C811E5}
[2019.11.21-08.15.32:976][116]LogEditorViewport: Clicking on Actor (LMB): BP_Sky_Sphere_C (Sky Sphere)
[2019.11.21-08.15.36:256][503]LogSlate: FSceneViewport::OnFocusLost() reason 0
[2019.11.21-08.15.46:765][706]LogTemp: Repeating last play command: Selected Viewport
[2019.11.21-08.15.46:773][706]LogBlueprintUserMessages: Early PlayInEditor Detection: Level '/Game/GameScene/GameMap.GameMap:PersistentLevel' has LevelScriptBlueprint '/Game/GameScene/GameMap.GameMap:PersistentLevel.GameMap' with GeneratedClass '/Game/GameScene/GameMap.GameMap_C' with ClassGeneratedBy '/Game/GameScene/GameMap.GameMap:PersistentLevel.GameMap'
[2019.11.21-08.15.46:774][706]LogPlayLevel: PlayLevel: No blueprints needed recompiling
[2019.11.21-08.15.46:774][706]PIE: New page: PIE session: GameMap (Nov 20, 2019, 10:15:46 PM)
[2019.11.21-08.15.46:774][706]LogPlayLevel: Creating play world package: /Game/GameScene/UEDPIE_0_GameMap
[2019.11.21-08.15.46:776][706]LogPlayLevel: PIE: StaticDuplicateObject took: (0.002447s)
[2019.11.21-08.15.46:777][706]LogAIModule: Creating AISystem for world GameMap
[2019.11.21-08.15.46:778][706]LogPlayLevel: PIE: World Init took: (0.001209s)
[2019.11.21-08.15.46:778][706]LogPlayLevel: PIE: Created PIE world by copying editor world from /Game/GameScene/GameMap.GameMap to /Game/GameScene/UEDPIE_0_GameMap.GameMap (0.003806s)
[2019.11.21-08.15.46:796][706]LogUObjectHash: Compacting FUObjectHashTables data took   1.31ms
[2019.11.21-08.15.46:814][706]LogInit: XAudio2 using 'Realtek Digital Output(Optical) (Realtek High Definition Audio)' : 2 channels at 48 kHz using 32 bits per sample (channel mask 0x3)
[2019.11.21-08.15.46:838][706]LogInit: FAudioDevice initialized.
[2019.11.21-08.15.46:850][706]LogLoad: Game class is 'gameModeBP_C'
[2019.11.21-08.15.46:851][706]LogWorld: Bringing World /Game/GameScene/UEDPIE_0_GameMap.GameMap up for play (max tick rate 0) at 2019.11.21-03.15.46
[2019.11.21-08.15.46:851][706]LogWorld: Bringing up level for play took: 0.000858
[2019.11.21-08.15.46:852][706]LogOnline: OSS: Creating online subsystem instance for: :Context_5
[2019.11.21-08.15.46:880][706]LogBlueprintUserMessages: Warning: Time Dilation must be between 0.000100 and 20.000000.  Clamped value to that range.
[2019.11.21-08.15.46:881][706]PIE: Play in editor start time for /Game/GameScene/UEDPIE_0_GameMap 0.329
[2019.11.21-08.15.46:881][706]LogBlueprintUserMessages: Late PlayInEditor Detection: Level '/Game/GameScene/GameMap.GameMap:PersistentLevel' has LevelScriptBlueprint '/Game/GameScene/GameMap.GameMap:PersistentLevel.GameMap' with GeneratedClass '/Game/GameScene/GameMap.GameMap_C' with ClassGeneratedBy '/Game/GameScene/GameMap.GameMap:PersistentLevel.GameMap'
[2019.11.21-08.15.53:047][437]LogSlate: FSceneViewport::OnFocusLost() reason 0
[2019.11.21-08.16.06:759][971]LogSlate: FSceneViewport::OnFocusLost() reason 0
[2019.11.21-08.16.10:073][367]LogBlueprintUserMessages: Early EndPlayMap Detection: Level '/Game/GameScene/GameMap.GameMap:PersistentLevel' has LevelScriptBlueprint '/Game/GameScene/GameMap.GameMap:PersistentLevel.GameMap' with GeneratedClass '/Game/GameScene/GameMap.GameMap_C' with ClassGeneratedBy '/Game/GameScene/GameMap.GameMap:PersistentLevel.GameMap'
[2019.11.21-08.16.10:073][367]LogSlate: Updating window title bar state: overlay mode, drag disabled, window buttons hidden, title bar hidden
[2019.11.21-08.16.10:073][367]LogWorld: BeginTearingDown for /Game/GameScene/UEDPIE_0_GameMap
[2019.11.21-08.16.10:074][367]LogWorld: UWorld::CleanupWorld for GameMap, bSessionEnded=true, bCleanupResources=true
[2019.11.21-08.16.10:093][367]LogPlayLevel: Display: Shutting down PIE online subsystems
[2019.11.21-08.16.10:094][367]LogBlueprintUserMessages: Late EndPlayMap Detection: Level '/Game/GameScene/GameMap.GameMap:PersistentLevel' has LevelScriptBlueprint '/Game/GameScene/GameMap.GameMap:PersistentLevel.GameMap' with GeneratedClass '/Game/GameScene/GameMap.GameMap_C' with ClassGeneratedBy '/Game/GameScene/GameMap.GameMap:PersistentLevel.GameMap'
[2019.11.21-08.16.10:114][367]LogSlate: Updating window title bar state: overlay mode, drag disabled, window buttons hidden, title bar hidden
[2019.11.21-08.16.10:116][367]LogUObjectHash: Compacting FUObjectHashTables data took   1.34ms
[2019.11.21-08.16.10:170][373]LogPlayLevel: Display: Destroying online subsystem :Context_5
[2019.11.21-08.16.16:149][ 85]LogTemp: Repeating last play command: Selected Viewport
[2019.11.21-08.16.16:157][ 85]LogBlueprintUserMessages: Early PlayInEditor Detection: Level '/Game/GameScene/GameMap.GameMap:PersistentLevel' has LevelScriptBlueprint '/Game/GameScene/GameMap.GameMap:PersistentLevel.GameMap' with GeneratedClass '/Game/GameScene/GameMap.GameMap_C' with ClassGeneratedBy '/Game/GameScene/GameMap.GameMap:PersistentLevel.GameMap'
[2019.11.21-08.16.16:157][ 85]LogPlayLevel: PlayLevel: No blueprints needed recompiling
[2019.11.21-08.16.16:157][ 85]PIE: New page: PIE session: GameMap (Nov 20, 2019, 10:16:16 PM)
[2019.11.21-08.16.16:157][ 85]LogPlayLevel: Creating play world package: /Game/GameScene/UEDPIE_0_GameMap
[2019.11.21-08.16.16:160][ 85]LogPlayLevel: PIE: StaticDuplicateObject took: (0.002064s)
[2019.11.21-08.16.16:161][ 85]LogAIModule: Creating AISystem for world GameMap
[2019.11.21-08.16.16:173][ 85]LogPlayLevel: PIE: World Init took: (0.013746s)
[2019.11.21-08.16.16:173][ 85]LogPlayLevel: PIE: Created PIE world by copying editor world from /Game/GameScene/GameMap.GameMap to /Game/GameScene/UEDPIE_0_GameMap.GameMap (0.015953s)
[2019.11.21-08.16.16:192][ 85]LogUObjectHash: Compacting FUObjectHashTables data took   1.04ms
[2019.11.21-08.16.16:204][ 85]LogInit: XAudio2 using 'Realtek Digital Output(Optical) (Realtek High Definition Audio)' : 2 channels at 48 kHz using 32 bits per sample (channel mask 0x3)
[2019.11.21-08.16.16:237][ 85]LogInit: FAudioDevice initialized.
[2019.11.21-08.16.16:244][ 85]LogLoad: Game class is 'gameModeBP_C'
[2019.11.21-08.16.16:245][ 85]LogWorld: Bringing World /Game/GameScene/UEDPIE_0_GameMap.GameMap up for play (max tick rate 0) at 2019.11.21-03.16.16
[2019.11.21-08.16.16:245][ 85]LogWorld: Bringing up level for play took: 0.000597
[2019.11.21-08.16.16:246][ 85]LogOnline: OSS: Creating online subsystem instance for: :Context_6
[2019.11.21-08.16.16:291][ 85]LogBlueprintUserMessages: Warning: Time Dilation must be between 0.000100 and 20.000000.  Clamped value to that range.
[2019.11.21-08.16.16:291][ 85]PIE: Play in editor start time for /Game/GameScene/UEDPIE_0_GameMap -0.26
[2019.11.21-08.16.16:292][ 85]LogBlueprintUserMessages: Late PlayInEditor Detection: Level '/Game/GameScene/GameMap.GameMap:PersistentLevel' has LevelScriptBlueprint '/Game/GameScene/GameMap.GameMap:PersistentLevel.GameMap' with GeneratedClass '/Game/GameScene/GameMap.GameMap_C' with ClassGeneratedBy '/Game/GameScene/GameMap.GameMap:PersistentLevel.GameMap'
[2019.11.21-08.16.27:090][377]LogSlate: FSceneViewport::OnFocusLost() reason 0
[2019.11.21-08.16.30:271][727]LogBlueprintUserMessages: Early EndPlayMap Detection: Level '/Game/GameScene/GameMap.GameMap:PersistentLevel' has LevelScriptBlueprint '/Game/GameScene/GameMap.GameMap:PersistentLevel.GameMap' with GeneratedClass '/Game/GameScene/GameMap.GameMap_C' with ClassGeneratedBy '/Game/GameScene/GameMap.GameMap:PersistentLevel.GameMap'
[2019.11.21-08.16.30:271][727]LogSlate: Updating window title bar state: overlay mode, drag disabled, window buttons hidden, title bar hidden
[2019.11.21-08.16.30:271][727]LogWorld: BeginTearingDown for /Game/GameScene/UEDPIE_0_GameMap
[2019.11.21-08.16.30:271][727]LogWorld: UWorld::CleanupWorld for GameMap, bSessionEnded=true, bCleanupResources=true
[2019.11.21-08.16.30:297][727]LogPlayLevel: Display: Shutting down PIE online subsystems
[2019.11.21-08.16.30:297][727]LogBlueprintUserMessages: Late EndPlayMap Detection: Level '/Game/GameScene/GameMap.GameMap:PersistentLevel' has LevelScriptBlueprint '/Game/GameScene/GameMap.GameMap:PersistentLevel.GameMap' with GeneratedClass '/Game/GameScene/GameMap.GameMap_C' with ClassGeneratedBy '/Game/GameScene/GameMap.GameMap:PersistentLevel.GameMap'
[2019.11.21-08.16.30:318][727]LogSlate: Updating window title bar state: overlay mode, drag disabled, window buttons hidden, title bar hidden
[2019.11.21-08.16.30:320][727]LogUObjectHash: Compacting FUObjectHashTables data took   1.02ms
[2019.11.21-08.16.30:372][733]LogPlayLevel: Display: Destroying online subsystem :Context_6
[2019.11.21-08.16.39:586][831]LogUObjectHash: Compacting FUObjectHashTables data took   0.53ms
[2019.11.21-08.16.39:701][831]LogSavePackage: Moving '../../../../../School/Programs/ETGG 3801 Real-Time Interactive Prog 1/Unreal Projects/lab 4 missleCommander/MissleComnder/Saved/GameMap51CE3486459F2E220E56DA9691640978.tmp' to '../../../../../School/Programs/ETGG 3801 Real-Time Interactive Prog 1/Unreal Projects/lab 4 missleCommander/MissleComnder/Content/GameScene/GameMap.umap'
[2019.11.21-08.16.39:736][831]LogSavePackage: Moving '../../../../../School/Programs/ETGG 3801 Real-Time Interactive Prog 1/Unreal Projects/lab 4 missleCommander/MissleComnder/Saved/GameMap_BuiltData56C40D1F40774B9A2F91D6A0F97191E2.tmp' to '../../../../../School/Programs/ETGG 3801 Real-Time Interactive Prog 1/Unreal Projects/lab 4 missleCommander/MissleComnder/Content/GameScene/GameMap_BuiltData.uasset'
[2019.11.21-08.17.09:593][979]LogEditorSessionSummary: EditorSessionSummary sent report. Type=Shutdown, SessionId={3EA27E10-4FF5-BF1C-F4D0-43BFA384415D}
[2019.11.21-08.17.11:298][183]Cmd: CAMERA ALIGN ACTIVEVIEWPORTONLY
[2019.11.21-08.17.17:446][916]LogNavigationPoint: PostEditMove Clear paths rebuilt
[2019.11.21-08.17.21:876][443]LogNavigationPoint: PostEditMove Clear paths rebuilt
[2019.11.21-08.17.23:670][655]LogSlate: FSceneViewport::OnFocusLost() reason 5
[2019.11.21-08.17.23:705][655]LogUObjectHash: Compacting FUObjectHashTables data took   1.38ms
[2019.11.21-08.17.23:808][655]LogSavePackage: Moving '../../../../../School/Programs/ETGG 3801 Real-Time Interactive Prog 1/Unreal Projects/lab 4 missleCommander/MissleComnder/Saved/GameMap16AA7DA44608B5DEE27500920CDA55F5.tmp' to '../../../../../School/Programs/ETGG 3801 Real-Time Interactive Prog 1/Unreal Projects/lab 4 missleCommander/MissleComnder/Content/GameScene/GameMap.umap'
[2019.11.21-08.17.23:836][655]LogSavePackage: Moving '../../../../../School/Programs/ETGG 3801 Real-Time Interactive Prog 1/Unreal Projects/lab 4 missleCommander/MissleComnder/Saved/GameMap_BuiltDataA4895ED04072EF86C538B0B1BDD603EB.tmp' to '../../../../../School/Programs/ETGG 3801 Real-Time Interactive Prog 1/Unreal Projects/lab 4 missleCommander/MissleComnder/Content/GameScene/GameMap_BuiltData.uasset'
[2019.11.21-08.17.24:974][788]LogSlate: FSceneViewport::OnFocusLost() reason 0
[2019.11.21-08.17.32:265][656]LogSlate: FSceneViewport::OnFocusLost() reason 0
[2019.11.21-08.17.37:830][321]LogEditorViewport: Clicking on Actor (LMB): BP_Sky_Sphere_C (Sky Sphere)
[2019.11.21-08.17.40:477][634]LogEditorViewport: Clicking on Actor (LMB): BP_Sky_Sphere_C (Sky Sphere)
[2019.11.21-08.17.41:657][773]LogEditorViewport: Clicking on Actor (LMB): BP_Sky_Sphere_C (Sky Sphere)
[2019.11.21-08.21.08:036][513]LogSlate: FSceneViewport::OnFocusLost() reason 0
[2019.11.21-08.21.08:127][520]Candidate modules for hot reload:
[2019.11.21-08.21.08:127][520]  MissleComnder
[2019.11.21-08.21.08:127][520]Launching UnrealBuildTool... [D:/Epic Games/UE_4.23/Engine/Binaries/DotNET/UnrealBuildTool.exe  -ModuleWithSuffix=MissleComnder,7344 Win64 Development -TargetType=Editor -Project="D:/School/Programs/ETGG 3801 Real-Time Interactive Prog 1/Unreal Projects/lab 4 missleCommander/MissleComnder/MissleComnder.uproject" "D:/School/Programs/ETGG 3801 Real-Time Interactive Prog 1/Unreal Projects/lab 4 missleCommander/MissleComnder/MissleComnder.uproject"  -IgnoreJunk]
[2019.11.21-08.21.08:135][520]Warning: Starting HotReload took  0.0s.
[2019.11.21-08.21.11:527][904]LogEditorViewport: Clicking on Actor (LMB): BP_Sky_Sphere_C (Sky Sphere)
[2019.11.21-08.21.17:757][641]LogEditorViewport: Clicking on Actor (LMB): PlayerBP_C (PlayerBP)
[2019.11.21-08.21.22:999][261]CompilerResultsLog: New page: Compilation - Nov 20, 2019, 10:21:22 PM
[2019.11.21-08.21.22:999][261]CompilerResultsLog: Parsing headers for MissleComnderEditor
[2019.11.21-08.21.22:999][261]CompilerResultsLog:   Running UnrealHeaderTool "D:\School\Programs\ETGG 3801 Real-Time Interactive Prog 1\Unreal Projects\lab 4 missleCommander\MissleComnder\MissleComnder.uproject" "D:\School\Programs\ETGG 3801 Real-Time Interactive Prog 1\Unreal Projects\lab 4 missleCommander\MissleComnder\Intermediate\Build\Win64\MissleComnderEditor\Development\MissleComnderEditor.uhtmanifest" -LogCmds="loginit warning, logexit warning, logdatabase error" -Unattended -WarningsAsErrors -installed
[2019.11.21-08.21.22:999][261]CompilerResultsLog: Reflection code generated for MissleComnderEditor in 6.4145392 seconds
[2019.11.21-08.21.22:999][261]CompilerResultsLog: Using Visual Studio 2019 14.23.28105 toolchain (C:\Program Files (x86)\Microsoft Visual Studio\2019\Community\VC\Tools\MSVC\14.23.28105) and Windows 10.0.18362.0 SDK (C:\Program Files (x86)\Windows Kits\10).
[2019.11.21-08.21.22:999][261]CompilerResultsLog: Building 6 actions with 8 processes...
[2019.11.21-08.21.22:999][261]CompilerResultsLog:   [1/6] MissleComnder.init.gen.cpp
[2019.11.21-08.21.22:999][261]CompilerResultsLog:   [2/6] worldSpawner.gen.cpp
[2019.11.21-08.21.22:999][261]CompilerResultsLog:   [3/6] worldSpawner.cpp
[2019.11.21-08.21.22:999][261]CompilerResultsLog:   [4/6] UE4Editor-MissleComnder-7344.lib
[2019.11.21-08.21.22:999][261]CompilerResultsLog:      Creating library D:\School\Programs\ETGG 3801 Real-Time Interactive Prog 1\Unreal Projects\lab 4 missleCommander\MissleComnder\Intermediate\Build\Win64\UE4Editor\Development\MissleComnder\UE4Editor-MissleComnder-7344.lib and object D:\School\Programs\ETGG 3801 Real-Time Interactive Prog 1\Unreal Projects\lab 4 missleCommander\MissleComnder\Intermediate\Build\Win64\UE4Editor\Development\MissleComnder\UE4Editor-MissleComnder-7344.exp
[2019.11.21-08.21.22:999][261]CompilerResultsLog:   [5/6] UE4Editor-MissleComnder-7344.dll
[2019.11.21-08.21.22:999][261]CompilerResultsLog:      Creating library D:\School\Programs\ETGG 3801 Real-Time Interactive Prog 1\Unreal Projects\lab 4 missleCommander\MissleComnder\Intermediate\Build\Win64\UE4Editor\Development\MissleComnder\UE4Editor-MissleComnder-7344.suppressed.lib and object D:\School\Programs\ETGG 3801 Real-Time Interactive Prog 1\Unreal Projects\lab 4 missleCommander\MissleComnder\Intermediate\Build\Win64\UE4Editor\Development\MissleComnder\UE4Editor-MissleComnder-7344.suppressed.exp
[2019.11.21-08.21.23:000][261]CompilerResultsLog:   [6/6] MissleComnderEditor.target
[2019.11.21-08.21.23:000][261]CompilerResultsLog: Total time in Parallel executor: 7.18 seconds
[2019.11.21-08.21.23:000][261]CompilerResultsLog: Total execution time: 14.71 seconds
[2019.11.21-08.21.23:000][261]LogMainFrame: MainFrame: Module compiling took 14.876 seconds
[2019.11.21-08.21.23:017][261]LogUObjectHash: Compacting FUObjectHashTables data took   1.58ms
[2019.11.21-08.21.23:034][261]LogClass: Could not find existing class worldSpawner in package /Script/MissleComnder for HotReload, assuming new class
[2019.11.21-08.21.23:037][261]LogHotReload: Re-instancing worldSpawner after hot-reload.
[2019.11.21-08.21.23:098][261]LogContentBrowser: Native class hierarchy updated for 'MissleComnder' in 0.0004 seconds. Added 1 classes and 2 folders.
[2019.11.21-08.21.23:100][261]Display: HotReload successful (0 functions remapped  0 scriptstructs remapped)
[2019.11.21-08.21.23:117][261]LogUObjectHash: Compacting FUObjectHashTables data took   1.32ms
[2019.11.21-08.21.23:127][261]LogContentBrowser: Native class hierarchy populated in 0.0065 seconds. Added 2865 classes and 684 folders.
[2019.11.21-08.21.23:127][261]Display: HotReload took 15.0s.
[2019.11.21-08.21.28:800][939]LogSlate: FSceneViewport::OnFocusLost() reason 0
[2019.11.21-08.21.42:507][568]LogSlate: FSceneViewport::OnFocusLost() reason 2
[2019.11.21-08.21.43:622][697]LogTemp: Repeating last play command: Selected Viewport
[2019.11.21-08.21.43:633][697]LogBlueprintUserMessages: Early PlayInEditor Detection: Level '/Game/GameScene/GameMap.GameMap:PersistentLevel' has LevelScriptBlueprint '/Game/GameScene/GameMap.GameMap:PersistentLevel.GameMap' with GeneratedClass '/Game/GameScene/GameMap.GameMap_C' with ClassGeneratedBy '/Game/GameScene/GameMap.GameMap:PersistentLevel.GameMap'
[2019.11.21-08.21.43:633][697]LogPlayLevel: PlayLevel: No blueprints needed recompiling
[2019.11.21-08.21.43:633][697]PIE: New page: PIE session: GameMap (Nov 20, 2019, 10:21:43 PM)
[2019.11.21-08.21.43:633][697]LogPlayLevel: Creating play world package: /Game/GameScene/UEDPIE_0_GameMap
[2019.11.21-08.21.43:636][697]LogPlayLevel: PIE: StaticDuplicateObject took: (0.002188s)
[2019.11.21-08.21.43:637][697]LogAIModule: Creating AISystem for world GameMap
[2019.11.21-08.21.43:637][697]LogPlayLevel: PIE: World Init took: (0.001128s)
[2019.11.21-08.21.43:637][697]LogPlayLevel: PIE: Created PIE world by copying editor world from /Game/GameScene/GameMap.GameMap to /Game/GameScene/UEDPIE_0_GameMap.GameMap (0.003431s)
[2019.11.21-08.21.43:654][697]LogUObjectHash: Compacting FUObjectHashTables data took   0.99ms
[2019.11.21-08.21.43:666][697]LogInit: XAudio2 using 'Realtek Digital Output(Optical) (Realtek High Definition Audio)' : 2 channels at 48 kHz using 32 bits per sample (channel mask 0x3)
[2019.11.21-08.21.43:681][697]LogInit: FAudioDevice initialized.
[2019.11.21-08.21.43:681][697]LogSlate: FSceneViewport::OnFocusLost() reason 2
[2019.11.21-08.21.43:686][697]LogLoad: Game class is 'gameModeBP_C'
[2019.11.21-08.21.43:688][697]LogWorld: Bringing World /Game/GameScene/UEDPIE_0_GameMap.GameMap up for play (max tick rate 0) at 2019.11.21-03.21.43
[2019.11.21-08.21.43:688][697]LogWorld: Bringing up level for play took: 0.000604
[2019.11.21-08.21.43:688][697]LogOnline: OSS: Creating online subsystem instance for: :Context_7
[2019.11.21-08.21.55:127][697]LogBlueprintUserMessages: Warning: Time Dilation must be between 0.000100 and 20.000000.  Clamped value to that range.
[2019.11.21-08.21.55:127][697]PIE: Play in editor start time for /Game/GameScene/UEDPIE_0_GameMap 10.575
[2019.11.21-08.21.55:127][697]LogBlueprintUserMessages: Late PlayInEditor Detection: Level '/Game/GameScene/GameMap.GameMap:PersistentLevel' has LevelScriptBlueprint '/Game/GameScene/GameMap.GameMap:PersistentLevel.GameMap' with GeneratedClass '/Game/GameScene/GameMap.GameMap_C' with ClassGeneratedBy '/Game/GameScene/GameMap.GameMap:PersistentLevel.GameMap'
