Log file open, 11/21/19 03:22:36
LogWindows: Failed to load 'aqProf.dll' (GetLastError=126)
LogWindows: File 'aqProf.dll' does not exist
LogWindows: Failed to load 'VtuneApi.dll' (GetLastError=126)
LogWindows: File 'VtuneApi.dll' does not exist
LogWindows: Failed to load 'VtuneApi32e.dll' (GetLastError=126)
LogWindows: File 'VtuneApi32e.dll' does not exist
LogConsoleResponse: Display: Failed to find resolution value strings in scalability ini. Falling back to default.
LogInit: Display: Running engine for game: MissleComnder
LogPlatformFile: Not using cached read wrapper
LogTaskGraph: Started task graph with 5 named threads and 23 total threads with 3 sets of task threads.
LogStats: Stats thread started at 0.061479
LogD3D11RHI: Loaded GFSDK_Aftermath_Lib.x64.dll
LogICUInternationalization: ICU TimeZone Detection - Raw Offset: -5:00, Platform Override: ''
LogPluginManager: Mounting plugin Paper2D
LogPluginManager: Mounting plugin AISupport
LogPluginManager: Mounting plugin LightPropagationVolume
LogPluginManager: Mounting plugin ActorLayerUtilities
LogPluginManager: Mounting plugin AnimationSharing
LogPluginManager: Mounting plugin CLionSourceCodeAccess
LogPluginManager: Mounting plugin CodeLiteSourceCodeAccess
LogPluginManager: Mounting plugin GitSourceControl
LogPluginManager: Mounting plugin KDevelopSourceCodeAccess
LogPluginManager: Mounting plugin NullSourceCodeAccess
LogPluginManager: Mounting plugin PerforceSourceControl
LogPluginManager: Mounting plugin SubversionSourceControl
LogPluginManager: Mounting plugin UObjectPlugin
LogPluginManager: Mounting plugin VisualStudioCodeSourceCodeAccess
LogPluginManager: Mounting plugin VisualStudioSourceCodeAccess
LogPluginManager: Mounting plugin XCodeSourceCodeAccess
LogPluginManager: Mounting plugin AssetManagerEditor
LogPluginManager: Mounting plugin CryptoKeys
LogPluginManager: Mounting plugin CurveEditorTools
LogPluginManager: Mounting plugin DataValidation
LogPluginManager: Mounting plugin FacialAnimation
LogPluginManager: Mounting plugin GameplayTagsEditor
LogPluginManager: Mounting plugin MacGraphicsSwitching
LogPluginManager: Mounting plugin MaterialAnalyzer
LogPluginManager: Mounting plugin MobileLauncherProfileWizard
LogPluginManager: Mounting plugin PluginBrowser
LogPluginManager: Mounting plugin SpeedTreeImporter
LogPluginManager: Mounting plugin DatasmithContent
LogPluginManager: Mounting plugin VariantManagerContent
LogPluginManager: Mounting plugin AlembicImporter
LogPluginManager: Mounting plugin AutomationUtils
LogPluginManager: Mounting plugin BackChannel
LogPluginManager: Mounting plugin CharacterAI
LogPluginManager: Mounting plugin GeometryCache
LogPluginManager: Mounting plugin HTML5Networking
LogPluginManager: Mounting plugin PlatformCrypto
LogPluginManager: Mounting plugin ProxyLODPlugin
LogPluginManager: Mounting plugin SkeletalReduction
LogPluginManager: Mounting plugin MagicLeap
LogPluginManager: Mounting plugin MagicLeapMedia
LogPluginManager: Mounting plugin AndroidMedia
LogPluginManager: Mounting plugin AvfMedia
LogPluginManager: Mounting plugin ImgMedia
LogPluginManager: Mounting plugin MediaCompositing
LogPluginManager: Mounting plugin MediaPlayerEditor
LogPluginManager: Mounting plugin WebMMedia
LogPluginManager: Mounting plugin WmfMedia
LogPluginManager: Mounting plugin TcpMessaging
LogPluginManager: Mounting plugin UdpMessaging
LogPluginManager: Mounting plugin ActorSequence
LogPluginManager: Mounting plugin LevelSequenceEditor
LogPluginManager: Mounting plugin MatineeToLevelSequence
LogPluginManager: Mounting plugin NetcodeUnitTest
LogPluginManager: Mounting plugin NUTUnrealEngine4
LogPluginManager: Mounting plugin OnlineSubsystemGooglePlay
LogPluginManager: Mounting plugin OnlineSubsystemIOS
LogPluginManager: Mounting plugin OnlineSubsystem
LogPluginManager: Mounting plugin OnlineSubsystemNull
LogPluginManager: Mounting plugin OnlineSubsystemUtils
LogPluginManager: Mounting plugin LauncherChunkInstaller
LogPluginManager: Mounting plugin AndroidDeviceProfileSelector
LogPluginManager: Mounting plugin AndroidMoviePlayer
LogPluginManager: Mounting plugin AndroidPermission
LogPluginManager: Mounting plugin AppleImageUtils
LogPluginManager: Mounting plugin AppleMoviePlayer
LogPluginManager: Mounting plugin ArchVisCharacter
LogPluginManager: Mounting plugin AudioCapture
LogPluginManager: Mounting plugin CableComponent
LogPluginManager: Mounting plugin CustomMeshComponent
LogPluginManager: Mounting plugin EditableMesh
LogPluginManager: Mounting plugin ExampleDeviceProfileSelector
LogPluginManager: Mounting plugin GoogleCloudMessaging
LogPluginManager: Mounting plugin IOSDeviceProfileSelector
LogPluginManager: Mounting plugin LinuxDeviceProfileSelector
LogPluginManager: Mounting plugin LocationServicesBPLibrary
LogPluginManager: Mounting plugin MobilePatchingUtils
LogPluginManager: Mounting plugin OculusVR
LogPluginManager: Mounting plugin PhysXVehicles
LogPluginManager: Mounting plugin ProceduralMeshComponent
LogPluginManager: Mounting plugin RuntimePhysXCooking
LogPluginManager: Mounting plugin SignificanceManager
LogPluginManager: Mounting plugin SteamVR
LogPluginManager: Mounting plugin WebMMoviePlayer
LogPluginManager: Mounting plugin WindowsMoviePlayer
LogPluginManager: Mounting plugin ScreenshotTools
LogInit: Using libcurl 7.55.1-DEV
LogInit:  - built for x86_64-pc-win32
LogInit:  - supports SSL with OpenSSL/1.1.1
LogInit:  - supports HTTP deflate (compression) using libz 1.2.8
LogInit:  - other features:
LogInit:      CURL_VERSION_SSL
LogInit:      CURL_VERSION_LIBZ
LogInit:      CURL_VERSION_IPV6
LogInit:      CURL_VERSION_ASYNCHDNS
LogInit:      CURL_VERSION_LARGEFILE
LogInit:      CURL_VERSION_IDN
LogInit:  CurlRequestOptions (configurable via config and command line):
LogInit:  - bVerifyPeer = true  - Libcurl will verify peer certificate
LogInit:  - bUseHttpProxy = false  - Libcurl will NOT use HTTP proxy
LogInit:  - bDontReuseConnections = false  - Libcurl will reuse connections
LogInit:  - MaxHostConnections = 16  - Libcurl will limit the number of connections to a host
LogInit:  - LocalHostAddr = Default
LogInit:  - BufferSize = 65536
LogOnline: OSS: Creating online subsystem instance for: NULL
LogInit: WinSock: version 1.1 (2.2), MaxSocks=32767, MaxUdp=65467
LogInit: Build: ++UE4+Release-4.23-CL-9631420
LogInit: Engine Version: 4.23.1-9631420+++UE4+Release-4.23
LogInit: Compatible Engine Version: 4.23.0-8386587+++UE4+Release-4.23
LogInit: Net CL: 8386587
LogInit: OS: Windows 10 (Release 1903) (), CPU: Intel(R) Core(TM) i7-6700K CPU @ 4.00GHz, GPU: NVIDIA GeForce GTX 980 Ti
LogInit: Compiled (64-bit): Oct 18 2019 02:07:44
LogInit: Compiled with Visual C++: 19.16.27030.01
LogInit: Build Configuration: Development
LogInit: Branch Name: ++UE4+Release-4.23
LogInit: Command Line: 
LogInit: Base Directory: D:/Epic Games/UE_4.23/Engine/Binaries/Win64/
LogInit: Installed Engine Build: 1
LogDevObjectVersion: Number of dev versions registered: 23
LogDevObjectVersion:   Dev-Blueprints (B0D832E4-1F89-4F0D-ACCF-7EB736FD4AA2): 10
LogDevObjectVersion:   Dev-Build (E1C64328-A22C-4D53-A36C-8E866417BD8C): 0
LogDevObjectVersion:   Dev-Core (375EC13C-06E4-48FB-B500-84F0262A717E): 3
LogDevObjectVersion:   Dev-Editor (E4B068ED-F494-42E9-A231-DA0B2E46BB41): 34
LogDevObjectVersion:   Dev-Framework (CFFC743F-43B0-4480-9391-14DF171D2073): 35
LogDevObjectVersion:   Dev-Mobile (B02B49B5-BB20-44E9-A304-32B752E40360): 2
LogDevObjectVersion:   Dev-Networking (A4E4105C-59A1-49B5-A7C5-40C4547EDFEE): 0
LogDevObjectVersion:   Dev-Online (39C831C9-5AE6-47DC-9A44-9C173E1C8E7C): 0
LogDevObjectVersion:   Dev-Physics (78F01B33-EBEA-4F98-B9B4-84EACCB95AA2): 0
LogDevObjectVersion:   Dev-Platform (6631380F-2D4D-43E0-8009-CF276956A95A): 0
LogDevObjectVersion:   Dev-Rendering (12F88B9F-8875-4AFC-A67C-D90C383ABD29): 31
LogDevObjectVersion:   Dev-Sequencer (7B5AE74C-D270-4C10-A958-57980B212A5A): 11
LogDevObjectVersion:   Dev-VR (D7296918-1DD6-4BDD-9DE2-64A83CC13884): 2
LogDevObjectVersion:   Dev-LoadTimes (C2A15278-BFE7-4AFE-6C17-90FF531DF755): 1
LogDevObjectVersion:   Private-Geometry (6EACA3D4-40EC-4CC1-B786-8BED09428FC5): 3
LogDevObjectVersion:   Dev-AnimPhys (29E575DD-E0A3-4627-9D10-D276232CDCEA): 17
LogDevObjectVersion:   Dev-Anim (AF43A65D-7FD3-4947-9873-3E8ED9C1BB05): 2
LogDevObjectVersion:   Dev-ReflectionCapture (6B266CEC-1EC7-4B8F-A30B-E4D90942FC07): 1
LogDevObjectVersion:   Dev-Automation (0DF73D61-A23F-47EA-B727-89E90C41499A): 1
LogDevObjectVersion:   FortniteMain (601D1886-AC64-4F84-AA16-D3DE0DEAC7D6): 27
LogDevObjectVersion:   Dev-Enterprise (9DFFBCD6-494F-0158-E221-12823C92A888): 6
LogDevObjectVersion:   Dev-Niagara (F2AED0AC-9AFE-416F-8664-AA7FFA26D6FC): 1
LogDevObjectVersion:   Dev-Destruction (174F1F0B-B4C6-45A5-B13F-2EE8D0FB917D): 9
LogInit: Presizing for max 16777216 objects, including 0 objects not considered by GC, pre-allocating 0 bytes for permanent pool.
LogInit: Object subsystem initialized
LogConfig: Setting CVar [[con.DebugEarlyDefault:1]]
LogConfig: Setting CVar [[r.setres:1280x720]]
[2019.11.21-08.22.36:988][  0]LogConfig: Setting CVar [[r.VSync:0]]
[2019.11.21-08.22.36:988][  0]LogConfig: Setting CVar [[r.RHICmdBypass:0]]
[2019.11.21-08.22.36:988][  0]LogConfig: Applying CVar settings from Section [/Script/Engine.RendererSettings] File [D:/School/Programs/ETGG 3801 Real-Time Interactive Prog 1/Unreal Projects/lab 4 missleCommander/MissleComnder/Saved/Config/Windows/Engine.ini]
[2019.11.21-08.22.36:988][  0]LogConfig: Setting CVar [[r.GPUCrashDebugging:0]]
[2019.11.21-08.22.36:988][  0]LogConfig: Setting CVar [[r.DefaultFeature.AutoExposure.ExtendDefaultLuminanceRange:1]]
[2019.11.21-08.22.36:988][  0]LogConfig: Applying CVar settings from Section [/Script/Engine.RendererOverrideSettings] File [D:/School/Programs/ETGG 3801 Real-Time Interactive Prog 1/Unreal Projects/lab 4 missleCommander/MissleComnder/Saved/Config/Windows/Engine.ini]
[2019.11.21-08.22.36:988][  0]LogConfig: Applying CVar settings from Section [/Script/Engine.StreamingSettings] File [D:/School/Programs/ETGG 3801 Real-Time Interactive Prog 1/Unreal Projects/lab 4 missleCommander/MissleComnder/Saved/Config/Windows/Engine.ini]
[2019.11.21-08.22.36:988][  0]LogConfig: Setting CVar [[s.MinBulkDataSizeForAsyncLoading:131072]]
[2019.11.21-08.22.36:988][  0]LogConfig: Setting CVar [[s.AsyncLoadingThreadEnabled:0]]
[2019.11.21-08.22.36:988][  0]LogConfig: Setting CVar [[s.EventDrivenLoaderEnabled:1]]
[2019.11.21-08.22.36:988][  0]LogConfig: Setting CVar [[s.WarnIfTimeLimitExceeded:0]]
[2019.11.21-08.22.36:988][  0]LogConfig: Setting CVar [[s.TimeLimitExceededMultiplier:1.5]]
[2019.11.21-08.22.36:988][  0]LogConfig: Setting CVar [[s.TimeLimitExceededMinTime:0.005]]
[2019.11.21-08.22.36:988][  0]LogConfig: Setting CVar [[s.UseBackgroundLevelStreaming:1]]
[2019.11.21-08.22.36:988][  0]LogConfig: Setting CVar [[s.PriorityAsyncLoadingExtraTime:15.0]]
[2019.11.21-08.22.36:988][  0]LogConfig: Setting CVar [[s.LevelStreamingActorsUpdateTimeLimit:5.0]]
[2019.11.21-08.22.36:988][  0]LogConfig: Setting CVar [[s.PriorityLevelStreamingActorsUpdateExtraTime:5.0]]
[2019.11.21-08.22.36:988][  0]LogConfig: Setting CVar [[s.LevelStreamingComponentsRegistrationGranularity:10]]
[2019.11.21-08.22.36:988][  0]LogConfig: Setting CVar [[s.UnregisterComponentsTimeLimit:1.0]]
[2019.11.21-08.22.36:988][  0]LogConfig: Setting CVar [[s.LevelStreamingComponentsUnregistrationGranularity:5]]
[2019.11.21-08.22.36:988][  0]LogConfig: Applying CVar settings from Section [/Script/Engine.GarbageCollectionSettings] File [D:/School/Programs/ETGG 3801 Real-Time Interactive Prog 1/Unreal Projects/lab 4 missleCommander/MissleComnder/Saved/Config/Windows/Engine.ini]
[2019.11.21-08.22.36:988][  0]LogConfig: Setting CVar [[gc.MaxObjectsNotConsideredByGC:1]]
[2019.11.21-08.22.36:988][  0]LogConfig: Setting CVar [[gc.SizeOfPermanentObjectPool:0]]
[2019.11.21-08.22.36:988][  0]LogConfig: Setting CVar [[gc.FlushStreamingOnGC:0]]
[2019.11.21-08.22.36:988][  0]LogConfig: Setting CVar [[gc.NumRetriesBeforeForcingGC:10]]
[2019.11.21-08.22.36:988][  0]LogConfig: Setting CVar [[gc.AllowParallelGC:1]]
[2019.11.21-08.22.36:988][  0]LogConfig: Setting CVar [[gc.TimeBetweenPurgingPendingKillObjects:61.1]]
[2019.11.21-08.22.36:989][  0]LogConfig: Setting CVar [[gc.MaxObjectsInEditor:16777216]]
[2019.11.21-08.22.36:989][  0]LogConfig: Setting CVar [[gc.IncrementalBeginDestroyEnabled:1]]
[2019.11.21-08.22.36:989][  0]LogConfig: Setting CVar [[gc.CreateGCClusters:1]]
[2019.11.21-08.22.36:989][  0]LogConfig: Setting CVar [[gc.MinGCClusterSize:5]]
[2019.11.21-08.22.36:989][  0]LogConfig: Setting CVar [[gc.ActorClusteringEnabled:0]]
[2019.11.21-08.22.36:989][  0]LogConfig: Setting CVar [[gc.BlueprintClusteringEnabled:0]]
[2019.11.21-08.22.36:989][  0]LogConfig: Setting CVar [[gc.UseDisregardForGCOnDedicatedServers:0]]
[2019.11.21-08.22.36:989][  0]LogConfig: Applying CVar settings from Section [/Script/Engine.NetworkSettings] File [D:/School/Programs/ETGG 3801 Real-Time Interactive Prog 1/Unreal Projects/lab 4 missleCommander/MissleComnder/Saved/Config/Windows/Engine.ini]
[2019.11.21-08.22.36:989][  0]LogConfig: Applying CVar settings from Section [/Script/UnrealEd.CookerSettings] File [D:/School/Programs/ETGG 3801 Real-Time Interactive Prog 1/Unreal Projects/lab 4 missleCommander/MissleComnder/Saved/Config/Windows/Engine.ini]
[2019.11.21-08.22.36:991][  0]LogConfig: Applying CVar settings from Section [ViewDistanceQuality@3] File [D:/School/Programs/ETGG 3801 Real-Time Interactive Prog 1/Unreal Projects/lab 4 missleCommander/MissleComnder/Saved/Config/Windows/Scalability.ini]
[2019.11.21-08.22.36:991][  0]LogConfig: Setting CVar [[r.SkeletalMeshLODBias:0]]
[2019.11.21-08.22.36:991][  0]LogConfig: Setting CVar [[r.ViewDistanceScale:1.0]]
[2019.11.21-08.22.36:991][  0]LogConfig: Applying CVar settings from Section [AntiAliasingQuality@3] File [D:/School/Programs/ETGG 3801 Real-Time Interactive Prog 1/Unreal Projects/lab 4 missleCommander/MissleComnder/Saved/Config/Windows/Scalability.ini]
[2019.11.21-08.22.36:991][  0]LogConfig: Setting CVar [[r.PostProcessAAQuality:4]]
[2019.11.21-08.22.36:991][  0]LogConfig: Applying CVar settings from Section [ShadowQuality@3] File [D:/School/Programs/ETGG 3801 Real-Time Interactive Prog 1/Unreal Projects/lab 4 missleCommander/MissleComnder/Saved/Config/Windows/Scalability.ini]
[2019.11.21-08.22.36:991][  0]LogConfig: Setting CVar [[r.LightFunctionQuality:1]]
[2019.11.21-08.22.36:991][  0]LogConfig: Setting CVar [[r.ShadowQuality:5]]
[2019.11.21-08.22.36:991][  0]LogConfig: Setting CVar [[r.Shadow.CSM.MaxCascades:10]]
[2019.11.21-08.22.36:991][  0]LogConfig: Setting CVar [[r.Shadow.MaxResolution:2048]]
[2019.11.21-08.22.36:991][  0]LogConfig: Setting CVar [[r.Shadow.MaxCSMResolution:2048]]
[2019.11.21-08.22.36:991][  0]LogConfig: Setting CVar [[r.Shadow.RadiusThreshold:0.01]]
[2019.11.21-08.22.36:991][  0]LogConfig: Setting CVar [[r.Shadow.DistanceScale:1.0]]
[2019.11.21-08.22.36:991][  0]LogConfig: Setting CVar [[r.Shadow.CSM.TransitionScale:1.0]]
[2019.11.21-08.22.36:991][  0]LogConfig: Setting CVar [[r.Shadow.PreShadowResolutionFactor:1.0]]
[2019.11.21-08.22.36:991][  0]LogConfig: Setting CVar [[r.DistanceFieldShadowing:1]]
[2019.11.21-08.22.36:991][  0]LogConfig: Setting CVar [[r.DistanceFieldAO:1]]
[2019.11.21-08.22.36:991][  0]LogConfig: Setting CVar [[r.AOQuality:2]]
[2019.11.21-08.22.36:991][  0]LogConfig: Setting CVar [[r.VolumetricFog:1]]
[2019.11.21-08.22.36:991][  0]LogConfig: Setting CVar [[r.VolumetricFog.GridPixelSize:8]]
[2019.11.21-08.22.36:991][  0]LogConfig: Setting CVar [[r.VolumetricFog.GridSizeZ:128]]
[2019.11.21-08.22.36:991][  0]LogConfig: Setting CVar [[r.VolumetricFog.HistoryMissSupersampleCount:4]]
[2019.11.21-08.22.36:991][  0]LogConfig: Setting CVar [[r.LightMaxDrawDistanceScale:1]]
[2019.11.21-08.22.36:991][  0]LogConfig: Setting CVar [[r.CapsuleShadows:1]]
[2019.11.21-08.22.36:991][  0]LogConfig: Applying CVar settings from Section [PostProcessQuality@3] File [D:/School/Programs/ETGG 3801 Real-Time Interactive Prog 1/Unreal Projects/lab 4 missleCommander/MissleComnder/Saved/Config/Windows/Scalability.ini]
[2019.11.21-08.22.36:991][  0]LogConfig: Setting CVar [[r.MotionBlurQuality:4]]
[2019.11.21-08.22.36:991][  0]LogConfig: Setting CVar [[r.AmbientOcclusionMipLevelFactor:0.4]]
[2019.11.21-08.22.36:991][  0]LogConfig: Setting CVar [[r.AmbientOcclusionMaxQuality:100]]
[2019.11.21-08.22.36:991][  0]LogConfig: Setting CVar [[r.AmbientOcclusionLevels:-1]]
[2019.11.21-08.22.36:991][  0]LogConfig: Setting CVar [[r.AmbientOcclusionRadiusScale:1.0]]
[2019.11.21-08.22.36:991][  0]LogConfig: Setting CVar [[r.DepthOfFieldQuality:2]]
[2019.11.21-08.22.36:991][  0]LogConfig: Setting CVar [[r.RenderTargetPoolMin:400]]
[2019.11.21-08.22.36:991][  0]LogConfig: Setting CVar [[r.LensFlareQuality:2]]
[2019.11.21-08.22.36:991][  0]LogConfig: Setting CVar [[r.SceneColorFringeQuality:1]]
[2019.11.21-08.22.36:991][  0]LogConfig: Setting CVar [[r.EyeAdaptationQuality:2]]
[2019.11.21-08.22.36:991][  0]LogConfig: Setting CVar [[r.BloomQuality:5]]
[2019.11.21-08.22.36:991][  0]LogConfig: Setting CVar [[r.FastBlurThreshold:100]]
[2019.11.21-08.22.36:991][  0]LogConfig: Setting CVar [[r.Upscale.Quality:3]]
[2019.11.21-08.22.36:991][  0]LogConfig: Setting CVar [[r.Tonemapper.GrainQuantization:1]]
[2019.11.21-08.22.36:991][  0]LogConfig: Setting CVar [[r.LightShaftQuality:1]]
[2019.11.21-08.22.36:991][  0]LogConfig: Setting CVar [[r.Filter.SizeScale:1]]
[2019.11.21-08.22.36:991][  0]LogConfig: Setting CVar [[r.Tonemapper.Quality:5]]
[2019.11.21-08.22.36:991][  0]LogConfig: Setting CVar [[r.DOF.Gather.AccumulatorQuality:1        ; higher gathering accumulator quality]]
[2019.11.21-08.22.36:991][  0]LogConfig: Setting CVar [[r.DOF.Gather.PostfilterMethod:1          ; Median3x3 postfilering method]]
[2019.11.21-08.22.36:991][  0]LogConfig: Setting CVar [[r.DOF.Gather.EnableBokehSettings:0       ; no bokeh simulation when gathering]]
[2019.11.21-08.22.36:991][  0]LogConfig: Setting CVar [[r.DOF.Gather.RingCount:4                 ; medium number of samples when gathering]]
[2019.11.21-08.22.36:991][  0]LogConfig: Setting CVar [[r.DOF.Scatter.ForegroundCompositing:1    ; additive foreground scattering]]
[2019.11.21-08.22.36:991][  0]LogConfig: Setting CVar [[r.DOF.Scatter.BackgroundCompositing:2    ; additive background scattering]]
[2019.11.21-08.22.36:991][  0]LogConfig: Setting CVar [[r.DOF.Scatter.EnableBokehSettings:1      ; bokeh simulation when scattering]]
[2019.11.21-08.22.36:991][  0]LogConfig: Setting CVar [[r.DOF.Scatter.MaxSpriteRatio:0.1         ; only a maximum of 10% of scattered bokeh]]
[2019.11.21-08.22.36:991][  0]LogConfig: Setting CVar [[r.DOF.Recombine.Quality:1                ; cheap slight out of focus]]
[2019.11.21-08.22.36:991][  0]LogConfig: Setting CVar [[r.DOF.Recombine.EnableBokehSettings:0    ; no bokeh simulation on slight out of focus]]
[2019.11.21-08.22.36:991][  0]LogConfig: Setting CVar [[r.DOF.TemporalAAQuality:1                ; more stable temporal accumulation]]
[2019.11.21-08.22.36:991][  0]LogConfig: Setting CVar [[r.DOF.Kernel.MaxForegroundRadius:0.025]]
[2019.11.21-08.22.36:991][  0]LogConfig: Setting CVar [[r.DOF.Kernel.MaxBackgroundRadius:0.025]]
[2019.11.21-08.22.36:991][  0]LogConfig: Applying CVar settings from Section [TextureQuality@3] File [D:/School/Programs/ETGG 3801 Real-Time Interactive Prog 1/Unreal Projects/lab 4 missleCommander/MissleComnder/Saved/Config/Windows/Scalability.ini]
[2019.11.21-08.22.36:991][  0]LogConfig: Setting CVar [[r.Streaming.MipBias:0]]
[2019.11.21-08.22.36:991][  0]LogConfig: Setting CVar [[r.Streaming.AmortizeCPUToGPUCopy:0]]
[2019.11.21-08.22.36:991][  0]LogConfig: Setting CVar [[r.Streaming.MaxNumTexturesToStreamPerFrame:0]]
[2019.11.21-08.22.36:991][  0]LogConfig: Setting CVar [[r.Streaming.Boost:1]]
[2019.11.21-08.22.36:991][  0]LogConfig: Setting CVar [[r.MaxAnisotropy:8]]
[2019.11.21-08.22.36:991][  0]LogConfig: Setting CVar [[r.Streaming.LimitPoolSizeToVRAM:0]]
[2019.11.21-08.22.36:991][  0]LogConfig: Setting CVar [[r.Streaming.PoolSize:1000]]
[2019.11.21-08.22.36:991][  0]LogConfig: Setting CVar [[r.Streaming.MaxEffectiveScreenSize:0]]
[2019.11.21-08.22.36:991][  0]LogConfig: Applying CVar settings from Section [EffectsQuality@3] File [D:/School/Programs/ETGG 3801 Real-Time Interactive Prog 1/Unreal Projects/lab 4 missleCommander/MissleComnder/Saved/Config/Windows/Scalability.ini]
[2019.11.21-08.22.36:991][  0]LogConfig: Setting CVar [[r.TranslucencyLightingVolumeDim:64]]
[2019.11.21-08.22.36:991][  0]LogConfig: Setting CVar [[r.RefractionQuality:2]]
[2019.11.21-08.22.36:991][  0]LogConfig: Setting CVar [[r.SSR.Quality:3]]
[2019.11.21-08.22.36:991][  0]LogConfig: Setting CVar [[r.SceneColorFormat:4]]
[2019.11.21-08.22.36:991][  0]LogConfig: Setting CVar [[r.DetailMode:2]]
[2019.11.21-08.22.36:991][  0]LogConfig: Setting CVar [[r.TranslucencyVolumeBlur:1]]
[2019.11.21-08.22.36:991][  0]LogConfig: Setting CVar [[r.MaterialQualityLevel:1 ; High quality]]
[2019.11.21-08.22.36:991][  0]LogConfig: Setting CVar [[r.SSS.Scale:1]]
[2019.11.21-08.22.36:991][  0]LogConfig: Setting CVar [[r.SSS.SampleSet:2]]
[2019.11.21-08.22.36:991][  0]LogConfig: Setting CVar [[r.SSS.Quality:1]]
[2019.11.21-08.22.36:991][  0]LogConfig: Setting CVar [[r.SSS.HalfRes:1]]
[2019.11.21-08.22.36:991][  0]LogConfig: Setting CVar [[r.EmitterSpawnRateScale:1.0]]
[2019.11.21-08.22.36:991][  0]LogConfig: Setting CVar [[r.ParticleLightQuality:2]]
[2019.11.21-08.22.36:991][  0]LogConfig: Applying CVar settings from Section [FoliageQuality@3] File [D:/School/Programs/ETGG 3801 Real-Time Interactive Prog 1/Unreal Projects/lab 4 missleCommander/MissleComnder/Saved/Config/Windows/Scalability.ini]
[2019.11.21-08.22.36:991][  0]LogConfig: Setting CVar [[foliage.DensityScale:1.0]]
[2019.11.21-08.22.36:991][  0]LogConfig: Setting CVar [[grass.DensityScale:1.0]]
[2019.11.21-08.22.36:992][  0]LogInit: Selected Device Profile: [Windows]
[2019.11.21-08.22.36:992][  0]LogInit: Applying CVar settings loaded from the selected device profile: [Windows]
[2019.11.21-08.22.36:994][  0]LogHAL: Display: Platform has ~ 16 GB [17104371712 / 17179869184 / 16], which maps to Larger [LargestMinGB=32, LargerMinGB=12, DefaultMinGB=8, SmallerMinGB=6, SmallestMinGB=0)
[2019.11.21-08.22.36:994][  0]LogInit: Going up to parent DeviceProfile []
[2019.11.21-08.22.36:994][  0]LogConfig: Applying CVar settings from Section [ViewDistanceQuality@3] File [D:/School/Programs/ETGG 3801 Real-Time Interactive Prog 1/Unreal Projects/lab 4 missleCommander/MissleComnder/Saved/Config/Windows/Scalability.ini]
[2019.11.21-08.22.36:994][  0]LogConfig: Setting CVar [[r.SkeletalMeshLODBias:0]]
[2019.11.21-08.22.36:994][  0]LogConfig: Setting CVar [[r.ViewDistanceScale:1.0]]
[2019.11.21-08.22.36:994][  0]LogConfig: Applying CVar settings from Section [AntiAliasingQuality@3] File [D:/School/Programs/ETGG 3801 Real-Time Interactive Prog 1/Unreal Projects/lab 4 missleCommander/MissleComnder/Saved/Config/Windows/Scalability.ini]
[2019.11.21-08.22.36:994][  0]LogConfig: Setting CVar [[r.PostProcessAAQuality:4]]
[2019.11.21-08.22.36:994][  0]LogConfig: Applying CVar settings from Section [ShadowQuality@3] File [D:/School/Programs/ETGG 3801 Real-Time Interactive Prog 1/Unreal Projects/lab 4 missleCommander/MissleComnder/Saved/Config/Windows/Scalability.ini]
[2019.11.21-08.22.36:994][  0]LogConfig: Setting CVar [[r.LightFunctionQuality:1]]
[2019.11.21-08.22.36:994][  0]LogConfig: Setting CVar [[r.ShadowQuality:5]]
[2019.11.21-08.22.36:994][  0]LogConfig: Setting CVar [[r.Shadow.CSM.MaxCascades:10]]
[2019.11.21-08.22.36:994][  0]LogConfig: Setting CVar [[r.Shadow.MaxResolution:2048]]
[2019.11.21-08.22.36:994][  0]LogConfig: Setting CVar [[r.Shadow.MaxCSMResolution:2048]]
[2019.11.21-08.22.36:994][  0]LogConfig: Setting CVar [[r.Shadow.RadiusThreshold:0.01]]
[2019.11.21-08.22.36:994][  0]LogConfig: Setting CVar [[r.Shadow.DistanceScale:1.0]]
[2019.11.21-08.22.36:994][  0]LogConfig: Setting CVar [[r.Shadow.CSM.TransitionScale:1.0]]
[2019.11.21-08.22.36:994][  0]LogConfig: Setting CVar [[r.Shadow.PreShadowResolutionFactor:1.0]]
[2019.11.21-08.22.36:994][  0]LogConfig: Setting CVar [[r.DistanceFieldShadowing:1]]
[2019.11.21-08.22.36:994][  0]LogConfig: Setting CVar [[r.DistanceFieldAO:1]]
[2019.11.21-08.22.36:994][  0]LogConfig: Setting CVar [[r.AOQuality:2]]
[2019.11.21-08.22.36:994][  0]LogConfig: Setting CVar [[r.VolumetricFog:1]]
[2019.11.21-08.22.36:994][  0]LogConfig: Setting CVar [[r.VolumetricFog.GridPixelSize:8]]
[2019.11.21-08.22.36:994][  0]LogConfig: Setting CVar [[r.VolumetricFog.GridSizeZ:128]]
[2019.11.21-08.22.36:994][  0]LogConfig: Setting CVar [[r.VolumetricFog.HistoryMissSupersampleCount:4]]
[2019.11.21-08.22.36:994][  0]LogConfig: Setting CVar [[r.LightMaxDrawDistanceScale:1]]
[2019.11.21-08.22.36:994][  0]LogConfig: Setting CVar [[r.CapsuleShadows:1]]
[2019.11.21-08.22.36:994][  0]LogConfig: Applying CVar settings from Section [PostProcessQuality@3] File [D:/School/Programs/ETGG 3801 Real-Time Interactive Prog 1/Unreal Projects/lab 4 missleCommander/MissleComnder/Saved/Config/Windows/Scalability.ini]
[2019.11.21-08.22.36:994][  0]LogConfig: Setting CVar [[r.MotionBlurQuality:4]]
[2019.11.21-08.22.36:994][  0]LogConfig: Setting CVar [[r.AmbientOcclusionMipLevelFactor:0.4]]
[2019.11.21-08.22.36:994][  0]LogConfig: Setting CVar [[r.AmbientOcclusionMaxQuality:100]]
[2019.11.21-08.22.36:994][  0]LogConfig: Setting CVar [[r.AmbientOcclusionLevels:-1]]
[2019.11.21-08.22.36:994][  0]LogConfig: Setting CVar [[r.AmbientOcclusionRadiusScale:1.0]]
[2019.11.21-08.22.36:994][  0]LogConfig: Setting CVar [[r.DepthOfFieldQuality:2]]
[2019.11.21-08.22.36:994][  0]LogConfig: Setting CVar [[r.RenderTargetPoolMin:400]]
[2019.11.21-08.22.36:994][  0]LogConfig: Setting CVar [[r.LensFlareQuality:2]]
[2019.11.21-08.22.36:994][  0]LogConfig: Setting CVar [[r.SceneColorFringeQuality:1]]
[2019.11.21-08.22.36:994][  0]LogConfig: Setting CVar [[r.EyeAdaptationQuality:2]]
[2019.11.21-08.22.36:994][  0]LogConfig: Setting CVar [[r.BloomQuality:5]]
[2019.11.21-08.22.36:994][  0]LogConfig: Setting CVar [[r.FastBlurThreshold:100]]
[2019.11.21-08.22.36:994][  0]LogConfig: Setting CVar [[r.Upscale.Quality:3]]
[2019.11.21-08.22.36:994][  0]LogConfig: Setting CVar [[r.Tonemapper.GrainQuantization:1]]
[2019.11.21-08.22.36:994][  0]LogConfig: Setting CVar [[r.LightShaftQuality:1]]
[2019.11.21-08.22.36:994][  0]LogConfig: Setting CVar [[r.Filter.SizeScale:1]]
[2019.11.21-08.22.36:994][  0]LogConfig: Setting CVar [[r.Tonemapper.Quality:5]]
[2019.11.21-08.22.36:994][  0]LogConfig: Setting CVar [[r.DOF.Gather.AccumulatorQuality:1        ; higher gathering accumulator quality]]
[2019.11.21-08.22.36:994][  0]LogConfig: Setting CVar [[r.DOF.Gather.PostfilterMethod:1          ; Median3x3 postfilering method]]
[2019.11.21-08.22.36:994][  0]LogConfig: Setting CVar [[r.DOF.Gather.EnableBokehSettings:0       ; no bokeh simulation when gathering]]
[2019.11.21-08.22.36:994][  0]LogConfig: Setting CVar [[r.DOF.Gather.RingCount:4                 ; medium number of samples when gathering]]
[2019.11.21-08.22.36:994][  0]LogConfig: Setting CVar [[r.DOF.Scatter.ForegroundCompositing:1    ; additive foreground scattering]]
[2019.11.21-08.22.36:994][  0]LogConfig: Setting CVar [[r.DOF.Scatter.BackgroundCompositing:2    ; additive background scattering]]
[2019.11.21-08.22.36:994][  0]LogConfig: Setting CVar [[r.DOF.Scatter.EnableBokehSettings:1      ; bokeh simulation when scattering]]
[2019.11.21-08.22.36:994][  0]LogConfig: Setting CVar [[r.DOF.Scatter.MaxSpriteRatio:0.1         ; only a maximum of 10% of scattered bokeh]]
[2019.11.21-08.22.36:994][  0]LogConfig: Setting CVar [[r.DOF.Recombine.Quality:1                ; cheap slight out of focus]]
[2019.11.21-08.22.36:994][  0]LogConfig: Setting CVar [[r.DOF.Recombine.EnableBokehSettings:0    ; no bokeh simulation on slight out of focus]]
[2019.11.21-08.22.36:994][  0]LogConfig: Setting CVar [[r.DOF.TemporalAAQuality:1                ; more stable temporal accumulation]]
[2019.11.21-08.22.36:994][  0]LogConfig: Setting CVar [[r.DOF.Kernel.MaxForegroundRadius:0.025]]
[2019.11.21-08.22.36:994][  0]LogConfig: Setting CVar [[r.DOF.Kernel.MaxBackgroundRadius:0.025]]
[2019.11.21-08.22.36:994][  0]LogConfig: Applying CVar settings from Section [TextureQuality@3] File [D:/School/Programs/ETGG 3801 Real-Time Interactive Prog 1/Unreal Projects/lab 4 missleCommander/MissleComnder/Saved/Config/Windows/Scalability.ini]
[2019.11.21-08.22.36:994][  0]LogConfig: Setting CVar [[r.Streaming.MipBias:0]]
[2019.11.21-08.22.36:994][  0]LogConfig: Setting CVar [[r.Streaming.AmortizeCPUToGPUCopy:0]]
[2019.11.21-08.22.36:994][  0]LogConfig: Setting CVar [[r.Streaming.MaxNumTexturesToStreamPerFrame:0]]
[2019.11.21-08.22.36:994][  0]LogConfig: Setting CVar [[r.Streaming.Boost:1]]
[2019.11.21-08.22.36:994][  0]LogConfig: Setting CVar [[r.MaxAnisotropy:8]]
[2019.11.21-08.22.36:994][  0]LogConfig: Setting CVar [[r.Streaming.LimitPoolSizeToVRAM:0]]
[2019.11.21-08.22.36:994][  0]LogConfig: Setting CVar [[r.Streaming.PoolSize:1000]]
[2019.11.21-08.22.36:994][  0]LogConfig: Setting CVar [[r.Streaming.MaxEffectiveScreenSize:0]]
[2019.11.21-08.22.36:994][  0]LogConfig: Applying CVar settings from Section [EffectsQuality@3] File [D:/School/Programs/ETGG 3801 Real-Time Interactive Prog 1/Unreal Projects/lab 4 missleCommander/MissleComnder/Saved/Config/Windows/Scalability.ini]
[2019.11.21-08.22.36:994][  0]LogConfig: Setting CVar [[r.TranslucencyLightingVolumeDim:64]]
[2019.11.21-08.22.36:994][  0]LogConfig: Setting CVar [[r.RefractionQuality:2]]
[2019.11.21-08.22.36:994][  0]LogConfig: Setting CVar [[r.SSR.Quality:3]]
[2019.11.21-08.22.36:994][  0]LogConfig: Setting CVar [[r.SceneColorFormat:4]]
[2019.11.21-08.22.36:994][  0]LogConfig: Setting CVar [[r.DetailMode:2]]
[2019.11.21-08.22.36:994][  0]LogConfig: Setting CVar [[r.TranslucencyVolumeBlur:1]]
[2019.11.21-08.22.36:994][  0]LogConfig: Setting CVar [[r.MaterialQualityLevel:1 ; High quality]]
[2019.11.21-08.22.36:994][  0]LogConfig: Setting CVar [[r.SSS.Scale:1]]
[2019.11.21-08.22.36:994][  0]LogConfig: Setting CVar [[r.SSS.SampleSet:2]]
[2019.11.21-08.22.36:994][  0]LogConfig: Setting CVar [[r.SSS.Quality:1]]
[2019.11.21-08.22.36:994][  0]LogConfig: Setting CVar [[r.SSS.HalfRes:1]]
[2019.11.21-08.22.36:994][  0]LogConfig: Setting CVar [[r.EmitterSpawnRateScale:1.0]]
[2019.11.21-08.22.36:994][  0]LogConfig: Setting CVar [[r.ParticleLightQuality:2]]
[2019.11.21-08.22.36:995][  0]LogConfig: Applying CVar settings from Section [FoliageQuality@3] File [D:/School/Programs/ETGG 3801 Real-Time Interactive Prog 1/Unreal Projects/lab 4 missleCommander/MissleComnder/Saved/Config/Windows/Scalability.ini]
[2019.11.21-08.22.36:995][  0]LogConfig: Setting CVar [[foliage.DensityScale:1.0]]
[2019.11.21-08.22.36:995][  0]LogConfig: Setting CVar [[grass.DensityScale:1.0]]
[2019.11.21-08.22.36:995][  0]LogConfig: Applying CVar settings from Section [Startup] File [../../../Engine/Config/ConsoleVariables.ini]
[2019.11.21-08.22.36:995][  0]LogConfig: Setting CVar [[net.UseAdaptiveNetUpdateFrequency:0]]
[2019.11.21-08.22.36:995][  0]LogConfig: Setting CVar [[p.chaos.AllowCreatePhysxBodies:1]]
[2019.11.21-08.22.36:995][  0]LogConfig: Applying CVar settings from Section [ConsoleVariables] File [D:/School/Programs/ETGG 3801 Real-Time Interactive Prog 1/Unreal Projects/lab 4 missleCommander/MissleComnder/Saved/Config/Windows/Engine.ini]
[2019.11.21-08.22.36:995][  0]LogInit: Computer: THOMASS_TOWER
[2019.11.21-08.22.36:995][  0]LogInit: User: Thoma
[2019.11.21-08.22.36:995][  0]LogInit: CPU Page size=4096, Cores=4
[2019.11.21-08.22.36:995][  0]LogInit: High frequency timer resolution =10.000000 MHz
[2019.11.21-08.22.36:995][  0]LogMemory: Memory total: Physical=15.9GB (16GB approx)
[2019.11.21-08.22.36:995][  0]LogMemory: Platform Memory Stats for Windows
[2019.11.21-08.22.36:995][  0]LogMemory: Process Physical Memory: 101.66 MB used, 101.67 MB peak
[2019.11.21-08.22.36:995][  0]LogMemory: Process Virtual Memory: 100.76 MB used, 100.76 MB peak
[2019.11.21-08.22.36:995][  0]LogMemory: Physical Memory: 8016.71 MB used,  8295.29 MB free, 16312.00 MB total
[2019.11.21-08.22.36:995][  0]LogMemory: Virtual Memory: 4669.43 MB used,  134213056.00 MB free, 134217728.00 MB total
[2019.11.21-08.22.36:997][  0]LogWindows: WindowsPlatformFeatures enabled
[2019.11.21-08.22.37:017][  0]LogInit: Using OS detected language (en-US).
[2019.11.21-08.22.37:017][  0]LogInit: Using OS detected locale (en-US).
[2019.11.21-08.22.37:017][  0]LogTextLocalizationManager: No specific localization for 'en-US' exists, so the 'en' localization will be used.
[2019.11.21-08.22.37:145][  0]LogInit: Setting process to per monitor DPI aware
[2019.11.21-08.22.37:169][  0]LogSlate: New Slate User Created.  User Index 0, Is Virtual User: 0
[2019.11.21-08.22.37:169][  0]LogSlate: Slate User Registered.  User Index 0, Is Virtual User: 0
[2019.11.21-08.22.37:352][  0]LogHMD: Failed to initialize OpenVR with code 110
[2019.11.21-08.22.37:352][  0]LogD3D11RHI: D3D11 adapters:
[2019.11.21-08.22.37:402][  0]LogD3D11RHI:    0. 'NVIDIA GeForce GTX 980 Ti' (Feature Level 11_0)
[2019.11.21-08.22.37:402][  0]LogD3D11RHI:       6097/0/8156 MB DedicatedVideo/DedicatedSystem/SharedSystem, Outputs:1, VendorId:0x10de
[2019.11.21-08.22.37:404][  0]LogD3D11RHI:    1. 'Microsoft Basic Render Driver' (Feature Level 11_0)
[2019.11.21-08.22.37:404][  0]LogD3D11RHI:       0/0/8156 MB DedicatedVideo/DedicatedSystem/SharedSystem, Outputs:0, VendorId:0x1414
[2019.11.21-08.22.37:404][  0]LogD3D11RHI: Chosen D3D11 Adapter: 0
[2019.11.21-08.22.37:410][  0]LogD3D11RHI: Creating new Direct3DDevice
[2019.11.21-08.22.37:410][  0]LogD3D11RHI:     GPU DeviceId: 0x17c8 (for the marketing name, search the web for "GPU Device Id")
[2019.11.21-08.22.37:410][  0]LogWindows: EnumDisplayDevices:
[2019.11.21-08.22.37:410][  0]LogWindows:    0. 'NVIDIA GeForce GTX 980 Ti' (P:1 D:1)
[2019.11.21-08.22.37:410][  0]LogWindows:    1. 'NVIDIA GeForce GTX 980 Ti' (P:0 D:0)
[2019.11.21-08.22.37:410][  0]LogWindows:    2. 'NVIDIA GeForce GTX 980 Ti' (P:0 D:0)
[2019.11.21-08.22.37:411][  0]LogWindows:    3. 'NVIDIA GeForce GTX 980 Ti' (P:0 D:0)
[2019.11.21-08.22.37:411][  0]LogWindows: DebugString: FoundDriverCount:4 
[2019.11.21-08.22.37:411][  0]LogD3D11RHI:     Adapter Name: NVIDIA GeForce GTX 980 Ti
[2019.11.21-08.22.37:411][  0]LogD3D11RHI:   Driver Version: 441.20 (internal:26.21.14.4120, unified:441.20)
[2019.11.21-08.22.37:411][  0]LogD3D11RHI:      Driver Date: 11-6-2019
[2019.11.21-08.22.37:411][  0]LogRHI: Texture pool is 4268 MB (70% of 6097 MB)
[2019.11.21-08.22.37:442][  0]LogD3D11RHI: Async texture creation enabled
[2019.11.21-08.22.37:455][  0]LogD3D11RHI: GPU Timing Frequency: 1000.000000 (Debug: 2 1)
[2019.11.21-08.22.37:724][  0]LogTemp: Display: Module 'AllDesktopTargetPlatform' loaded TargetPlatform 'AllDesktop'
[2019.11.21-08.22.37:730][  0]LogTemp: Display: Module 'MacClientTargetPlatform' loaded TargetPlatform 'MacClient'
[2019.11.21-08.22.37:736][  0]LogTemp: Display: Module 'MacNoEditorTargetPlatform' loaded TargetPlatform 'MacNoEditor'
[2019.11.21-08.22.37:742][  0]LogTemp: Display: Module 'MacServerTargetPlatform' loaded TargetPlatform 'MacServer'
[2019.11.21-08.22.37:749][  0]LogTemp: Display: Module 'MacTargetPlatform' loaded TargetPlatform 'Mac'
[2019.11.21-08.22.37:755][  0]LogTemp: Display: Module 'WindowsClientTargetPlatform' loaded TargetPlatform 'WindowsClient'
[2019.11.21-08.22.37:762][  0]LogTemp: Display: Module 'WindowsNoEditorTargetPlatform' loaded TargetPlatform 'WindowsNoEditor'
[2019.11.21-08.22.37:768][  0]LogTemp: Display: Module 'WindowsServerTargetPlatform' loaded TargetPlatform 'WindowsServer'
[2019.11.21-08.22.37:771][  0]LogTemp: Display: Module 'WindowsTargetPlatform' loaded TargetPlatform 'Windows'
[2019.11.21-08.22.37:798][  0]LogTemp: Display: Module 'AndroidTargetPlatform' loaded TargetPlatform 'Android'
[2019.11.21-08.22.37:798][  0]LogTemp: Display: Module 'AndroidTargetPlatform' loaded TargetPlatform 'Android_ASTC'
[2019.11.21-08.22.37:798][  0]LogTemp: Display: Module 'AndroidTargetPlatform' loaded TargetPlatform 'Android_ATC'
[2019.11.21-08.22.37:798][  0]LogTemp: Display: Module 'AndroidTargetPlatform' loaded TargetPlatform 'Android_DXT'
[2019.11.21-08.22.37:798][  0]LogTemp: Display: Module 'AndroidTargetPlatform' loaded TargetPlatform 'Android_ETC1'
[2019.11.21-08.22.37:798][  0]LogTemp: Display: Module 'AndroidTargetPlatform' loaded TargetPlatform 'Android_ETC1a'
[2019.11.21-08.22.37:798][  0]LogTemp: Display: Module 'AndroidTargetPlatform' loaded TargetPlatform 'Android_ETC2'
[2019.11.21-08.22.37:798][  0]LogTemp: Display: Module 'AndroidTargetPlatform' loaded TargetPlatform 'Android_PVRTC'
[2019.11.21-08.22.37:798][  0]LogTemp: Display: Module 'AndroidTargetPlatform' loaded TargetPlatform 'AndroidClient'
[2019.11.21-08.22.37:798][  0]LogTemp: Display: Module 'AndroidTargetPlatform' loaded TargetPlatform 'Android_ASTCClient'
[2019.11.21-08.22.37:798][  0]LogTemp: Display: Module 'AndroidTargetPlatform' loaded TargetPlatform 'Android_ATCClient'
[2019.11.21-08.22.37:798][  0]LogTemp: Display: Module 'AndroidTargetPlatform' loaded TargetPlatform 'Android_DXTClient'
[2019.11.21-08.22.37:798][  0]LogTemp: Display: Module 'AndroidTargetPlatform' loaded TargetPlatform 'Android_ETC1Client'
[2019.11.21-08.22.37:798][  0]LogTemp: Display: Module 'AndroidTargetPlatform' loaded TargetPlatform 'Android_ETC1aClient'
[2019.11.21-08.22.37:798][  0]LogTemp: Display: Module 'AndroidTargetPlatform' loaded TargetPlatform 'Android_ETC2Client'
[2019.11.21-08.22.37:798][  0]LogTemp: Display: Module 'AndroidTargetPlatform' loaded TargetPlatform 'Android_PVRTCClient'
[2019.11.21-08.22.37:798][  0]LogTemp: Display: Module 'AndroidTargetPlatform' loaded TargetPlatform 'Android_Multi'
[2019.11.21-08.22.37:798][  0]LogTemp: Display: Module 'AndroidTargetPlatform' loaded TargetPlatform 'Android_MultiClient'
[2019.11.21-08.22.37:799][  0]LogTemp: Display: Module 'HTML5TargetPlatform' loaded TargetPlatform 'HTML5'
[2019.11.21-08.22.37:812][  0]LogTemp: Display: Module 'IOSTargetPlatform' loaded TargetPlatform 'IOSClient'
[2019.11.21-08.22.37:812][  0]LogTemp: Display: Module 'IOSTargetPlatform' loaded TargetPlatform 'IOS'
[2019.11.21-08.22.37:824][  0]LogTemp: Display: Module 'TVOSTargetPlatform' loaded TargetPlatform 'TVOSClient'
[2019.11.21-08.22.37:824][  0]LogTemp: Display: Module 'TVOSTargetPlatform' loaded TargetPlatform 'TVOS'
[2019.11.21-08.22.37:829][  0]LogTemp: Display: Module 'LinuxClientTargetPlatform' loaded TargetPlatform 'LinuxClient'
[2019.11.21-08.22.37:835][  0]LogTemp: Display: Module 'LinuxNoEditorTargetPlatform' loaded TargetPlatform 'LinuxNoEditor'
[2019.11.21-08.22.37:840][  0]LogTemp: Display: Module 'LinuxServerTargetPlatform' loaded TargetPlatform 'LinuxServer'
[2019.11.21-08.22.37:846][  0]LogTemp: Display: Module 'LinuxTargetPlatform' loaded TargetPlatform 'Linux'
[2019.11.21-08.22.37:866][  0]LogTemp: Display: Module 'LuminTargetPlatform' loaded TargetPlatform 'Lumin'
[2019.11.21-08.22.37:866][  0]LogTemp: Display: Module 'LuminTargetPlatform' loaded TargetPlatform 'LuminClient'
[2019.11.21-08.22.37:866][  0]LogTargetPlatformManager: Display: Building Assets For Windows
[2019.11.21-08.22.37:872][  0]LogAudioDebug: Display: Lib vorbis DLL was dynamically loaded.
[2019.11.21-08.22.37:907][  0]LogShaderCompilers: Guid format shader working directory is -76 characters bigger than the processId version (../../../../../School/Programs/ETGG 3801 Real-Time Interactive Prog 1/Unreal Projects/lab 4 missleCommander/MissleComnder/Intermediate/Shaders/WorkingDirectory/11812/).
[2019.11.21-08.22.37:907][  0]LogShaderCompilers: Cleaned the shader compiler working directory 'C:/Users/Thoma/AppData/Local/Temp/UnrealShaderWorkingDir/AB4A1A7A499FB30F3D1AB29427923270/'.
[2019.11.21-08.22.37:909][  0]LogXGEController: Cannot use XGE Controller as Incredibuild is not installed on this machine.
[2019.11.21-08.22.37:909][  0]LogShaderCompilers: Cannot use XGE Shader Compiler as Incredibuild is not installed on this machine.
[2019.11.21-08.22.37:909][  0]LogShaderCompilers: Display: Using Local Shader Compiler.
[2019.11.21-08.22.38:414][  0]LogDerivedDataCache: Display: Max Cache Size: 512 MB
[2019.11.21-08.22.38:453][  0]LogDerivedDataCache: Loaded boot cache 0.04s 73MB C:/Users/Thoma/AppData/Local/UnrealEngine/4.23/DerivedDataCache/Boot.ddc.
[2019.11.21-08.22.38:453][  0]LogDerivedDataCache: Display: Loaded Boot cache: C:/Users/Thoma/AppData/Local/UnrealEngine/4.23/DerivedDataCache/Boot.ddc
[2019.11.21-08.22.38:453][  0]LogDerivedDataCache: FDerivedDataBackendGraph:  Pak pak cache file ../../../../../School/Programs/ETGG 3801 Real-Time Interactive Prog 1/Unreal Projects/lab 4 missleCommander/MissleComnder/DerivedDataCache/DDC.ddp not found, will not use a pak cache.
[2019.11.21-08.22.38:453][  0]LogDerivedDataCache: Unable to find inner node Pak for hierarchical cache Hierarchy.
[2019.11.21-08.22.38:453][  0]LogDerivedDataCache: FDerivedDataBackendGraph:  CompressedPak pak cache file ../../../../../School/Programs/ETGG 3801 Real-Time Interactive Prog 1/Unreal Projects/lab 4 missleCommander/MissleComnder/DerivedDataCache/Compressed.ddp not found, will not use a pak cache.
[2019.11.21-08.22.38:453][  0]LogDerivedDataCache: Unable to find inner node CompressedPak for hierarchical cache Hierarchy.
[2019.11.21-08.22.38:462][  0]LogDerivedDataCache: Display: Pak cache opened for reading ../../../Engine/DerivedDataCache/Compressed.ddp.
[2019.11.21-08.22.38:462][  0]LogDerivedDataCache: FDerivedDataBackendGraph:  EnterprisePak pak cache file ../../../Enterprise/DerivedDataCache/Compressed.ddp not found, will not use a pak cache.
[2019.11.21-08.22.38:462][  0]LogDerivedDataCache: Unable to find inner node EnterprisePak for hierarchical cache Hierarchy.
[2019.11.21-08.22.38:463][  0]LogDerivedDataCache: Using Local data cache path C:/Users/Thoma/AppData/Local/UnrealEngine/Common/DerivedDataCache: Writable
[2019.11.21-08.22.38:463][  0]LogDerivedDataCache: Shared data cache path not found in *engine.ini, will not use an Shared cache.
[2019.11.21-08.22.38:463][  0]LogDerivedDataCache: Unable to find inner node Shared for hierarchical cache Hierarchy.
[2019.11.21-08.22.38:480][  0]LogMaterial: Verifying Global Shaders for PCD3D_SM5
[2019.11.21-08.22.38:482][  0]LogSlate: Using FreeType 2.6.0
[2019.11.21-08.22.38:483][  0]LogSlate: SlateFontServices - WITH_FREETYPE: 1, WITH_HARFBUZZ: 1
[2019.11.21-08.22.38:535][  0]LogAssetRegistry: FAssetRegistry took 0.0018 seconds to start up
[2019.11.21-08.22.38:756][  0]LogInit: Selected Device Profile: [Windows]
[2019.11.21-08.22.38:886][  0]LogMeshReduction: Using QuadricMeshReduction for automatic static mesh reduction
[2019.11.21-08.22.38:886][  0]LogMeshReduction: Using SimplygonMeshReduction for automatic skeletal mesh reduction
[2019.11.21-08.22.38:886][  0]LogMeshReduction: Using ProxyLODMeshReduction for automatic mesh merging
[2019.11.21-08.22.38:886][  0]LogMeshReduction: No distributed automatic mesh merging module available
[2019.11.21-08.22.38:886][  0]LogMeshMerging: No distributed automatic mesh merging module available
[2019.11.21-08.22.38:894][  0]LogNetVersion: MissleComnder 1.0.0, NetCL: 8386587, EngineNetVer: 11, GameNetVer: 0 (Checksum: 2994690250)
[2019.11.21-08.22.39:214][  0]LogPackageLocalizationCache: Processed 12 localized package path(s) for 1 prioritized culture(s) in 0.031927 seconds
[2019.11.21-08.22.39:219][  0]LogUObjectArray: 43444 objects as part of root set at end of initial load.
[2019.11.21-08.22.39:219][  0]LogUObjectAllocator: 7548648 out of 0 bytes used by permanent object pool.
[2019.11.21-08.22.39:219][  0]LogUObjectArray: CloseDisregardForGC: 0/0 objects in disregard for GC pool
[2019.11.21-08.22.39:954][  0]LogTcpMessaging: Initializing TcpMessaging bridge
[2019.11.21-08.22.39:957][  0]LogUdpMessaging: Initializing bridge on interface 0.0.0.0:0 to multicast group 230.0.0.1:6666.
[2019.11.21-08.22.40:001][  0]SourceControl: Source control is disabled
[2019.11.21-08.22.40:001][  0]SourceControl: Source control is disabled
[2019.11.21-08.22.40:002][  0]SourceControl: Source control is disabled
[2019.11.21-08.22.40:003][  0]SourceControl: Source control is disabled
[2019.11.21-08.22.40:069][  0]LogAndroidPermission: UAndroidPermissionCallbackProxy::GetInstance
[2019.11.21-08.22.40:216][  0]LogOcInput: OculusInput pre-init called
[2019.11.21-08.22.40:221][  0]LogWindows: Failed to load 'OVRPlugin.dll' (GetLastError=126)
[2019.11.21-08.22.40:221][  0]LogWindows: File 'OVRPlugin.dll' does not exist
[2019.11.21-08.22.40:273][  0]LogEngine: Initializing Engine...
[2019.11.21-08.22.40:273][  0]LogHMD: Failed to initialize OpenVR with code 110
[2019.11.21-08.22.40:274][  0]LogStats: UGameplayTagsManager::InitializeManager -  0.000 s
[2019.11.21-08.22.40:499][  0]LogInit: Initializing FReadOnlyCVARCache
[2019.11.21-08.22.40:515][  0]LogAIModule: Creating AISystem for world Untitled
[2019.11.21-08.22.40:562][  0]LogInit: XAudio2 using 'Realtek Digital Output(Optical) (Realtek High Definition Audio)' : 2 channels at 48 kHz using 32 bits per sample (channel mask 0x3)
[2019.11.21-08.22.40:586][  0]LogInit: FAudioDevice initialized.
[2019.11.21-08.22.40:586][  0]LogNetVersion: Set ProjectVersion to 1.0.0.0. Version Checksum will be recalculated on next use.
[2019.11.21-08.22.40:649][  0]LogDerivedDataCache: Saved boot cache 0.06s 73MB C:/Users/Thoma/AppData/Local/UnrealEngine/4.23/DerivedDataCache/Boot.ddc.
[2019.11.21-08.22.40:651][  0]LogInit: Texture streaming: Enabled
[2019.11.21-08.22.40:665][  0]LogEngineSessionManager: EngineSessionManager initialized
[2019.11.21-08.22.40:665][  0]LogEditorSessionSummary: Verbose: Initializing EditorSessionSummaryWriter for editor session tracking
[2019.11.21-08.22.40:666][  0]LogEditorSessionSummary: EditorSessionSummaryWriter initialized
[2019.11.21-08.22.40:705][  0]LogInit: Transaction tracking system initialized
[2019.11.21-08.22.40:726][  0]BlueprintLog: New page: Editor Load
[2019.11.21-08.22.40:777][  0]LocalizationService: Localization service is disabled
[2019.11.21-08.22.40:967][  0]LogFileCache: Scanning file cache for directory 'D:/School/Programs/ETGG 3801 Real-Time Interactive Prog 1/Unreal Projects/lab 4 missleCommander/MissleComnder/Content/' took 0.00s
[2019.11.21-08.22.40:967][  0]LogCook: Display: Max memory allowance for cook 16384mb min free memory 0mb
[2019.11.21-08.22.40:967][  0]LogCook: Display: Mobile HDR setting 1
[2019.11.21-08.22.41:119][  0]SourceControl: Source control is disabled
[2019.11.21-08.22.41:119][  0]LightingResults: New page: Lighting Build
[2019.11.21-08.22.41:121][  0]LogWorld: UWorld::CleanupWorld for Untitled, bSessionEnded=true, bCleanupResources=true
[2019.11.21-08.22.41:121][  0]MapCheck: New page: Map Check
[2019.11.21-08.22.41:121][  0]LightingResults: New page: Lighting Build
[2019.11.21-08.22.41:140][  0]LogUObjectHash: Compacting FUObjectHashTables data took   1.18ms
[2019.11.21-08.22.41:296][  0]LogAIModule: Creating AISystem for world GameMap
[2019.11.21-08.22.41:300][  0]LogEditorServer: Finished looking for orphan Actors (0.000 secs)
[2019.11.21-08.22.41:318][  0]LogUObjectHash: Compacting FUObjectHashTables data took   1.65ms
[2019.11.21-08.22.41:318][  0]Cmd: MAP CHECKDEP NOCLEARLOG
[2019.11.21-08.22.41:318][  0]MapCheck: Map check complete: 0 Error(s), 0 Warning(s), took 0.076ms to complete.
[2019.11.21-08.22.41:319][  0]LogFileHelpers: Loading map 'GameMap' took 0.200
[2019.11.21-08.22.41:417][  0]LogSlate: Updating window title bar state: overlay mode, drag disabled, window buttons hidden, title bar hidden
[2019.11.21-08.22.41:422][  0]LogSlate: Updating window title bar state: overlay mode, drag disabled, window buttons hidden, title bar hidden
[2019.11.21-08.22.41:427][  0]LogSlate: Updating window title bar state: overlay mode, drag disabled, window buttons hidden, title bar hidden
[2019.11.21-08.22.41:433][  0]LogSlate: Updating window title bar state: overlay mode, drag disabled, window buttons hidden, title bar hidden
[2019.11.21-08.22.41:437][  0]LogCollectionManager: Loaded 0 collections in 0.001160 seconds
[2019.11.21-08.22.41:441][  0]LogFileCache: Scanning file cache for directory 'D:/School/Programs/ETGG 3801 Real-Time Interactive Prog 1/Unreal Projects/lab 4 missleCommander/MissleComnder/Saved/Collections/' took 0.00s
[2019.11.21-08.22.41:442][  0]LogFileCache: Scanning file cache for directory 'D:/School/Programs/ETGG 3801 Real-Time Interactive Prog 1/Unreal Projects/lab 4 missleCommander/MissleComnder/Content/Developers/Thoma/Collections/' took 0.00s
[2019.11.21-08.22.41:442][  0]LogFileCache: Scanning file cache for directory 'D:/School/Programs/ETGG 3801 Real-Time Interactive Prog 1/Unreal Projects/lab 4 missleCommander/MissleComnder/Content/Collections/' took 0.00s
[2019.11.21-08.22.41:442][  0]LogCollectionManager: Rebuilt the GUID cache for 0 collections in 0.000001 seconds
[2019.11.21-08.22.41:448][  0]LogContentBrowser: Native class hierarchy populated in 0.0066 seconds. Added 2864 classes and 682 folders.
[2019.11.21-08.22.41:453][  0]LogContentBrowser: Native class hierarchy updated for 'WidgetCarousel' in 0.0003 seconds. Added 0 classes and 0 folders.
[2019.11.21-08.22.41:500][  0]LogContentBrowser: Native class hierarchy updated for 'AddContentDialog' in 0.0003 seconds. Added 0 classes and 0 folders.
[2019.11.21-08.22.41:504][  0]LogContentBrowser: Native class hierarchy updated for 'SceneOutliner' in 0.0003 seconds. Added 1 classes and 2 folders.
[2019.11.21-08.22.41:550][  0]LogSlate: Took 0.000137 seconds to synchronously load lazily loaded font '../../../Engine/Content/Slate/Fonts/Roboto-Regular.ttf' (155K)
[2019.11.21-08.22.41:886][  0]LogSlate: Took 0.000180 seconds to synchronously load lazily loaded font '../../../Engine/Content/Slate/Fonts/Roboto-Bold.ttf' (160K)
[2019.11.21-08.22.41:894][  0]LogContentBrowser: Native class hierarchy updated for 'HierarchicalLODOutliner' in 0.0003 seconds. Added 0 classes and 0 folders.
[2019.11.21-08.22.41:894][  0]LogLoad: (Engine Initialization) Total time: 6.30 seconds
[2019.11.21-08.22.41:894][  0]LogLoad: (Engine Initialization) Total Blueprint compile time: 0.00 seconds
[2019.11.21-08.22.41:905][  0]LoadErrors: Error: /Game/BluePrints/PlayerBP : Failed import for FloatProperty /Game/Animation/PlayerAnimGraph.PlayerAnimGraph_C:walkingAmount Referenced by export Function /Game/BluePrints/PlayerBP.PlayerBP_C:ExecuteUbergraph_PlayerBP
[2019.11.21-08.22.41:934][  0]LogAssetRegistry: Asset discovery search completed in 3.3999 seconds
[2019.11.21-08.22.41:937][  0]LogCollectionManager: Rebuilt the object cache for 0 collections in 0.000008 seconds (found 0 objects)
[2019.11.21-08.22.41:937][  0]LogCollectionManager: Fixed up redirectors for 0 collections in 0.000076 seconds (updated 0 objects)
[2019.11.21-08.22.41:938][  0]LogContentStreaming: Texture pool size now 1000 MB
[2019.11.21-08.22.41:945][  0]LogSlate: FSceneViewport::OnFocusLost() reason 5
[2019.11.21-08.22.42:041][  0]LogSlate: Took 0.000165 seconds to synchronously load lazily loaded font '../../../Engine/Content/Editor/Slate/Fonts/FontAwesome.ttf' (139K)
[2019.11.21-08.22.42:117][  1]LogRenderer: Reallocating scene render targets to support 256x256 Format 10 NumSamples 1 (Frame:1).
[2019.11.21-08.22.42:117][  1]LogFileCache: Retrieving MD5 hashes for directory 'D:/School/Programs/ETGG 3801 Real-Time Interactive Prog 1/Unreal Projects/lab 4 missleCommander/MissleComnder/Content/' took 0.21s
[2019.11.21-08.22.42:141][  2]LogRenderer: Reallocating scene render targets to support 780x356 Format 10 NumSamples 1 (Frame:1).
[2019.11.21-08.22.45:439][386]LogSlate: Window 'Message Log' being destroyed
[2019.11.21-08.22.45:442][386]LogSlate: Window 'Message Log' being destroyed
[2019.11.21-08.22.47:270][603]LogSlate: FSceneViewport::OnFocusLost() reason 0
[2019.11.21-08.22.47:367][614]LogSlate: Window 'Editor Preferences' being destroyed
[2019.11.21-08.22.47:370][614]LogSlate: Window 'Editor Preferences' being destroyed
[2019.11.21-08.22.48:637][691]LogRenderer: Reallocating scene render targets to support 920x796 Format 10 NumSamples 1 (Frame:673).
[2019.11.21-08.22.49:920][843]LogSlate: FSceneViewport::OnFocusLost() reason 0
[2019.11.21-08.22.50:343][892]LogSlate: Took 0.000213 seconds to synchronously load lazily loaded font '../../../Engine/Content/Slate/Fonts/Roboto-Italic.ttf' (157K)
[2019.11.21-08.23.03:676][481]LogEditorViewport: Clicking on Actor (LMB): BP_Sky_Sphere_C (Sky Sphere)
[2019.11.21-08.23.04:474][572]LogSlate: Took 0.000187 seconds to synchronously load lazily loaded font '../../../Engine/Content/Slate/Fonts/Roboto-Light.ttf' (167K)
[2019.11.21-08.23.04:477][572]LogSlate: FSceneViewport::OnFocusLost() reason 5
[2019.11.21-08.23.04:501][572]LogUObjectHash: Compacting FUObjectHashTables data took   0.52ms
[2019.11.21-08.23.04:576][572]LogSavePackage: Moving '../../../../../School/Programs/ETGG 3801 Real-Time Interactive Prog 1/Unreal Projects/lab 4 missleCommander/MissleComnder/Saved/GameMapBCCE7A2A41BEFA6D1365039672294557.tmp' to '../../../../../School/Programs/ETGG 3801 Real-Time Interactive Prog 1/Unreal Projects/lab 4 missleCommander/MissleComnder/Content/GameScene/GameMap.umap'
[2019.11.21-08.23.04:606][572]LogSavePackage: Moving '../../../../../School/Programs/ETGG 3801 Real-Time Interactive Prog 1/Unreal Projects/lab 4 missleCommander/MissleComnder/Saved/GameMap_BuiltData107CF6A040732869AA374AB7AECBD4D3.tmp' to '../../../../../School/Programs/ETGG 3801 Real-Time Interactive Prog 1/Unreal Projects/lab 4 missleCommander/MissleComnder/Content/GameScene/GameMap_BuiltData.uasset'
[2019.11.21-08.23.07:310][892]LogSlate: FSceneViewport::OnFocusLost() reason 0
[2019.11.21-08.23.07:426][906]LogTemp: Repeating last play command: Selected Viewport
[2019.11.21-08.23.07:434][906]LogBlueprintUserMessages: Early PlayInEditor Detection: Level '/Game/GameScene/GameMap.GameMap:PersistentLevel' has LevelScriptBlueprint '/Game/GameScene/GameMap.GameMap:PersistentLevel.GameMap' with GeneratedClass '/Game/GameScene/GameMap.GameMap_C' with ClassGeneratedBy '/Game/GameScene/GameMap.GameMap:PersistentLevel.GameMap'
[2019.11.21-08.23.07:435][906]LogPlayLevel: PlayLevel: No blueprints needed recompiling
[2019.11.21-08.23.07:435][906]PIE: New page: PIE session: GameMap (Nov 20, 2019, 10:23:07 PM)
[2019.11.21-08.23.07:436][906]LogOnline: OSS: Creating online subsystem instance for: NULL
[2019.11.21-08.23.07:436][906]LogPlayLevel: Creating play world package: /Game/GameScene/UEDPIE_0_GameMap
[2019.11.21-08.23.07:438][906]LogPlayLevel: PIE: StaticDuplicateObject took: (0.001847s)
[2019.11.21-08.23.07:439][906]LogAIModule: Creating AISystem for world GameMap
[2019.11.21-08.23.07:439][906]LogPlayLevel: PIE: World Init took: (0.000847s)
[2019.11.21-08.23.07:439][906]LogPlayLevel: PIE: Created PIE world by copying editor world from /Game/GameScene/GameMap.GameMap to /Game/GameScene/UEDPIE_0_GameMap.GameMap (0.002859s)
[2019.11.21-08.23.07:457][906]LogUObjectHash: Compacting FUObjectHashTables data took   1.56ms
[2019.11.21-08.23.07:469][906]LogInit: XAudio2 using 'Realtek Digital Output(Optical) (Realtek High Definition Audio)' : 2 channels at 48 kHz using 32 bits per sample (channel mask 0x3)
[2019.11.21-08.23.07:484][906]LogInit: FAudioDevice initialized.
[2019.11.21-08.23.07:495][906]LogLoad: Game class is 'gameModeBP_C'
[2019.11.21-08.23.07:496][906]LogWorld: Bringing World /Game/GameScene/UEDPIE_0_GameMap.GameMap up for play (max tick rate 0) at 2019.11.21-03.23.07
[2019.11.21-08.23.07:497][906]LogWorld: Bringing up level for play took: 0.000687
[2019.11.21-08.23.07:497][906]LogOnline: OSS: Creating online subsystem instance for: :Context_1
[2019.11.21-08.23.07:501][906]LogContentBrowser: Native class hierarchy updated for 'MovieSceneCapture' in 0.0004 seconds. Added 20 classes and 0 folders.
[2019.11.21-08.23.07:691][906]LogBlueprintUserMessages: Warning: Time Dilation must be between 0.000100 and 20.000000.  Clamped value to that range.
[2019.11.21-08.23.07:691][906]PIE: Play in editor start time for /Game/GameScene/UEDPIE_0_GameMap 1.14
[2019.11.21-08.23.07:691][906]LogBlueprintUserMessages: Late PlayInEditor Detection: Level '/Game/GameScene/GameMap.GameMap:PersistentLevel' has LevelScriptBlueprint '/Game/GameScene/GameMap.GameMap:PersistentLevel.GameMap' with GeneratedClass '/Game/GameScene/GameMap.GameMap_C' with ClassGeneratedBy '/Game/GameScene/GameMap.GameMap:PersistentLevel.GameMap'
[2019.11.21-08.23.08:514][906]LogMaterial: Warning: Material /Game/Meshes/ground_cube.ground_cube missing bUsedWithInstancedStaticMeshes=True! Default Material will be used in game.
[2019.11.21-08.23.08:514][906]LogMaterial: Warning:      The material will recompile every editor launch until resaved.
[2019.11.21-08.23.11:154][201]LogSlate: FSceneViewport::OnFocusLost() reason 0
[2019.11.21-08.23.24:501][717]LogSlate: FSceneViewport::OnFocusLost() reason 0
[2019.11.21-08.23.24:714][720]LogBlueprintUserMessages: Early EndPlayMap Detection: Level '/Game/GameScene/GameMap.GameMap:PersistentLevel' has LevelScriptBlueprint '/Game/GameScene/GameMap.GameMap:PersistentLevel.GameMap' with GeneratedClass '/Game/GameScene/GameMap.GameMap_C' with ClassGeneratedBy '/Game/GameScene/GameMap.GameMap:PersistentLevel.GameMap'
[2019.11.21-08.23.24:715][720]LogSlate: Updating window title bar state: overlay mode, drag disabled, window buttons hidden, title bar hidden
[2019.11.21-08.23.24:715][720]LogWorld: BeginTearingDown for /Game/GameScene/UEDPIE_0_GameMap
[2019.11.21-08.23.24:715][720]LogWorld: UWorld::CleanupWorld for GameMap, bSessionEnded=true, bCleanupResources=true
[2019.11.21-08.23.24:791][720]LogPlayLevel: Display: Shutting down PIE online subsystems
[2019.11.21-08.23.24:792][720]LogBlueprintUserMessages: Late EndPlayMap Detection: Level '/Game/GameScene/GameMap.GameMap:PersistentLevel' has LevelScriptBlueprint '/Game/GameScene/GameMap.GameMap:PersistentLevel.GameMap' with GeneratedClass '/Game/GameScene/GameMap.GameMap_C' with ClassGeneratedBy '/Game/GameScene/GameMap.GameMap:PersistentLevel.GameMap'
[2019.11.21-08.23.24:812][720]LogSlate: Updating window title bar state: overlay mode, drag disabled, window buttons hidden, title bar hidden
[2019.11.21-08.23.24:815][720]LogUObjectHash: Compacting FUObjectHashTables data took   1.19ms
[2019.11.21-08.23.24:823][721]LogPlayLevel: Display: Destroying online subsystem :Context_1
[2019.11.21-08.23.40:753][217]LogUObjectHash: Compacting FUObjectHashTables data took   0.73ms
[2019.11.21-08.23.40:855][217]LogSavePackage: Moving '../../../../../School/Programs/ETGG 3801 Real-Time Interactive Prog 1/Unreal Projects/lab 4 missleCommander/MissleComnder/Saved/GameMap232B25A9481286682F711EBC43D8545E.tmp' to '../../../../../School/Programs/ETGG 3801 Real-Time Interactive Prog 1/Unreal Projects/lab 4 missleCommander/MissleComnder/Content/GameScene/GameMap.umap'
[2019.11.21-08.23.40:884][217]LogSavePackage: Moving '../../../../../School/Programs/ETGG 3801 Real-Time Interactive Prog 1/Unreal Projects/lab 4 missleCommander/MissleComnder/Saved/GameMap_BuiltData6AE1AC3B43195E1AFDE76794D5B47CFF.tmp' to '../../../../../School/Programs/ETGG 3801 Real-Time Interactive Prog 1/Unreal Projects/lab 4 missleCommander/MissleComnder/Content/GameScene/GameMap_BuiltData.uasset'
[2019.11.21-08.23.42:767][439]LogTemp: Repeating last play command: Selected Viewport
[2019.11.21-08.23.42:775][439]LogBlueprintUserMessages: Early PlayInEditor Detection: Level '/Game/GameScene/GameMap.GameMap:PersistentLevel' has LevelScriptBlueprint '/Game/GameScene/GameMap.GameMap:PersistentLevel.GameMap' with GeneratedClass '/Game/GameScene/GameMap.GameMap_C' with ClassGeneratedBy '/Game/GameScene/GameMap.GameMap:PersistentLevel.GameMap'
[2019.11.21-08.23.42:775][439]LogPlayLevel: PlayLevel: No blueprints needed recompiling
[2019.11.21-08.23.42:775][439]PIE: New page: PIE session: GameMap (Nov 20, 2019, 10:23:42 PM)
[2019.11.21-08.23.42:775][439]LogPlayLevel: Creating play world package: /Game/GameScene/UEDPIE_0_GameMap
[2019.11.21-08.23.42:777][439]LogPlayLevel: PIE: StaticDuplicateObject took: (0.002083s)
[2019.11.21-08.23.42:778][439]LogAIModule: Creating AISystem for world GameMap
[2019.11.21-08.23.42:778][439]LogPlayLevel: PIE: World Init took: (0.000744s)
[2019.11.21-08.23.42:778][439]LogPlayLevel: PIE: Created PIE world by copying editor world from /Game/GameScene/GameMap.GameMap to /Game/GameScene/UEDPIE_0_GameMap.GameMap (0.002954s)
[2019.11.21-08.23.42:797][439]LogUObjectHash: Compacting FUObjectHashTables data took   1.49ms
[2019.11.21-08.23.42:809][439]LogInit: XAudio2 using 'Realtek Digital Output(Optical) (Realtek High Definition Audio)' : 2 channels at 48 kHz using 32 bits per sample (channel mask 0x3)
[2019.11.21-08.23.42:823][439]LogInit: FAudioDevice initialized.
[2019.11.21-08.23.42:831][439]LogLoad: Game class is 'gameModeBP_C'
[2019.11.21-08.23.42:832][439]LogWorld: Bringing World /Game/GameScene/UEDPIE_0_GameMap.GameMap up for play (max tick rate 0) at 2019.11.21-03.23.42
[2019.11.21-08.23.42:832][439]LogWorld: Bringing up level for play took: 0.000544
[2019.11.21-08.23.42:832][439]LogOnline: OSS: Creating online subsystem instance for: :Context_2
[2019.11.21-08.23.42:881][439]LogBlueprintUserMessages: Warning: Time Dilation must be between 0.000100 and 20.000000.  Clamped value to that range.
[2019.11.21-08.23.42:881][439]PIE: Play in editor start time for /Game/GameScene/UEDPIE_0_GameMap 0.33
[2019.11.21-08.23.42:881][439]LogBlueprintUserMessages: Late PlayInEditor Detection: Level '/Game/GameScene/GameMap.GameMap:PersistentLevel' has LevelScriptBlueprint '/Game/GameScene/GameMap.GameMap:PersistentLevel.GameMap' with GeneratedClass '/Game/GameScene/GameMap.GameMap_C' with ClassGeneratedBy '/Game/GameScene/GameMap.GameMap:PersistentLevel.GameMap'
[2019.11.21-08.23.54:052][776]LogSlate: FSceneViewport::OnFocusLost() reason 0
[2019.11.21-08.24.02:014][730]LogSlate: FSceneViewport::OnFocusLost() reason 0
[2019.11.21-08.24.14:710][742]LogRenderer: Reallocating scene render targets to support 952x796 Format 10 NumSamples 1 (Frame:2084).
[2019.11.21-08.24.21:494][807]LogBlueprintUserMessages: Early EndPlayMap Detection: Level '/Game/GameScene/GameMap.GameMap:PersistentLevel' has LevelScriptBlueprint '/Game/GameScene/GameMap.GameMap:PersistentLevel.GameMap' with GeneratedClass '/Game/GameScene/GameMap.GameMap_C' with ClassGeneratedBy '/Game/GameScene/GameMap.GameMap:PersistentLevel.GameMap'
[2019.11.21-08.24.21:507][807]LogSlate: Updating window title bar state: overlay mode, drag disabled, window buttons hidden, title bar hidden
[2019.11.21-08.24.21:508][807]LogWorld: BeginTearingDown for /Game/GameScene/UEDPIE_0_GameMap
[2019.11.21-08.24.21:508][807]LogWorld: UWorld::CleanupWorld for GameMap, bSessionEnded=true, bCleanupResources=true
[2019.11.21-08.24.21:539][807]LogPlayLevel: Display: Shutting down PIE online subsystems
[2019.11.21-08.24.21:539][807]LogBlueprintUserMessages: Late EndPlayMap Detection: Level '/Game/GameScene/GameMap.GameMap:PersistentLevel' has LevelScriptBlueprint '/Game/GameScene/GameMap.GameMap:PersistentLevel.GameMap' with GeneratedClass '/Game/GameScene/GameMap.GameMap_C' with ClassGeneratedBy '/Game/GameScene/GameMap.GameMap:PersistentLevel.GameMap'
[2019.11.21-08.24.21:561][807]LogSlate: Updating window title bar state: overlay mode, drag disabled, window buttons hidden, title bar hidden
[2019.11.21-08.24.21:563][807]LogUObjectHash: Compacting FUObjectHashTables data took   1.45ms
[2019.11.21-08.24.21:603][810]LogPlayLevel: Display: Destroying online subsystem :Context_2
