Log file open, 11/21/19 09:42:10
LogWindows: Failed to load 'aqProf.dll' (GetLastError=126)
LogWindows: File 'aqProf.dll' does not exist
LogWindows: Failed to load 'VtuneApi.dll' (GetLastError=126)
LogWindows: File 'VtuneApi.dll' does not exist
LogWindows: Failed to load 'VtuneApi32e.dll' (GetLastError=126)
LogWindows: File 'VtuneApi32e.dll' does not exist
LogConsoleResponse: Display: Failed to find resolution value strings in scalability ini. Falling back to default.
LogInit: Display: Running engine for game: MissleComnder
LogPlatformFile: Not using cached read wrapper
LogTaskGraph: Started task graph with 5 named threads and 35 total threads with 3 sets of task threads.
LogStats: Stats thread started at 0.075906
LogD3D11RHI: Loaded GFSDK_Aftermath_Lib.x64.dll
LogICUInternationalization: ICU TimeZone Detection - Raw Offset: -5:00, Platform Override: ''
LogPluginManager: Mounting plugin Paper2D
LogPluginManager: Mounting plugin AISupport
LogPluginManager: Mounting plugin LightPropagationVolume
LogPluginManager: Mounting plugin ActorLayerUtilities
LogPluginManager: Mounting plugin AnimationSharing
LogPluginManager: Mounting plugin CLionSourceCodeAccess
LogPluginManager: Mounting plugin CodeLiteSourceCodeAccess
LogPluginManager: Mounting plugin GitSourceControl
LogPluginManager: Mounting plugin KDevelopSourceCodeAccess
LogPluginManager: Mounting plugin NullSourceCodeAccess
LogPluginManager: Mounting plugin PerforceSourceControl
LogPluginManager: Mounting plugin SubversionSourceControl
LogPluginManager: Mounting plugin UObjectPlugin
LogPluginManager: Mounting plugin VisualStudioCodeSourceCodeAccess
LogPluginManager: Mounting plugin VisualStudioSourceCodeAccess
LogPluginManager: Mounting plugin XCodeSourceCodeAccess
LogPluginManager: Mounting plugin AssetManagerEditor
LogPluginManager: Mounting plugin CryptoKeys
LogPluginManager: Mounting plugin CurveEditorTools
LogPluginManager: Mounting plugin DataValidation
LogPluginManager: Mounting plugin FacialAnimation
LogPluginManager: Mounting plugin GameplayTagsEditor
LogPluginManager: Mounting plugin MacGraphicsSwitching
LogPluginManager: Mounting plugin MaterialAnalyzer
LogPluginManager: Mounting plugin MobileLauncherProfileWizard
LogPluginManager: Mounting plugin PluginBrowser
LogPluginManager: Mounting plugin SpeedTreeImporter
LogPluginManager: Mounting plugin DatasmithContent
LogPluginManager: Mounting plugin VariantManagerContent
LogPluginManager: Mounting plugin AlembicImporter
LogPluginManager: Mounting plugin AutomationUtils
LogPluginManager: Mounting plugin BackChannel
LogPluginManager: Mounting plugin CharacterAI
LogPluginManager: Mounting plugin GeometryCache
LogPluginManager: Mounting plugin HTML5Networking
LogPluginManager: Mounting plugin PlatformCrypto
LogPluginManager: Mounting plugin ProxyLODPlugin
LogPluginManager: Mounting plugin SkeletalReduction
LogPluginManager: Mounting plugin MagicLeap
LogPluginManager: Mounting plugin MagicLeapMedia
LogPluginManager: Mounting plugin AndroidMedia
LogPluginManager: Mounting plugin AvfMedia
LogPluginManager: Mounting plugin ImgMedia
LogPluginManager: Mounting plugin MediaCompositing
LogPluginManager: Mounting plugin MediaPlayerEditor
LogPluginManager: Mounting plugin WebMMedia
LogPluginManager: Mounting plugin WmfMedia
LogPluginManager: Mounting plugin TcpMessaging
LogPluginManager: Mounting plugin UdpMessaging
LogPluginManager: Mounting plugin ActorSequence
LogPluginManager: Mounting plugin LevelSequenceEditor
LogPluginManager: Mounting plugin MatineeToLevelSequence
LogPluginManager: Mounting plugin NetcodeUnitTest
LogPluginManager: Mounting plugin NUTUnrealEngine4
LogPluginManager: Mounting plugin OnlineSubsystemGooglePlay
LogPluginManager: Mounting plugin OnlineSubsystemIOS
LogPluginManager: Mounting plugin OnlineSubsystem
LogPluginManager: Mounting plugin OnlineSubsystemNull
LogPluginManager: Mounting plugin OnlineSubsystemUtils
LogPluginManager: Mounting plugin LauncherChunkInstaller
LogPluginManager: Mounting plugin AndroidDeviceProfileSelector
LogPluginManager: Mounting plugin AndroidMoviePlayer
LogPluginManager: Mounting plugin AndroidPermission
LogPluginManager: Mounting plugin AppleImageUtils
LogPluginManager: Mounting plugin AppleMoviePlayer
LogPluginManager: Mounting plugin ArchVisCharacter
LogPluginManager: Mounting plugin AudioCapture
LogPluginManager: Mounting plugin CableComponent
LogPluginManager: Mounting plugin CustomMeshComponent
LogPluginManager: Mounting plugin EditableMesh
LogPluginManager: Mounting plugin ExampleDeviceProfileSelector
LogPluginManager: Mounting plugin GoogleCloudMessaging
LogPluginManager: Mounting plugin IOSDeviceProfileSelector
LogPluginManager: Mounting plugin LinuxDeviceProfileSelector
LogPluginManager: Mounting plugin LocationServicesBPLibrary
LogPluginManager: Mounting plugin MobilePatchingUtils
LogPluginManager: Mounting plugin OculusVR
LogPluginManager: Mounting plugin PhysXVehicles
LogPluginManager: Mounting plugin ProceduralMeshComponent
LogPluginManager: Mounting plugin RuntimePhysXCooking
LogPluginManager: Mounting plugin SignificanceManager
LogPluginManager: Mounting plugin SteamVR
LogPluginManager: Mounting plugin WebMMoviePlayer
LogPluginManager: Mounting plugin WindowsMoviePlayer
LogPluginManager: Mounting plugin ScreenshotTools
LogInit: Using libcurl 7.55.1-DEV
LogInit:  - built for x86_64-pc-win32
LogInit:  - supports SSL with OpenSSL/1.1.1
LogInit:  - supports HTTP deflate (compression) using libz 1.2.8
LogInit:  - other features:
LogInit:      CURL_VERSION_SSL
LogInit:      CURL_VERSION_LIBZ
LogInit:      CURL_VERSION_IPV6
LogInit:      CURL_VERSION_ASYNCHDNS
LogInit:      CURL_VERSION_LARGEFILE
LogInit:      CURL_VERSION_IDN
LogInit:  CurlRequestOptions (configurable via config and command line):
LogInit:  - bVerifyPeer = true  - Libcurl will verify peer certificate
LogInit:  - bUseHttpProxy = false  - Libcurl will NOT use HTTP proxy
LogInit:  - bDontReuseConnections = false  - Libcurl will reuse connections
LogInit:  - MaxHostConnections = 16  - Libcurl will limit the number of connections to a host
LogInit:  - LocalHostAddr = Default
LogInit:  - BufferSize = 65536
LogOnline: OSS: Creating online subsystem instance for: NULL
LogInit: WinSock: version 1.1 (2.2), MaxSocks=32767, MaxUdp=65467
LogInit: Build: ++UE4+Release-4.23-CL-9631420
LogInit: Engine Version: 4.23.1-9631420+++UE4+Release-4.23
LogInit: Compatible Engine Version: 4.23.0-8386587+++UE4+Release-4.23
LogInit: Net CL: 8386587
LogInit: OS: Windows 10 (Release 1809) (), CPU: Intel(R) Core(TM) i7-8750H CPU @ 2.20GHz, GPU: Intel(R) UHD Graphics 630
LogInit: Compiled (64-bit): Oct 18 2019 02:07:44
LogInit: Compiled with Visual C++: 19.16.27030.01
LogInit: Build Configuration: Development
LogInit: Branch Name: ++UE4+Release-4.23
LogInit: Command Line: 
LogInit: Base Directory: C:/Program Files/Epic Games/UE_4.23/Engine/Binaries/Win64/
LogInit: Installed Engine Build: 1
LogDevObjectVersion: Number of dev versions registered: 23
LogDevObjectVersion:   Dev-Blueprints (B0D832E4-1F89-4F0D-ACCF-7EB736FD4AA2): 10
LogDevObjectVersion:   Dev-Build (E1C64328-A22C-4D53-A36C-8E866417BD8C): 0
LogDevObjectVersion:   Dev-Core (375EC13C-06E4-48FB-B500-84F0262A717E): 3
LogDevObjectVersion:   Dev-Editor (E4B068ED-F494-42E9-A231-DA0B2E46BB41): 34
LogDevObjectVersion:   Dev-Framework (CFFC743F-43B0-4480-9391-14DF171D2073): 35
LogDevObjectVersion:   Dev-Mobile (B02B49B5-BB20-44E9-A304-32B752E40360): 2
LogDevObjectVersion:   Dev-Networking (A4E4105C-59A1-49B5-A7C5-40C4547EDFEE): 0
LogDevObjectVersion:   Dev-Online (39C831C9-5AE6-47DC-9A44-9C173E1C8E7C): 0
LogDevObjectVersion:   Dev-Physics (78F01B33-EBEA-4F98-B9B4-84EACCB95AA2): 0
LogDevObjectVersion:   Dev-Platform (6631380F-2D4D-43E0-8009-CF276956A95A): 0
LogDevObjectVersion:   Dev-Rendering (12F88B9F-8875-4AFC-A67C-D90C383ABD29): 31
LogDevObjectVersion:   Dev-Sequencer (7B5AE74C-D270-4C10-A958-57980B212A5A): 11
LogDevObjectVersion:   Dev-VR (D7296918-1DD6-4BDD-9DE2-64A83CC13884): 2
LogDevObjectVersion:   Dev-LoadTimes (C2A15278-BFE7-4AFE-6C17-90FF531DF755): 1
LogDevObjectVersion:   Private-Geometry (6EACA3D4-40EC-4CC1-B786-8BED09428FC5): 3
LogDevObjectVersion:   Dev-AnimPhys (29E575DD-E0A3-4627-9D10-D276232CDCEA): 17
LogDevObjectVersion:   Dev-Anim (AF43A65D-7FD3-4947-9873-3E8ED9C1BB05): 2
LogDevObjectVersion:   Dev-ReflectionCapture (6B266CEC-1EC7-4B8F-A30B-E4D90942FC07): 1
LogDevObjectVersion:   Dev-Automation (0DF73D61-A23F-47EA-B727-89E90C41499A): 1
LogDevObjectVersion:   FortniteMain (601D1886-AC64-4F84-AA16-D3DE0DEAC7D6): 27
LogDevObjectVersion:   Dev-Enterprise (9DFFBCD6-494F-0158-E221-12823C92A888): 6
LogDevObjectVersion:   Dev-Niagara (F2AED0AC-9AFE-416F-8664-AA7FFA26D6FC): 1
LogDevObjectVersion:   Dev-Destruction (174F1F0B-B4C6-45A5-B13F-2EE8D0FB917D): 9
LogInit: Presizing for max 16777216 objects, including 0 objects not considered by GC, pre-allocating 0 bytes for permanent pool.
LogInit: Object subsystem initialized
LogConfig: Setting CVar [[con.DebugEarlyDefault:1]]
LogConfig: Setting CVar [[r.setres:1280x720]]
[2019.11.21-14.42.10:612][  0]LogConfig: Setting CVar [[r.VSync:0]]
[2019.11.21-14.42.10:612][  0]LogConfig: Setting CVar [[r.RHICmdBypass:0]]
[2019.11.21-14.42.10:612][  0]LogConfig: Applying CVar settings from Section [/Script/Engine.RendererSettings] File [D:/SchoolAndProjects/Programs/ETGG 3801_02 Realtime Interactive/Unreal Projects/lab 4 missleCommander/MissleComnder/Saved/Config/Windows/Engine.ini]
[2019.11.21-14.42.10:612][  0]LogConfig: Setting CVar [[r.GPUCrashDebugging:0]]
[2019.11.21-14.42.10:612][  0]LogConfig: Setting CVar [[r.DefaultFeature.AutoExposure.ExtendDefaultLuminanceRange:1]]
[2019.11.21-14.42.10:612][  0]LogConfig: Applying CVar settings from Section [/Script/Engine.RendererOverrideSettings] File [D:/SchoolAndProjects/Programs/ETGG 3801_02 Realtime Interactive/Unreal Projects/lab 4 missleCommander/MissleComnder/Saved/Config/Windows/Engine.ini]
[2019.11.21-14.42.10:612][  0]LogConfig: Applying CVar settings from Section [/Script/Engine.StreamingSettings] File [D:/SchoolAndProjects/Programs/ETGG 3801_02 Realtime Interactive/Unreal Projects/lab 4 missleCommander/MissleComnder/Saved/Config/Windows/Engine.ini]
[2019.11.21-14.42.10:612][  0]LogConfig: Setting CVar [[s.MinBulkDataSizeForAsyncLoading:131072]]
[2019.11.21-14.42.10:612][  0]LogConfig: Setting CVar [[s.AsyncLoadingThreadEnabled:0]]
[2019.11.21-14.42.10:612][  0]LogConfig: Setting CVar [[s.EventDrivenLoaderEnabled:1]]
[2019.11.21-14.42.10:612][  0]LogConfig: Setting CVar [[s.WarnIfTimeLimitExceeded:0]]
[2019.11.21-14.42.10:612][  0]LogConfig: Setting CVar [[s.TimeLimitExceededMultiplier:1.5]]
[2019.11.21-14.42.10:612][  0]LogConfig: Setting CVar [[s.TimeLimitExceededMinTime:0.005]]
[2019.11.21-14.42.10:612][  0]LogConfig: Setting CVar [[s.UseBackgroundLevelStreaming:1]]
[2019.11.21-14.42.10:612][  0]LogConfig: Setting CVar [[s.PriorityAsyncLoadingExtraTime:15.0]]
[2019.11.21-14.42.10:612][  0]LogConfig: Setting CVar [[s.LevelStreamingActorsUpdateTimeLimit:5.0]]
[2019.11.21-14.42.10:612][  0]LogConfig: Setting CVar [[s.PriorityLevelStreamingActorsUpdateExtraTime:5.0]]
[2019.11.21-14.42.10:612][  0]LogConfig: Setting CVar [[s.LevelStreamingComponentsRegistrationGranularity:10]]
[2019.11.21-14.42.10:612][  0]LogConfig: Setting CVar [[s.UnregisterComponentsTimeLimit:1.0]]
[2019.11.21-14.42.10:612][  0]LogConfig: Setting CVar [[s.LevelStreamingComponentsUnregistrationGranularity:5]]
[2019.11.21-14.42.10:612][  0]LogConfig: Applying CVar settings from Section [/Script/Engine.GarbageCollectionSettings] File [D:/SchoolAndProjects/Programs/ETGG 3801_02 Realtime Interactive/Unreal Projects/lab 4 missleCommander/MissleComnder/Saved/Config/Windows/Engine.ini]
[2019.11.21-14.42.10:612][  0]LogConfig: Setting CVar [[gc.MaxObjectsNotConsideredByGC:1]]
[2019.11.21-14.42.10:612][  0]LogConfig: Setting CVar [[gc.SizeOfPermanentObjectPool:0]]
[2019.11.21-14.42.10:612][  0]LogConfig: Setting CVar [[gc.FlushStreamingOnGC:0]]
[2019.11.21-14.42.10:612][  0]LogConfig: Setting CVar [[gc.NumRetriesBeforeForcingGC:10]]
[2019.11.21-14.42.10:612][  0]LogConfig: Setting CVar [[gc.AllowParallelGC:1]]
[2019.11.21-14.42.10:612][  0]LogConfig: Setting CVar [[gc.TimeBetweenPurgingPendingKillObjects:61.1]]
[2019.11.21-14.42.10:612][  0]LogConfig: Setting CVar [[gc.MaxObjectsInEditor:16777216]]
[2019.11.21-14.42.10:612][  0]LogConfig: Setting CVar [[gc.IncrementalBeginDestroyEnabled:1]]
[2019.11.21-14.42.10:612][  0]LogConfig: Setting CVar [[gc.CreateGCClusters:1]]
[2019.11.21-14.42.10:612][  0]LogConfig: Setting CVar [[gc.MinGCClusterSize:5]]
[2019.11.21-14.42.10:612][  0]LogConfig: Setting CVar [[gc.ActorClusteringEnabled:0]]
[2019.11.21-14.42.10:612][  0]LogConfig: Setting CVar [[gc.BlueprintClusteringEnabled:0]]
[2019.11.21-14.42.10:612][  0]LogConfig: Setting CVar [[gc.UseDisregardForGCOnDedicatedServers:0]]
[2019.11.21-14.42.10:612][  0]LogConfig: Applying CVar settings from Section [/Script/Engine.NetworkSettings] File [D:/SchoolAndProjects/Programs/ETGG 3801_02 Realtime Interactive/Unreal Projects/lab 4 missleCommander/MissleComnder/Saved/Config/Windows/Engine.ini]
[2019.11.21-14.42.10:612][  0]LogConfig: Applying CVar settings from Section [/Script/UnrealEd.CookerSettings] File [D:/SchoolAndProjects/Programs/ETGG 3801_02 Realtime Interactive/Unreal Projects/lab 4 missleCommander/MissleComnder/Saved/Config/Windows/Engine.ini]
[2019.11.21-14.42.10:616][  0]LogConfig: Applying CVar settings from Section [ViewDistanceQuality@3] File [D:/SchoolAndProjects/Programs/ETGG 3801_02 Realtime Interactive/Unreal Projects/lab 4 missleCommander/MissleComnder/Saved/Config/Windows/Scalability.ini]
[2019.11.21-14.42.10:616][  0]LogConfig: Setting CVar [[r.SkeletalMeshLODBias:0]]
[2019.11.21-14.42.10:616][  0]LogConfig: Setting CVar [[r.ViewDistanceScale:1.0]]
[2019.11.21-14.42.10:616][  0]LogConfig: Applying CVar settings from Section [AntiAliasingQuality@3] File [D:/SchoolAndProjects/Programs/ETGG 3801_02 Realtime Interactive/Unreal Projects/lab 4 missleCommander/MissleComnder/Saved/Config/Windows/Scalability.ini]
[2019.11.21-14.42.10:616][  0]LogConfig: Setting CVar [[r.PostProcessAAQuality:4]]
[2019.11.21-14.42.10:616][  0]LogConfig: Applying CVar settings from Section [ShadowQuality@3] File [D:/SchoolAndProjects/Programs/ETGG 3801_02 Realtime Interactive/Unreal Projects/lab 4 missleCommander/MissleComnder/Saved/Config/Windows/Scalability.ini]
[2019.11.21-14.42.10:616][  0]LogConfig: Setting CVar [[r.LightFunctionQuality:1]]
[2019.11.21-14.42.10:616][  0]LogConfig: Setting CVar [[r.ShadowQuality:5]]
[2019.11.21-14.42.10:616][  0]LogConfig: Setting CVar [[r.Shadow.CSM.MaxCascades:10]]
[2019.11.21-14.42.10:616][  0]LogConfig: Setting CVar [[r.Shadow.MaxResolution:2048]]
[2019.11.21-14.42.10:616][  0]LogConfig: Setting CVar [[r.Shadow.MaxCSMResolution:2048]]
[2019.11.21-14.42.10:616][  0]LogConfig: Setting CVar [[r.Shadow.RadiusThreshold:0.01]]
[2019.11.21-14.42.10:616][  0]LogConfig: Setting CVar [[r.Shadow.DistanceScale:1.0]]
[2019.11.21-14.42.10:616][  0]LogConfig: Setting CVar [[r.Shadow.CSM.TransitionScale:1.0]]
[2019.11.21-14.42.10:616][  0]LogConfig: Setting CVar [[r.Shadow.PreShadowResolutionFactor:1.0]]
[2019.11.21-14.42.10:616][  0]LogConfig: Setting CVar [[r.DistanceFieldShadowing:1]]
[2019.11.21-14.42.10:616][  0]LogConfig: Setting CVar [[r.DistanceFieldAO:1]]
[2019.11.21-14.42.10:616][  0]LogConfig: Setting CVar [[r.AOQuality:2]]
[2019.11.21-14.42.10:616][  0]LogConfig: Setting CVar [[r.VolumetricFog:1]]
[2019.11.21-14.42.10:616][  0]LogConfig: Setting CVar [[r.VolumetricFog.GridPixelSize:8]]
[2019.11.21-14.42.10:616][  0]LogConfig: Setting CVar [[r.VolumetricFog.GridSizeZ:128]]
[2019.11.21-14.42.10:616][  0]LogConfig: Setting CVar [[r.VolumetricFog.HistoryMissSupersampleCount:4]]
[2019.11.21-14.42.10:616][  0]LogConfig: Setting CVar [[r.LightMaxDrawDistanceScale:1]]
[2019.11.21-14.42.10:616][  0]LogConfig: Setting CVar [[r.CapsuleShadows:1]]
[2019.11.21-14.42.10:616][  0]LogConfig: Applying CVar settings from Section [PostProcessQuality@3] File [D:/SchoolAndProjects/Programs/ETGG 3801_02 Realtime Interactive/Unreal Projects/lab 4 missleCommander/MissleComnder/Saved/Config/Windows/Scalability.ini]
[2019.11.21-14.42.10:616][  0]LogConfig: Setting CVar [[r.MotionBlurQuality:4]]
[2019.11.21-14.42.10:617][  0]LogConfig: Setting CVar [[r.AmbientOcclusionMipLevelFactor:0.4]]
[2019.11.21-14.42.10:617][  0]LogConfig: Setting CVar [[r.AmbientOcclusionMaxQuality:100]]
[2019.11.21-14.42.10:617][  0]LogConfig: Setting CVar [[r.AmbientOcclusionLevels:-1]]
[2019.11.21-14.42.10:617][  0]LogConfig: Setting CVar [[r.AmbientOcclusionRadiusScale:1.0]]
[2019.11.21-14.42.10:617][  0]LogConfig: Setting CVar [[r.DepthOfFieldQuality:2]]
[2019.11.21-14.42.10:617][  0]LogConfig: Setting CVar [[r.RenderTargetPoolMin:400]]
[2019.11.21-14.42.10:617][  0]LogConfig: Setting CVar [[r.LensFlareQuality:2]]
[2019.11.21-14.42.10:617][  0]LogConfig: Setting CVar [[r.SceneColorFringeQuality:1]]
[2019.11.21-14.42.10:617][  0]LogConfig: Setting CVar [[r.EyeAdaptationQuality:2]]
[2019.11.21-14.42.10:617][  0]LogConfig: Setting CVar [[r.BloomQuality:5]]
[2019.11.21-14.42.10:617][  0]LogConfig: Setting CVar [[r.FastBlurThreshold:100]]
[2019.11.21-14.42.10:617][  0]LogConfig: Setting CVar [[r.Upscale.Quality:3]]
[2019.11.21-14.42.10:617][  0]LogConfig: Setting CVar [[r.Tonemapper.GrainQuantization:1]]
[2019.11.21-14.42.10:617][  0]LogConfig: Setting CVar [[r.LightShaftQuality:1]]
[2019.11.21-14.42.10:617][  0]LogConfig: Setting CVar [[r.Filter.SizeScale:1]]
[2019.11.21-14.42.10:617][  0]LogConfig: Setting CVar [[r.Tonemapper.Quality:5]]
[2019.11.21-14.42.10:617][  0]LogConfig: Setting CVar [[r.DOF.Gather.AccumulatorQuality:1        ; higher gathering accumulator quality]]
[2019.11.21-14.42.10:617][  0]LogConfig: Setting CVar [[r.DOF.Gather.PostfilterMethod:1          ; Median3x3 postfilering method]]
[2019.11.21-14.42.10:617][  0]LogConfig: Setting CVar [[r.DOF.Gather.EnableBokehSettings:0       ; no bokeh simulation when gathering]]
[2019.11.21-14.42.10:617][  0]LogConfig: Setting CVar [[r.DOF.Gather.RingCount:4                 ; medium number of samples when gathering]]
[2019.11.21-14.42.10:617][  0]LogConfig: Setting CVar [[r.DOF.Scatter.ForegroundCompositing:1    ; additive foreground scattering]]
[2019.11.21-14.42.10:617][  0]LogConfig: Setting CVar [[r.DOF.Scatter.BackgroundCompositing:2    ; additive background scattering]]
[2019.11.21-14.42.10:617][  0]LogConfig: Setting CVar [[r.DOF.Scatter.EnableBokehSettings:1      ; bokeh simulation when scattering]]
[2019.11.21-14.42.10:617][  0]LogConfig: Setting CVar [[r.DOF.Scatter.MaxSpriteRatio:0.1         ; only a maximum of 10% of scattered bokeh]]
[2019.11.21-14.42.10:617][  0]LogConfig: Setting CVar [[r.DOF.Recombine.Quality:1                ; cheap slight out of focus]]
[2019.11.21-14.42.10:617][  0]LogConfig: Setting CVar [[r.DOF.Recombine.EnableBokehSettings:0    ; no bokeh simulation on slight out of focus]]
[2019.11.21-14.42.10:617][  0]LogConfig: Setting CVar [[r.DOF.TemporalAAQuality:1                ; more stable temporal accumulation]]
[2019.11.21-14.42.10:617][  0]LogConfig: Setting CVar [[r.DOF.Kernel.MaxForegroundRadius:0.025]]
[2019.11.21-14.42.10:617][  0]LogConfig: Setting CVar [[r.DOF.Kernel.MaxBackgroundRadius:0.025]]
[2019.11.21-14.42.10:617][  0]LogConfig: Applying CVar settings from Section [TextureQuality@3] File [D:/SchoolAndProjects/Programs/ETGG 3801_02 Realtime Interactive/Unreal Projects/lab 4 missleCommander/MissleComnder/Saved/Config/Windows/Scalability.ini]
[2019.11.21-14.42.10:617][  0]LogConfig: Setting CVar [[r.Streaming.MipBias:0]]
[2019.11.21-14.42.10:617][  0]LogConfig: Setting CVar [[r.Streaming.AmortizeCPUToGPUCopy:0]]
[2019.11.21-14.42.10:617][  0]LogConfig: Setting CVar [[r.Streaming.MaxNumTexturesToStreamPerFrame:0]]
[2019.11.21-14.42.10:617][  0]LogConfig: Setting CVar [[r.Streaming.Boost:1]]
[2019.11.21-14.42.10:617][  0]LogConfig: Setting CVar [[r.MaxAnisotropy:8]]
[2019.11.21-14.42.10:617][  0]LogConfig: Setting CVar [[r.Streaming.LimitPoolSizeToVRAM:0]]
[2019.11.21-14.42.10:617][  0]LogConfig: Setting CVar [[r.Streaming.PoolSize:1000]]
[2019.11.21-14.42.10:617][  0]LogConfig: Setting CVar [[r.Streaming.MaxEffectiveScreenSize:0]]
[2019.11.21-14.42.10:617][  0]LogConfig: Applying CVar settings from Section [EffectsQuality@3] File [D:/SchoolAndProjects/Programs/ETGG 3801_02 Realtime Interactive/Unreal Projects/lab 4 missleCommander/MissleComnder/Saved/Config/Windows/Scalability.ini]
[2019.11.21-14.42.10:617][  0]LogConfig: Setting CVar [[r.TranslucencyLightingVolumeDim:64]]
[2019.11.21-14.42.10:617][  0]LogConfig: Setting CVar [[r.RefractionQuality:2]]
[2019.11.21-14.42.10:617][  0]LogConfig: Setting CVar [[r.SSR.Quality:3]]
[2019.11.21-14.42.10:617][  0]LogConfig: Setting CVar [[r.SceneColorFormat:4]]
[2019.11.21-14.42.10:617][  0]LogConfig: Setting CVar [[r.DetailMode:2]]
[2019.11.21-14.42.10:617][  0]LogConfig: Setting CVar [[r.TranslucencyVolumeBlur:1]]
[2019.11.21-14.42.10:617][  0]LogConfig: Setting CVar [[r.MaterialQualityLevel:1 ; High quality]]
[2019.11.21-14.42.10:617][  0]LogConfig: Setting CVar [[r.SSS.Scale:1]]
[2019.11.21-14.42.10:617][  0]LogConfig: Setting CVar [[r.SSS.SampleSet:2]]
[2019.11.21-14.42.10:617][  0]LogConfig: Setting CVar [[r.SSS.Quality:1]]
[2019.11.21-14.42.10:617][  0]LogConfig: Setting CVar [[r.SSS.HalfRes:1]]
[2019.11.21-14.42.10:617][  0]LogConfig: Setting CVar [[r.EmitterSpawnRateScale:1.0]]
[2019.11.21-14.42.10:617][  0]LogConfig: Setting CVar [[r.ParticleLightQuality:2]]
[2019.11.21-14.42.10:617][  0]LogConfig: Applying CVar settings from Section [FoliageQuality@3] File [D:/SchoolAndProjects/Programs/ETGG 3801_02 Realtime Interactive/Unreal Projects/lab 4 missleCommander/MissleComnder/Saved/Config/Windows/Scalability.ini]
[2019.11.21-14.42.10:617][  0]LogConfig: Setting CVar [[foliage.DensityScale:1.0]]
[2019.11.21-14.42.10:617][  0]LogConfig: Setting CVar [[grass.DensityScale:1.0]]
[2019.11.21-14.42.10:617][  0]LogInit: Selected Device Profile: [Windows]
[2019.11.21-14.42.10:617][  0]LogInit: Applying CVar settings loaded from the selected device profile: [Windows]
[2019.11.21-14.42.10:619][  0]LogHAL: Display: Platform has ~ 16 GB [17019035648 / 17179869184 / 16], which maps to Larger [LargestMinGB=32, LargerMinGB=12, DefaultMinGB=8, SmallerMinGB=6, SmallestMinGB=0)
[2019.11.21-14.42.10:619][  0]LogInit: Going up to parent DeviceProfile []
[2019.11.21-14.42.10:619][  0]LogConfig: Applying CVar settings from Section [ViewDistanceQuality@3] File [D:/SchoolAndProjects/Programs/ETGG 3801_02 Realtime Interactive/Unreal Projects/lab 4 missleCommander/MissleComnder/Saved/Config/Windows/Scalability.ini]
[2019.11.21-14.42.10:619][  0]LogConfig: Setting CVar [[r.SkeletalMeshLODBias:0]]
[2019.11.21-14.42.10:619][  0]LogConfig: Setting CVar [[r.ViewDistanceScale:1.0]]
[2019.11.21-14.42.10:619][  0]LogConfig: Applying CVar settings from Section [AntiAliasingQuality@3] File [D:/SchoolAndProjects/Programs/ETGG 3801_02 Realtime Interactive/Unreal Projects/lab 4 missleCommander/MissleComnder/Saved/Config/Windows/Scalability.ini]
[2019.11.21-14.42.10:619][  0]LogConfig: Setting CVar [[r.PostProcessAAQuality:4]]
[2019.11.21-14.42.10:619][  0]LogConfig: Applying CVar settings from Section [ShadowQuality@3] File [D:/SchoolAndProjects/Programs/ETGG 3801_02 Realtime Interactive/Unreal Projects/lab 4 missleCommander/MissleComnder/Saved/Config/Windows/Scalability.ini]
[2019.11.21-14.42.10:619][  0]LogConfig: Setting CVar [[r.LightFunctionQuality:1]]
[2019.11.21-14.42.10:619][  0]LogConfig: Setting CVar [[r.ShadowQuality:5]]
[2019.11.21-14.42.10:619][  0]LogConfig: Setting CVar [[r.Shadow.CSM.MaxCascades:10]]
[2019.11.21-14.42.10:619][  0]LogConfig: Setting CVar [[r.Shadow.MaxResolution:2048]]
[2019.11.21-14.42.10:620][  0]LogConfig: Setting CVar [[r.Shadow.MaxCSMResolution:2048]]
[2019.11.21-14.42.10:620][  0]LogConfig: Setting CVar [[r.Shadow.RadiusThreshold:0.01]]
[2019.11.21-14.42.10:620][  0]LogConfig: Setting CVar [[r.Shadow.DistanceScale:1.0]]
[2019.11.21-14.42.10:620][  0]LogConfig: Setting CVar [[r.Shadow.CSM.TransitionScale:1.0]]
[2019.11.21-14.42.10:620][  0]LogConfig: Setting CVar [[r.Shadow.PreShadowResolutionFactor:1.0]]
[2019.11.21-14.42.10:620][  0]LogConfig: Setting CVar [[r.DistanceFieldShadowing:1]]
[2019.11.21-14.42.10:620][  0]LogConfig: Setting CVar [[r.DistanceFieldAO:1]]
[2019.11.21-14.42.10:620][  0]LogConfig: Setting CVar [[r.AOQuality:2]]
[2019.11.21-14.42.10:620][  0]LogConfig: Setting CVar [[r.VolumetricFog:1]]
[2019.11.21-14.42.10:620][  0]LogConfig: Setting CVar [[r.VolumetricFog.GridPixelSize:8]]
[2019.11.21-14.42.10:620][  0]LogConfig: Setting CVar [[r.VolumetricFog.GridSizeZ:128]]
[2019.11.21-14.42.10:620][  0]LogConfig: Setting CVar [[r.VolumetricFog.HistoryMissSupersampleCount:4]]
[2019.11.21-14.42.10:620][  0]LogConfig: Setting CVar [[r.LightMaxDrawDistanceScale:1]]
[2019.11.21-14.42.10:620][  0]LogConfig: Setting CVar [[r.CapsuleShadows:1]]
[2019.11.21-14.42.10:620][  0]LogConfig: Applying CVar settings from Section [PostProcessQuality@3] File [D:/SchoolAndProjects/Programs/ETGG 3801_02 Realtime Interactive/Unreal Projects/lab 4 missleCommander/MissleComnder/Saved/Config/Windows/Scalability.ini]
[2019.11.21-14.42.10:620][  0]LogConfig: Setting CVar [[r.MotionBlurQuality:4]]
[2019.11.21-14.42.10:620][  0]LogConfig: Setting CVar [[r.AmbientOcclusionMipLevelFactor:0.4]]
[2019.11.21-14.42.10:620][  0]LogConfig: Setting CVar [[r.AmbientOcclusionMaxQuality:100]]
[2019.11.21-14.42.10:620][  0]LogConfig: Setting CVar [[r.AmbientOcclusionLevels:-1]]
[2019.11.21-14.42.10:620][  0]LogConfig: Setting CVar [[r.AmbientOcclusionRadiusScale:1.0]]
[2019.11.21-14.42.10:620][  0]LogConfig: Setting CVar [[r.DepthOfFieldQuality:2]]
[2019.11.21-14.42.10:620][  0]LogConfig: Setting CVar [[r.RenderTargetPoolMin:400]]
[2019.11.21-14.42.10:620][  0]LogConfig: Setting CVar [[r.LensFlareQuality:2]]
[2019.11.21-14.42.10:620][  0]LogConfig: Setting CVar [[r.SceneColorFringeQuality:1]]
[2019.11.21-14.42.10:620][  0]LogConfig: Setting CVar [[r.EyeAdaptationQuality:2]]
[2019.11.21-14.42.10:620][  0]LogConfig: Setting CVar [[r.BloomQuality:5]]
[2019.11.21-14.42.10:620][  0]LogConfig: Setting CVar [[r.FastBlurThreshold:100]]
[2019.11.21-14.42.10:620][  0]LogConfig: Setting CVar [[r.Upscale.Quality:3]]
[2019.11.21-14.42.10:620][  0]LogConfig: Setting CVar [[r.Tonemapper.GrainQuantization:1]]
[2019.11.21-14.42.10:620][  0]LogConfig: Setting CVar [[r.LightShaftQuality:1]]
[2019.11.21-14.42.10:620][  0]LogConfig: Setting CVar [[r.Filter.SizeScale:1]]
[2019.11.21-14.42.10:620][  0]LogConfig: Setting CVar [[r.Tonemapper.Quality:5]]
[2019.11.21-14.42.10:620][  0]LogConfig: Setting CVar [[r.DOF.Gather.AccumulatorQuality:1        ; higher gathering accumulator quality]]
[2019.11.21-14.42.10:620][  0]LogConfig: Setting CVar [[r.DOF.Gather.PostfilterMethod:1          ; Median3x3 postfilering method]]
[2019.11.21-14.42.10:620][  0]LogConfig: Setting CVar [[r.DOF.Gather.EnableBokehSettings:0       ; no bokeh simulation when gathering]]
[2019.11.21-14.42.10:620][  0]LogConfig: Setting CVar [[r.DOF.Gather.RingCount:4                 ; medium number of samples when gathering]]
[2019.11.21-14.42.10:620][  0]LogConfig: Setting CVar [[r.DOF.Scatter.ForegroundCompositing:1    ; additive foreground scattering]]
[2019.11.21-14.42.10:620][  0]LogConfig: Setting CVar [[r.DOF.Scatter.BackgroundCompositing:2    ; additive background scattering]]
[2019.11.21-14.42.10:620][  0]LogConfig: Setting CVar [[r.DOF.Scatter.EnableBokehSettings:1      ; bokeh simulation when scattering]]
[2019.11.21-14.42.10:620][  0]LogConfig: Setting CVar [[r.DOF.Scatter.MaxSpriteRatio:0.1         ; only a maximum of 10% of scattered bokeh]]
[2019.11.21-14.42.10:620][  0]LogConfig: Setting CVar [[r.DOF.Recombine.Quality:1                ; cheap slight out of focus]]
[2019.11.21-14.42.10:620][  0]LogConfig: Setting CVar [[r.DOF.Recombine.EnableBokehSettings:0    ; no bokeh simulation on slight out of focus]]
[2019.11.21-14.42.10:620][  0]LogConfig: Setting CVar [[r.DOF.TemporalAAQuality:1                ; more stable temporal accumulation]]
[2019.11.21-14.42.10:620][  0]LogConfig: Setting CVar [[r.DOF.Kernel.MaxForegroundRadius:0.025]]
[2019.11.21-14.42.10:620][  0]LogConfig: Setting CVar [[r.DOF.Kernel.MaxBackgroundRadius:0.025]]
[2019.11.21-14.42.10:620][  0]LogConfig: Applying CVar settings from Section [TextureQuality@3] File [D:/SchoolAndProjects/Programs/ETGG 3801_02 Realtime Interactive/Unreal Projects/lab 4 missleCommander/MissleComnder/Saved/Config/Windows/Scalability.ini]
[2019.11.21-14.42.10:620][  0]LogConfig: Setting CVar [[r.Streaming.MipBias:0]]
[2019.11.21-14.42.10:620][  0]LogConfig: Setting CVar [[r.Streaming.AmortizeCPUToGPUCopy:0]]
[2019.11.21-14.42.10:620][  0]LogConfig: Setting CVar [[r.Streaming.MaxNumTexturesToStreamPerFrame:0]]
[2019.11.21-14.42.10:620][  0]LogConfig: Setting CVar [[r.Streaming.Boost:1]]
[2019.11.21-14.42.10:620][  0]LogConfig: Setting CVar [[r.MaxAnisotropy:8]]
[2019.11.21-14.42.10:620][  0]LogConfig: Setting CVar [[r.Streaming.LimitPoolSizeToVRAM:0]]
[2019.11.21-14.42.10:620][  0]LogConfig: Setting CVar [[r.Streaming.PoolSize:1000]]
[2019.11.21-14.42.10:620][  0]LogConfig: Setting CVar [[r.Streaming.MaxEffectiveScreenSize:0]]
[2019.11.21-14.42.10:620][  0]LogConfig: Applying CVar settings from Section [EffectsQuality@3] File [D:/SchoolAndProjects/Programs/ETGG 3801_02 Realtime Interactive/Unreal Projects/lab 4 missleCommander/MissleComnder/Saved/Config/Windows/Scalability.ini]
[2019.11.21-14.42.10:620][  0]LogConfig: Setting CVar [[r.TranslucencyLightingVolumeDim:64]]
[2019.11.21-14.42.10:620][  0]LogConfig: Setting CVar [[r.RefractionQuality:2]]
[2019.11.21-14.42.10:620][  0]LogConfig: Setting CVar [[r.SSR.Quality:3]]
[2019.11.21-14.42.10:620][  0]LogConfig: Setting CVar [[r.SceneColorFormat:4]]
[2019.11.21-14.42.10:620][  0]LogConfig: Setting CVar [[r.DetailMode:2]]
[2019.11.21-14.42.10:620][  0]LogConfig: Setting CVar [[r.TranslucencyVolumeBlur:1]]
[2019.11.21-14.42.10:620][  0]LogConfig: Setting CVar [[r.MaterialQualityLevel:1 ; High quality]]
[2019.11.21-14.42.10:620][  0]LogConfig: Setting CVar [[r.SSS.Scale:1]]
[2019.11.21-14.42.10:620][  0]LogConfig: Setting CVar [[r.SSS.SampleSet:2]]
[2019.11.21-14.42.10:620][  0]LogConfig: Setting CVar [[r.SSS.Quality:1]]
[2019.11.21-14.42.10:620][  0]LogConfig: Setting CVar [[r.SSS.HalfRes:1]]
[2019.11.21-14.42.10:620][  0]LogConfig: Setting CVar [[r.EmitterSpawnRateScale:1.0]]
[2019.11.21-14.42.10:620][  0]LogConfig: Setting CVar [[r.ParticleLightQuality:2]]
[2019.11.21-14.42.10:620][  0]LogConfig: Applying CVar settings from Section [FoliageQuality@3] File [D:/SchoolAndProjects/Programs/ETGG 3801_02 Realtime Interactive/Unreal Projects/lab 4 missleCommander/MissleComnder/Saved/Config/Windows/Scalability.ini]
[2019.11.21-14.42.10:620][  0]LogConfig: Setting CVar [[foliage.DensityScale:1.0]]
[2019.11.21-14.42.10:620][  0]LogConfig: Setting CVar [[grass.DensityScale:1.0]]
[2019.11.21-14.42.10:620][  0]LogConfig: Applying CVar settings from Section [Startup] File [../../../Engine/Config/ConsoleVariables.ini]
[2019.11.21-14.42.10:621][  0]LogConfig: Setting CVar [[net.UseAdaptiveNetUpdateFrequency:0]]
[2019.11.21-14.42.10:621][  0]LogConfig: Setting CVar [[p.chaos.AllowCreatePhysxBodies:1]]
[2019.11.21-14.42.10:621][  0]LogConfig: Applying CVar settings from Section [ConsoleVariables] File [D:/SchoolAndProjects/Programs/ETGG 3801_02 Realtime Interactive/Unreal Projects/lab 4 missleCommander/MissleComnder/Saved/Config/Windows/Engine.ini]
[2019.11.21-14.42.10:621][  0]LogInit: Computer: DESKTOP-ET2RN54
[2019.11.21-14.42.10:621][  0]LogInit: User: Thoma
[2019.11.21-14.42.10:621][  0]LogInit: CPU Page size=4096, Cores=6
[2019.11.21-14.42.10:621][  0]LogInit: High frequency timer resolution =10.000000 MHz
[2019.11.21-14.42.10:621][  0]LogMemory: Memory total: Physical=15.9GB (16GB approx)
[2019.11.21-14.42.10:621][  0]LogMemory: Platform Memory Stats for Windows
[2019.11.21-14.42.10:621][  0]LogMemory: Process Physical Memory: 102.41 MB used, 102.41 MB peak
[2019.11.21-14.42.10:621][  0]LogMemory: Process Virtual Memory: 100.11 MB used, 100.11 MB peak
[2019.11.21-14.42.10:621][  0]LogMemory: Physical Memory: 6162.86 MB used,  10067.76 MB free, 16230.62 MB total
[2019.11.21-14.42.10:621][  0]LogMemory: Virtual Memory: 4699.59 MB used,  134213032.00 MB free, 134217728.00 MB total
[2019.11.21-14.42.10:623][  0]LogWindows: WindowsPlatformFeatures enabled
[2019.11.21-14.42.10:643][  0]LogInit: Using OS detected language (en-US).
[2019.11.21-14.42.10:643][  0]LogInit: Using OS detected locale (en-US).
[2019.11.21-14.42.10:644][  0]LogTextLocalizationManager: No specific localization for 'en-US' exists, so the 'en' localization will be used.
[2019.11.21-14.42.10:775][  0]LogInit: Setting process to per monitor DPI aware
[2019.11.21-14.42.10:820][  0]LogSlate: New Slate User Created.  User Index 0, Is Virtual User: 0
[2019.11.21-14.42.10:820][  0]LogSlate: Slate User Registered.  User Index 0, Is Virtual User: 0
[2019.11.21-14.42.10:973][  0]LogHMD: Failed to initialize OpenVR with code 110
[2019.11.21-14.42.10:973][  0]LogD3D11RHI: D3D11 adapters:
[2019.11.21-14.42.11:036][  0]LogD3D11RHI:    0. 'NVIDIA GeForce GTX 1050 Ti with Max-Q Design' (Feature Level 11_0)
[2019.11.21-14.42.11:036][  0]LogD3D11RHI:       4021/0/8115 MB DedicatedVideo/DedicatedSystem/SharedSystem, Outputs:2, VendorId:0x10de
[2019.11.21-14.42.11:045][  0]LogD3D11RHI:    1. 'Intel(R) UHD Graphics 630' (Feature Level 11_0)
[2019.11.21-14.42.11:045][  0]LogD3D11RHI:       128/0/8115 MB DedicatedVideo/DedicatedSystem/SharedSystem, Outputs:0, VendorId:0x8086
[2019.11.21-14.42.11:047][  0]LogD3D11RHI:    2. 'Microsoft Basic Render Driver' (Feature Level 11_0)
[2019.11.21-14.42.11:047][  0]LogD3D11RHI:       0/0/8115 MB DedicatedVideo/DedicatedSystem/SharedSystem, Outputs:0, VendorId:0x1414
[2019.11.21-14.42.11:047][  0]LogD3D11RHI: Chosen D3D11 Adapter: 0
[2019.11.21-14.42.11:072][  0]LogD3D11RHI: Creating new Direct3DDevice
[2019.11.21-14.42.11:072][  0]LogD3D11RHI:     GPU DeviceId: 0x1c8f (for the marketing name, search the web for "GPU Device Id")
[2019.11.21-14.42.11:072][  0]LogWindows: EnumDisplayDevices:
[2019.11.21-14.42.11:073][  0]LogWindows:    0. 'Intel(R) UHD Graphics 630' (P:1 D:1)
[2019.11.21-14.42.11:073][  0]LogWindows:    1. 'Intel(R) UHD Graphics 630' (P:0 D:1)
[2019.11.21-14.42.11:073][  0]LogWindows:    2. 'Intel(R) UHD Graphics 630' (P:0 D:0)
[2019.11.21-14.42.11:073][  0]LogWindows: DebugString: PrimaryIsNotTheChoosenAdapter PrimaryIsNotTheChoosenAdapter PrimaryIsNotTheChoosenAdapter FoundDriverCount:0 
[2019.11.21-14.42.11:073][  0]LogD3D11RHI:     Adapter Name: NVIDIA GeForce GTX 1050 Ti with Max-Q Design
[2019.11.21-14.42.11:073][  0]LogD3D11RHI:   Driver Version: Unknown (internal:Unknown, unified:Unknown)
[2019.11.21-14.42.11:073][  0]LogD3D11RHI:      Driver Date: Unknown
[2019.11.21-14.42.11:073][  0]LogRHI: Texture pool is 2814 MB (70% of 4021 MB)
[2019.11.21-14.42.11:107][  0]LogD3D11RHI: Async texture creation enabled
[2019.11.21-14.42.11:122][  0]LogD3D11RHI: GPU Timing Frequency: 1000.000000 (Debug: 2 1)
[2019.11.21-14.42.11:382][  0]LogTemp: Display: Module 'AllDesktopTargetPlatform' loaded TargetPlatform 'AllDesktop'
[2019.11.21-14.42.11:389][  0]LogTemp: Display: Module 'MacClientTargetPlatform' loaded TargetPlatform 'MacClient'
[2019.11.21-14.42.11:397][  0]LogTemp: Display: Module 'MacNoEditorTargetPlatform' loaded TargetPlatform 'MacNoEditor'
[2019.11.21-14.42.11:404][  0]LogTemp: Display: Module 'MacServerTargetPlatform' loaded TargetPlatform 'MacServer'
[2019.11.21-14.42.11:412][  0]LogTemp: Display: Module 'MacTargetPlatform' loaded TargetPlatform 'Mac'
[2019.11.21-14.42.11:420][  0]LogTemp: Display: Module 'WindowsClientTargetPlatform' loaded TargetPlatform 'WindowsClient'
[2019.11.21-14.42.11:427][  0]LogTemp: Display: Module 'WindowsNoEditorTargetPlatform' loaded TargetPlatform 'WindowsNoEditor'
[2019.11.21-14.42.11:434][  0]LogTemp: Display: Module 'WindowsServerTargetPlatform' loaded TargetPlatform 'WindowsServer'
[2019.11.21-14.42.11:438][  0]LogTemp: Display: Module 'WindowsTargetPlatform' loaded TargetPlatform 'Windows'
[2019.11.21-14.42.11:465][  0]LogTemp: Display: Module 'AndroidTargetPlatform' loaded TargetPlatform 'Android'
[2019.11.21-14.42.11:465][  0]LogTemp: Display: Module 'AndroidTargetPlatform' loaded TargetPlatform 'Android_ASTC'
[2019.11.21-14.42.11:465][  0]LogTemp: Display: Module 'AndroidTargetPlatform' loaded TargetPlatform 'Android_ATC'
[2019.11.21-14.42.11:465][  0]LogTemp: Display: Module 'AndroidTargetPlatform' loaded TargetPlatform 'Android_DXT'
[2019.11.21-14.42.11:465][  0]LogTemp: Display: Module 'AndroidTargetPlatform' loaded TargetPlatform 'Android_ETC1'
[2019.11.21-14.42.11:465][  0]LogTemp: Display: Module 'AndroidTargetPlatform' loaded TargetPlatform 'Android_ETC1a'
[2019.11.21-14.42.11:465][  0]LogTemp: Display: Module 'AndroidTargetPlatform' loaded TargetPlatform 'Android_ETC2'
[2019.11.21-14.42.11:465][  0]LogTemp: Display: Module 'AndroidTargetPlatform' loaded TargetPlatform 'Android_PVRTC'
[2019.11.21-14.42.11:465][  0]LogTemp: Display: Module 'AndroidTargetPlatform' loaded TargetPlatform 'AndroidClient'
[2019.11.21-14.42.11:465][  0]LogTemp: Display: Module 'AndroidTargetPlatform' loaded TargetPlatform 'Android_ASTCClient'
[2019.11.21-14.42.11:465][  0]LogTemp: Display: Module 'AndroidTargetPlatform' loaded TargetPlatform 'Android_ATCClient'
[2019.11.21-14.42.11:465][  0]LogTemp: Display: Module 'AndroidTargetPlatform' loaded TargetPlatform 'Android_DXTClient'
[2019.11.21-14.42.11:465][  0]LogTemp: Display: Module 'AndroidTargetPlatform' loaded TargetPlatform 'Android_ETC1Client'
[2019.11.21-14.42.11:465][  0]LogTemp: Display: Module 'AndroidTargetPlatform' loaded TargetPlatform 'Android_ETC1aClient'
[2019.11.21-14.42.11:465][  0]LogTemp: Display: Module 'AndroidTargetPlatform' loaded TargetPlatform 'Android_ETC2Client'
[2019.11.21-14.42.11:465][  0]LogTemp: Display: Module 'AndroidTargetPlatform' loaded TargetPlatform 'Android_PVRTCClient'
[2019.11.21-14.42.11:465][  0]LogTemp: Display: Module 'AndroidTargetPlatform' loaded TargetPlatform 'Android_Multi'
[2019.11.21-14.42.11:465][  0]LogTemp: Display: Module 'AndroidTargetPlatform' loaded TargetPlatform 'Android_MultiClient'
[2019.11.21-14.42.11:467][  0]LogTemp: Display: Module 'HTML5TargetPlatform' loaded TargetPlatform 'HTML5'
[2019.11.21-14.42.11:480][  0]LogTemp: Display: Module 'IOSTargetPlatform' loaded TargetPlatform 'IOSClient'
[2019.11.21-14.42.11:480][  0]LogTemp: Display: Module 'IOSTargetPlatform' loaded TargetPlatform 'IOS'
[2019.11.21-14.42.11:492][  0]LogTemp: Display: Module 'TVOSTargetPlatform' loaded TargetPlatform 'TVOSClient'
[2019.11.21-14.42.11:492][  0]LogTemp: Display: Module 'TVOSTargetPlatform' loaded TargetPlatform 'TVOS'
[2019.11.21-14.42.11:497][  0]LogTemp: Display: Module 'LinuxClientTargetPlatform' loaded TargetPlatform 'LinuxClient'
[2019.11.21-14.42.11:503][  0]LogTemp: Display: Module 'LinuxNoEditorTargetPlatform' loaded TargetPlatform 'LinuxNoEditor'
[2019.11.21-14.42.11:509][  0]LogTemp: Display: Module 'LinuxServerTargetPlatform' loaded TargetPlatform 'LinuxServer'
[2019.11.21-14.42.11:515][  0]LogTemp: Display: Module 'LinuxTargetPlatform' loaded TargetPlatform 'Linux'
[2019.11.21-14.42.11:534][  0]LogTemp: Display: Module 'LuminTargetPlatform' loaded TargetPlatform 'Lumin'
[2019.11.21-14.42.11:534][  0]LogTemp: Display: Module 'LuminTargetPlatform' loaded TargetPlatform 'LuminClient'
[2019.11.21-14.42.11:534][  0]LogTargetPlatformManager: Display: Building Assets For Windows
[2019.11.21-14.42.11:542][  0]LogAudioDebug: Display: Lib vorbis DLL was dynamically loaded.
[2019.11.21-14.42.11:589][  0]LogShaderCompilers: Guid format shader working directory is -70 characters bigger than the processId version (D:/SchoolAndProjects/Programs/ETGG 3801_02 Realtime Interactive/Unreal Projects/lab 4 missleCommander/MissleComnder/Intermediate/Shaders/WorkingDirectory/15236/).
[2019.11.21-14.42.11:589][  0]LogShaderCompilers: Cleaned the shader compiler working directory 'C:/Users/Thoma/AppData/Local/Temp/UnrealShaderWorkingDir/7038DD9D48EEF89FE748A5BD55003FEC/'.
[2019.11.21-14.42.11:591][  0]LogXGEController: Cannot use XGE Controller as Incredibuild is not installed on this machine.
[2019.11.21-14.42.11:591][  0]LogShaderCompilers: Cannot use XGE Shader Compiler as Incredibuild is not installed on this machine.
[2019.11.21-14.42.11:591][  0]LogShaderCompilers: Display: Using Local Shader Compiler.
[2019.11.21-14.42.12:131][  0]LogDerivedDataCache: Display: Max Cache Size: 512 MB
[2019.11.21-14.42.12:173][  0]LogDerivedDataCache: Loaded boot cache 0.04s 73MB C:/Users/Thoma/AppData/Local/UnrealEngine/4.23/DerivedDataCache/Boot.ddc.
[2019.11.21-14.42.12:173][  0]LogDerivedDataCache: Display: Loaded Boot cache: C:/Users/Thoma/AppData/Local/UnrealEngine/4.23/DerivedDataCache/Boot.ddc
[2019.11.21-14.42.12:173][  0]LogDerivedDataCache: FDerivedDataBackendGraph:  Pak pak cache file D:/SchoolAndProjects/Programs/ETGG 3801_02 Realtime Interactive/Unreal Projects/lab 4 missleCommander/MissleComnder/DerivedDataCache/DDC.ddp not found, will not use a pak cache.
[2019.11.21-14.42.12:174][  0]LogDerivedDataCache: Unable to find inner node Pak for hierarchical cache Hierarchy.
[2019.11.21-14.42.12:174][  0]LogDerivedDataCache: FDerivedDataBackendGraph:  CompressedPak pak cache file D:/SchoolAndProjects/Programs/ETGG 3801_02 Realtime Interactive/Unreal Projects/lab 4 missleCommander/MissleComnder/DerivedDataCache/Compressed.ddp not found, will not use a pak cache.
[2019.11.21-14.42.12:174][  0]LogDerivedDataCache: Unable to find inner node CompressedPak for hierarchical cache Hierarchy.
[2019.11.21-14.42.12:183][  0]LogDerivedDataCache: Display: Pak cache opened for reading ../../../Engine/DerivedDataCache/Compressed.ddp.
[2019.11.21-14.42.12:183][  0]LogDerivedDataCache: FDerivedDataBackendGraph:  EnterprisePak pak cache file ../../../Enterprise/DerivedDataCache/Compressed.ddp not found, will not use a pak cache.
[2019.11.21-14.42.12:183][  0]LogDerivedDataCache: Unable to find inner node EnterprisePak for hierarchical cache Hierarchy.
[2019.11.21-14.42.12:184][  0]LogDerivedDataCache: Using Local data cache path C:/Users/Thoma/AppData/Local/UnrealEngine/Common/DerivedDataCache: Writable
[2019.11.21-14.42.12:184][  0]LogDerivedDataCache: Shared data cache path not found in *engine.ini, will not use an Shared cache.
[2019.11.21-14.42.12:184][  0]LogDerivedDataCache: Unable to find inner node Shared for hierarchical cache Hierarchy.
[2019.11.21-14.42.12:202][  0]LogMaterial: Verifying Global Shaders for PCD3D_SM5
[2019.11.21-14.42.12:204][  0]LogSlate: Using FreeType 2.6.0
[2019.11.21-14.42.12:204][  0]LogSlate: SlateFontServices - WITH_FREETYPE: 1, WITH_HARFBUZZ: 1
[2019.11.21-14.42.12:249][  0]LogAssetRegistry: FAssetRegistry took 0.0020 seconds to start up
[2019.11.21-14.42.12:457][  0]LogInit: Selected Device Profile: [Windows]
[2019.11.21-14.42.12:586][  0]LogMeshReduction: Using QuadricMeshReduction for automatic static mesh reduction
[2019.11.21-14.42.12:586][  0]LogMeshReduction: Using SimplygonMeshReduction for automatic skeletal mesh reduction
[2019.11.21-14.42.12:586][  0]LogMeshReduction: Using ProxyLODMeshReduction for automatic mesh merging
[2019.11.21-14.42.12:586][  0]LogMeshReduction: No distributed automatic mesh merging module available
[2019.11.21-14.42.12:586][  0]LogMeshMerging: No distributed automatic mesh merging module available
[2019.11.21-14.42.12:594][  0]LogNetVersion: MissleComnder 1.0.0, NetCL: 8386587, EngineNetVer: 11, GameNetVer: 0 (Checksum: 2994690250)
[2019.11.21-14.42.12:936][  0]LogPackageLocalizationCache: Processed 12 localized package path(s) for 1 prioritized culture(s) in 0.028252 seconds
[2019.11.21-14.42.12:941][  0]LogUObjectArray: 43444 objects as part of root set at end of initial load.
[2019.11.21-14.42.12:941][  0]LogUObjectAllocator: 7548648 out of 0 bytes used by permanent object pool.
[2019.11.21-14.42.12:941][  0]LogUObjectArray: CloseDisregardForGC: 0/0 objects in disregard for GC pool
[2019.11.21-14.42.13:623][  0]LogTcpMessaging: Initializing TcpMessaging bridge
[2019.11.21-14.42.13:626][  0]LogUdpMessaging: Initializing bridge on interface 0.0.0.0:0 to multicast group 230.0.0.1:6666.
[2019.11.21-14.42.13:671][  0]SourceControl: Source control is disabled
[2019.11.21-14.42.13:671][  0]SourceControl: Source control is disabled
[2019.11.21-14.42.13:672][  0]SourceControl: Source control is disabled
[2019.11.21-14.42.13:673][  0]SourceControl: Source control is disabled
[2019.11.21-14.42.13:740][  0]LogAndroidPermission: UAndroidPermissionCallbackProxy::GetInstance
[2019.11.21-14.42.13:841][  0]LogOcInput: OculusInput pre-init called
[2019.11.21-14.42.13:847][  0]LogWindows: Failed to load 'OVRPlugin.dll' (GetLastError=126)
[2019.11.21-14.42.13:847][  0]LogWindows: File 'OVRPlugin.dll' does not exist
[2019.11.21-14.42.13:917][  0]LogEngine: Initializing Engine...
[2019.11.21-14.42.13:918][  0]LogHMD: Failed to initialize OpenVR with code 110
[2019.11.21-14.42.13:919][  0]LogStats: UGameplayTagsManager::InitializeManager -  0.000 s
[2019.11.21-14.42.14:105][  0]LogInit: Initializing FReadOnlyCVARCache
[2019.11.21-14.42.14:118][  0]LogAIModule: Creating AISystem for world Untitled
[2019.11.21-14.42.14:139][  0]LogInit: XAudio2 using 'Speakers (Realtek(R) Audio)' : 2 channels at 48 kHz using 32 bits per sample (channel mask 0x3)
[2019.11.21-14.42.14:252][  0]LogInit: FAudioDevice initialized.
[2019.11.21-14.42.14:252][  0]LogNetVersion: Set ProjectVersion to 1.0.0.0. Version Checksum will be recalculated on next use.
[2019.11.21-14.42.14:294][  0]LogDerivedDataCache: Saved boot cache 0.04s 73MB C:/Users/Thoma/AppData/Local/UnrealEngine/4.23/DerivedDataCache/Boot.ddc.
[2019.11.21-14.42.14:298][  0]LogInit: Texture streaming: Enabled
[2019.11.21-14.42.14:315][  0]LogEngineSessionManager: EngineSessionManager initialized
[2019.11.21-14.42.14:315][  0]LogEditorSessionSummary: Verbose: Initializing EditorSessionSummaryWriter for editor session tracking
[2019.11.21-14.42.14:316][  0]LogEditorSessionSummary: EditorSessionSummaryWriter initialized
[2019.11.21-14.42.14:353][  0]LogInit: Transaction tracking system initialized
[2019.11.21-14.42.14:382][  0]BlueprintLog: New page: Editor Load
[2019.11.21-14.42.14:453][  0]LocalizationService: Localization service is disabled
[2019.11.21-14.42.14:644][  0]LogFileCache: Scanning file cache for directory 'D:/SchoolAndProjects/Programs/ETGG 3801_02 Realtime Interactive/Unreal Projects/lab 4 missleCommander/MissleComnder/Content/' took 0.00s
[2019.11.21-14.42.14:644][  0]LogCook: Display: Max memory allowance for cook 16384mb min free memory 0mb
[2019.11.21-14.42.14:644][  0]LogCook: Display: Mobile HDR setting 1
[2019.11.21-14.42.14:799][  0]SourceControl: Source control is disabled
[2019.11.21-14.42.14:799][  0]LightingResults: New page: Lighting Build
[2019.11.21-14.42.14:801][  0]LogWorld: UWorld::CleanupWorld for Untitled, bSessionEnded=true, bCleanupResources=true
[2019.11.21-14.42.14:802][  0]MapCheck: New page: Map Check
[2019.11.21-14.42.14:802][  0]LightingResults: New page: Lighting Build
[2019.11.21-14.42.14:830][  0]LogUObjectHash: Compacting FUObjectHashTables data took   1.34ms
[2019.11.21-14.42.14:959][  0]LogProperty: Warning: Serialized Class /Script/Engine.BlueprintGeneratedClass for a property of Class /Script/Engine.Actor. Reference will be nullptred.
    Property = ObjectProperty /Script/MissleComnder.worldSpawner:Player_SpawnType
    Item = BlueprintGeneratedClass /Game/BluePrints/PlayerBP.PlayerBP_C
[2019.11.21-14.42.15:010][  0]LogAIModule: Creating AISystem for world GameMap
[2019.11.21-14.42.15:013][  0]LogEditorServer: Finished looking for orphan Actors (0.000 secs)
[2019.11.21-14.42.15:043][  0]LogUObjectHash: Compacting FUObjectHashTables data took   1.84ms
[2019.11.21-14.42.15:043][  0]Cmd: MAP CHECKDEP NOCLEARLOG
[2019.11.21-14.42.15:043][  0]MapCheck: Map check complete: 0 Error(s), 0 Warning(s), took 0.075ms to complete.
[2019.11.21-14.42.15:043][  0]LogFileHelpers: Loading map 'GameMap' took 0.244
[2019.11.21-14.42.15:201][  0]LogSlate: Updating window title bar state: overlay mode, drag disabled, window buttons hidden, title bar hidden
[2019.11.21-14.42.15:207][  0]LogSlate: Updating window title bar state: overlay mode, drag disabled, window buttons hidden, title bar hidden
[2019.11.21-14.42.15:213][  0]LogSlate: Updating window title bar state: overlay mode, drag disabled, window buttons hidden, title bar hidden
[2019.11.21-14.42.15:218][  0]LogSlate: Updating window title bar state: overlay mode, drag disabled, window buttons hidden, title bar hidden
[2019.11.21-14.42.15:224][  0]LogCollectionManager: Loaded 0 collections in 0.001737 seconds
[2019.11.21-14.42.15:229][  0]LogFileCache: Scanning file cache for directory 'D:/SchoolAndProjects/Programs/ETGG 3801_02 Realtime Interactive/Unreal Projects/lab 4 missleCommander/MissleComnder/Saved/Collections/' took 0.00s
[2019.11.21-14.42.15:229][  0]LogFileCache: Scanning file cache for directory 'D:/SchoolAndProjects/Programs/ETGG 3801_02 Realtime Interactive/Unreal Projects/lab 4 missleCommander/MissleComnder/Content/Developers/Thoma/Collections/' took 0.00s
[2019.11.21-14.42.15:229][  0]LogFileCache: Scanning file cache for directory 'D:/SchoolAndProjects/Programs/ETGG 3801_02 Realtime Interactive/Unreal Projects/lab 4 missleCommander/MissleComnder/Content/Collections/' took 0.00s
[2019.11.21-14.42.15:229][  0]LogCollectionManager: Rebuilt the GUID cache for 0 collections in 0.000001 seconds
[2019.11.21-14.42.15:236][  0]LogContentBrowser: Native class hierarchy populated in 0.0069 seconds. Added 2864 classes and 682 folders.
[2019.11.21-14.42.15:242][  0]LogContentBrowser: Native class hierarchy updated for 'WidgetCarousel' in 0.0002 seconds. Added 0 classes and 0 folders.
[2019.11.21-14.42.15:277][  0]LogContentBrowser: Native class hierarchy updated for 'AddContentDialog' in 0.0002 seconds. Added 0 classes and 0 folders.
[2019.11.21-14.42.15:281][  0]LogContentBrowser: Native class hierarchy updated for 'SceneOutliner' in 0.0002 seconds. Added 1 classes and 2 folders.
[2019.11.21-14.42.15:338][  0]LogSlate: Took 0.000211 seconds to synchronously load lazily loaded font '../../../Engine/Content/Slate/Fonts/Roboto-Bold.ttf' (160K)
[2019.11.21-14.42.15:340][  0]LogSlate: Took 0.000174 seconds to synchronously load lazily loaded font '../../../Engine/Content/Slate/Fonts/Roboto-Regular.ttf' (155K)
[2019.11.21-14.42.15:349][  0]LogContentBrowser: Native class hierarchy updated for 'HierarchicalLODOutliner' in 0.0003 seconds. Added 0 classes and 0 folders.
[2019.11.21-14.42.15:349][  0]LogLoad: (Engine Initialization) Total time: 5.84 seconds
[2019.11.21-14.42.15:349][  0]LogLoad: (Engine Initialization) Total Blueprint compile time: 0.00 seconds
[2019.11.21-14.42.15:375][  0]LoadErrors: Error: /Game/BluePrints/PlayerBP : Failed import for FloatProperty /Game/Animation/PlayerAnimGraph.PlayerAnimGraph_C:walkingAmount Referenced by export Function /Game/BluePrints/PlayerBP.PlayerBP_C:ExecuteUbergraph_PlayerBP
[2019.11.21-14.42.15:401][  0]LogAssetRegistry: Asset discovery search completed in 3.1519 seconds
[2019.11.21-14.42.15:404][  0]LogCollectionManager: Rebuilt the object cache for 0 collections in 0.000003 seconds (found 0 objects)
[2019.11.21-14.42.15:404][  0]LogCollectionManager: Fixed up redirectors for 0 collections in 0.000034 seconds (updated 0 objects)
[2019.11.21-14.42.15:405][  0]LogContentStreaming: Texture pool size now 1000 MB
[2019.11.21-14.42.15:413][  0]LogSlate: FSceneViewport::OnFocusLost() reason 5
[2019.11.21-14.42.15:630][  0]LogSlate: Took 0.000149 seconds to synchronously load lazily loaded font '../../../Engine/Content/Editor/Slate/Fonts/FontAwesome.ttf' (139K)
[2019.11.21-14.42.15:679][  0]LogRenderer: Reallocating scene render targets to support 256x256 Format 10 NumSamples 1 (Frame:1).
[2019.11.21-14.42.15:679][  0]LogRenderer: Reallocating scene render targets to support 752x348 Format 10 NumSamples 1 (Frame:1).
[2019.11.21-14.42.15:679][  0]LogSlate: Took 0.000139 seconds to synchronously load lazily loaded font '../../../Engine/Content/Slate/Fonts/Roboto-Light.ttf' (167K)
[2019.11.21-14.42.15:700][  1]LogFileCache: Retrieving MD5 hashes for directory 'D:/SchoolAndProjects/Programs/ETGG 3801_02 Realtime Interactive/Unreal Projects/lab 4 missleCommander/MissleComnder/Content/' took 0.32s
[2019.11.21-14.42.19:856][246]LogSlate: Window 'Message Log' being destroyed
[2019.11.21-14.42.19:860][246]LogSlate: Window 'Message Log' being destroyed
[2019.11.21-14.42.22:552][350]LogRenderer: Reallocating scene render targets to support 1136x560 Format 10 NumSamples 1 (Frame:349).
[2019.11.21-14.42.36:122][589]LogSlate: FSceneViewport::OnFocusLost() reason 0
[2019.11.21-14.42.36:264][589]Candidate modules for hot reload:
[2019.11.21-14.42.36:264][589]  MissleComnder
[2019.11.21-14.42.36:264][589]Launching UnrealBuildTool... [C:/Program Files/Epic Games/UE_4.23/Engine/Binaries/DotNET/UnrealBuildTool.exe  -ModuleWithSuffix=MissleComnder,3826 Win64 Development -TargetType=Editor -Project="D:/SchoolAndProjects/Programs/ETGG 3801_02 Realtime Interactive/Unreal Projects/lab 4 missleCommander/MissleComnder/MissleComnder.uproject" "D:/SchoolAndProjects/Programs/ETGG 3801_02 Realtime Interactive/Unreal Projects/lab 4 missleCommander/MissleComnder/MissleComnder.uproject"  -IgnoreJunk]
[2019.11.21-14.42.36:271][589]Warning: Starting HotReload took  0.0s.
[2019.11.21-14.42.44:328][ 69]CompilerResultsLog: New page: Compilation - Nov 21, 2019, 4:42:44 AM
[2019.11.21-14.42.44:328][ 69]CompilerResultsLog: Parsing headers for MissleComnderEditor
[2019.11.21-14.42.44:328][ 69]CompilerResultsLog:   Running UnrealHeaderTool "D:\SchoolAndProjects\Programs\ETGG 3801_02 Realtime Interactive\Unreal Projects\lab 4 missleCommander\MissleComnder\MissleComnder.uproject" "D:\SchoolAndProjects\Programs\ETGG 3801_02 Realtime Interactive\Unreal Projects\lab 4 missleCommander\MissleComnder\Intermediate\Build\Win64\MissleComnderEditor\Development\MissleComnderEditor.uhtmanifest" -LogCmds="loginit warning, logexit warning, logdatabase error" -Unattended -WarningsAsErrors -installed
[2019.11.21-14.42.44:328][ 69]CompilerResultsLog: Reflection code generated for MissleComnderEditor in 5.3902267 seconds
[2019.11.21-14.42.44:328][ 69]CompilerResultsLog: Using Visual Studio 2019 14.23.28105 toolchain (C:\Program Files (x86)\Microsoft Visual Studio\2019\Community\VC\Tools\MSVC\14.23.28105) and Windows 10.0.18362.0 SDK (C:\Program Files (x86)\Windows Kits\10).
[2019.11.21-14.42.44:328][ 69]CompilerResultsLog: Building 4 actions with 12 processes...
[2019.11.21-14.42.44:328][ 69]CompilerResultsLog:   [1/4] worldSpawner.cpp
[2019.11.21-14.42.44:328][ 69]CompilerResultsLog:   D:\SchoolAndProjects\Programs\ETGG 3801_02 Realtime Interactive\Unreal Projects\lab 4 missleCommander\MissleComnder\Source\MissleComnder\worldSpawner.cpp(33): warning C4996: 'USceneComponent::AttachTo': This function is deprecated, please use AttachToComponent instead. Please update your code to the new API before upgrading to the next release, otherwise your project will no longer compile.
[2019.11.21-14.42.44:328][ 69]CompilerResultsLog:   C:\Program Files\Epic Games\UE_4.23\Engine\Source\Runtime\Engine\Classes\Components/SceneComponent.h(658): note: see declaration of 'USceneComponent::AttachTo'
[2019.11.21-14.42.44:328][ 69]CompilerResultsLog:   [2/4] UE4Editor-MissleComnder-3826.lib
[2019.11.21-14.42.44:328][ 69]CompilerResultsLog:      Creating library D:\SchoolAndProjects\Programs\ETGG 3801_02 Realtime Interactive\Unreal Projects\lab 4 missleCommander\MissleComnder\Intermediate\Build\Win64\UE4Editor\Development\MissleComnder\UE4Editor-MissleComnder-3826.lib and object D:\SchoolAndProjects\Programs\ETGG 3801_02 Realtime Interactive\Unreal Projects\lab 4 missleCommander\MissleComnder\Intermediate\Build\Win64\UE4Editor\Development\MissleComnder\UE4Editor-MissleComnder-3826.exp
[2019.11.21-14.42.44:328][ 69]CompilerResultsLog:   [3/4] UE4Editor-MissleComnder-3826.dll
[2019.11.21-14.42.44:328][ 69]CompilerResultsLog:      Creating library D:\SchoolAndProjects\Programs\ETGG 3801_02 Realtime Interactive\Unreal Projects\lab 4 missleCommander\MissleComnder\Intermediate\Build\Win64\UE4Editor\Development\MissleComnder\UE4Editor-MissleComnder-3826.suppressed.lib and object D:\SchoolAndProjects\Programs\ETGG 3801_02 Realtime Interactive\Unreal Projects\lab 4 missleCommander\MissleComnder\Intermediate\Build\Win64\UE4Editor\Development\MissleComnder\UE4Editor-MissleComnder-3826.suppressed.exp
[2019.11.21-14.42.44:328][ 69]CompilerResultsLog:   [4/4] MissleComnderEditor.target
[2019.11.21-14.42.44:328][ 69]CompilerResultsLog: Total time in Parallel executor: 1.57 seconds
[2019.11.21-14.42.44:328][ 69]CompilerResultsLog: Total execution time: 7.98 seconds
[2019.11.21-14.42.44:328][ 69]LogMainFrame: MainFrame: Module compiling took 8.075 seconds
[2019.11.21-14.42.44:355][ 69]LogUObjectHash: Compacting FUObjectHashTables data took   0.61ms
[2019.11.21-14.42.44:366][ 69]LogContentBrowser: Native class hierarchy updated for 'MissleComnder' in 0.0003 seconds. Added 1 classes and 2 folders.
[2019.11.21-14.42.44:368][ 69]Display: HotReload successful (0 functions remapped  0 scriptstructs remapped)
[2019.11.21-14.42.44:422][ 69]LogUObjectHash: Compacting FUObjectHashTables data took   1.07ms
[2019.11.21-14.42.44:433][ 69]LogContentBrowser: Native class hierarchy populated in 0.0066 seconds. Added 2865 classes and 684 folders.
[2019.11.21-14.42.44:433][ 69]Display: HotReload took  8.2s.
[2019.11.21-14.42.46:554][196]LogTemp: Repeating last play command: Selected Viewport
[2019.11.21-14.42.46:564][196]LogBlueprintUserMessages: Early PlayInEditor Detection: Level '/Game/GameScene/GameMap.GameMap:PersistentLevel' has LevelScriptBlueprint '/Game/GameScene/GameMap.GameMap:PersistentLevel.GameMap' with GeneratedClass '/Game/GameScene/GameMap.GameMap_C' with ClassGeneratedBy '/Game/GameScene/GameMap.GameMap:PersistentLevel.GameMap'
[2019.11.21-14.42.46:564][196]LogPlayLevel: PlayLevel: No blueprints needed recompiling
[2019.11.21-14.42.46:565][196]PIE: New page: PIE session: GameMap (Nov 21, 2019, 4:42:46 AM)
[2019.11.21-14.42.46:565][196]LogOnline: OSS: Creating online subsystem instance for: NULL
[2019.11.21-14.42.46:567][196]LogPlayLevel: Creating play world package: /Game/GameScene/UEDPIE_0_GameMap
[2019.11.21-14.42.46:569][196]LogPlayLevel: PIE: StaticDuplicateObject took: (0.002306s)
[2019.11.21-14.42.46:570][196]LogAIModule: Creating AISystem for world GameMap
[2019.11.21-14.42.46:570][196]LogPlayLevel: PIE: World Init took: (0.000873s)
[2019.11.21-14.42.46:570][196]LogPlayLevel: PIE: Created PIE world by copying editor world from /Game/GameScene/GameMap.GameMap to /Game/GameScene/UEDPIE_0_GameMap.GameMap (0.003348s)
[2019.11.21-14.42.46:596][196]LogUObjectHash: Compacting FUObjectHashTables data took   1.25ms
[2019.11.21-14.42.46:603][196]LogInit: XAudio2 using 'Speakers (Realtek(R) Audio)' : 2 channels at 48 kHz using 32 bits per sample (channel mask 0x3)
[2019.11.21-14.42.46:645][196]LogInit: FAudioDevice initialized.
[2019.11.21-14.42.46:657][196]LogLoad: Game class is 'gameModeBP_C'
[2019.11.21-14.42.46:658][196]LogWorld: Bringing World /Game/GameScene/UEDPIE_0_GameMap.GameMap up for play (max tick rate 60) at 2019.11.21-09.42.46
[2019.11.21-14.42.46:658][196]LogWorld: Bringing up level for play took: 0.000388
[2019.11.21-14.42.46:658][196]LogOnline: OSS: Creating online subsystem instance for: :Context_5
[2019.11.21-14.42.46:682][196]LogContentBrowser: Native class hierarchy updated for 'MovieSceneCapture' in 0.0003 seconds. Added 20 classes and 0 folders.
[2019.11.21-14.42.46:683][196]LogActorComponent: RegisterComponentWithWorld: (/Game/GameScene/UEDPIE_0_GameMap.GameMap:PersistentLevel.worldSpawnerRoot.MeshInstances) Already registered. Aborting.
[2019.11.21-14.42.46:737][196]LogBlueprintUserMessages: Warning: Time Dilation must be between 0.000100 and 20.000000.  Clamped value to that range.
[2019.11.21-14.42.46:738][196]PIE: Play in editor start time for /Game/GameScene/UEDPIE_0_GameMap 1.049
[2019.11.21-14.42.46:738][196]LogBlueprintUserMessages: Late PlayInEditor Detection: Level '/Game/GameScene/GameMap.GameMap:PersistentLevel' has LevelScriptBlueprint '/Game/GameScene/GameMap.GameMap:PersistentLevel.GameMap' with GeneratedClass '/Game/GameScene/GameMap.GameMap_C' with ClassGeneratedBy '/Game/GameScene/GameMap.GameMap:PersistentLevel.GameMap'
[2019.11.21-14.42.51:847][501]LogSlate: FSceneViewport::OnFocusLost() reason 0
[2019.11.21-14.42.51:948][507]LogBlueprintUserMessages: Early EndPlayMap Detection: Level '/Game/GameScene/GameMap.GameMap:PersistentLevel' has LevelScriptBlueprint '/Game/GameScene/GameMap.GameMap:PersistentLevel.GameMap' with GeneratedClass '/Game/GameScene/GameMap.GameMap_C' with ClassGeneratedBy '/Game/GameScene/GameMap.GameMap:PersistentLevel.GameMap'
[2019.11.21-14.42.51:948][507]LogSlate: Updating window title bar state: overlay mode, drag disabled, window buttons hidden, title bar hidden
[2019.11.21-14.42.51:948][507]LogWorld: BeginTearingDown for /Game/GameScene/UEDPIE_0_GameMap
[2019.11.21-14.42.51:948][507]LogWorld: UWorld::CleanupWorld for GameMap, bSessionEnded=true, bCleanupResources=true
[2019.11.21-14.42.51:967][507]LogPlayLevel: Display: Shutting down PIE online subsystems
[2019.11.21-14.42.51:967][507]LogBlueprintUserMessages: Late EndPlayMap Detection: Level '/Game/GameScene/GameMap.GameMap:PersistentLevel' has LevelScriptBlueprint '/Game/GameScene/GameMap.GameMap:PersistentLevel.GameMap' with GeneratedClass '/Game/GameScene/GameMap.GameMap_C' with ClassGeneratedBy '/Game/GameScene/GameMap.GameMap:PersistentLevel.GameMap'
[2019.11.21-14.42.51:999][507]LogSlate: Updating window title bar state: overlay mode, drag disabled, window buttons hidden, title bar hidden
[2019.11.21-14.42.52:002][507]LogUObjectHash: Compacting FUObjectHashTables data took   1.74ms
[2019.11.21-14.42.52:053][510]LogPlayLevel: Display: Destroying online subsystem :Context_5
[2019.11.21-14.42.59:586][961]LogSlate: FSceneViewport::OnFocusLost() reason 0
[2019.11.21-14.43.00:609][ 22]LogEditorViewport: Clicking on Actor (context menu): BP_Sky_Sphere_C (Sky Sphere)
[2019.11.21-14.43.00:641][ 22]LogSlate: FSceneViewport::OnFocusLost() reason 5
[2019.11.21-14.43.02:003][102]LogEditorViewport: Clicking on Actor (LMB): BP_Sky_Sphere_C (Sky Sphere)
[2019.11.21-14.43.23:448][386]LogHttp: Warning: 000001D5194AF4C0: invalid HTTP response code received. URL: https://datarouter.ol.epicgames.com/datarouter/api/v1/public/data?SessionID=%7BC41E26A9-4533-4E32-0217-5CAEC4F5203C%7D&AppID=UEEditor.Rocket.Release&AppVersion=4.23.1-9631420%2B%2B%2BUE4%2BRelease-4.23&UserID=61ef604e460a473bfd91ed959db6d4be%7C59a1e2cfd3764767bcd953727bfa6a9a%7Cb141b85b-8fd0-4aa2-8584-ce31efaff61d&AppEnvironment=datacollector-binary&UploadType=eteventstream, HTTP code: 0, content length: -1, actual payload size: 0
[2019.11.21-14.43.23:448][386]LogHttp: Warning: 000001D5194AF4C0: request failed, libcurl error: 7 (Couldn't connect to server)
[2019.11.21-14.43.23:448][386]LogHttp: Warning: 000001D5194AF4C0: libcurl info message cache 0 (  Trying 54.80.69.247...)
[2019.11.21-14.43.23:448][386]LogHttp: Warning: 000001D5194AF4C0: libcurl info message cache 1 (TCP_NODELAY set)
[2019.11.21-14.43.23:448][386]LogHttp: Warning: 000001D5194AF4C0: libcurl info message cache 2 (connect to 54.80.69.247 port 443 failed: Connection refused)
[2019.11.21-14.43.23:448][386]LogHttp: Warning: 000001D5194AF4C0: libcurl info message cache 3 (  Trying 52.4.54.50...)
[2019.11.21-14.43.23:448][386]LogHttp: Warning: 000001D5194AF4C0: libcurl info message cache 4 (TCP_NODELAY set)
[2019.11.21-14.43.23:448][386]LogHttp: Warning: 000001D5194AF4C0: libcurl info message cache 5 (connect to 52.4.54.50 port 443 failed: Connection refused)
[2019.11.21-14.43.23:448][386]LogHttp: Warning: 000001D5194AF4C0: libcurl info message cache 6 (  Trying 52.1.90.14...)
[2019.11.21-14.43.23:448][386]LogHttp: Warning: 000001D5194AF4C0: libcurl info message cache 7 (TCP_NODELAY set)
[2019.11.21-14.43.23:448][386]LogHttp: Warning: 000001D5194AF4C0: libcurl info message cache 8 (connect to 52.1.90.14 port 443 failed: Connection refused)
[2019.11.21-14.43.23:448][386]LogHttp: Warning: 000001D5194AF4C0: libcurl info message cache 9 (  Trying 34.196.66.229...)
[2019.11.21-14.43.23:448][386]LogHttp: Warning: 000001D5194AF4C0: libcurl info message cache 10 (TCP_NODELAY set)
[2019.11.21-14.43.23:448][386]LogHttp: Warning: 000001D5194AF4C0: libcurl info message cache 11 (connect to 34.196.66.229 port 443 failed: Connection refused)
[2019.11.21-14.43.23:448][386]LogHttp: Warning: 000001D5194AF4C0: libcurl info message cache 12 (  Trying 34.232.229.224...)
[2019.11.21-14.43.23:448][386]LogHttp: Warning: 000001D5194AF4C0: libcurl info message cache 13 (TCP_NODELAY set)
[2019.11.21-14.43.23:448][386]LogHttp: Warning: 000001D5194AF4C0: libcurl info message cache 14 (connect to 34.232.229.224 port 443 failed: Connection refused)
[2019.11.21-14.43.23:448][386]LogHttp: Warning: 000001D5194AF4C0: libcurl info message cache 15 (  Trying 52.71.108.254...)
[2019.11.21-14.43.23:448][386]LogHttp: Warning: 000001D5194AF4C0: libcurl info message cache 16 (TCP_NODELAY set)
[2019.11.21-14.43.23:448][386]LogHttp: Warning: 000001D5194AF4C0: libcurl info message cache 17 (connect to 52.71.108.254 port 443 failed: Connection refused)
[2019.11.21-14.43.23:448][386]LogHttp: Warning: 000001D5194AF4C0: libcurl info message cache 18 (  Trying 18.235.16.110...)
[2019.11.21-14.43.23:448][386]LogHttp: Warning: 000001D5194AF4C0: libcurl info message cache 19 (TCP_NODELAY set)
[2019.11.21-14.43.23:448][386]LogHttp: Warning: 000001D5194AF4C0: libcurl info message cache 20 (connect to 18.235.16.110 port 443 failed: Connection refused)
[2019.11.21-14.43.23:449][386]LogHttp: Warning: 000001D5194AF4C0: libcurl info message cache 21 (  Trying 50.17.106.84...)
[2019.11.21-14.43.23:449][386]LogHttp: Warning: 000001D5194AF4C0: libcurl info message cache 22 (TCP_NODELAY set)
[2019.11.21-14.43.23:449][386]LogHttp: Warning: 000001D5194AF4C0: libcurl info message cache 23 (connect to 50.17.106.84 port 443 failed: Connection refused)
[2019.11.21-14.43.23:449][386]LogHttp: Warning: 000001D5194AF4C0: libcurl info message cache 24 (Failed to connect to datarouter.ol.epicgames.com port 443: Connection refused)
[2019.11.21-14.43.23:449][386]LogHttp: Warning: 000001D5194AF4C0: libcurl info message cache 25 (Closing connection 0)
[2019.11.21-14.43.23:449][386]LogHttp: Warning: Retry exhausted on https://datarouter.ol.epicgames.com/datarouter/api/v1/public/data?SessionID=%7BC41E26A9-4533-4E32-0217-5CAEC4F5203C%7D&AppID=UEEditor.Rocket.Release&AppVersion=4.23.1-9631420%2B%2B%2BUE4%2BRelease-4.23&UserID=61ef604e460a473bfd91ed959db6d4be%7C59a1e2cfd3764767bcd953727bfa6a9a%7Cb141b85b-8fd0-4aa2-8584-ce31efaff61d&AppEnvironment=datacollector-binary&UploadType=eteventstream
[2019.11.21-14.43.42:445][522]LogSlate: Took 0.000132 seconds to synchronously load lazily loaded font '../../../Engine/Content/Slate/Fonts/Roboto-Italic.ttf' (157K)
[2019.11.21-14.43.49:611][949]LogEditorViewport: Clicking on Actor (context menu): BP_Sky_Sphere_C (Sky Sphere)
[2019.11.21-14.43.49:649][949]LogSlate: FSceneViewport::OnFocusLost() reason 5
[2019.11.21-14.44.02:998][736]LogNavigationPoint: PostEditMove Clear paths rebuilt
[2019.11.21-14.44.08:752][ 78]LogSlate: FSceneViewport::OnFocusLost() reason 0
[2019.11.21-14.44.13:404][356]LogEditorViewport: Clicking on Actor (LMB): BP_Sky_Sphere_C (Sky Sphere)
[2019.11.21-14.44.15:386][473]LogSlate: FSceneViewport::OnFocusLost() reason 0
[2019.11.21-14.44.16:335][530]Cmd: CAMERA ALIGN ACTIVEVIEWPORTONLY
[2019.11.21-14.44.19:975][748]LogNavigationPoint: PostEditMove Clear paths rebuilt
[2019.11.21-14.44.24:298][  6]LogNavigationPoint: PostEditMove Clear paths rebuilt
[2019.11.21-14.44.25:012][ 48]LogSlate: Took 0.000105 seconds to synchronously load lazily loaded font '../../../Engine/Content/Slate/Fonts/Roboto-Light.ttf' (167K)
[2019.11.21-14.44.25:032][ 48]LogSlate: FSceneViewport::OnFocusLost() reason 5
[2019.11.21-14.44.25:066][ 48]LogUObjectHash: Compacting FUObjectHashTables data took   0.58ms
[2019.11.21-14.44.25:149][ 48]LogSavePackage: Moving 'D:/SchoolAndProjects/Programs/ETGG 3801_02 Realtime Interactive/Unreal Projects/lab 4 missleCommander/MissleComnder/Saved/GameMap9D64B8C1452E267F6D3F7497A7E5B4C4.tmp' to 'D:/SchoolAndProjects/Programs/ETGG 3801_02 Realtime Interactive/Unreal Projects/lab 4 missleCommander/MissleComnder/Content/GameScene/GameMap.umap'
[2019.11.21-14.44.25:180][ 48]LogSavePackage: Moving 'D:/SchoolAndProjects/Programs/ETGG 3801_02 Realtime Interactive/Unreal Projects/lab 4 missleCommander/MissleComnder/Saved/GameMap_BuiltDataB4984A4F4FF01337441EAA93A1EEB6F5.tmp' to 'D:/SchoolAndProjects/Programs/ETGG 3801_02 Realtime Interactive/Unreal Projects/lab 4 missleCommander/MissleComnder/Content/GameScene/GameMap_BuiltData.uasset'
[2019.11.21-14.44.26:767][142]LogSlate: FSceneViewport::OnFocusLost() reason 0
[2019.11.21-14.44.26:838][146]LogTemp: Repeating last play command: Selected Viewport
[2019.11.21-14.44.26:850][146]LogBlueprintUserMessages: Early PlayInEditor Detection: Level '/Game/GameScene/GameMap.GameMap:PersistentLevel' has LevelScriptBlueprint '/Game/GameScene/GameMap.GameMap:PersistentLevel.GameMap' with GeneratedClass '/Game/GameScene/GameMap.GameMap_C' with ClassGeneratedBy '/Game/GameScene/GameMap.GameMap:PersistentLevel.GameMap'
[2019.11.21-14.44.26:850][146]LogPlayLevel: PlayLevel: No blueprints needed recompiling
[2019.11.21-14.44.26:850][146]PIE: New page: PIE session: GameMap (Nov 21, 2019, 4:44:26 AM)
[2019.11.21-14.44.26:850][146]LogPlayLevel: Creating play world package: /Game/GameScene/UEDPIE_0_GameMap
[2019.11.21-14.44.26:852][146]LogPlayLevel: PIE: StaticDuplicateObject took: (0.001963s)
[2019.11.21-14.44.26:853][146]LogAIModule: Creating AISystem for world GameMap
[2019.11.21-14.44.26:853][146]LogPlayLevel: PIE: World Init took: (0.000838s)
[2019.11.21-14.44.26:853][146]LogPlayLevel: PIE: Created PIE world by copying editor world from /Game/GameScene/GameMap.GameMap to /Game/GameScene/UEDPIE_0_GameMap.GameMap (0.002894s)
[2019.11.21-14.44.26:880][146]LogUObjectHash: Compacting FUObjectHashTables data took   1.61ms
[2019.11.21-14.44.26:887][146]LogInit: XAudio2 using 'Speakers (Realtek(R) Audio)' : 2 channels at 48 kHz using 32 bits per sample (channel mask 0x3)
[2019.11.21-14.44.26:932][146]LogInit: FAudioDevice initialized.
[2019.11.21-14.44.26:940][146]LogLoad: Game class is 'gameModeBP_C'
[2019.11.21-14.44.26:941][146]LogWorld: Bringing World /Game/GameScene/UEDPIE_0_GameMap.GameMap up for play (max tick rate 60) at 2019.11.21-09.44.26
[2019.11.21-14.44.26:941][146]LogWorld: Bringing up level for play took: 0.000396
[2019.11.21-14.44.26:942][146]LogOnline: OSS: Creating online subsystem instance for: :Context_6
[2019.11.21-14.44.26:943][146]LogActorComponent: RegisterComponentWithWorld: (/Game/GameScene/UEDPIE_0_GameMap.GameMap:PersistentLevel.worldSpawnerRoot.MeshInstances) Already registered. Aborting.
[2019.11.21-14.44.26:994][146]LogBlueprintUserMessages: Warning: Time Dilation must be between 0.000100 and 20.000000.  Clamped value to that range.
[2019.11.21-14.44.26:995][146]PIE: Play in editor start time for /Game/GameScene/UEDPIE_0_GameMap -0.695
[2019.11.21-14.44.26:995][146]LogBlueprintUserMessages: Late PlayInEditor Detection: Level '/Game/GameScene/GameMap.GameMap:PersistentLevel' has LevelScriptBlueprint '/Game/GameScene/GameMap.GameMap:PersistentLevel.GameMap' with GeneratedClass '/Game/GameScene/GameMap.GameMap_C' with ClassGeneratedBy '/Game/GameScene/GameMap.GameMap:PersistentLevel.GameMap'
[2019.11.21-14.44.31:379][408]LogSlate: FSceneViewport::OnFocusLost() reason 0
[2019.11.21-14.44.39:821][914]LogSlate: FSceneViewport::OnFocusLost() reason 0
[2019.11.21-14.44.41:427][ 10]LogSlate: FSceneViewport::OnFocusLost() reason 0
[2019.11.21-14.44.46:655][323]LogSlate: FSceneViewport::OnFocusLost() reason 0
[2019.11.21-14.44.49:147][472]LogSlate: FSceneViewport::OnFocusLost() reason 0
[2019.11.21-14.45.18:820][247]LogEditorViewport: Clicking on Actor (LMB): worldSpawner (worldSpawnerRoot)
[2019.11.21-14.45.31:648][247]LogBlueprintUserMessages: Early EndPlayMap Detection: Level '/Game/GameScene/GameMap.GameMap:PersistentLevel' has LevelScriptBlueprint '/Game/GameScene/GameMap.GameMap:PersistentLevel.GameMap' with GeneratedClass '/Game/GameScene/GameMap.GameMap_C' with ClassGeneratedBy '/Game/GameScene/GameMap.GameMap:PersistentLevel.GameMap'
[2019.11.21-14.45.31:664][247]LogSlate: Updating window title bar state: overlay mode, drag disabled, window buttons hidden, title bar hidden
[2019.11.21-14.45.31:664][247]LogWorld: BeginTearingDown for /Game/GameScene/UEDPIE_0_GameMap
[2019.11.21-14.45.31:665][247]LogWorld: UWorld::CleanupWorld for GameMap, bSessionEnded=true, bCleanupResources=true
[2019.11.21-14.45.31:699][247]LogPlayLevel: Display: Shutting down PIE online subsystems
[2019.11.21-14.45.31:699][247]LogBlueprintUserMessages: Late EndPlayMap Detection: Level '/Game/GameScene/GameMap.GameMap:PersistentLevel' has LevelScriptBlueprint '/Game/GameScene/GameMap.GameMap:PersistentLevel.GameMap' with GeneratedClass '/Game/GameScene/GameMap.GameMap_C' with ClassGeneratedBy '/Game/GameScene/GameMap.GameMap:PersistentLevel.GameMap'
[2019.11.21-14.45.31:733][247]LogSlate: Updating window title bar state: overlay mode, drag disabled, window buttons hidden, title bar hidden
[2019.11.21-14.45.31:735][247]LogUObjectHash: Compacting FUObjectHashTables data took   1.42ms
[2019.11.21-14.45.31:760][248]LogPlayLevel: Display: Destroying online subsystem :Context_6
[2019.11.21-14.45.39:773][713]LogSlate: FSceneViewport::OnFocusLost() reason 0
[2019.11.21-14.45.39:839][717]LogTemp: Repeating last play command: Selected Viewport
[2019.11.21-14.45.39:850][717]LogBlueprintUserMessages: Early PlayInEditor Detection: Level '/Game/GameScene/GameMap.GameMap:PersistentLevel' has LevelScriptBlueprint '/Game/GameScene/GameMap.GameMap:PersistentLevel.GameMap' with GeneratedClass '/Game/GameScene/GameMap.GameMap_C' with ClassGeneratedBy '/Game/GameScene/GameMap.GameMap:PersistentLevel.GameMap'
[2019.11.21-14.45.39:850][717]LogPlayLevel: PlayLevel: No blueprints needed recompiling
[2019.11.21-14.45.39:850][717]PIE: New page: PIE session: GameMap (Nov 21, 2019, 4:45:39 AM)
[2019.11.21-14.45.39:850][717]LogPlayLevel: Creating play world package: /Game/GameScene/UEDPIE_0_GameMap
[2019.11.21-14.45.39:853][717]LogPlayLevel: PIE: StaticDuplicateObject took: (0.002305s)
[2019.11.21-14.45.39:854][717]LogAIModule: Creating AISystem for world GameMap
[2019.11.21-14.45.39:854][717]LogPlayLevel: PIE: World Init took: (0.000936s)
[2019.11.21-14.45.39:854][717]LogPlayLevel: PIE: Created PIE world by copying editor world from /Game/GameScene/GameMap.GameMap to /Game/GameScene/UEDPIE_0_GameMap.GameMap (0.003377s)
[2019.11.21-14.45.39:880][717]LogUObjectHash: Compacting FUObjectHashTables data took   1.28ms
[2019.11.21-14.45.39:888][717]LogInit: XAudio2 using 'Speakers (Realtek(R) Audio)' : 2 channels at 48 kHz using 32 bits per sample (channel mask 0x3)
[2019.11.21-14.45.39:941][717]LogInit: FAudioDevice initialized.
[2019.11.21-14.45.39:949][717]LogLoad: Game class is 'gameModeBP_C'
[2019.11.21-14.45.39:950][717]LogWorld: Bringing World /Game/GameScene/UEDPIE_0_GameMap.GameMap up for play (max tick rate 60) at 2019.11.21-09.45.39
[2019.11.21-14.45.39:951][717]LogWorld: Bringing up level for play took: 0.000418
[2019.11.21-14.45.39:951][717]LogOnline: OSS: Creating online subsystem instance for: :Context_9
[2019.11.21-14.45.39:953][717]LogActorComponent: RegisterComponentWithWorld: (/Game/GameScene/UEDPIE_0_GameMap.GameMap:PersistentLevel.worldSpawnerRoot.MeshInstances) Already registered. Aborting.
[2019.11.21-14.45.40:007][717]LogBlueprintUserMessages: Warning: Time Dilation must be between 0.000100 and 20.000000.  Clamped value to that range.
[2019.11.21-14.45.40:007][717]PIE: Play in editor start time for /Game/GameScene/UEDPIE_0_GameMap 0.318
[2019.11.21-14.45.40:007][717]LogBlueprintUserMessages: Late PlayInEditor Detection: Level '/Game/GameScene/GameMap.GameMap:PersistentLevel' has LevelScriptBlueprint '/Game/GameScene/GameMap.GameMap:PersistentLevel.GameMap' with GeneratedClass '/Game/GameScene/GameMap.GameMap_C' with ClassGeneratedBy '/Game/GameScene/GameMap.GameMap:PersistentLevel.GameMap'
[2019.11.21-14.45.40:048][718]LogHttp: Warning: 000001D720CC74C0: invalid HTTP response code received. URL: https://datarouter.ol.epicgames.com/datarouter/api/v1/public/data?SessionID=%7BC41E26A9-4533-4E32-0217-5CAEC4F5203C%7D&AppID=UEEditor.Rocket.Release&AppVersion=4.23.1-9631420%2B%2B%2BUE4%2BRelease-4.23&UserID=61ef604e460a473bfd91ed959db6d4be%7C59a1e2cfd3764767bcd953727bfa6a9a%7Cb141b85b-8fd0-4aa2-8584-ce31efaff61d&AppEnvironment=datacollector-binary&UploadType=eteventstream, HTTP code: 0, content length: -1, actual payload size: 0
[2019.11.21-14.45.40:048][718]LogHttp: Warning: 000001D720CC74C0: request failed, libcurl error: 7 (Couldn't connect to server)
[2019.11.21-14.45.40:048][718]LogHttp: Warning: 000001D720CC74C0: libcurl info message cache 0 (Hostname in DNS cache was stale, zapped)
[2019.11.21-14.45.40:048][718]LogHttp: Warning: 000001D720CC74C0: libcurl info message cache 1 (  Trying 18.214.253.233...)
[2019.11.21-14.45.40:048][718]LogHttp: Warning: 000001D720CC74C0: libcurl info message cache 2 (TCP_NODELAY set)
[2019.11.21-14.45.40:048][718]LogHttp: Warning: 000001D720CC74C0: libcurl info message cache 3 (connect to 18.214.253.233 port 443 failed: Connection refused)
[2019.11.21-14.45.40:048][718]LogHttp: Warning: 000001D720CC74C0: libcurl info message cache 4 (  Trying 100.24.251.232...)
[2019.11.21-14.45.40:048][718]LogHttp: Warning: 000001D720CC74C0: libcurl info message cache 5 (TCP_NODELAY set)
[2019.11.21-14.45.40:048][718]LogHttp: Warning: 000001D720CC74C0: libcurl info message cache 6 (connect to 100.24.251.232 port 443 failed: Connection refused)
[2019.11.21-14.45.40:048][718]LogHttp: Warning: 000001D720CC74C0: libcurl info message cache 7 (  Trying 34.239.90.191...)
[2019.11.21-14.45.40:048][718]LogHttp: Warning: 000001D720CC74C0: libcurl info message cache 8 (TCP_NODELAY set)
[2019.11.21-14.45.40:048][718]LogHttp: Warning: 000001D720CC74C0: libcurl info message cache 9 (connect to 34.239.90.191 port 443 failed: Connection refused)
[2019.11.21-14.45.40:048][718]LogHttp: Warning: 000001D720CC74C0: libcurl info message cache 10 (  Trying 54.80.175.210...)
[2019.11.21-14.45.40:048][718]LogHttp: Warning: 000001D720CC74C0: libcurl info message cache 11 (TCP_NODELAY set)
[2019.11.21-14.45.40:048][718]LogHttp: Warning: 000001D720CC74C0: libcurl info message cache 12 (connect to 54.80.175.210 port 443 failed: Connection refused)
[2019.11.21-14.45.40:048][718]LogHttp: Warning: 000001D720CC74C0: libcurl info message cache 13 (  Trying 52.44.188.211...)
[2019.11.21-14.45.40:048][718]LogHttp: Warning: 000001D720CC74C0: libcurl info message cache 14 (TCP_NODELAY set)
[2019.11.21-14.45.40:048][718]LogHttp: Warning: 000001D720CC74C0: libcurl info message cache 15 (connect to 52.44.188.211 port 443 failed: Connection refused)
[2019.11.21-14.45.40:048][718]LogHttp: Warning: 000001D720CC74C0: libcurl info message cache 16 (  Trying 50.19.78.72...)
[2019.11.21-14.45.40:048][718]LogHttp: Warning: 000001D720CC74C0: libcurl info message cache 17 (TCP_NODELAY set)
[2019.11.21-14.45.40:048][718]LogHttp: Warning: 000001D720CC74C0: libcurl info message cache 18 (connect to 50.19.78.72 port 443 failed: Connection refused)
[2019.11.21-14.45.40:048][718]LogHttp: Warning: 000001D720CC74C0: libcurl info message cache 19 (  Trying 52.70.58.29...)
[2019.11.21-14.45.40:048][718]LogHttp: Warning: 000001D720CC74C0: libcurl info message cache 20 (TCP_NODELAY set)
[2019.11.21-14.45.40:048][718]LogHttp: Warning: 000001D720CC74C0: libcurl info message cache 21 (connect to 52.70.58.29 port 443 failed: Connection refused)
[2019.11.21-14.45.40:048][718]LogHttp: Warning: 000001D720CC74C0: libcurl info message cache 22 (  Trying 52.203.166.246...)
[2019.11.21-14.45.40:048][718]LogHttp: Warning: 000001D720CC74C0: libcurl info message cache 23 (TCP_NODELAY set)
[2019.11.21-14.45.40:048][718]LogHttp: Warning: 000001D720CC74C0: libcurl info message cache 24 (connect to 52.203.166.246 port 443 failed: Connection refused)
[2019.11.21-14.45.40:048][718]LogHttp: Warning: 000001D720CC74C0: libcurl info message cache 25 (Failed to connect to datarouter.ol.epicgames.com port 443: Connection refused)
[2019.11.21-14.45.40:048][718]LogHttp: Warning: 000001D720CC74C0: libcurl info message cache 26 (Closing connection 1)
[2019.11.21-14.45.40:048][718]LogHttp: Warning: Retry exhausted on https://datarouter.ol.epicgames.com/datarouter/api/v1/public/data?SessionID=%7BC41E26A9-4533-4E32-0217-5CAEC4F5203C%7D&AppID=UEEditor.Rocket.Release&AppVersion=4.23.1-9631420%2B%2B%2BUE4%2BRelease-4.23&UserID=61ef604e460a473bfd91ed959db6d4be%7C59a1e2cfd3764767bcd953727bfa6a9a%7Cb141b85b-8fd0-4aa2-8584-ce31efaff61d&AppEnvironment=datacollector-binary&UploadType=eteventstream
[2019.11.21-14.45.46:342][ 94]LogSlate: FSceneViewport::OnFocusLost() reason 0
[2019.11.21-14.45.56:422][685]LogSlate: FSceneViewport::OnFocusLost() reason 0
