Log file open, 10/15/19 12:55:24
LogWindows: Failed to load 'aqProf.dll' (GetLastError=126)
LogWindows: File 'aqProf.dll' does not exist
LogWindows: Failed to load 'VtuneApi.dll' (GetLastError=126)
LogWindows: File 'VtuneApi.dll' does not exist
LogWindows: Failed to load 'VtuneApi32e.dll' (GetLastError=126)
LogWindows: File 'VtuneApi32e.dll' does not exist
LogConsoleResponse: Display: Failed to find resolution value strings in scalability ini. Falling back to default.
LogInit: Display: Running engine for game: SpaceInvaders_Unreal
LogPlatformFile: Not using cached read wrapper
LogTaskGraph: Started task graph with 5 named threads and 35 total threads with 3 sets of task threads.
LogStats: Stats thread started at 0.067270
LogD3D11RHI: Loaded GFSDK_Aftermath_Lib.x64.dll
LogICUInternationalization: ICU TimeZone Detection - Raw Offset: -5:00, Platform Override: ''
LogPluginManager: Mounting plugin Paper2D
LogPluginManager: Mounting plugin AISupport
LogPluginManager: Mounting plugin LightPropagationVolume
LogPluginManager: Mounting plugin ActorLayerUtilities
LogPluginManager: Mounting plugin AnimationSharing
LogPluginManager: Mounting plugin CLionSourceCodeAccess
LogPluginManager: Mounting plugin CodeLiteSourceCodeAccess
LogPluginManager: Mounting plugin GitSourceControl
LogPluginManager: Mounting plugin KDevelopSourceCodeAccess
LogPluginManager: Mounting plugin NullSourceCodeAccess
LogPluginManager: Mounting plugin PerforceSourceControl
LogPluginManager: Mounting plugin SubversionSourceControl
LogPluginManager: Mounting plugin UObjectPlugin
LogPluginManager: Mounting plugin VisualStudioCodeSourceCodeAccess
LogPluginManager: Mounting plugin VisualStudioSourceCodeAccess
LogPluginManager: Mounting plugin XCodeSourceCodeAccess
LogPluginManager: Mounting plugin AssetManagerEditor
LogPluginManager: Mounting plugin CryptoKeys
LogPluginManager: Mounting plugin CurveEditorTools
LogPluginManager: Mounting plugin DataValidation
LogPluginManager: Mounting plugin FacialAnimation
LogPluginManager: Mounting plugin GameplayTagsEditor
LogPluginManager: Mounting plugin MacGraphicsSwitching
LogPluginManager: Mounting plugin MaterialAnalyzer
LogPluginManager: Mounting plugin MobileLauncherProfileWizard
LogPluginManager: Mounting plugin PluginBrowser
LogPluginManager: Mounting plugin SpeedTreeImporter
LogPluginManager: Mounting plugin DatasmithContent
LogPluginManager: Mounting plugin VariantManagerContent
LogPluginManager: Mounting plugin AlembicImporter
LogPluginManager: Mounting plugin AutomationUtils
LogPluginManager: Mounting plugin BackChannel
LogPluginManager: Mounting plugin CharacterAI
LogPluginManager: Mounting plugin GeometryCache
LogPluginManager: Mounting plugin HTML5Networking
LogPluginManager: Mounting plugin PlatformCrypto
LogPluginManager: Mounting plugin ProxyLODPlugin
LogPluginManager: Mounting plugin SkeletalReduction
LogPluginManager: Mounting plugin MagicLeap
LogPluginManager: Mounting plugin MagicLeapMedia
LogPluginManager: Mounting plugin AndroidMedia
LogPluginManager: Mounting plugin AvfMedia
LogPluginManager: Mounting plugin ImgMedia
LogPluginManager: Mounting plugin MediaCompositing
LogPluginManager: Mounting plugin MediaPlayerEditor
LogPluginManager: Mounting plugin WebMMedia
LogPluginManager: Mounting plugin WmfMedia
LogPluginManager: Mounting plugin TcpMessaging
LogPluginManager: Mounting plugin UdpMessaging
LogPluginManager: Mounting plugin ActorSequence
LogPluginManager: Mounting plugin LevelSequenceEditor
LogPluginManager: Mounting plugin MatineeToLevelSequence
LogPluginManager: Mounting plugin NetcodeUnitTest
LogPluginManager: Mounting plugin NUTUnrealEngine4
LogPluginManager: Mounting plugin OnlineSubsystemGooglePlay
LogPluginManager: Mounting plugin OnlineSubsystemIOS
LogPluginManager: Mounting plugin OnlineSubsystem
LogPluginManager: Mounting plugin OnlineSubsystemNull
LogPluginManager: Mounting plugin OnlineSubsystemUtils
LogPluginManager: Mounting plugin LauncherChunkInstaller
LogPluginManager: Mounting plugin AndroidDeviceProfileSelector
LogPluginManager: Mounting plugin AndroidMoviePlayer
LogPluginManager: Mounting plugin AndroidPermission
LogPluginManager: Mounting plugin AppleImageUtils
LogPluginManager: Mounting plugin AppleMoviePlayer
LogPluginManager: Mounting plugin ArchVisCharacter
LogPluginManager: Mounting plugin AudioCapture
LogPluginManager: Mounting plugin CableComponent
LogPluginManager: Mounting plugin CustomMeshComponent
LogPluginManager: Mounting plugin EditableMesh
LogPluginManager: Mounting plugin ExampleDeviceProfileSelector
LogPluginManager: Mounting plugin GoogleCloudMessaging
LogPluginManager: Mounting plugin IOSDeviceProfileSelector
LogPluginManager: Mounting plugin LinuxDeviceProfileSelector
LogPluginManager: Mounting plugin LocationServicesBPLibrary
LogPluginManager: Mounting plugin MobilePatchingUtils
LogPluginManager: Mounting plugin OculusVR
LogPluginManager: Mounting plugin PhysXVehicles
LogPluginManager: Mounting plugin ProceduralMeshComponent
LogPluginManager: Mounting plugin RuntimePhysXCooking
LogPluginManager: Mounting plugin SignificanceManager
LogPluginManager: Mounting plugin SteamVR
LogPluginManager: Mounting plugin WebMMoviePlayer
LogPluginManager: Mounting plugin WindowsMoviePlayer
LogPluginManager: Mounting plugin ScreenshotTools
LogInit: Using libcurl 7.55.1-DEV
LogInit:  - built for x86_64-pc-win32
LogInit:  - supports SSL with OpenSSL/1.1.1
LogInit:  - supports HTTP deflate (compression) using libz 1.2.8
LogInit:  - other features:
LogInit:      CURL_VERSION_SSL
LogInit:      CURL_VERSION_LIBZ
LogInit:      CURL_VERSION_IPV6
LogInit:      CURL_VERSION_ASYNCHDNS
LogInit:      CURL_VERSION_LARGEFILE
LogInit:      CURL_VERSION_IDN
LogInit:  CurlRequestOptions (configurable via config and command line):
LogInit:  - bVerifyPeer = true  - Libcurl will verify peer certificate
LogInit:  - bUseHttpProxy = false  - Libcurl will NOT use HTTP proxy
LogInit:  - bDontReuseConnections = false  - Libcurl will reuse connections
LogInit:  - MaxHostConnections = 16  - Libcurl will limit the number of connections to a host
LogInit:  - LocalHostAddr = Default
LogInit:  - BufferSize = 65536
LogOnline: OSS: Creating online subsystem instance for: NULL
LogInit: WinSock: version 1.1 (2.2), MaxSocks=32767, MaxUdp=65467
LogInit: Build: ++UE4+Release-4.23-CL-8386587
LogInit: Engine Version: 4.23.0-8386587+++UE4+Release-4.23
LogInit: Compatible Engine Version: 4.23.0-8386587+++UE4+Release-4.23
LogInit: Net CL: 8386587
LogInit: OS: Windows 10 (Release 1809) (), CPU: Intel(R) Core(TM) i7-8750H CPU @ 2.20GHz, GPU: Intel(R) UHD Graphics 630
LogInit: Compiled (64-bit): Aug 31 2019 02:04:44
LogInit: Compiled with Visual C++: 19.16.27030.01
LogInit: Build Configuration: Development
LogInit: Branch Name: ++UE4+Release-4.23
LogInit: Command Line: 
LogInit: Base Directory: C:/Program Files/Epic Games/UE_4.23/Engine/Binaries/Win64/
LogInit: Installed Engine Build: 1
LogDevObjectVersion: Number of dev versions registered: 23
LogDevObjectVersion:   Dev-Blueprints (B0D832E4-1F89-4F0D-ACCF-7EB736FD4AA2): 10
LogDevObjectVersion:   Dev-Build (E1C64328-A22C-4D53-A36C-8E866417BD8C): 0
LogDevObjectVersion:   Dev-Core (375EC13C-06E4-48FB-B500-84F0262A717E): 3
LogDevObjectVersion:   Dev-Editor (E4B068ED-F494-42E9-A231-DA0B2E46BB41): 34
LogDevObjectVersion:   Dev-Framework (CFFC743F-43B0-4480-9391-14DF171D2073): 35
LogDevObjectVersion:   Dev-Mobile (B02B49B5-BB20-44E9-A304-32B752E40360): 2
LogDevObjectVersion:   Dev-Networking (A4E4105C-59A1-49B5-A7C5-40C4547EDFEE): 0
LogDevObjectVersion:   Dev-Online (39C831C9-5AE6-47DC-9A44-9C173E1C8E7C): 0
LogDevObjectVersion:   Dev-Physics (78F01B33-EBEA-4F98-B9B4-84EACCB95AA2): 0
LogDevObjectVersion:   Dev-Platform (6631380F-2D4D-43E0-8009-CF276956A95A): 0
LogDevObjectVersion:   Dev-Rendering (12F88B9F-8875-4AFC-A67C-D90C383ABD29): 31
LogDevObjectVersion:   Dev-Sequencer (7B5AE74C-D270-4C10-A958-57980B212A5A): 11
LogDevObjectVersion:   Dev-VR (D7296918-1DD6-4BDD-9DE2-64A83CC13884): 2
LogDevObjectVersion:   Dev-LoadTimes (C2A15278-BFE7-4AFE-6C17-90FF531DF755): 1
LogDevObjectVersion:   Private-Geometry (6EACA3D4-40EC-4CC1-B786-8BED09428FC5): 3
LogDevObjectVersion:   Dev-AnimPhys (29E575DD-E0A3-4627-9D10-D276232CDCEA): 17
LogDevObjectVersion:   Dev-Anim (AF43A65D-7FD3-4947-9873-3E8ED9C1BB05): 2
LogDevObjectVersion:   Dev-ReflectionCapture (6B266CEC-1EC7-4B8F-A30B-E4D90942FC07): 1
LogDevObjectVersion:   Dev-Automation (0DF73D61-A23F-47EA-B727-89E90C41499A): 1
LogDevObjectVersion:   FortniteMain (601D1886-AC64-4F84-AA16-D3DE0DEAC7D6): 27
LogDevObjectVersion:   Dev-Enterprise (9DFFBCD6-494F-0158-E221-12823C92A888): 6
LogDevObjectVersion:   Dev-Niagara (F2AED0AC-9AFE-416F-8664-AA7FFA26D6FC): 1
LogDevObjectVersion:   Dev-Destruction (174F1F0B-B4C6-45A5-B13F-2EE8D0FB917D): 9
LogInit: Presizing for max 16777216 objects, including 0 objects not considered by GC, pre-allocating 0 bytes for permanent pool.
LogInit: Object subsystem initialized
LogConfig: Setting CVar [[con.DebugEarlyDefault:1]]
LogConfig: Setting CVar [[r.setres:1280x720]]
[2019.10.15-16.55.24:494][  0]LogConfig: Setting CVar [[r.VSync:0]]
[2019.10.15-16.55.24:494][  0]LogConfig: Setting CVar [[r.RHICmdBypass:0]]
[2019.10.15-16.55.24:494][  0]LogConfig: Applying CVar settings from Section [/Script/Engine.RendererSettings] File [D:/SchoolAndProjects/Programs/ETGG 3801_02 Realtime Interactive/Unreal Projects/lab 3/SpaceInvaders_Unreal/Saved/Config/Windows/Engine.ini]
[2019.10.15-16.55.24:494][  0]LogConfig: Setting CVar [[r.GPUCrashDebugging:0]]
[2019.10.15-16.55.24:494][  0]LogConfig: Setting CVar [[r.DefaultFeature.AutoExposure.ExtendDefaultLuminanceRange:1]]
[2019.10.15-16.55.24:494][  0]LogConfig: Applying CVar settings from Section [/Script/Engine.RendererOverrideSettings] File [D:/SchoolAndProjects/Programs/ETGG 3801_02 Realtime Interactive/Unreal Projects/lab 3/SpaceInvaders_Unreal/Saved/Config/Windows/Engine.ini]
[2019.10.15-16.55.24:494][  0]LogConfig: Applying CVar settings from Section [/Script/Engine.StreamingSettings] File [D:/SchoolAndProjects/Programs/ETGG 3801_02 Realtime Interactive/Unreal Projects/lab 3/SpaceInvaders_Unreal/Saved/Config/Windows/Engine.ini]
[2019.10.15-16.55.24:494][  0]LogConfig: Setting CVar [[s.MinBulkDataSizeForAsyncLoading:131072]]
[2019.10.15-16.55.24:494][  0]LogConfig: Setting CVar [[s.AsyncLoadingThreadEnabled:0]]
[2019.10.15-16.55.24:494][  0]LogConfig: Setting CVar [[s.EventDrivenLoaderEnabled:1]]
[2019.10.15-16.55.24:494][  0]LogConfig: Setting CVar [[s.WarnIfTimeLimitExceeded:0]]
[2019.10.15-16.55.24:494][  0]LogConfig: Setting CVar [[s.TimeLimitExceededMultiplier:1.5]]
[2019.10.15-16.55.24:494][  0]LogConfig: Setting CVar [[s.TimeLimitExceededMinTime:0.005]]
[2019.10.15-16.55.24:494][  0]LogConfig: Setting CVar [[s.UseBackgroundLevelStreaming:1]]
[2019.10.15-16.55.24:494][  0]LogConfig: Setting CVar [[s.PriorityAsyncLoadingExtraTime:15.0]]
[2019.10.15-16.55.24:494][  0]LogConfig: Setting CVar [[s.LevelStreamingActorsUpdateTimeLimit:5.0]]
[2019.10.15-16.55.24:494][  0]LogConfig: Setting CVar [[s.PriorityLevelStreamingActorsUpdateExtraTime:5.0]]
[2019.10.15-16.55.24:494][  0]LogConfig: Setting CVar [[s.LevelStreamingComponentsRegistrationGranularity:10]]
[2019.10.15-16.55.24:494][  0]LogConfig: Setting CVar [[s.UnregisterComponentsTimeLimit:1.0]]
[2019.10.15-16.55.24:494][  0]LogConfig: Setting CVar [[s.LevelStreamingComponentsUnregistrationGranularity:5]]
[2019.10.15-16.55.24:494][  0]LogConfig: Applying CVar settings from Section [/Script/Engine.GarbageCollectionSettings] File [D:/SchoolAndProjects/Programs/ETGG 3801_02 Realtime Interactive/Unreal Projects/lab 3/SpaceInvaders_Unreal/Saved/Config/Windows/Engine.ini]
[2019.10.15-16.55.24:494][  0]LogConfig: Setting CVar [[gc.MaxObjectsNotConsideredByGC:1]]
[2019.10.15-16.55.24:494][  0]LogConfig: Setting CVar [[gc.SizeOfPermanentObjectPool:0]]
[2019.10.15-16.55.24:494][  0]LogConfig: Setting CVar [[gc.FlushStreamingOnGC:0]]
[2019.10.15-16.55.24:494][  0]LogConfig: Setting CVar [[gc.NumRetriesBeforeForcingGC:10]]
[2019.10.15-16.55.24:494][  0]LogConfig: Setting CVar [[gc.AllowParallelGC:1]]
[2019.10.15-16.55.24:494][  0]LogConfig: Setting CVar [[gc.TimeBetweenPurgingPendingKillObjects:61.1]]
[2019.10.15-16.55.24:494][  0]LogConfig: Setting CVar [[gc.MaxObjectsInEditor:16777216]]
[2019.10.15-16.55.24:494][  0]LogConfig: Setting CVar [[gc.IncrementalBeginDestroyEnabled:1]]
[2019.10.15-16.55.24:494][  0]LogConfig: Setting CVar [[gc.CreateGCClusters:1]]
[2019.10.15-16.55.24:494][  0]LogConfig: Setting CVar [[gc.MinGCClusterSize:5]]
[2019.10.15-16.55.24:494][  0]LogConfig: Setting CVar [[gc.ActorClusteringEnabled:0]]
[2019.10.15-16.55.24:494][  0]LogConfig: Setting CVar [[gc.BlueprintClusteringEnabled:0]]
[2019.10.15-16.55.24:494][  0]LogConfig: Setting CVar [[gc.UseDisregardForGCOnDedicatedServers:0]]
[2019.10.15-16.55.24:494][  0]LogConfig: Applying CVar settings from Section [/Script/Engine.NetworkSettings] File [D:/SchoolAndProjects/Programs/ETGG 3801_02 Realtime Interactive/Unreal Projects/lab 3/SpaceInvaders_Unreal/Saved/Config/Windows/Engine.ini]
[2019.10.15-16.55.24:494][  0]LogConfig: Applying CVar settings from Section [/Script/UnrealEd.CookerSettings] File [D:/SchoolAndProjects/Programs/ETGG 3801_02 Realtime Interactive/Unreal Projects/lab 3/SpaceInvaders_Unreal/Saved/Config/Windows/Engine.ini]
[2019.10.15-16.55.24:496][  0]LogConfig: Applying CVar settings from Section [ViewDistanceQuality@3] File [D:/SchoolAndProjects/Programs/ETGG 3801_02 Realtime Interactive/Unreal Projects/lab 3/SpaceInvaders_Unreal/Saved/Config/Windows/Scalability.ini]
[2019.10.15-16.55.24:496][  0]LogConfig: Setting CVar [[r.SkeletalMeshLODBias:0]]
[2019.10.15-16.55.24:496][  0]LogConfig: Setting CVar [[r.ViewDistanceScale:1.0]]
[2019.10.15-16.55.24:496][  0]LogConfig: Applying CVar settings from Section [AntiAliasingQuality@3] File [D:/SchoolAndProjects/Programs/ETGG 3801_02 Realtime Interactive/Unreal Projects/lab 3/SpaceInvaders_Unreal/Saved/Config/Windows/Scalability.ini]
[2019.10.15-16.55.24:496][  0]LogConfig: Setting CVar [[r.PostProcessAAQuality:4]]
[2019.10.15-16.55.24:496][  0]LogConfig: Applying CVar settings from Section [ShadowQuality@3] File [D:/SchoolAndProjects/Programs/ETGG 3801_02 Realtime Interactive/Unreal Projects/lab 3/SpaceInvaders_Unreal/Saved/Config/Windows/Scalability.ini]
[2019.10.15-16.55.24:496][  0]LogConfig: Setting CVar [[r.LightFunctionQuality:1]]
[2019.10.15-16.55.24:496][  0]LogConfig: Setting CVar [[r.ShadowQuality:5]]
[2019.10.15-16.55.24:496][  0]LogConfig: Setting CVar [[r.Shadow.CSM.MaxCascades:10]]
[2019.10.15-16.55.24:496][  0]LogConfig: Setting CVar [[r.Shadow.MaxResolution:2048]]
[2019.10.15-16.55.24:496][  0]LogConfig: Setting CVar [[r.Shadow.MaxCSMResolution:2048]]
[2019.10.15-16.55.24:496][  0]LogConfig: Setting CVar [[r.Shadow.RadiusThreshold:0.01]]
[2019.10.15-16.55.24:496][  0]LogConfig: Setting CVar [[r.Shadow.DistanceScale:1.0]]
[2019.10.15-16.55.24:496][  0]LogConfig: Setting CVar [[r.Shadow.CSM.TransitionScale:1.0]]
[2019.10.15-16.55.24:496][  0]LogConfig: Setting CVar [[r.Shadow.PreShadowResolutionFactor:1.0]]
[2019.10.15-16.55.24:496][  0]LogConfig: Setting CVar [[r.DistanceFieldShadowing:1]]
[2019.10.15-16.55.24:496][  0]LogConfig: Setting CVar [[r.DistanceFieldAO:1]]
[2019.10.15-16.55.24:496][  0]LogConfig: Setting CVar [[r.AOQuality:2]]
[2019.10.15-16.55.24:496][  0]LogConfig: Setting CVar [[r.VolumetricFog:1]]
[2019.10.15-16.55.24:496][  0]LogConfig: Setting CVar [[r.VolumetricFog.GridPixelSize:8]]
[2019.10.15-16.55.24:496][  0]LogConfig: Setting CVar [[r.VolumetricFog.GridSizeZ:128]]
[2019.10.15-16.55.24:496][  0]LogConfig: Setting CVar [[r.VolumetricFog.HistoryMissSupersampleCount:4]]
[2019.10.15-16.55.24:496][  0]LogConfig: Setting CVar [[r.LightMaxDrawDistanceScale:1]]
[2019.10.15-16.55.24:496][  0]LogConfig: Setting CVar [[r.CapsuleShadows:1]]
[2019.10.15-16.55.24:496][  0]LogConfig: Applying CVar settings from Section [PostProcessQuality@3] File [D:/SchoolAndProjects/Programs/ETGG 3801_02 Realtime Interactive/Unreal Projects/lab 3/SpaceInvaders_Unreal/Saved/Config/Windows/Scalability.ini]
[2019.10.15-16.55.24:496][  0]LogConfig: Setting CVar [[r.MotionBlurQuality:4]]
[2019.10.15-16.55.24:496][  0]LogConfig: Setting CVar [[r.AmbientOcclusionMipLevelFactor:0.4]]
[2019.10.15-16.55.24:496][  0]LogConfig: Setting CVar [[r.AmbientOcclusionMaxQuality:100]]
[2019.10.15-16.55.24:496][  0]LogConfig: Setting CVar [[r.AmbientOcclusionLevels:-1]]
[2019.10.15-16.55.24:496][  0]LogConfig: Setting CVar [[r.AmbientOcclusionRadiusScale:1.0]]
[2019.10.15-16.55.24:496][  0]LogConfig: Setting CVar [[r.DepthOfFieldQuality:2]]
[2019.10.15-16.55.24:496][  0]LogConfig: Setting CVar [[r.RenderTargetPoolMin:400]]
[2019.10.15-16.55.24:496][  0]LogConfig: Setting CVar [[r.LensFlareQuality:2]]
[2019.10.15-16.55.24:496][  0]LogConfig: Setting CVar [[r.SceneColorFringeQuality:1]]
[2019.10.15-16.55.24:496][  0]LogConfig: Setting CVar [[r.EyeAdaptationQuality:2]]
[2019.10.15-16.55.24:496][  0]LogConfig: Setting CVar [[r.BloomQuality:5]]
[2019.10.15-16.55.24:496][  0]LogConfig: Setting CVar [[r.FastBlurThreshold:100]]
[2019.10.15-16.55.24:496][  0]LogConfig: Setting CVar [[r.Upscale.Quality:3]]
[2019.10.15-16.55.24:497][  0]LogConfig: Setting CVar [[r.Tonemapper.GrainQuantization:1]]
[2019.10.15-16.55.24:497][  0]LogConfig: Setting CVar [[r.LightShaftQuality:1]]
[2019.10.15-16.55.24:497][  0]LogConfig: Setting CVar [[r.Filter.SizeScale:1]]
[2019.10.15-16.55.24:497][  0]LogConfig: Setting CVar [[r.Tonemapper.Quality:5]]
[2019.10.15-16.55.24:497][  0]LogConfig: Setting CVar [[r.DOF.Gather.AccumulatorQuality:1        ; higher gathering accumulator quality]]
[2019.10.15-16.55.24:497][  0]LogConfig: Setting CVar [[r.DOF.Gather.PostfilterMethod:1          ; Median3x3 postfilering method]]
[2019.10.15-16.55.24:497][  0]LogConfig: Setting CVar [[r.DOF.Gather.EnableBokehSettings:0       ; no bokeh simulation when gathering]]
[2019.10.15-16.55.24:497][  0]LogConfig: Setting CVar [[r.DOF.Gather.RingCount:4                 ; medium number of samples when gathering]]
[2019.10.15-16.55.24:497][  0]LogConfig: Setting CVar [[r.DOF.Scatter.ForegroundCompositing:1    ; additive foreground scattering]]
[2019.10.15-16.55.24:497][  0]LogConfig: Setting CVar [[r.DOF.Scatter.BackgroundCompositing:2    ; additive background scattering]]
[2019.10.15-16.55.24:497][  0]LogConfig: Setting CVar [[r.DOF.Scatter.EnableBokehSettings:1      ; bokeh simulation when scattering]]
[2019.10.15-16.55.24:497][  0]LogConfig: Setting CVar [[r.DOF.Scatter.MaxSpriteRatio:0.1         ; only a maximum of 10% of scattered bokeh]]
[2019.10.15-16.55.24:497][  0]LogConfig: Setting CVar [[r.DOF.Recombine.Quality:1                ; cheap slight out of focus]]
[2019.10.15-16.55.24:497][  0]LogConfig: Setting CVar [[r.DOF.Recombine.EnableBokehSettings:0    ; no bokeh simulation on slight out of focus]]
[2019.10.15-16.55.24:497][  0]LogConfig: Setting CVar [[r.DOF.TemporalAAQuality:1                ; more stable temporal accumulation]]
[2019.10.15-16.55.24:497][  0]LogConfig: Setting CVar [[r.DOF.Kernel.MaxForegroundRadius:0.025]]
[2019.10.15-16.55.24:497][  0]LogConfig: Setting CVar [[r.DOF.Kernel.MaxBackgroundRadius:0.025]]
[2019.10.15-16.55.24:497][  0]LogConfig: Applying CVar settings from Section [TextureQuality@3] File [D:/SchoolAndProjects/Programs/ETGG 3801_02 Realtime Interactive/Unreal Projects/lab 3/SpaceInvaders_Unreal/Saved/Config/Windows/Scalability.ini]
[2019.10.15-16.55.24:497][  0]LogConfig: Setting CVar [[r.Streaming.MipBias:0]]
[2019.10.15-16.55.24:497][  0]LogConfig: Setting CVar [[r.Streaming.AmortizeCPUToGPUCopy:0]]
[2019.10.15-16.55.24:497][  0]LogConfig: Setting CVar [[r.Streaming.MaxNumTexturesToStreamPerFrame:0]]
[2019.10.15-16.55.24:497][  0]LogConfig: Setting CVar [[r.Streaming.Boost:1]]
[2019.10.15-16.55.24:497][  0]LogConfig: Setting CVar [[r.MaxAnisotropy:8]]
[2019.10.15-16.55.24:497][  0]LogConfig: Setting CVar [[r.Streaming.LimitPoolSizeToVRAM:0]]
[2019.10.15-16.55.24:497][  0]LogConfig: Setting CVar [[r.Streaming.PoolSize:1000]]
[2019.10.15-16.55.24:497][  0]LogConfig: Setting CVar [[r.Streaming.MaxEffectiveScreenSize:0]]
[2019.10.15-16.55.24:497][  0]LogConfig: Applying CVar settings from Section [EffectsQuality@3] File [D:/SchoolAndProjects/Programs/ETGG 3801_02 Realtime Interactive/Unreal Projects/lab 3/SpaceInvaders_Unreal/Saved/Config/Windows/Scalability.ini]
[2019.10.15-16.55.24:497][  0]LogConfig: Setting CVar [[r.TranslucencyLightingVolumeDim:64]]
[2019.10.15-16.55.24:497][  0]LogConfig: Setting CVar [[r.RefractionQuality:2]]
[2019.10.15-16.55.24:497][  0]LogConfig: Setting CVar [[r.SSR.Quality:3]]
[2019.10.15-16.55.24:497][  0]LogConfig: Setting CVar [[r.SceneColorFormat:4]]
[2019.10.15-16.55.24:497][  0]LogConfig: Setting CVar [[r.DetailMode:2]]
[2019.10.15-16.55.24:497][  0]LogConfig: Setting CVar [[r.TranslucencyVolumeBlur:1]]
[2019.10.15-16.55.24:497][  0]LogConfig: Setting CVar [[r.MaterialQualityLevel:1 ; High quality]]
[2019.10.15-16.55.24:497][  0]LogConfig: Setting CVar [[r.SSS.Scale:1]]
[2019.10.15-16.55.24:497][  0]LogConfig: Setting CVar [[r.SSS.SampleSet:2]]
[2019.10.15-16.55.24:497][  0]LogConfig: Setting CVar [[r.SSS.Quality:1]]
[2019.10.15-16.55.24:497][  0]LogConfig: Setting CVar [[r.SSS.HalfRes:1]]
[2019.10.15-16.55.24:497][  0]LogConfig: Setting CVar [[r.EmitterSpawnRateScale:1.0]]
[2019.10.15-16.55.24:497][  0]LogConfig: Setting CVar [[r.ParticleLightQuality:2]]
[2019.10.15-16.55.24:497][  0]LogConfig: Applying CVar settings from Section [FoliageQuality@3] File [D:/SchoolAndProjects/Programs/ETGG 3801_02 Realtime Interactive/Unreal Projects/lab 3/SpaceInvaders_Unreal/Saved/Config/Windows/Scalability.ini]
[2019.10.15-16.55.24:497][  0]LogConfig: Setting CVar [[foliage.DensityScale:1.0]]
[2019.10.15-16.55.24:497][  0]LogConfig: Setting CVar [[grass.DensityScale:1.0]]
[2019.10.15-16.55.24:497][  0]LogInit: Selected Device Profile: [Windows]
[2019.10.15-16.55.24:497][  0]LogInit: Applying CVar settings loaded from the selected device profile: [Windows]
[2019.10.15-16.55.24:499][  0]LogHAL: Display: Platform has ~ 16 GB [17019035648 / 17179869184 / 16], which maps to Larger [LargestMinGB=32, LargerMinGB=12, DefaultMinGB=8, SmallerMinGB=6, SmallestMinGB=0)
[2019.10.15-16.55.24:499][  0]LogInit: Going up to parent DeviceProfile []
[2019.10.15-16.55.24:499][  0]LogConfig: Applying CVar settings from Section [ViewDistanceQuality@3] File [D:/SchoolAndProjects/Programs/ETGG 3801_02 Realtime Interactive/Unreal Projects/lab 3/SpaceInvaders_Unreal/Saved/Config/Windows/Scalability.ini]
[2019.10.15-16.55.24:499][  0]LogConfig: Setting CVar [[r.SkeletalMeshLODBias:0]]
[2019.10.15-16.55.24:499][  0]LogConfig: Setting CVar [[r.ViewDistanceScale:1.0]]
[2019.10.15-16.55.24:499][  0]LogConfig: Applying CVar settings from Section [AntiAliasingQuality@3] File [D:/SchoolAndProjects/Programs/ETGG 3801_02 Realtime Interactive/Unreal Projects/lab 3/SpaceInvaders_Unreal/Saved/Config/Windows/Scalability.ini]
[2019.10.15-16.55.24:499][  0]LogConfig: Setting CVar [[r.PostProcessAAQuality:4]]
[2019.10.15-16.55.24:499][  0]LogConfig: Applying CVar settings from Section [ShadowQuality@3] File [D:/SchoolAndProjects/Programs/ETGG 3801_02 Realtime Interactive/Unreal Projects/lab 3/SpaceInvaders_Unreal/Saved/Config/Windows/Scalability.ini]
[2019.10.15-16.55.24:499][  0]LogConfig: Setting CVar [[r.LightFunctionQuality:1]]
[2019.10.15-16.55.24:499][  0]LogConfig: Setting CVar [[r.ShadowQuality:5]]
[2019.10.15-16.55.24:499][  0]LogConfig: Setting CVar [[r.Shadow.CSM.MaxCascades:10]]
[2019.10.15-16.55.24:499][  0]LogConfig: Setting CVar [[r.Shadow.MaxResolution:2048]]
[2019.10.15-16.55.24:499][  0]LogConfig: Setting CVar [[r.Shadow.MaxCSMResolution:2048]]
[2019.10.15-16.55.24:499][  0]LogConfig: Setting CVar [[r.Shadow.RadiusThreshold:0.01]]
[2019.10.15-16.55.24:500][  0]LogConfig: Setting CVar [[r.Shadow.DistanceScale:1.0]]
[2019.10.15-16.55.24:500][  0]LogConfig: Setting CVar [[r.Shadow.CSM.TransitionScale:1.0]]
[2019.10.15-16.55.24:500][  0]LogConfig: Setting CVar [[r.Shadow.PreShadowResolutionFactor:1.0]]
[2019.10.15-16.55.24:500][  0]LogConfig: Setting CVar [[r.DistanceFieldShadowing:1]]
[2019.10.15-16.55.24:500][  0]LogConfig: Setting CVar [[r.DistanceFieldAO:1]]
[2019.10.15-16.55.24:500][  0]LogConfig: Setting CVar [[r.AOQuality:2]]
[2019.10.15-16.55.24:500][  0]LogConfig: Setting CVar [[r.VolumetricFog:1]]
[2019.10.15-16.55.24:500][  0]LogConfig: Setting CVar [[r.VolumetricFog.GridPixelSize:8]]
[2019.10.15-16.55.24:500][  0]LogConfig: Setting CVar [[r.VolumetricFog.GridSizeZ:128]]
[2019.10.15-16.55.24:500][  0]LogConfig: Setting CVar [[r.VolumetricFog.HistoryMissSupersampleCount:4]]
[2019.10.15-16.55.24:500][  0]LogConfig: Setting CVar [[r.LightMaxDrawDistanceScale:1]]
[2019.10.15-16.55.24:500][  0]LogConfig: Setting CVar [[r.CapsuleShadows:1]]
[2019.10.15-16.55.24:500][  0]LogConfig: Applying CVar settings from Section [PostProcessQuality@3] File [D:/SchoolAndProjects/Programs/ETGG 3801_02 Realtime Interactive/Unreal Projects/lab 3/SpaceInvaders_Unreal/Saved/Config/Windows/Scalability.ini]
[2019.10.15-16.55.24:500][  0]LogConfig: Setting CVar [[r.MotionBlurQuality:4]]
[2019.10.15-16.55.24:500][  0]LogConfig: Setting CVar [[r.AmbientOcclusionMipLevelFactor:0.4]]
[2019.10.15-16.55.24:500][  0]LogConfig: Setting CVar [[r.AmbientOcclusionMaxQuality:100]]
[2019.10.15-16.55.24:500][  0]LogConfig: Setting CVar [[r.AmbientOcclusionLevels:-1]]
[2019.10.15-16.55.24:500][  0]LogConfig: Setting CVar [[r.AmbientOcclusionRadiusScale:1.0]]
[2019.10.15-16.55.24:500][  0]LogConfig: Setting CVar [[r.DepthOfFieldQuality:2]]
[2019.10.15-16.55.24:500][  0]LogConfig: Setting CVar [[r.RenderTargetPoolMin:400]]
[2019.10.15-16.55.24:500][  0]LogConfig: Setting CVar [[r.LensFlareQuality:2]]
[2019.10.15-16.55.24:500][  0]LogConfig: Setting CVar [[r.SceneColorFringeQuality:1]]
[2019.10.15-16.55.24:500][  0]LogConfig: Setting CVar [[r.EyeAdaptationQuality:2]]
[2019.10.15-16.55.24:500][  0]LogConfig: Setting CVar [[r.BloomQuality:5]]
[2019.10.15-16.55.24:500][  0]LogConfig: Setting CVar [[r.FastBlurThreshold:100]]
[2019.10.15-16.55.24:500][  0]LogConfig: Setting CVar [[r.Upscale.Quality:3]]
[2019.10.15-16.55.24:500][  0]LogConfig: Setting CVar [[r.Tonemapper.GrainQuantization:1]]
[2019.10.15-16.55.24:500][  0]LogConfig: Setting CVar [[r.LightShaftQuality:1]]
[2019.10.15-16.55.24:500][  0]LogConfig: Setting CVar [[r.Filter.SizeScale:1]]
[2019.10.15-16.55.24:500][  0]LogConfig: Setting CVar [[r.Tonemapper.Quality:5]]
[2019.10.15-16.55.24:500][  0]LogConfig: Setting CVar [[r.DOF.Gather.AccumulatorQuality:1        ; higher gathering accumulator quality]]
[2019.10.15-16.55.24:500][  0]LogConfig: Setting CVar [[r.DOF.Gather.PostfilterMethod:1          ; Median3x3 postfilering method]]
[2019.10.15-16.55.24:500][  0]LogConfig: Setting CVar [[r.DOF.Gather.EnableBokehSettings:0       ; no bokeh simulation when gathering]]
[2019.10.15-16.55.24:500][  0]LogConfig: Setting CVar [[r.DOF.Gather.RingCount:4                 ; medium number of samples when gathering]]
[2019.10.15-16.55.24:500][  0]LogConfig: Setting CVar [[r.DOF.Scatter.ForegroundCompositing:1    ; additive foreground scattering]]
[2019.10.15-16.55.24:500][  0]LogConfig: Setting CVar [[r.DOF.Scatter.BackgroundCompositing:2    ; additive background scattering]]
[2019.10.15-16.55.24:500][  0]LogConfig: Setting CVar [[r.DOF.Scatter.EnableBokehSettings:1      ; bokeh simulation when scattering]]
[2019.10.15-16.55.24:500][  0]LogConfig: Setting CVar [[r.DOF.Scatter.MaxSpriteRatio:0.1         ; only a maximum of 10% of scattered bokeh]]
[2019.10.15-16.55.24:500][  0]LogConfig: Setting CVar [[r.DOF.Recombine.Quality:1                ; cheap slight out of focus]]
[2019.10.15-16.55.24:500][  0]LogConfig: Setting CVar [[r.DOF.Recombine.EnableBokehSettings:0    ; no bokeh simulation on slight out of focus]]
[2019.10.15-16.55.24:500][  0]LogConfig: Setting CVar [[r.DOF.TemporalAAQuality:1                ; more stable temporal accumulation]]
[2019.10.15-16.55.24:500][  0]LogConfig: Setting CVar [[r.DOF.Kernel.MaxForegroundRadius:0.025]]
[2019.10.15-16.55.24:500][  0]LogConfig: Setting CVar [[r.DOF.Kernel.MaxBackgroundRadius:0.025]]
[2019.10.15-16.55.24:500][  0]LogConfig: Applying CVar settings from Section [TextureQuality@3] File [D:/SchoolAndProjects/Programs/ETGG 3801_02 Realtime Interactive/Unreal Projects/lab 3/SpaceInvaders_Unreal/Saved/Config/Windows/Scalability.ini]
[2019.10.15-16.55.24:500][  0]LogConfig: Setting CVar [[r.Streaming.MipBias:0]]
[2019.10.15-16.55.24:500][  0]LogConfig: Setting CVar [[r.Streaming.AmortizeCPUToGPUCopy:0]]
[2019.10.15-16.55.24:500][  0]LogConfig: Setting CVar [[r.Streaming.MaxNumTexturesToStreamPerFrame:0]]
[2019.10.15-16.55.24:500][  0]LogConfig: Setting CVar [[r.Streaming.Boost:1]]
[2019.10.15-16.55.24:500][  0]LogConfig: Setting CVar [[r.MaxAnisotropy:8]]
[2019.10.15-16.55.24:500][  0]LogConfig: Setting CVar [[r.Streaming.LimitPoolSizeToVRAM:0]]
[2019.10.15-16.55.24:500][  0]LogConfig: Setting CVar [[r.Streaming.PoolSize:1000]]
[2019.10.15-16.55.24:500][  0]LogConfig: Setting CVar [[r.Streaming.MaxEffectiveScreenSize:0]]
[2019.10.15-16.55.24:500][  0]LogConfig: Applying CVar settings from Section [EffectsQuality@3] File [D:/SchoolAndProjects/Programs/ETGG 3801_02 Realtime Interactive/Unreal Projects/lab 3/SpaceInvaders_Unreal/Saved/Config/Windows/Scalability.ini]
[2019.10.15-16.55.24:500][  0]LogConfig: Setting CVar [[r.TranslucencyLightingVolumeDim:64]]
[2019.10.15-16.55.24:500][  0]LogConfig: Setting CVar [[r.RefractionQuality:2]]
[2019.10.15-16.55.24:500][  0]LogConfig: Setting CVar [[r.SSR.Quality:3]]
[2019.10.15-16.55.24:500][  0]LogConfig: Setting CVar [[r.SceneColorFormat:4]]
[2019.10.15-16.55.24:500][  0]LogConfig: Setting CVar [[r.DetailMode:2]]
[2019.10.15-16.55.24:500][  0]LogConfig: Setting CVar [[r.TranslucencyVolumeBlur:1]]
[2019.10.15-16.55.24:500][  0]LogConfig: Setting CVar [[r.MaterialQualityLevel:1 ; High quality]]
[2019.10.15-16.55.24:500][  0]LogConfig: Setting CVar [[r.SSS.Scale:1]]
[2019.10.15-16.55.24:500][  0]LogConfig: Setting CVar [[r.SSS.SampleSet:2]]
[2019.10.15-16.55.24:500][  0]LogConfig: Setting CVar [[r.SSS.Quality:1]]
[2019.10.15-16.55.24:500][  0]LogConfig: Setting CVar [[r.SSS.HalfRes:1]]
[2019.10.15-16.55.24:500][  0]LogConfig: Setting CVar [[r.EmitterSpawnRateScale:1.0]]
[2019.10.15-16.55.24:500][  0]LogConfig: Setting CVar [[r.ParticleLightQuality:2]]
[2019.10.15-16.55.24:500][  0]LogConfig: Applying CVar settings from Section [FoliageQuality@3] File [D:/SchoolAndProjects/Programs/ETGG 3801_02 Realtime Interactive/Unreal Projects/lab 3/SpaceInvaders_Unreal/Saved/Config/Windows/Scalability.ini]
[2019.10.15-16.55.24:500][  0]LogConfig: Setting CVar [[foliage.DensityScale:1.0]]
[2019.10.15-16.55.24:500][  0]LogConfig: Setting CVar [[grass.DensityScale:1.0]]
[2019.10.15-16.55.24:500][  0]LogConfig: Applying CVar settings from Section [Startup] File [../../../Engine/Config/ConsoleVariables.ini]
[2019.10.15-16.55.24:500][  0]LogConfig: Setting CVar [[net.UseAdaptiveNetUpdateFrequency:0]]
[2019.10.15-16.55.24:500][  0]LogConfig: Setting CVar [[p.chaos.AllowCreatePhysxBodies:1]]
[2019.10.15-16.55.24:500][  0]LogConfig: Applying CVar settings from Section [ConsoleVariables] File [D:/SchoolAndProjects/Programs/ETGG 3801_02 Realtime Interactive/Unreal Projects/lab 3/SpaceInvaders_Unreal/Saved/Config/Windows/Engine.ini]
[2019.10.15-16.55.24:501][  0]LogInit: Computer: DESKTOP-ET2RN54
[2019.10.15-16.55.24:501][  0]LogInit: User: Thoma
[2019.10.15-16.55.24:501][  0]LogInit: CPU Page size=4096, Cores=6
[2019.10.15-16.55.24:501][  0]LogInit: High frequency timer resolution =10.000000 MHz
[2019.10.15-16.55.24:501][  0]LogMemory: Memory total: Physical=15.9GB (16GB approx)
[2019.10.15-16.55.24:501][  0]LogMemory: Platform Memory Stats for Windows
[2019.10.15-16.55.24:501][  0]LogMemory: Process Physical Memory: 100.05 MB used, 100.05 MB peak
[2019.10.15-16.55.24:501][  0]LogMemory: Process Virtual Memory: 101.43 MB used, 101.43 MB peak
[2019.10.15-16.55.24:501][  0]LogMemory: Physical Memory: 5527.55 MB used,  10703.06 MB free, 16230.62 MB total
[2019.10.15-16.55.24:501][  0]LogMemory: Virtual Memory: 4701.03 MB used,  134213024.00 MB free, 134217728.00 MB total
[2019.10.15-16.55.24:503][  0]LogWindows: WindowsPlatformFeatures enabled
[2019.10.15-16.55.24:525][  0]LogInit: Using OS detected language (en-US).
[2019.10.15-16.55.24:525][  0]LogInit: Using OS detected locale (en-US).
[2019.10.15-16.55.24:525][  0]LogTextLocalizationManager: No specific localization for 'en-US' exists, so the 'en' localization will be used.
[2019.10.15-16.55.24:664][  0]LogInit: Setting process to per monitor DPI aware
[2019.10.15-16.55.24:690][  0]LogSlate: New Slate User Created.  User Index 0, Is Virtual User: 0
[2019.10.15-16.55.24:690][  0]LogSlate: Slate User Registered.  User Index 0, Is Virtual User: 0
[2019.10.15-16.55.24:849][  0]LogHMD: Failed to initialize OpenVR with code 110
[2019.10.15-16.55.24:849][  0]LogD3D11RHI: D3D11 adapters:
[2019.10.15-16.55.24:909][  0]LogD3D11RHI:    0. 'NVIDIA GeForce GTX 1050 Ti with Max-Q Design' (Feature Level 11_0)
[2019.10.15-16.55.24:909][  0]LogD3D11RHI:       4021/0/8115 MB DedicatedVideo/DedicatedSystem/SharedSystem, Outputs:1, VendorId:0x10de
[2019.10.15-16.55.24:919][  0]LogD3D11RHI:    1. 'Intel(R) UHD Graphics 630' (Feature Level 11_0)
[2019.10.15-16.55.24:919][  0]LogD3D11RHI:       128/0/8115 MB DedicatedVideo/DedicatedSystem/SharedSystem, Outputs:0, VendorId:0x8086
[2019.10.15-16.55.24:921][  0]LogD3D11RHI:    2. 'Microsoft Basic Render Driver' (Feature Level 11_0)
[2019.10.15-16.55.24:921][  0]LogD3D11RHI:       0/0/8115 MB DedicatedVideo/DedicatedSystem/SharedSystem, Outputs:0, VendorId:0x1414
[2019.10.15-16.55.24:921][  0]LogD3D11RHI: Chosen D3D11 Adapter: 0
[2019.10.15-16.55.24:947][  0]LogD3D11RHI: Creating new Direct3DDevice
[2019.10.15-16.55.24:947][  0]LogD3D11RHI:     GPU DeviceId: 0x1c8f (for the marketing name, search the web for "GPU Device Id")
[2019.10.15-16.55.24:948][  0]LogWindows: EnumDisplayDevices:
[2019.10.15-16.55.24:948][  0]LogWindows:    0. 'Intel(R) UHD Graphics 630' (P:1 D:1)
[2019.10.15-16.55.24:948][  0]LogWindows:    1. 'Intel(R) UHD Graphics 630' (P:0 D:0)
[2019.10.15-16.55.24:948][  0]LogWindows:    2. 'Intel(R) UHD Graphics 630' (P:0 D:0)
[2019.10.15-16.55.24:948][  0]LogWindows: DebugString: PrimaryIsNotTheChoosenAdapter PrimaryIsNotTheChoosenAdapter PrimaryIsNotTheChoosenAdapter FoundDriverCount:0 
[2019.10.15-16.55.24:948][  0]LogD3D11RHI:     Adapter Name: NVIDIA GeForce GTX 1050 Ti with Max-Q Design
[2019.10.15-16.55.24:948][  0]LogD3D11RHI:   Driver Version: Unknown (internal:Unknown, unified:Unknown)
[2019.10.15-16.55.24:948][  0]LogD3D11RHI:      Driver Date: Unknown
[2019.10.15-16.55.24:948][  0]LogRHI: Texture pool is 2814 MB (70% of 4021 MB)
[2019.10.15-16.55.24:983][  0]LogD3D11RHI: Async texture creation enabled
[2019.10.15-16.55.25:003][  0]LogD3D11RHI: GPU Timing Frequency: 1000.000000 (Debug: 2 1)
[2019.10.15-16.55.25:274][  0]LogTemp: Display: Module 'AllDesktopTargetPlatform' loaded TargetPlatform 'AllDesktop'
[2019.10.15-16.55.25:281][  0]LogTemp: Display: Module 'MacClientTargetPlatform' loaded TargetPlatform 'MacClient'
[2019.10.15-16.55.25:289][  0]LogTemp: Display: Module 'MacNoEditorTargetPlatform' loaded TargetPlatform 'MacNoEditor'
[2019.10.15-16.55.25:296][  0]LogTemp: Display: Module 'MacServerTargetPlatform' loaded TargetPlatform 'MacServer'
[2019.10.15-16.55.25:305][  0]LogTemp: Display: Module 'MacTargetPlatform' loaded TargetPlatform 'Mac'
[2019.10.15-16.55.25:313][  0]LogTemp: Display: Module 'WindowsClientTargetPlatform' loaded TargetPlatform 'WindowsClient'
[2019.10.15-16.55.25:324][  0]LogTemp: Display: Module 'WindowsNoEditorTargetPlatform' loaded TargetPlatform 'WindowsNoEditor'
[2019.10.15-16.55.25:332][  0]LogTemp: Display: Module 'WindowsServerTargetPlatform' loaded TargetPlatform 'WindowsServer'
[2019.10.15-16.55.25:337][  0]LogTemp: Display: Module 'WindowsTargetPlatform' loaded TargetPlatform 'Windows'
[2019.10.15-16.55.25:368][  0]LogTemp: Display: Module 'AndroidTargetPlatform' loaded TargetPlatform 'Android'
[2019.10.15-16.55.25:368][  0]LogTemp: Display: Module 'AndroidTargetPlatform' loaded TargetPlatform 'Android_ASTC'
[2019.10.15-16.55.25:368][  0]LogTemp: Display: Module 'AndroidTargetPlatform' loaded TargetPlatform 'Android_ATC'
[2019.10.15-16.55.25:368][  0]LogTemp: Display: Module 'AndroidTargetPlatform' loaded TargetPlatform 'Android_DXT'
[2019.10.15-16.55.25:368][  0]LogTemp: Display: Module 'AndroidTargetPlatform' loaded TargetPlatform 'Android_ETC1'
[2019.10.15-16.55.25:368][  0]LogTemp: Display: Module 'AndroidTargetPlatform' loaded TargetPlatform 'Android_ETC1a'
[2019.10.15-16.55.25:368][  0]LogTemp: Display: Module 'AndroidTargetPlatform' loaded TargetPlatform 'Android_ETC2'
[2019.10.15-16.55.25:368][  0]LogTemp: Display: Module 'AndroidTargetPlatform' loaded TargetPlatform 'Android_PVRTC'
[2019.10.15-16.55.25:368][  0]LogTemp: Display: Module 'AndroidTargetPlatform' loaded TargetPlatform 'AndroidClient'
[2019.10.15-16.55.25:368][  0]LogTemp: Display: Module 'AndroidTargetPlatform' loaded TargetPlatform 'Android_ASTCClient'
[2019.10.15-16.55.25:368][  0]LogTemp: Display: Module 'AndroidTargetPlatform' loaded TargetPlatform 'Android_ATCClient'
[2019.10.15-16.55.25:368][  0]LogTemp: Display: Module 'AndroidTargetPlatform' loaded TargetPlatform 'Android_DXTClient'
[2019.10.15-16.55.25:368][  0]LogTemp: Display: Module 'AndroidTargetPlatform' loaded TargetPlatform 'Android_ETC1Client'
[2019.10.15-16.55.25:368][  0]LogTemp: Display: Module 'AndroidTargetPlatform' loaded TargetPlatform 'Android_ETC1aClient'
[2019.10.15-16.55.25:368][  0]LogTemp: Display: Module 'AndroidTargetPlatform' loaded TargetPlatform 'Android_ETC2Client'
[2019.10.15-16.55.25:368][  0]LogTemp: Display: Module 'AndroidTargetPlatform' loaded TargetPlatform 'Android_PVRTCClient'
[2019.10.15-16.55.25:368][  0]LogTemp: Display: Module 'AndroidTargetPlatform' loaded TargetPlatform 'Android_Multi'
[2019.10.15-16.55.25:368][  0]LogTemp: Display: Module 'AndroidTargetPlatform' loaded TargetPlatform 'Android_MultiClient'
[2019.10.15-16.55.25:369][  0]LogTemp: Display: Module 'HTML5TargetPlatform' loaded TargetPlatform 'HTML5'
[2019.10.15-16.55.25:385][  0]LogTemp: Display: Module 'IOSTargetPlatform' loaded TargetPlatform 'IOSClient'
[2019.10.15-16.55.25:385][  0]LogTemp: Display: Module 'IOSTargetPlatform' loaded TargetPlatform 'IOS'
[2019.10.15-16.55.25:396][  0]LogTemp: Display: Module 'TVOSTargetPlatform' loaded TargetPlatform 'TVOSClient'
[2019.10.15-16.55.25:396][  0]LogTemp: Display: Module 'TVOSTargetPlatform' loaded TargetPlatform 'TVOS'
[2019.10.15-16.55.25:402][  0]LogTemp: Display: Module 'LinuxClientTargetPlatform' loaded TargetPlatform 'LinuxClient'
[2019.10.15-16.55.25:407][  0]LogTemp: Display: Module 'LinuxNoEditorTargetPlatform' loaded TargetPlatform 'LinuxNoEditor'
[2019.10.15-16.55.25:413][  0]LogTemp: Display: Module 'LinuxServerTargetPlatform' loaded TargetPlatform 'LinuxServer'
[2019.10.15-16.55.25:420][  0]LogTemp: Display: Module 'LinuxTargetPlatform' loaded TargetPlatform 'Linux'
[2019.10.15-16.55.25:440][  0]LogTemp: Display: Module 'LuminTargetPlatform' loaded TargetPlatform 'Lumin'
[2019.10.15-16.55.25:440][  0]LogTemp: Display: Module 'LuminTargetPlatform' loaded TargetPlatform 'LuminClient'
[2019.10.15-16.55.25:440][  0]LogTargetPlatformManager: Display: Building Assets For Windows
[2019.10.15-16.55.25:448][  0]LogAudioDebug: Display: Lib vorbis DLL was dynamically loaded.
[2019.10.15-16.55.25:496][  0]LogShaderCompilers: Guid format shader working directory is -61 characters bigger than the processId version (D:/SchoolAndProjects/Programs/ETGG 3801_02 Realtime Interactive/Unreal Projects/lab 3/SpaceInvaders_Unreal/Intermediate/Shaders/WorkingDirectory/32188/).
[2019.10.15-16.55.25:497][  0]LogShaderCompilers: Cleaned the shader compiler working directory 'C:/Users/Thoma/AppData/Local/Temp/UnrealShaderWorkingDir/9CCD6F1642CECC3B98F6199F14276614/'.
[2019.10.15-16.55.25:499][  0]LogXGEController: Cannot use XGE Controller as Incredibuild is not installed on this machine.
[2019.10.15-16.55.25:499][  0]LogShaderCompilers: Cannot use XGE Shader Compiler as Incredibuild is not installed on this machine.
[2019.10.15-16.55.25:499][  0]LogShaderCompilers: Display: Using Local Shader Compiler.
[2019.10.15-16.55.26:013][  0]LogDerivedDataCache: Display: Max Cache Size: 512 MB
[2019.10.15-16.55.26:055][  0]LogDerivedDataCache: Loaded boot cache 0.04s 73MB C:/Users/Thoma/AppData/Local/UnrealEngine/4.23/DerivedDataCache/Boot.ddc.
[2019.10.15-16.55.26:055][  0]LogDerivedDataCache: Display: Loaded Boot cache: C:/Users/Thoma/AppData/Local/UnrealEngine/4.23/DerivedDataCache/Boot.ddc
[2019.10.15-16.55.26:055][  0]LogDerivedDataCache: FDerivedDataBackendGraph:  Pak pak cache file D:/SchoolAndProjects/Programs/ETGG 3801_02 Realtime Interactive/Unreal Projects/lab 3/SpaceInvaders_Unreal/DerivedDataCache/DDC.ddp not found, will not use a pak cache.
[2019.10.15-16.55.26:055][  0]LogDerivedDataCache: Unable to find inner node Pak for hierarchical cache Hierarchy.
[2019.10.15-16.55.26:055][  0]LogDerivedDataCache: FDerivedDataBackendGraph:  CompressedPak pak cache file D:/SchoolAndProjects/Programs/ETGG 3801_02 Realtime Interactive/Unreal Projects/lab 3/SpaceInvaders_Unreal/DerivedDataCache/Compressed.ddp not found, will not use a pak cache.
[2019.10.15-16.55.26:055][  0]LogDerivedDataCache: Unable to find inner node CompressedPak for hierarchical cache Hierarchy.
[2019.10.15-16.55.26:065][  0]LogDerivedDataCache: Display: Pak cache opened for reading ../../../Engine/DerivedDataCache/Compressed.ddp.
[2019.10.15-16.55.26:065][  0]LogDerivedDataCache: FDerivedDataBackendGraph:  EnterprisePak pak cache file ../../../Enterprise/DerivedDataCache/Compressed.ddp not found, will not use a pak cache.
[2019.10.15-16.55.26:065][  0]LogDerivedDataCache: Unable to find inner node EnterprisePak for hierarchical cache Hierarchy.
[2019.10.15-16.55.26:066][  0]LogDerivedDataCache: Using Local data cache path C:/Users/Thoma/AppData/Local/UnrealEngine/Common/DerivedDataCache: Writable
[2019.10.15-16.55.26:066][  0]LogDerivedDataCache: Shared data cache path not found in *engine.ini, will not use an Shared cache.
[2019.10.15-16.55.26:066][  0]LogDerivedDataCache: Unable to find inner node Shared for hierarchical cache Hierarchy.
[2019.10.15-16.55.26:083][  0]LogMaterial: Verifying Global Shaders for PCD3D_SM5
[2019.10.15-16.55.26:085][  0]LogSlate: Using FreeType 2.6.0
[2019.10.15-16.55.26:086][  0]LogSlate: SlateFontServices - WITH_FREETYPE: 1, WITH_HARFBUZZ: 1
[2019.10.15-16.55.26:131][  0]LogAssetRegistry: FAssetRegistry took 0.0020 seconds to start up
[2019.10.15-16.55.26:338][  0]LogInit: Selected Device Profile: [Windows]
[2019.10.15-16.55.26:480][  0]LogMeshReduction: Using QuadricMeshReduction for automatic static mesh reduction
[2019.10.15-16.55.26:480][  0]LogMeshReduction: Using SimplygonMeshReduction for automatic skeletal mesh reduction
[2019.10.15-16.55.26:480][  0]LogMeshReduction: Using ProxyLODMeshReduction for automatic mesh merging
[2019.10.15-16.55.26:480][  0]LogMeshReduction: No distributed automatic mesh merging module available
[2019.10.15-16.55.26:480][  0]LogMeshMerging: No distributed automatic mesh merging module available
[2019.10.15-16.55.26:489][  0]LogNetVersion: SpaceInvaders_Unreal 1.0.0, NetCL: 8386587, EngineNetVer: 11, GameNetVer: 0 (Checksum: 2166815601)
[2019.10.15-16.55.26:842][  0]LogPackageLocalizationCache: Processed 12 localized package path(s) for 1 prioritized culture(s) in 0.049282 seconds
[2019.10.15-16.55.26:847][  0]LogUObjectArray: 43444 objects as part of root set at end of initial load.
[2019.10.15-16.55.26:847][  0]LogUObjectAllocator: 7548648 out of 0 bytes used by permanent object pool.
[2019.10.15-16.55.26:847][  0]LogUObjectArray: CloseDisregardForGC: 0/0 objects in disregard for GC pool
[2019.10.15-16.55.27:545][  0]LogTcpMessaging: Initializing TcpMessaging bridge
[2019.10.15-16.55.27:547][  0]LogUdpMessaging: Initializing bridge on interface 0.0.0.0:0 to multicast group 230.0.0.1:6666.
[2019.10.15-16.55.27:717][  0]SourceControl: Source control is disabled
[2019.10.15-16.55.27:718][  0]SourceControl: Source control is disabled
[2019.10.15-16.55.27:719][  0]SourceControl: Source control is disabled
[2019.10.15-16.55.27:720][  0]SourceControl: Source control is disabled
[2019.10.15-16.55.27:796][  0]LogAndroidPermission: UAndroidPermissionCallbackProxy::GetInstance
[2019.10.15-16.55.27:887][  0]LogOcInput: OculusInput pre-init called
[2019.10.15-16.55.27:893][  0]LogWindows: Failed to load 'OVRPlugin.dll' (GetLastError=126)
[2019.10.15-16.55.27:893][  0]LogWindows: File 'OVRPlugin.dll' does not exist
[2019.10.15-16.55.27:949][  0]LogEngine: Initializing Engine...
[2019.10.15-16.55.27:950][  0]LogHMD: Failed to initialize OpenVR with code 110
[2019.10.15-16.55.27:951][  0]LogStats: UGameplayTagsManager::InitializeManager -  0.000 s
[2019.10.15-16.55.28:142][  0]LogInit: Initializing FReadOnlyCVARCache
[2019.10.15-16.55.28:154][  0]LogAIModule: Creating AISystem for world Untitled
[2019.10.15-16.55.28:172][  0]LogInit: XAudio2 using 'Speakers (Realtek(R) Audio)' : 2 channels at 48 kHz using 32 bits per sample (channel mask 0x3)
[2019.10.15-16.55.28:287][  0]LogInit: FAudioDevice initialized.
[2019.10.15-16.55.28:287][  0]LogNetVersion: Set ProjectVersion to 1.0.0.0. Version Checksum will be recalculated on next use.
[2019.10.15-16.55.28:331][  0]LogDerivedDataCache: Saved boot cache 0.04s 73MB C:/Users/Thoma/AppData/Local/UnrealEngine/4.23/DerivedDataCache/Boot.ddc.
[2019.10.15-16.55.28:338][  0]LogInit: Texture streaming: Enabled
[2019.10.15-16.55.28:356][  0]LogEngineSessionManager: EngineSessionManager initialized
[2019.10.15-16.55.28:392][  0]LogInit: Transaction tracking system initialized
[2019.10.15-16.55.28:422][  0]BlueprintLog: New page: Editor Load
[2019.10.15-16.55.28:494][  0]LocalizationService: Localization service is disabled
[2019.10.15-16.55.28:704][  0]LogCook: Display: Max memory allowance for cook 16384mb min free memory 0mb
[2019.10.15-16.55.28:704][  0]LogCook: Display: Mobile HDR setting 1
[2019.10.15-16.55.28:875][  0]LogFileCache: Scanning file cache for directory 'D:/SchoolAndProjects/Programs/ETGG 3801_02 Realtime Interactive/Unreal Projects/lab 3/SpaceInvaders_Unreal/Content/' took 0.01s
[2019.10.15-16.55.28:875][  0]SourceControl: Source control is disabled
[2019.10.15-16.55.28:875][  0]Cmd: MAP LOAD FILE="D:/SchoolAndProjects/Programs/ETGG 3801_02 Realtime Interactive/Unreal Projects/lab 3/SpaceInvaders_Unreal/Content/GameScene.umap" TEMPLATE=0 SHOWPROGRESS=1 FEATURELEVEL=3
[2019.10.15-16.55.28:876][  0]LightingResults: New page: Lighting Build
[2019.10.15-16.55.28:879][  0]LogWorld: UWorld::CleanupWorld for Untitled, bSessionEnded=true, bCleanupResources=true
[2019.10.15-16.55.28:879][  0]MapCheck: New page: Map Check
[2019.10.15-16.55.28:879][  0]LightingResults: New page: Lighting Build
[2019.10.15-16.55.28:914][  0]LogUObjectHash: Compacting FUObjectHashTables data took   1.76ms
[2019.10.15-16.55.30:316][  0]LogAIModule: Creating AISystem for world GameScene
[2019.10.15-16.55.32:331][  0]LogEditorServer: Finished looking for orphan Actors (0.000 secs)
[2019.10.15-16.55.32:379][  0]LogUObjectHash: Compacting FUObjectHashTables data took   2.09ms
[2019.10.15-16.55.32:379][  0]Cmd: MAP CHECKDEP NOCLEARLOG
[2019.10.15-16.55.32:379][  0]MapCheck: Map check complete: 0 Error(s), 0 Warning(s), took 0.088ms to complete.
[2019.10.15-16.55.32:379][  0]LogFileHelpers: Loading map 'GameScene' took 3.504
[2019.10.15-16.55.32:496][  0]LogSlate: Updating window title bar state: overlay mode, drag disabled, window buttons hidden, title bar hidden
[2019.10.15-16.55.32:504][  0]LogSlate: Updating window title bar state: overlay mode, drag disabled, window buttons hidden, title bar hidden
[2019.10.15-16.55.32:510][  0]LogSlate: Updating window title bar state: overlay mode, drag disabled, window buttons hidden, title bar hidden
[2019.10.15-16.55.32:517][  0]LogSlate: Updating window title bar state: overlay mode, drag disabled, window buttons hidden, title bar hidden
[2019.10.15-16.55.32:529][  0]LogCollectionManager: Loaded 0 collections in 0.002037 seconds
[2019.10.15-16.55.32:545][  0]LogFileCache: Scanning file cache for directory 'D:/SchoolAndProjects/Programs/ETGG 3801_02 Realtime Interactive/Unreal Projects/lab 3/SpaceInvaders_Unreal/Saved/Collections/' took 0.00s
[2019.10.15-16.55.32:546][  0]LogFileCache: Scanning file cache for directory 'D:/SchoolAndProjects/Programs/ETGG 3801_02 Realtime Interactive/Unreal Projects/lab 3/SpaceInvaders_Unreal/Content/Developers/Thoma/Collections/' took 0.00s
[2019.10.15-16.55.32:546][  0]LogFileCache: Scanning file cache for directory 'D:/SchoolAndProjects/Programs/ETGG 3801_02 Realtime Interactive/Unreal Projects/lab 3/SpaceInvaders_Unreal/Content/Collections/' took 0.00s
[2019.10.15-16.55.32:546][  0]LogCollectionManager: Rebuilt the GUID cache for 0 collections in 0.000003 seconds
[2019.10.15-16.55.32:556][  0]LogContentBrowser: Native class hierarchy populated in 0.0084 seconds. Added 2864 classes and 683 folders.
[2019.10.15-16.55.32:569][  0]LogContentBrowser: Native class hierarchy updated for 'WidgetCarousel' in 0.0004 seconds. Added 0 classes and 0 folders.
[2019.10.15-16.55.32:732][  0]LogContentBrowser: Native class hierarchy updated for 'AddContentDialog' in 0.0003 seconds. Added 0 classes and 0 folders.
[2019.10.15-16.55.32:745][  0]LogContentBrowser: Native class hierarchy updated for 'SceneOutliner' in 0.0004 seconds. Added 1 classes and 2 folders.
[2019.10.15-16.55.32:887][  0]LogSlate: Took 0.000141 seconds to synchronously load lazily loaded font '../../../Engine/Content/Slate/Fonts/Roboto-Regular.ttf' (155K)
[2019.10.15-16.55.32:890][  0]LogSlate: Took 0.000178 seconds to synchronously load lazily loaded font '../../../Engine/Content/Slate/Fonts/Roboto-Bold.ttf' (160K)
[2019.10.15-16.55.32:898][  0]LogSlate: Took 0.001505 seconds to synchronously load lazily loaded font '../../../Engine/Content/Editor/Slate/Fonts/FontAwesome.ttf' (139K)
[2019.10.15-16.55.32:976][  0]LogRenderer: Reallocating scene render targets to support 1016x520 Format 10 NumSamples 1 (Frame:1).
[2019.10.15-16.55.33:062][  0]LogSlate: Took 0.001492 seconds to synchronously load lazily loaded font '../../../Engine/Content/Slate/Fonts/Roboto-Light.ttf' (167K)
[2019.10.15-16.55.33:170][  0]LogContentBrowser: Native class hierarchy updated for 'HierarchicalLODOutliner' in 0.0004 seconds. Added 0 classes and 0 folders.
[2019.10.15-16.55.33:170][  0]LogLoad: (Engine Initialization) Total time: 9.90 seconds
[2019.10.15-16.55.33:170][  0]LogLoad: (Engine Initialization) Total Blueprint compile time: 0.00 seconds
[2019.10.15-16.55.33:267][  0]LogContentStreaming: Texture pool size now 1000 MB
[2019.10.15-16.55.33:471][  4]LogAssetRegistry: Asset discovery search completed in 7.3400 seconds
[2019.10.15-16.55.33:475][  4]LogCollectionManager: Rebuilt the object cache for 0 collections in 0.000006 seconds (found 0 objects)
[2019.10.15-16.55.33:475][  4]LogCollectionManager: Fixed up redirectors for 0 collections in 0.000061 seconds (updated 0 objects)
[2019.10.15-16.57.40:807][475]LogSlate: FSceneViewport::OnFocusLost() reason 0
[2019.10.15-16.58.29:115][221]LogSlate: FSceneViewport::OnFocusLost() reason 0
[2019.10.15-17.00.43:884][528]LogActorFactory: Actor Factory created FaunaSpawner
[2019.10.15-17.00.45:089][668]LogActorFactory: Actor Factory created FaunaSpawner
[2019.10.15-17.01.11:820][844]Cmd: SELECT NONE
[2019.10.15-17.01.12:539][928]LogEditorViewport: Clicking on Actor (LMB): Landscape (SurroundingLandscape)
[2019.10.15-17.01.13:053][986]LogEditorViewport: Clicking on Actor (LMB): ProceduralFoliageVolume (FaunaSpawner)
[2019.10.15-17.01.14:407][144]LogEditorViewport: Clicking on Actor (LMB): Landscape (SurroundingLandscape)
[2019.10.15-17.01.15:067][220]LogEditorViewport: Clicking on Actor (LMB): Landscape (SurroundingLandscape)
[2019.10.15-17.01.15:585][280]LogEditorViewport: Clicking on Actor (LMB): ProceduralFoliageVolume (FaunaSpawner)
[2019.10.15-17.01.37:680][916]LogSlate: FSceneViewport::OnFocusLost() reason 0
[2019.10.15-17.03.26:886][995]LogSlate: Took 0.000173 seconds to synchronously load lazily loaded font '../../../Engine/Content/Slate/Fonts/Roboto-Light.ttf' (167K)
[2019.10.15-17.03.26:896][995]LogAssetEditorManager: Opening Asset editor for ProceduralFoliageSpawner /Game/FaunaSpawner.FaunaSpawner
[2019.10.15-17.04.01:568][156]LogSlate: Window 'Save Asset As' being destroyed
[2019.10.15-17.04.02:331][234]LogSlate: Window 'FaunaSpawner' being destroyed
[2019.10.15-17.04.02:335][234]LogSlate: Window 'FaunaSpawner' being destroyed
[2019.10.15-17.05.18:482][ 33]LogSavePackage: Moving 'D:/SchoolAndProjects/Programs/ETGG 3801_02 Realtime Interactive/Unreal Projects/lab 3/SpaceInvaders_Unreal/Saved/FaunaSpawner4FFA8A2741DEE011B5F4BCB7486A5384.tmp' to 'D:/SchoolAndProjects/Programs/ETGG 3801_02 Realtime Interactive/Unreal Projects/lab 3/SpaceInvaders_Unreal/Content/FoliageGeneration/FaunaSpawner.uasset'
[2019.10.15-17.05.18:644][ 33]LogUObjectHash: Compacting FUObjectHashTables data took   1.50ms
[2019.10.15-17.05.18:673][ 33]LogUObjectHash: Compacting FUObjectHashTables data took   1.40ms
[2019.10.15-17.05.18:698][ 33]LogUObjectHash: Compacting FUObjectHashTables data took   0.58ms
[2019.10.15-17.06.38:157][805]LogSlate: Window 'Editor Preferences' being destroyed
[2019.10.15-17.06.38:160][805]LogSlate: Window 'Editor Preferences' being destroyed
[2019.10.15-17.07.25:087][777]LogUObjectHash: Compacting FUObjectHashTables data took   1.19ms
[2019.10.15-17.07.34:202][777]LogSlate: Window 'Delete Assets' being destroyed
[2019.10.15-17.07.34:284][777]LogUObjectHash: Compacting FUObjectHashTables data took   0.97ms
[2019.10.15-17.08.27:545][249]LogUObjectHash: Compacting FUObjectHashTables data took   0.60ms
[2019.10.15-17.08.28:606][249]LogSavePackage: Moving 'D:/SchoolAndProjects/Programs/ETGG 3801_02 Realtime Interactive/Unreal Projects/lab 3/SpaceInvaders_Unreal/Saved/GameScene_Auto1CB3D3FF146526AB744515F9C8688FEDC.tmp' to 'D:/SchoolAndProjects/Programs/ETGG 3801_02 Realtime Interactive/Unreal Projects/lab 3/SpaceInvaders_Unreal/Saved/Autosaves/Game/GameScene_Auto1.umap'
[2019.10.15-17.08.28:624][249]LogFileHelpers: Editor autosave (incl. sublevels) for '/Game/GameScene' took 1.105
[2019.10.15-17.08.28:624][249]LogFileHelpers: Editor autosave (incl. sublevels) for all levels took 1.105
[2019.10.15-17.10.30:061][731]LogAssetEditorManager: Opening Asset editor for ProceduralFoliageSpawner /Game/FoliageGeneration/FaunaSpawner.FaunaSpawner
[2019.10.15-17.10.45:781][574]LogSavePackage: Moving 'D:/SchoolAndProjects/Programs/ETGG 3801_02 Realtime Interactive/Unreal Projects/lab 3/SpaceInvaders_Unreal/Saved/FaunaSpawner66D713814715BFDA3980EE90E829F9B6.tmp' to 'D:/SchoolAndProjects/Programs/ETGG 3801_02 Realtime Interactive/Unreal Projects/lab 3/SpaceInvaders_Unreal/Content/FoliageGeneration/FaunaSpawner.uasset'
[2019.10.15-17.10.49:064][959]LogSlate: Window 'FaunaSpawner' being destroyed
[2019.10.15-17.10.49:068][959]LogSlate: Window 'FaunaSpawner' being destroyed
[2019.10.15-17.10.51:209][213]LogAssetEditorManager: Opening Asset editor for FoliageType_InstancedStaticMesh /Game/FoliageGeneration/Tree_0.Tree_0
[2019.10.15-17.11.26:976][ 24]LogTexture: Display: Building textures: T_HillTreeBillboard_01_Depth (AutoDXT, 1024X1024)
[2019.10.15-17.11.26:976][ 24]LogTexture: Display: Building textures: HillTree_01_Atlas_Billboards_Normal_Tex (BC5, 2048X2048)
[2019.10.15-17.11.26:976][ 24]LogTexture: Display: Building textures: HillTree_01_Atlas_Tex (AutoDXT, 4096X4096)
[2019.10.15-17.11.26:976][ 24]LogTexture: Display: Building textures: T_HillTreeBillboard_01 (AutoDXT, 4096X4096)
[2019.10.15-17.11.26:976][ 24]LogTexture: Display: Building textures: HillTree_01_Atlas_Billboards_Tex (AutoDXT, 2048X2048)
[2019.10.15-17.11.26:976][ 24]LogTexture: Display: Building textures: T_Craghead_Oak_Tile_01_D_Tex (AutoDXT, 2048X4096)
[2019.10.15-17.11.26:976][ 24]LogTexture: Display: Building textures: HillTree_01_Atlas_Normal_Tex (BC5, 4096X4096)
[2019.10.15-17.11.26:976][ 24]LogTexture: Display: Building textures: T_Craghead_Oak_LimbTile_02_D_Tex (AutoDXT, 1024X4096)
[2019.10.15-17.11.26:976][ 24]LogTexture: Display: Building textures: T_Craghead_Oak_LimbTile_02_N_Tex (BC5, 1024X4096)
[2019.10.15-17.11.26:976][ 24]LogTexture: Display: Building textures: T_Craghead_Oak_TileMoss_01_D_Tex (AutoDXT, 2048X4096)
[2019.10.15-17.11.26:976][ 24]LogTexture: Display: Building textures: T_Craghead_Oak_Tile_01_N_Tex (BC5, 2048X4096)
[2019.10.15-17.11.26:976][ 24]LogTexture: Display: Building textures: T_HillTreeBillboard_01_N (AutoDXT, 4096X4096)
[2019.10.15-17.11.26:976][ 24]LogTexture: Display: Building textures: T_HillTreeBillboard_01_SSS (AutoDXT, 4096X4096)
[2019.10.15-17.11.26:976][ 24]LogTexture: Display: Building textures: T_HillTreeBillboard_01_S_R (AutoDXT, 2048X2048)
[2019.10.15-17.11.26:976][ 24]LogMaterial: Display: Missing cached shader map for material HillTree_01_Branches_Mat, compiling. 
[2019.10.15-17.11.29:192][ 24]LogShaderCompilers: Display: Worker (1/9): shaders left to compile 111
[2019.10.15-17.11.29:192][ 24]LogShaderCompilers: Display: Worker (2/9): shaders left to compile 101
[2019.10.15-17.11.29:192][ 24]LogShaderCompilers: Display: Worker (3/9): shaders left to compile 91
[2019.10.15-17.11.29:192][ 24]LogShaderCompilers: Display: Worker (4/9): shaders left to compile 81
[2019.10.15-17.11.29:192][ 24]LogShaderCompilers: Display: Worker (5/9): shaders left to compile 71
[2019.10.15-17.11.29:192][ 24]LogShaderCompilers: Display: Worker (6/9): shaders left to compile 61
[2019.10.15-17.11.29:192][ 24]LogShaderCompilers: Display: Worker (7/9): shaders left to compile 51
[2019.10.15-17.11.29:192][ 24]LogShaderCompilers: Display: Worker (8/9): shaders left to compile 41
[2019.10.15-17.11.29:192][ 24]LogTexture: Display: Building textures: HillTree_01_Atlas_Specular_Tex (AutoDXT, 4096X4096)
[2019.10.15-17.11.36:417][ 24]LogShaderCompilers: Display: Worker (1/9): shaders left to compile 31
[2019.10.15-17.11.36:417][ 24]LogMaterial: Display: Missing cached shader map for material HillTree_01_Leaves_Mat, compiling. 
[2019.10.15-17.11.36:617][ 24]LogMaterial: Display: Missing cached shader map for material HillTree_01_Fronds_Mat, compiling. 
[2019.10.15-17.11.36:828][ 24]LogMaterial: Display: Missing cached shader map for material M_CustomDepthBillboard, compiling. 
[2019.10.15-17.11.38:514][ 24]LogShaderCompilers: Display: Worker (8/9): shaders left to compile 372
[2019.10.15-17.11.38:514][ 24]LogShaderCompilers: Display: Worker (7/9): shaders left to compile 362
[2019.10.15-17.11.38:514][ 24]LogShaderCompilers: Display: Worker (3/9): shaders left to compile 352
[2019.10.15-17.11.38:514][ 24]LogShaderCompilers: Display: Worker (1/9): shaders left to compile 342
[2019.10.15-17.11.38:514][ 24]LogStaticMesh: Building static mesh HillTree_02...
