"../../../../../School/Programs/ETGG 3801 Real-Time Interactive Prog 1/Unreal Projects/lab 4 missleCommander/MissleComnder/Content/BluePrints/BumperBP.uasset" 0
"../../../../../School/Programs/ETGG 3801 Real-Time Interactive Prog 1/Unreal Projects/lab 4 missleCommander/MissleComnder/Content/Menu/load_disabled.uasset" 1
"../../../../../School/Programs/ETGG 3801 Real-Time Interactive Prog 1/Unreal Projects/lab 4 missleCommander/MissleComnder/Content/Menu/load_normal.uasset" 2
"../../../../../School/Programs/ETGG 3801 Real-Time Interactive Prog 1/Unreal Projects/lab 4 missleCommander/MissleComnder/Content/Menu/load_selected.uasset" 3
"../../../../../School/Programs/ETGG 3801 Real-Time Interactive Prog 1/Unreal Projects/lab 4 missleCommander/MissleComnder/Content/Menu/quit_disabled.uasset" 4
"../../../../../School/Programs/ETGG 3801 Real-Time Interactive Prog 1/Unreal Projects/lab 4 missleCommander/MissleComnder/Content/Menu/resume_normal.uasset" 5
"../../../../../School/Programs/ETGG 3801 Real-Time Interactive Prog 1/Unreal Projects/lab 4 missleCommander/MissleComnder/Content/Menu/resume_selected.uasset" 6
"../../../../../School/Programs/ETGG 3801 Real-Time Interactive Prog 1/Unreal Projects/lab 4 missleCommander/MissleComnder/Content/Menu/save_disabled.uasset" 7
"../../../../../School/Programs/ETGG 3801 Real-Time Interactive Prog 1/Unreal Projects/lab 4 missleCommander/MissleComnder/Content/Menu/save_normal.uasset" 8
"../../../../../School/Programs/ETGG 3801 Real-Time Interactive Prog 1/Unreal Projects/lab 4 missleCommander/MissleComnder/Content/Menu/save_selected.uasset" 9
"../../../../../School/Programs/ETGG 3801 Real-Time Interactive Prog 1/Unreal Projects/lab 4 missleCommander/MissleComnder/Content/Meshes/ground_cube.uasset" 10
"../../../../../School/Programs/ETGG 3801 Real-Time Interactive Prog 1/Unreal Projects/lab 4 missleCommander/MissleComnder/Content/Meshes/person.uasset" 11
"../../../../../School/Programs/ETGG 3801 Real-Time Interactive Prog 1/Unreal Projects/lab 4 missleCommander/MissleComnder/Content/Meshes/person_Plane.uasset" 12
"../../../../../School/Programs/ETGG 3801 Real-Time Interactive Prog 1/Unreal Projects/lab 4 missleCommander/MissleComnder/Content/Particle/flare_01.uasset" 13
"../../../../../School/Programs/ETGG 3801 Real-Time Interactive Prog 1/Unreal Projects/lab 4 missleCommander/MissleComnder/Content/Particle/fireMat.uasset" 14
"../../../../../School/Programs/ETGG 3801 Real-Time Interactive Prog 1/Unreal Projects/lab 4 missleCommander/MissleComnder/Content/Particle/BulletExplosion.uasset" 15
"../../../../../School/Programs/ETGG 3801 Real-Time Interactive Prog 1/Unreal Projects/lab 4 missleCommander/MissleComnder/Content/Sounds/Harpoon-SoundBible_com-673032123.uasset" 16
"../../../../../School/Programs/ETGG 3801 Real-Time Interactive Prog 1/Unreal Projects/lab 4 missleCommander/MissleComnder/Content/Sounds/Rocket-SoundBible_com-941967813.uasset" 17
"../../../Engine/Content/Animation/DefaultAnimCurveCompressionSettings.uasset" 18
"../../../Engine/Content/Functions/Engine_MaterialFunctions01/Opacity/CameraDepthFade.uasset" 19
"../../../Engine/Content/EngineMaterials/T_Default_Material_Grid_M.uasset" 20
"../../../Engine/Content/EngineMaterials/T_Default_Material_Grid_N.uasset" 21
"../../../Engine/Content/EngineMaterials/WorldGridMaterial.uasset" 22
"../../../Engine/Content/ArtTools/RenderToTexture/Meshes/S_1_Unit_Plane.uasset" 23
"../../../Engine/Content/EngineMaterials/DefaultMaterial.uasset" 24
"../../../Engine/Content/BasicShapes/Cone.uasset" 25
"../../../Engine/Content/BasicShapes/Cube.uasset" 26
"../../../Engine/Content/BasicShapes/Cylinder.uasset" 27
"../../../Engine/Content/BasicShapes/Plane.uasset" 28
"../../../Engine/Content/EditorLandscapeResources/DataLayer.uasset" 29
"../../../Engine/Content/EditorMaterials/GizmoMaterial.uasset" 30
"../../../Engine/Content/EditorMaterials/MAT_Groups_Toggle.uasset" 31
"../../../Engine/Content/EditorMaterials/MAT_Groups_Visibility.uasset" 32
"../../../Engine/Content/EditorMaterials/PreviewShadowIndicator.uasset" 33
"../../../Engine/Content/EditorMaterials/PreviewShadowIndicatorMaterial.uasset" 34
"../../../Engine/Content/EditorMaterials/MatineeGroups/MAT_ColorTrack.uasset" 35
"../../../Engine/Content/EditorMaterials/MatineeGroups/MAT_Groups_Anim.uasset" 36
"../../../Engine/Content/EditorMaterials/MatineeGroups/MAT_Groups_AudioMaster.uasset" 37
"../../../Engine/Content/EditorMaterials/MatineeGroups/MAT_Groups_Director.uasset" 38
"../../../Engine/Content/EditorMaterials/MatineeGroups/MAT_Groups_Event.uasset" 39
"../../../Engine/Content/EditorMaterials/MatineeGroups/MAT_Groups_Fade.uasset" 40
"../../../Engine/Content/EditorMaterials/MatineeGroups/MAT_Groups_Float.uasset" 41
"../../../Engine/Content/EditorMaterials/MatineeGroups/MAT_Groups_Move.uasset" 42
"../../../Engine/Content/EditorMaterials/MatineeGroups/MAT_Groups_Slomo.uasset" 43
"../../../Engine/Content/EditorMaterials/MatineeGroups/MAT_Groups_Sound.uasset" 44
"../../../Engine/Content/EditorMaterials/MatineeGroups/MAT_Groups_Vector.uasset" 45
"../../../Engine/Content/EditorMaterials/ParticleSystems/PSysThumbnail_NoImage.uasset" 46
"../../../Engine/Content/EditorMaterials/ParticleSystems/PSysThumbnail_OOD.uasset" 47
"../../../Engine/Content/EditorMaterials/Camera/CineMat.uasset" 48
"../../../Engine/Content/EditorMaterials/Camera/MI_CineMat_Rig.uasset" 49
"../../../Engine/Content/EditorMeshes/Camera/SM_CraneRig_Arm.uasset" 50
"../../../Engine/Content/EditorMeshes/Camera/SM_CraneRig_Base.uasset" 51
"../../../Engine/Content/EditorMeshes/Camera/SM_CraneRig_Body.uasset" 52
"../../../Engine/Content/EditorMeshes/Camera/SM_CraneRig_Mount.uasset" 53
"../../../Engine/Content/EditorMeshes/Camera/SM_RailRig_Mount.uasset" 54
"../../../Engine/Content/EditorMeshes/Camera/SM_RailRig_Track.uasset" 55
"../../../Engine/Content/EditorResources/BSPVertex.uasset" 56
"../../../Engine/Content/EditorResources/EmptyActor.uasset" 57
"../../../Engine/Content/EditorResources/S_Actor.uasset" 58
"../../../Engine/Content/EditorResources/S_Note.uasset" 59
"../../../Engine/Content/EditorResources/S_Solver.uasset" 60
"../../../Engine/Content/EditorResources/S_Trigger.uasset" 61
"../../../Engine/Content/EditorResources/LightIcons/S_LightError.uasset" 62
"../../../Engine/Content/EditorResources/SequenceRecorder/Countdown.uasset" 63
"../../../Engine/Content/EditorResources/SequenceRecorder/RecordingIndicator.uasset" 64
"../../../Engine/Content/EditorSounds/Notifications/CompileFailed.uasset" 65
"../../../Engine/Content/EditorSounds/Notifications/CompileFailed_Cue.uasset" 66
"../../../Engine/Content/EditorSounds/Notifications/CompileSuccess.uasset" 67
"../../../Engine/Content/EditorSounds/Notifications/CompileStart_Cue.uasset" 68
"../../../Engine/Content/EditorSounds/Notifications/CompileSuccess_Cue.uasset" 69
"../../../Engine/Content/EngineDamageTypes/DmgTypeBP_Environmental.uasset" 70
"../../../Engine/Content/EngineDebugMaterials/HeatmapGradient.uasset" 71
"../../../Engine/Content/EngineDebugMaterials/BoneWeightMaterial.uasset" 72
"../../../Engine/Content/EngineDebugMaterials/ClothMaterial.uasset" 73
"../../../Engine/Content/EngineDebugMaterials/ClothMaterial_WF.uasset" 74
"../../../Engine/Content/EngineDebugMaterials/DebugEditorMaterial.uasset" 75
"../../../Engine/Content/EngineDebugMaterials/DebugMeshMaterial.uasset" 76
"../../../Engine/Content/EngineDebugMaterials/GeomMaterial.uasset" 77
"../../../Engine/Content/EngineDebugMaterials/M_SimpleTranslucent.uasset" 78
"../../../Engine/Content/Functions/Engine_MaterialFunctions02/Utility/CameraDirectionVector.uasset" 79
"../../../Engine/Content/EngineDebugMaterials/VolumeToRender.uasset" 80
"../../../Engine/Content/EngineDebugMaterials/M_VolumeRenderSphereTracePP.uasset" 81
"../../../Engine/Content/EngineDebugMaterials/WireframeMaterial.uasset" 82
"../../../Engine/Content/EngineFonts/Faces/RobotoBold.uasset" 83
"../../../Engine/Content/EngineFonts/Faces/RobotoBoldItalic.uasset" 84
"../../../Engine/Content/EngineFonts/Faces/RobotoItalic.uasset" 85
"../../../Engine/Content/EngineFonts/Faces/RobotoLight.uasset" 86
"../../../Engine/Content/EngineFonts/Faces/RobotoRegular.uasset" 87
"../../../Engine/Content/EngineFonts/Roboto.uasset" 88
"../../../Engine/Content/EngineMaterials/BaseFlattenDiffuseMap.uasset" 89
"../../../Engine/Content/EngineMaterials/BaseFlattenEmissiveMap.uasset" 90
"../../../Engine/Content/EngineMaterials/BaseFlattenGrayscaleMap.uasset" 91
"../../../Engine/Content/EngineMaterials/BaseFlattenNormalMap.uasset" 92
"../../../Engine/Content/EngineMaterials/BaseFlattenMaterial.uasset" 93
"../../../Engine/Content/EngineMaterials/BlueNoise.uasset" 94
"../../../Engine/Content/EngineMaterials/DefaultBloomKernel.uasset" 95
"../../../Engine/Content/EngineMaterials/DefaultBokeh.uasset" 96
"../../../Engine/Content/EngineMaterials/DefaultDiffuse.uasset" 97
"../../../Engine/Content/EngineMaterials/DefaultDeferredDecalMaterial.uasset" 98
"../../../Engine/Content/EngineMaterials/DefaultLightFunctionMaterial.uasset" 99
"../../../Engine/Content/EngineMaterials/DefaultPhysicalMaterial.uasset" 100
"../../../Engine/Content/Functions/Engine_MaterialFunctions02/Utility/BreakOutFloat2Components.uasset" 101
"../../../Engine/Content/EngineMaterials/DefaultPostProcessMaterial.uasset" 102
"../../../Engine/Content/EngineFonts/RobotoDistanceField.uasset" 103
"../../../Engine/Content/EngineMaterials/DefaultTextMaterialOpaque.uasset" 104
"../../../Engine/Content/EngineMaterials/DefaultVirtualTextureMaterial.uasset" 105
"../../../Engine/Content/EngineMaterials/DefaultWhiteGrid.uasset" 106
"../../../Engine/Content/EngineMaterials/EditorBrushMaterial.uasset" 107
"../../../Engine/Content/EngineMaterials/DefaultWhiteGrid_Low.uasset" 108
"../../../Engine/Content/EngineMaterials/EmissiveMeshMaterial.uasset" 109
"../../../Engine/Content/EngineMaterials/Good64x64TilingNoiseHighFreq.uasset" 110
"../../../Engine/Content/EngineMaterials/MiniFont.uasset" 111
"../../../Engine/Content/EngineMaterials/InvalidLightmapSettings.uasset" 112
"../../../Engine/Content/EngineMaterials/M_InvalidLightmapSettings.uasset" 113
"../../../Engine/Content/Functions/Engine_MaterialFunctions02/WorldPositionOffset/CameraOffset.uasset" 114
"../../../Engine/Content/EngineMaterials/PhAT_JointLimitMaterial.uasset" 115
"../../../Engine/Content/EngineMaterials/PreintegratedSkinBRDF.uasset" 116
"../../../Engine/Content/EngineMaterials/RemoveSurfaceMaterial.uasset" 117
"../../../Engine/Content/EngineMaterials/WeightMapPlaceholderTexture.uasset" 118
"../../../Engine/Content/EngineResources/WhiteSquareTexture.uasset" 119
"../../../Engine/Content/EngineMaterials/Widget3DPassThrough.uasset" 120
"../../../Engine/Content/EngineMaterials/Widget3DPassThrough_Masked.uasset" 121
"../../../Engine/Content/EngineMaterials/Widget3DPassThrough_Opaque.uasset" 122
"../../../Engine/Content/EngineMaterials/Widget3DPassThrough_Masked_OneSided.uasset" 123
"../../../Engine/Content/EngineMaterials/Widget3DPassThrough_Opaque_OneSided.uasset" 124
"../../../Engine/Content/EngineMaterials/Widget3DPassThrough_Translucent.uasset" 125
"../../../Engine/Content/EngineMaterials/Widget3DPassThrough_Translucent_OneSided.uasset" 126
"../../../Engine/Content/EngineMeshes/Cylinder.uasset" 127
"../../../Engine/Content/EngineMeshes/Sphere.uasset" 128
"../../../Engine/Content/EngineResources/Black.uasset" 129
"../../../Engine/Content/EngineResources/DefaultTexture.uasset" 130
"../../../Engine/Content/EngineResources/DefaultTextureCube.uasset" 131
"../../../Engine/Content/EngineResources/DefaultVolumeTexture2D.uasset" 132
"../../../Engine/Content/EngineResources/DefaultVolumeTexture.uasset" 133
"../../../Engine/Content/EngineResources/GradientTexture0.uasset" 134
"../../../Engine/Content/EngineSounds/Master.uasset" 135
"../../../Engine/Content/Functions/Engine_MaterialFunctions01/Shading/ConvertFromDiffSpec.uasset" 136
"../../../Engine/Content/Functions/Engine_MaterialFunctions01/Shading/PowerToRoughness.uasset" 137
"../../../Engine/Content/Maps/Templates/Thumbnails/Default.uasset" 138
"../../../Engine/Content/Maps/Templates/Thumbnails/VR-Basic.uasset" 139
"../../../Engine/Content/MobileResources/T_MobileControls_texture.uasset" 140
"../../../Engine/Content/MobileResources/T_MobileMenu2.uasset" 141
"../../../Engine/Content/MobileResources/HUD/AnalogHat.uasset" 142
"../../../Engine/Content/MobileResources/HUD/VirtualJoystick_Background.uasset" 143
"../../../Engine/Content/MobileResources/HUD/VirtualJoystick_Thumb.uasset" 144
"../../../Engine/Content/MobileResources/HUD/DefaultVirtualJoysticks.uasset" 145
"../../../Engine/Content/MobileResources/HUD/LeftVirtualJoystickOnly.uasset" 146
"../../../Engine/Content/MobileResources/HUD/MobileHUDButton1_off.uasset" 147
"../../../Engine/Content/MobileResources/HUD/MobileHUDButton1_on.uasset" 148
"../../../Engine/Content/MobileResources/HUD/MobileHUDButton2_off.uasset" 149
"../../../Engine/Content/MobileResources/HUD/MobileHUDButton2_on.uasset" 150
"../../../Engine/Content/MobileResources/HUD/MobileHUDButton3.uasset" 151
"../../../Engine/Content/MobileResources/HUD/MobileHUDButtonFire.uasset" 152
"../../../Engine/Content/MobileResources/HUD/MobileHUDDirectionPad.uasset" 153
"../../../Engine/Content/MobileResources/HUD/MobileHUDDirectionPad2.uasset" 154
"../../../Engine/Content/MobileResources/HUD/MobileHUDDirectionPad3.uasset" 155
"../../../Engine/Content/MobileResources/HUD/MobileHUDDirectionStick.uasset" 156
"../../../Engine/Content/MobileResources/HUD/T_Castle_ThumbstickInner.uasset" 157
"../../../Engine/Content/MobileResources/HUD/T_Castle_ThumbstickOutter.uasset" 158
"../../../Engine/Content/Tutorial/ContentIntroCurve.uasset" 159
"../../../Engine/Content/Tutorial/Basics/LevelEditorAttract.uasset" 160
"../../../Engine/Content/VREditor/LaserPointer/VR_LaserPower_01.uasset" 161
"../../../Engine/Content/VREditor/TransformGizmo/TransformGizmoMaterial.uasset" 162
"../../../Engine/Content/VREditor/TransformGizmo/TranslucentTransformGizmoMaterial.uasset" 163
"../../../Engine/Content/VREditor/TransformGizmo/BoundingBoxCorner.uasset" 164
"../../../Engine/Content/VREditor/TransformGizmo/BoundingBoxEdge.uasset" 165
"../../../Engine/Content/VREditor/TransformGizmo/PlaneTranslationHandle.uasset" 166
"../../../Engine/Content/VREditor/TransformGizmo/Main.uasset" 167
"../../../Engine/Content/VREditor/TransformGizmo/Xray.uasset" 168
"../../../Engine/Content/VREditor/TransformGizmo/SM_Sequencer_Key.uasset" 169
"../../../Engine/Content/VREditor/TransformGizmo/SM_Sequencer_Node.uasset" 170
"../../Plugins/2D/Paper2D/Content/PlaceholderTextures/DummySpriteTexture.uasset" 171
"../../Plugins/2D/Paper2D/Content/DummySprite.uasset" 172
"../../Plugins/2D/Paper2D/Content/DefaultPaperTerrainMaterial.uasset" 173
"../../Plugins/2D/Paper2D/Content/DummySpriteTexture.uasset" 174
"../../Plugins/2D/Paper2D/Content/DefaultSpriteMaterial.uasset" 175
"../../Plugins/2D/Paper2D/Content/MaskedUnlitSpriteMaterial.uasset" 176
"../../Plugins/2D/Paper2D/Content/OpaqueUnlitSpriteMaterial.uasset" 177
"../../Plugins/Runtime/Oculus/OculusVR/Content/OculusMR_RenderTarget.uasset" 178
"../../../Engine/Content/Functions/Engine_MaterialFunctions02/Utility/BreakOutFloat4Components.uasset" 179
"../../../Engine/Content/Functions/Engine_MaterialFunctions02/Utility/MakeFloat2.uasset" 180
"../../../Engine/Content/Functions/Engine_MaterialFunctions02/Utility/MakeFloat3.uasset" 181
"../../Plugins/Runtime/Oculus/OculusVR/Content/Materials/OculusMR_ChromaKey.uasset" 182
"../../Plugins/Runtime/Oculus/OculusVR/Content/Materials/OculusMR_ChromaKey_Lit.uasset" 183
"../../Plugins/Runtime/Oculus/OculusVR/Content/Materials/OculusMR_OpaqueColoredMaterial.uasset" 184
"../../Plugins/Runtime/Oculus/OculusVR/Content/Materials/OculusMR_WhiteMaterial.uasset" 185
"../../../Engine/Content/EditorBlueprintResources/StandardMacros.uasset" 186
"../../../Engine/Content/EngineSky/C_Sky_Cloud_Color.uasset" 187
"../../../Engine/Content/EngineSky/C_Sky_Horizon_Color.uasset" 188
"../../../Engine/Content/EngineSky/C_Sky_Zenith_Color.uasset" 189
"../../../Engine/Content/EngineSky/T_Sky_Blue.uasset" 190
"../../../Engine/Content/EngineSky/T_Sky_Clouds_M.uasset" 191
"../../../Engine/Content/EngineSky/T_Sky_Stars.uasset" 192
"../../../Engine/Content/EngineSky/M_Sky_Panning_Clouds2.uasset" 193
"../../../Engine/Content/EngineSky/SM_SkySphere.uasset" 194
"../../../Engine/Content/EngineSky/BP_Sky_Sphere.uasset" 195
"../../../../../School/Programs/ETGG 3801 Real-Time Interactive Prog 1/Unreal Projects/lab 4 missleCommander/MissleComnder/Content/Animation/SK_Armature_Skeleton.uasset" 196
"../../../../../School/Programs/ETGG 3801 Real-Time Interactive Prog 1/Unreal Projects/lab 4 missleCommander/MissleComnder/Content/Animation/Anim_Armature_Idle.uasset" 197
"../../../../../School/Programs/ETGG 3801 Real-Time Interactive Prog 1/Unreal Projects/lab 4 missleCommander/MissleComnder/Content/Animation/Anim_Armature_Walk.uasset" 198
"../../../../../School/Programs/ETGG 3801 Real-Time Interactive Prog 1/Unreal Projects/lab 4 missleCommander/MissleComnder/Content/Animation/PlayerAnimation.uasset" 199
"../../../../../School/Programs/ETGG 3801 Real-Time Interactive Prog 1/Unreal Projects/lab 4 missleCommander/MissleComnder/Content/Animation/PlayerAnimGraph.uasset" 200
"../../../../../School/Programs/ETGG 3801 Real-Time Interactive Prog 1/Unreal Projects/lab 4 missleCommander/MissleComnder/Content/Meshes/arrow1.uasset" 201
"../../../../../School/Programs/ETGG 3801 Real-Time Interactive Prog 1/Unreal Projects/lab 4 missleCommander/MissleComnder/Content/Meshes/arrow.uasset" 202
"../../../../../School/Programs/ETGG 3801 Real-Time Interactive Prog 1/Unreal Projects/lab 4 missleCommander/MissleComnder/Content/BluePrints/arrowBP.uasset" 203
"../../../../../School/Programs/ETGG 3801 Real-Time Interactive Prog 1/Unreal Projects/lab 4 missleCommander/MissleComnder/Content/Meshes/money.uasset" 204
"../../../../../School/Programs/ETGG 3801 Real-Time Interactive Prog 1/Unreal Projects/lab 4 missleCommander/MissleComnder/Content/Meshes/money_money.uasset" 205
"../../../../../School/Programs/ETGG 3801 Real-Time Interactive Prog 1/Unreal Projects/lab 4 missleCommander/MissleComnder/Content/BluePrints/CoinBP.uasset" 206
"../../../../../School/Programs/ETGG 3801 Real-Time Interactive Prog 1/Unreal Projects/lab 4 missleCommander/MissleComnder/Content/Meshes/launcher.uasset" 207
"../../../../../School/Programs/ETGG 3801 Real-Time Interactive Prog 1/Unreal Projects/lab 4 missleCommander/MissleComnder/Content/Meshes/launcher_launcher.uasset" 208
"../../../../../School/Programs/ETGG 3801 Real-Time Interactive Prog 1/Unreal Projects/lab 4 missleCommander/MissleComnder/Content/BluePrints/TurretBP.uasset" 209
"../../../../../School/Programs/ETGG 3801 Real-Time Interactive Prog 1/Unreal Projects/lab 4 missleCommander/MissleComnder/Content/BluePrints/CollisionStruct.uasset" 210
"../../../Engine/Content/BasicShapes/BasicShapeMaterial.uasset" 211
"../../../Engine/Content/BasicShapes/Sphere.uasset" 212
"../../../../../School/Programs/ETGG 3801 Real-Time Interactive Prog 1/Unreal Projects/lab 4 missleCommander/MissleComnder/Content/Animation/person.uasset" 213
"../../../../../School/Programs/ETGG 3801 Real-Time Interactive Prog 1/Unreal Projects/lab 4 missleCommander/MissleComnder/Content/Animation/SK_Armature_Physics.uasset" 214
"../../../../../School/Programs/ETGG 3801 Real-Time Interactive Prog 1/Unreal Projects/lab 4 missleCommander/MissleComnder/Content/Animation/SK_Armature.uasset" 215
"../../../../../School/Programs/ETGG 3801 Real-Time Interactive Prog 1/Unreal Projects/lab 4 missleCommander/MissleComnder/Content/Menu/background.uasset" 216
"../../../../../School/Programs/ETGG 3801 Real-Time Interactive Prog 1/Unreal Projects/lab 4 missleCommander/MissleComnder/Content/Menu/new_disabled.uasset" 217
"../../../../../School/Programs/ETGG 3801 Real-Time Interactive Prog 1/Unreal Projects/lab 4 missleCommander/MissleComnder/Content/Menu/new_normal.uasset" 218
"../../../../../School/Programs/ETGG 3801 Real-Time Interactive Prog 1/Unreal Projects/lab 4 missleCommander/MissleComnder/Content/Menu/new_selected.uasset" 219
"../../../../../School/Programs/ETGG 3801 Real-Time Interactive Prog 1/Unreal Projects/lab 4 missleCommander/MissleComnder/Content/Menu/quit_normal.uasset" 220
"../../../../../School/Programs/ETGG 3801 Real-Time Interactive Prog 1/Unreal Projects/lab 4 missleCommander/MissleComnder/Content/Menu/quit_selected.uasset" 221
"../../../../../School/Programs/ETGG 3801 Real-Time Interactive Prog 1/Unreal Projects/lab 4 missleCommander/MissleComnder/Content/Menu/resume_disabled.uasset" 222
"../../../../../School/Programs/ETGG 3801 Real-Time Interactive Prog 1/Unreal Projects/lab 4 missleCommander/MissleComnder/Content/Menu/title.uasset" 223
"../../../../../School/Programs/ETGG 3801 Real-Time Interactive Prog 1/Unreal Projects/lab 4 missleCommander/MissleComnder/Content/Menu/menuUI.uasset" 224
"../../../../../School/Programs/ETGG 3801 Real-Time Interactive Prog 1/Unreal Projects/lab 4 missleCommander/MissleComnder/Content/BluePrints/PlayerBP.uasset" 225
"../../../../../School/Programs/ETGG 3801 Real-Time Interactive Prog 1/Unreal Projects/lab 4 missleCommander/MissleComnder/Content/UserOverlay/miniMap_RT.uasset" 226
"../../../../../School/Programs/ETGG 3801 Real-Time Interactive Prog 1/Unreal Projects/lab 4 missleCommander/MissleComnder/Content/UserOverlay/miniMap_RT_Mat.uasset" 227
"../../../../../School/Programs/ETGG 3801 Real-Time Interactive Prog 1/Unreal Projects/lab 4 missleCommander/MissleComnder/Content/UserOverlay/hp_bar_inside.uasset" 228
"../../../../../School/Programs/ETGG 3801 Real-Time Interactive Prog 1/Unreal Projects/lab 4 missleCommander/MissleComnder/Content/UserOverlay/hp_bar_outside.uasset" 229
"../../../../../School/Programs/ETGG 3801 Real-Time Interactive Prog 1/Unreal Projects/lab 4 missleCommander/MissleComnder/Content/UserOverlay/InGameUI.uasset" 230
"../../../../../School/Programs/ETGG 3801 Real-Time Interactive Prog 1/Unreal Projects/lab 4 missleCommander/MissleComnder/Content/BluePrints/gameModeBP.uasset" 231
"../../../../../School/Programs/ETGG 3801 Real-Time Interactive Prog 1/Unreal Projects/lab 4 missleCommander/MissleComnder/Content/Meshes/base1.uasset" 232
"../../../../../School/Programs/ETGG 3801 Real-Time Interactive Prog 1/Unreal Projects/lab 4 missleCommander/MissleComnder/Content/Meshes/base.uasset" 233
"../../../../../School/Programs/ETGG 3801 Real-Time Interactive Prog 1/Unreal Projects/lab 4 missleCommander/MissleComnder/Content/BluePrints/BaseBP.uasset" 234
"../../../../../School/Programs/ETGG 3801 Real-Time Interactive Prog 1/Unreal Projects/lab 4 missleCommander/MissleComnder/Content/Meshes/rocket.uasset" 235
"../../../../../School/Programs/ETGG 3801 Real-Time Interactive Prog 1/Unreal Projects/lab 4 missleCommander/MissleComnder/Content/Meshes/rocket_Rocket.uasset" 236
"../../../../../School/Programs/ETGG 3801 Real-Time Interactive Prog 1/Unreal Projects/lab 4 missleCommander/MissleComnder/Content/Materials/RocketExplosionMat.uasset" 237
"../../../../../School/Programs/ETGG 3801 Real-Time Interactive Prog 1/Unreal Projects/lab 4 missleCommander/MissleComnder/Content/Particle/RocketExplosion.uasset" 238
"../../../../../School/Programs/ETGG 3801 Real-Time Interactive Prog 1/Unreal Projects/lab 4 missleCommander/MissleComnder/Content/Materials/rocketMat2.uasset" 239
"../../../../../School/Programs/ETGG 3801 Real-Time Interactive Prog 1/Unreal Projects/lab 4 missleCommander/MissleComnder/Content/Particle/RocketTravel.uasset" 240
"../../../../../School/Programs/ETGG 3801 Real-Time Interactive Prog 1/Unreal Projects/lab 4 missleCommander/MissleComnder/Content/Sounds/Grenade.uasset" 241
"../../../../../School/Programs/ETGG 3801 Real-Time Interactive Prog 1/Unreal Projects/lab 4 missleCommander/MissleComnder/Content/Sounds/RocketMotion.uasset" 242
"../../../../../School/Programs/ETGG 3801 Real-Time Interactive Prog 1/Unreal Projects/lab 4 missleCommander/MissleComnder/Content/Sounds/SoundSource.uasset" 243
"../../../../../School/Programs/ETGG 3801 Real-Time Interactive Prog 1/Unreal Projects/lab 4 missleCommander/MissleComnder/Content/BluePrints/RocketBP.uasset" 244
"../../../../../School/Programs/ETGG 3801 Real-Time Interactive Prog 1/Unreal Projects/lab 4 missleCommander/MissleComnder/Content/Meshes/firing_plane.uasset" 245
"../../../../../School/Programs/ETGG 3801 Real-Time Interactive Prog 1/Unreal Projects/lab 4 missleCommander/MissleComnder/Content/Meshes/firing_plane_Cone.uasset" 246
"../../../../../School/Programs/ETGG 3801 Real-Time Interactive Prog 1/Unreal Projects/lab 4 missleCommander/MissleComnder/Content/Meshes/firing_plane_firing_plane.uasset" 247
"../../../../../School/Programs/ETGG 3801 Real-Time Interactive Prog 1/Unreal Projects/lab 4 missleCommander/MissleComnder/Content/BluePrints/FirePlaneBP.uasset" 248
"../../../../../School/Programs/ETGG 3801 Real-Time Interactive Prog 1/Unreal Projects/lab 4 missleCommander/MissleComnder/Content/BluePrints/groundStruct.uasset" 249
"../../../../../School/Programs/ETGG 3801 Real-Time Interactive Prog 1/Unreal Projects/lab 4 missleCommander/MissleComnder/Content/Materials/unrestricted___grass_texture_by_frozenstocks_d2eig86-fullview.uasset" 250
"../../../../../School/Programs/ETGG 3801 Real-Time Interactive Prog 1/Unreal Projects/lab 4 missleCommander/MissleComnder/Content/Materials/unrestricted___grass_texture_by_frozenstocks_d2eig86-fullviewHeightmap.uasset" 251
"../../../../../School/Programs/ETGG 3801 Real-Time Interactive Prog 1/Unreal Projects/lab 4 missleCommander/MissleComnder/Content/Materials/unrestricted___grass_texture_by_frozenstocks_d2eig86-fullviewSpecular.uasset" 252
"../../../../../School/Programs/ETGG 3801 Real-Time Interactive Prog 1/Unreal Projects/lab 4 missleCommander/MissleComnder/Content/Materials/GroundMat.uasset" 253
"../../../../../School/Programs/ETGG 3801 Real-Time Interactive Prog 1/Unreal Projects/lab 4 missleCommander/MissleComnder/Content/Meshes/ground_cube_ground_cube.uasset" 254
"../../../../../School/Programs/ETGG 3801 Real-Time Interactive Prog 1/Unreal Projects/lab 4 missleCommander/MissleComnder/Content/BluePrints/GroundBlock.uasset" 255
"../../../../../School/Programs/ETGG 3801 Real-Time Interactive Prog 1/Unreal Projects/lab 4 missleCommander/MissleComnder/Content/GameScene/GameMap_BuiltData.uasset" 256
"../../../../../School/Programs/ETGG 3801 Real-Time Interactive Prog 1/Unreal Projects/lab 4 missleCommander/MissleComnder/Content/GameScene/GameMap.umap" 257
"../../../Engine/Content/Maps/Entry_BuiltData.uasset" 258
"../../../Engine/Content/Maps/Entry.umap" 259
